{"D:\\new-bookadzone\\bookadzone-admin\\src\\components\\atoms\\BAZ-Button.tsx": {"path":"D:\\new-bookadzone\\bookadzone-admin\\src\\components\\atoms\\BAZ-Button.tsx","statementMap":{"0":{"start":{"line":12,"column":35},"end":{"line":20,"column":2}},"1":{"start":{"line":12,"column":79},"end":{"line":12,"column":84}},"2":{"start":{"line":12,"column":88},"end":{"line":12,"column":92}},"3":{"start":{"line":12,"column":95},"end":{"line":20,"column":2}},"4":{"start":{"line":22,"column":0},"end":{"line":22,"column":25}}},"fnMap":{"0":{"name":"(anonymous_1)","decl":{"start":{"line":12,"column":35},"end":{"line":12,"column":36}},"loc":{"start":{"line":12,"column":94},"end":{"line":20,"column":2}}}},"branchMap":{"0":{"loc":{"start":{"line":12,"column":38},"end":{"line":12,"column":53}},"type":"default-arg","locations":[{"start":{"line":12,"column":45},"end":{"line":12,"column":53}}]},"1":{"loc":{"start":{"line":12,"column":55},"end":{"line":12,"column":69}},"type":"default-arg","locations":[{"start":{"line":12,"column":67},"end":{"line":12,"column":69}}]}},"s":{"0":1,"1":29,"2":29,"3":29,"4":1},"f":{"0":29},"b":{"0":[0],"1":[0]}}
,"D:\\new-bookadzone\\bookadzone-admin\\src\\components\\atoms\\BAZ-Checkbox.tsx": {"path":"D:\\new-bookadzone\\bookadzone-admin\\src\\components\\atoms\\BAZ-Checkbox.tsx","statementMap":{"0":{"start":{"line":2,"column":0},"end":{"line":2,"column":47}},"1":{"start":{"line":3,"column":0},"end":{"line":3,"column":39}},"2":{"start":{"line":16,"column":45},"end":{"line":44,"column":null}},"3":{"start":{"line":17,"column":2},"end":{"line":43,"column":null}},"4":{"start":{"line":47,"column":0},"end":{"line":47,"column":27}}},"fnMap":{"0":{"name":"(anonymous_0)","decl":{"start":{"line":16,"column":45},"end":{"line":16,"column":46}},"loc":{"start":{"line":17,"column":2},"end":{"line":43,"column":null}}}},"branchMap":{"0":{"loc":{"start":{"line":33,"column":7},"end":{"line":36,"column":null}},"type":"binary-expr","locations":[{"start":{"line":33,"column":7},"end":{"line":33,"column":12}},{"start":{"line":34,"column":8},"end":{"line":35,"column":null}}]},"1":{"loc":{"start":{"line":39,"column":5},"end":{"line":42,"column":null}},"type":"binary-expr","locations":[{"start":{"line":39,"column":5},"end":{"line":39,"column":10}},{"start":{"line":40,"column":6},"end":{"line":41,"column":null}}]}},"s":{"0":1,"1":1,"2":1,"3":0,"4":1},"f":{"0":0},"b":{"0":[0,0],"1":[0,0]}}
,"D:\\new-bookadzone\\bookadzone-admin\\src\\components\\atoms\\BAZ-FileInput.tsx": {"path":"D:\\new-bookadzone\\bookadzone-admin\\src\\components\\atoms\\BAZ-FileInput.tsx","statementMap":{"0":{"start":{"line":1,"column":0},"end":{"line":1,"column":59}},"1":{"start":{"line":2,"column":0},"end":{"line":2,"column":86}},"2":{"start":{"line":3,"column":0},"end":{"line":3,"column":39}},"3":{"start":{"line":4,"column":0},"end":{"line":4,"column":34}},"4":{"start":{"line":18,"column":47},"end":{"line":324,"column":1}},"5":{"start":{"line":29,"column":34},"end":{"line":29,"column":141}},"6":{"start":{"line":30,"column":42},"end":{"line":30,"column":64}},"7":{"start":{"line":31,"column":24},"end":{"line":31,"column":44}},"8":{"start":{"line":34,"column":2},"end":{"line":36,"column":3}},"9":{"start":{"line":35,"column":4},"end":{"line":35,"column":31}},"10":{"start":{"line":39,"column":2},"end":{"line":104,"column":43}},"11":{"start":{"line":41,"column":4},"end":{"line":43,"column":5}},"12":{"start":{"line":42,"column":6},"end":{"line":42,"column":57}},"13":{"start":{"line":44,"column":4},"end":{"line":44,"column":31}},"14":{"start":{"line":46,"column":119},"end":{"line":46,"column":121}},"15":{"start":{"line":49,"column":4},"end":{"line":84,"column":5}},"16":{"start":{"line":50,"column":28},"end":{"line":50,"column":90}},"17":{"start":{"line":51,"column":6},"end":{"line":83,"column":9}},"18":{"start":{"line":52,"column":8},"end":{"line":82,"column":9}},"19":{"start":{"line":53,"column":22},"end":{"line":53,"column":99}},"20":{"start":{"line":54,"column":26},"end":{"line":54,"column":67}},"21":{"start":{"line":55,"column":27},"end":{"line":55,"column":58}},"22":{"start":{"line":56,"column":10},"end":{"line":62,"column":13}},"23":{"start":{"line":63,"column":15},"end":{"line":82,"column":9}},"24":{"start":{"line":71,"column":25},"end":{"line":71,"column":61}},"25":{"start":{"line":72,"column":22},"end":{"line":72,"column":117}},"26":{"start":{"line":73,"column":26},"end":{"line":73,"column":73}},"27":{"start":{"line":74,"column":27},"end":{"line":74,"column":64}},"28":{"start":{"line":75,"column":10},"end":{"line":81,"column":13}},"29":{"start":{"line":87,"column":4},"end":{"line":101,"column":5}},"30":{"start":{"line":88,"column":25},"end":{"line":88,"column":63}},"31":{"start":{"line":89,"column":6},"end":{"line":100,"column":9}},"32":{"start":{"line":90,"column":8},"end":{"line":99,"column":9}},"33":{"start":{"line":91,"column":28},"end":{"line":91,"column":53}},"34":{"start":{"line":92,"column":10},"end":{"line":92,"column":48}},"35":{"start":{"line":93,"column":10},"end":{"line":98,"column":13}},"36":{"start":{"line":103,"column":4},"end":{"line":103,"column":29}},"37":{"start":{"line":106,"column":2},"end":{"line":112,"column":9}},"38":{"start":{"line":107,"column":4},"end":{"line":111,"column":6}},"39":{"start":{"line":108,"column":6},"end":{"line":110,"column":7}},"40":{"start":{"line":109,"column":8},"end":{"line":109,"column":59}},"41":{"start":{"line":114,"column":23},"end":{"line":168,"column":3}},"42":{"start":{"line":115,"column":4},"end":{"line":115,"column":26}},"43":{"start":{"line":115,"column":19},"end":{"line":115,"column":26}},"44":{"start":{"line":117,"column":18},"end":{"line":117,"column":32}},"45":{"start":{"line":118,"column":4},"end":{"line":167,"column":5}},"46":{"start":{"line":119,"column":23},"end":{"line":119,"column":40}},"47":{"start":{"line":121,"column":27},"end":{"line":121,"column":77}},"48":{"start":{"line":121,"column":65},"end":{"line":121,"column":76}},"49":{"start":{"line":122,"column":26},"end":{"line":131,"column":8}},"50":{"start":{"line":124,"column":8},"end":{"line":126,"column":9}},"51":{"start":{"line":124,"column":38},"end":{"line":124,"column":124}},"52":{"start":{"line":125,"column":10},"end":{"line":125,"column":23}},"53":{"start":{"line":127,"column":8},"end":{"line":129,"column":9}},"54":{"start":{"line":127,"column":38},"end":{"line":127,"column":86}},"55":{"start":{"line":128,"column":10},"end":{"line":128,"column":23}},"56":{"start":{"line":130,"column":8},"end":{"line":130,"column":20}},"57":{"start":{"line":132,"column":6},"end":{"line":146,"column":7}},"58":{"start":{"line":134,"column":8},"end":{"line":134,"column":28}},"59":{"start":{"line":136,"column":28},"end":{"line":141,"column":null}},"60":{"start":{"line":144,"column":8},"end":{"line":144,"column":30}},"61":{"start":{"line":145,"column":8},"end":{"line":145,"column":15}},"62":{"start":{"line":148,"column":26},"end":{"line":155,"column":15}},"63":{"start":{"line":156,"column":6},"end":{"line":156,"column":28}},"64":{"start":{"line":158,"column":26},"end":{"line":163,"column":null}},"65":{"start":{"line":166,"column":6},"end":{"line":166,"column":28}},"66":{"start":{"line":170,"column":27},"end":{"line":218,"column":3}},"67":{"start":{"line":171,"column":25},"end":{"line":171,"column":40}},"68":{"start":{"line":173,"column":4},"end":{"line":217,"column":5}},"69":{"start":{"line":175,"column":30},"end":{"line":175,"column":74}},"70":{"start":{"line":176,"column":6},"end":{"line":176,"column":39}},"71":{"start":{"line":179,"column":6},"end":{"line":188,"column":7}},"72":{"start":{"line":180,"column":28},"end":{"line":186,"column":17}},"73":{"start":{"line":187,"column":8},"end":{"line":187,"column":30}},"74":{"start":{"line":191,"column":6},"end":{"line":194,"column":7}},"75":{"start":{"line":192,"column":8},"end":{"line":192,"column":46}},"76":{"start":{"line":193,"column":8},"end":{"line":193,"column":94}},"77":{"start":{"line":193,"column":68},"end":{"line":193,"column":92}},"78":{"start":{"line":197,"column":6},"end":{"line":216,"column":7}},"79":{"start":{"line":199,"column":8},"end":{"line":204,"column":9}},"80":{"start":{"line":200,"column":31},"end":{"line":200,"column":89}},"81":{"start":{"line":200,"column":68},"end":{"line":200,"column":81}},"82":{"start":{"line":201,"column":10},"end":{"line":201,"column":64}},"83":{"start":{"line":201,"column":44},"end":{"line":201,"column":62}},"84":{"start":{"line":203,"column":10},"end":{"line":203,"column":26}},"85":{"start":{"line":206,"column":8},"end":{"line":215,"column":9}},"86":{"start":{"line":207,"column":30},"end":{"line":213,"column":19}},"87":{"start":{"line":214,"column":10},"end":{"line":214,"column":32}},"88":{"start":{"line":220,"column":24},"end":{"line":243,"column":3}},"89":{"start":{"line":221,"column":28},"end":{"line":221,"column":43}},"90":{"start":{"line":222,"column":24},"end":{"line":222,"column":37}},"91":{"start":{"line":223,"column":4},"end":{"line":223,"column":33}},"92":{"start":{"line":224,"column":4},"end":{"line":224,"column":29}},"93":{"start":{"line":227,"column":4},"end":{"line":230,"column":5}},"94":{"start":{"line":228,"column":6},"end":{"line":228,"column":47}},"95":{"start":{"line":229,"column":6},"end":{"line":229,"column":97}},"96":{"start":{"line":229,"column":68},"end":{"line":229,"column":95}},"97":{"start":{"line":232,"column":4},"end":{"line":242,"column":5}},"98":{"start":{"line":234,"column":20},"end":{"line":239,"column":null}},"99":{"start":{"line":241,"column":6},"end":{"line":241,"column":22}},"100":{"start":{"line":245,"column":2},"end":{"line":323,"column":4}},"101":{"start":{"line":277,"column":12},"end":{"line":277,"column":49}},"102":{"start":{"line":300,"column":35},"end":{"line":300,"column":58}},"103":{"start":{"line":326,"column":0},"end":{"line":326,"column":28}}},"fnMap":{"0":{"name":"(anonymous_1)","decl":{"start":{"line":18,"column":47},"end":{"line":18,"column":48}},"loc":{"start":{"line":28,"column":5},"end":{"line":324,"column":1}}},"1":{"name":"(anonymous_2)","decl":{"start":{"line":39,"column":12},"end":{"line":39,"column":15}},"loc":{"start":{"line":39,"column":17},"end":{"line":104,"column":3}}},"2":{"name":"(anonymous_3)","decl":{"start":{"line":51,"column":28},"end":{"line":51,"column":32}},"loc":{"start":{"line":51,"column":35},"end":{"line":83,"column":7}}},"3":{"name":"(anonymous_4)","decl":{"start":{"line":89,"column":25},"end":{"line":89,"column":29}},"loc":{"start":{"line":89,"column":32},"end":{"line":100,"column":7}}},"4":{"name":"(anonymous_5)","decl":{"start":{"line":106,"column":12},"end":{"line":106,"column":15}},"loc":{"start":{"line":106,"column":17},"end":{"line":112,"column":3}}},"5":{"name":"(anonymous_6)","decl":{"start":{"line":107,"column":11},"end":{"line":107,"column":14}},"loc":{"start":{"line":107,"column":16},"end":{"line":111,"column":5}}},"6":{"name":"(anonymous_7)","decl":{"start":{"line":114,"column":23},"end":{"line":114,"column":24}},"loc":{"start":{"line":114,"column":66},"end":{"line":168,"column":3}}},"7":{"name":"(anonymous_8)","decl":{"start":{"line":121,"column":57},"end":{"line":121,"column":61}},"loc":{"start":{"line":121,"column":65},"end":{"line":121,"column":76}}},"8":{"name":"(anonymous_9)","decl":{"start":{"line":122,"column":40},"end":{"line":122,"column":44}},"loc":{"start":{"line":122,"column":47},"end":{"line":131,"column":7}}},"9":{"name":"(anonymous_10)","decl":{"start":{"line":124,"column":30},"end":{"line":124,"column":34}},"loc":{"start":{"line":124,"column":38},"end":{"line":124,"column":124}}},"10":{"name":"(anonymous_11)","decl":{"start":{"line":127,"column":30},"end":{"line":127,"column":34}},"loc":{"start":{"line":127,"column":38},"end":{"line":127,"column":86}}},"11":{"name":"(anonymous_12)","decl":{"start":{"line":170,"column":27},"end":{"line":170,"column":28}},"loc":{"start":{"line":170,"column":45},"end":{"line":218,"column":3}}},"12":{"name":"(anonymous_13)","decl":{"start":{"line":193,"column":61},"end":{"line":193,"column":64}},"loc":{"start":{"line":193,"column":68},"end":{"line":193,"column":92}}},"13":{"name":"(anonymous_14)","decl":{"start":{"line":200,"column":63},"end":{"line":200,"column":64}},"loc":{"start":{"line":200,"column":68},"end":{"line":200,"column":81}}},"14":{"name":"(anonymous_15)","decl":{"start":{"line":201,"column":34},"end":{"line":201,"column":35}},"loc":{"start":{"line":201,"column":44},"end":{"line":201,"column":62}}},"15":{"name":"(anonymous_16)","decl":{"start":{"line":220,"column":24},"end":{"line":220,"column":25}},"loc":{"start":{"line":220,"column":42},"end":{"line":243,"column":3}}},"16":{"name":"(anonymous_17)","decl":{"start":{"line":229,"column":59},"end":{"line":229,"column":60}},"loc":{"start":{"line":229,"column":68},"end":{"line":229,"column":95}}},"17":{"name":"(anonymous_18)","decl":{"start":{"line":276,"column":24},"end":{"line":276,"column":25}},"loc":{"start":{"line":277,"column":12},"end":{"line":277,"column":49}}},"18":{"name":"(anonymous_19)","decl":{"start":{"line":300,"column":29},"end":{"line":300,"column":32}},"loc":{"start":{"line":300,"column":35},"end":{"line":300,"column":58}}}},"branchMap":{"0":{"loc":{"start":{"line":23,"column":2},"end":{"line":23,"column":18}},"type":"default-arg","locations":[{"start":{"line":23,"column":13},"end":{"line":23,"column":18}}]},"1":{"loc":{"start":{"line":26,"column":2},"end":{"line":26,"column":16}},"type":"default-arg","locations":[{"start":{"line":26,"column":14},"end":{"line":26,"column":16}}]},"2":{"loc":{"start":{"line":34,"column":2},"end":{"line":36,"column":3}},"type":"if","locations":[{"start":{"line":34,"column":2},"end":{"line":36,"column":3}},{"start":{},"end":{}}]},"3":{"loc":{"start":{"line":41,"column":4},"end":{"line":43,"column":5}},"type":"if","locations":[{"start":{"line":41,"column":4},"end":{"line":43,"column":5}},{"start":{},"end":{}}]},"4":{"loc":{"start":{"line":49,"column":4},"end":{"line":84,"column":5}},"type":"if","locations":[{"start":{"line":49,"column":4},"end":{"line":84,"column":5}},{"start":{},"end":{}}]},"5":{"loc":{"start":{"line":50,"column":28},"end":{"line":50,"column":90}},"type":"cond-expr","locations":[{"start":{"line":50,"column":59},"end":{"line":50,"column":72}},{"start":{"line":50,"column":75},"end":{"line":50,"column":90}}]},"6":{"loc":{"start":{"line":52,"column":8},"end":{"line":82,"column":9}},"type":"if","locations":[{"start":{"line":52,"column":8},"end":{"line":82,"column":9}},{"start":{"line":63,"column":15},"end":{"line":82,"column":9}}]},"7":{"loc":{"start":{"line":52,"column":12},"end":{"line":52,"column":90}},"type":"binary-expr","locations":[{"start":{"line":52,"column":12},"end":{"line":52,"column":36}},{"start":{"line":52,"column":40},"end":{"line":52,"column":58}},{"start":{"line":52,"column":62},"end":{"line":52,"column":90}}]},"8":{"loc":{"start":{"line":53,"column":22},"end":{"line":53,"column":99}},"type":"cond-expr","locations":[{"start":{"line":53,"column":48},"end":{"line":53,"column":52}},{"start":{"line":53,"column":55},"end":{"line":53,"column":99}}]},"9":{"loc":{"start":{"line":55,"column":27},"end":{"line":55,"column":58}},"type":"binary-expr","locations":[{"start":{"line":55,"column":27},"end":{"line":55,"column":48}},{"start":{"line":55,"column":52},"end":{"line":55,"column":58}}]},"10":{"loc":{"start":{"line":63,"column":15},"end":{"line":82,"column":9}},"type":"if","locations":[{"start":{"line":63,"column":15},"end":{"line":82,"column":9}},{"start":{},"end":{}}]},"11":{"loc":{"start":{"line":64,"column":10},"end":{"line":68,"column":63}},"type":"binary-expr","locations":[{"start":{"line":64,"column":10},"end":{"line":64,"column":14}},{"start":{"line":65,"column":10},"end":{"line":65,"column":34}},{"start":{"line":66,"column":10},"end":{"line":66,"column":23}},{"start":{"line":67,"column":10},"end":{"line":67,"column":60}},{"start":{"line":68,"column":10},"end":{"line":68,"column":63}}]},"12":{"loc":{"start":{"line":72,"column":22},"end":{"line":72,"column":117}},"type":"cond-expr","locations":[{"start":{"line":72,"column":54},"end":{"line":72,"column":64}},{"start":{"line":72,"column":67},"end":{"line":72,"column":117}}]},"13":{"loc":{"start":{"line":74,"column":27},"end":{"line":74,"column":64}},"type":"binary-expr","locations":[{"start":{"line":74,"column":27},"end":{"line":74,"column":54}},{"start":{"line":74,"column":58},"end":{"line":74,"column":64}}]},"14":{"loc":{"start":{"line":87,"column":4},"end":{"line":101,"column":5}},"type":"if","locations":[{"start":{"line":87,"column":4},"end":{"line":101,"column":5}},{"start":{},"end":{}}]},"15":{"loc":{"start":{"line":88,"column":25},"end":{"line":88,"column":63}},"type":"cond-expr","locations":[{"start":{"line":88,"column":48},"end":{"line":88,"column":53}},{"start":{"line":88,"column":56},"end":{"line":88,"column":63}}]},"16":{"loc":{"start":{"line":90,"column":8},"end":{"line":99,"column":9}},"type":"if","locations":[{"start":{"line":90,"column":8},"end":{"line":99,"column":9}},{"start":{},"end":{}}]},"17":{"loc":{"start":{"line":108,"column":6},"end":{"line":110,"column":7}},"type":"if","locations":[{"start":{"line":108,"column":6},"end":{"line":110,"column":7}},{"start":{},"end":{}}]},"18":{"loc":{"start":{"line":115,"column":4},"end":{"line":115,"column":26}},"type":"if","locations":[{"start":{"line":115,"column":4},"end":{"line":115,"column":26}},{"start":{},"end":{}}]},"19":{"loc":{"start":{"line":118,"column":4},"end":{"line":167,"column":5}},"type":"if","locations":[{"start":{"line":118,"column":4},"end":{"line":167,"column":5}},{"start":{"line":157,"column":11},"end":{"line":167,"column":5}}]},"20":{"loc":{"start":{"line":118,"column":8},"end":{"line":118,"column":33}},"type":"binary-expr","locations":[{"start":{"line":118,"column":8},"end":{"line":118,"column":13}},{"start":{"line":118,"column":17},"end":{"line":118,"column":33}}]},"21":{"loc":{"start":{"line":121,"column":28},"end":{"line":121,"column":40}},"type":"binary-expr","locations":[{"start":{"line":121,"column":28},"end":{"line":121,"column":34}},{"start":{"line":121,"column":38},"end":{"line":121,"column":40}}]},"22":{"loc":{"start":{"line":124,"column":8},"end":{"line":126,"column":9}},"type":"if","locations":[{"start":{"line":124,"column":8},"end":{"line":126,"column":9}},{"start":{},"end":{}}]},"23":{"loc":{"start":{"line":124,"column":38},"end":{"line":124,"column":124}},"type":"binary-expr","locations":[{"start":{"line":124,"column":38},"end":{"line":124,"column":56}},{"start":{"line":124,"column":61},"end":{"line":124,"column":80}},{"start":{"line":124,"column":84},"end":{"line":124,"column":123}}]},"24":{"loc":{"start":{"line":127,"column":8},"end":{"line":129,"column":9}},"type":"if","locations":[{"start":{"line":127,"column":8},"end":{"line":129,"column":9}},{"start":{},"end":{}}]},"25":{"loc":{"start":{"line":127,"column":38},"end":{"line":127,"column":86}},"type":"binary-expr","locations":[{"start":{"line":127,"column":38},"end":{"line":127,"column":58}},{"start":{"line":127,"column":62},"end":{"line":127,"column":86}}]},"26":{"loc":{"start":{"line":132,"column":6},"end":{"line":146,"column":7}},"type":"if","locations":[{"start":{"line":132,"column":6},"end":{"line":146,"column":7}},{"start":{},"end":{}}]},"27":{"loc":{"start":{"line":152,"column":17},"end":{"line":152,"column":50}},"type":"cond-expr","locations":[{"start":{"line":152,"column":28},"end":{"line":152,"column":36}},{"start":{"line":152,"column":39},"end":{"line":152,"column":50}}]},"28":{"loc":{"start":{"line":162,"column":17},"end":{"line":162,"column":37}},"type":"cond-expr","locations":[{"start":{"line":162,"column":28},"end":{"line":162,"column":30}},{"start":{"line":162,"column":33},"end":{"line":162,"column":37}}]},"29":{"loc":{"start":{"line":173,"column":4},"end":{"line":217,"column":5}},"type":"if","locations":[{"start":{"line":173,"column":4},"end":{"line":217,"column":5}},{"start":{"line":189,"column":11},"end":{"line":217,"column":5}}]},"30":{"loc":{"start":{"line":173,"column":8},"end":{"line":173,"column":60}},"type":"binary-expr","locations":[{"start":{"line":173,"column":8},"end":{"line":173,"column":31}},{"start":{"line":173,"column":35},"end":{"line":173,"column":60}}]},"31":{"loc":{"start":{"line":179,"column":6},"end":{"line":188,"column":7}},"type":"if","locations":[{"start":{"line":179,"column":6},"end":{"line":188,"column":7}},{"start":{},"end":{}}]},"32":{"loc":{"start":{"line":191,"column":6},"end":{"line":194,"column":7}},"type":"if","locations":[{"start":{"line":191,"column":6},"end":{"line":194,"column":7}},{"start":{},"end":{}}]},"33":{"loc":{"start":{"line":191,"column":10},"end":{"line":191,"column":78}},"type":"binary-expr","locations":[{"start":{"line":191,"column":10},"end":{"line":191,"column":26}},{"start":{"line":191,"column":30},"end":{"line":191,"column":78}}]},"34":{"loc":{"start":{"line":197,"column":6},"end":{"line":216,"column":7}},"type":"if","locations":[{"start":{"line":197,"column":6},"end":{"line":216,"column":7}},{"start":{},"end":{}}]},"35":{"loc":{"start":{"line":199,"column":8},"end":{"line":204,"column":9}},"type":"if","locations":[{"start":{"line":199,"column":8},"end":{"line":204,"column":9}},{"start":{"line":202,"column":15},"end":{"line":204,"column":9}}]},"36":{"loc":{"start":{"line":206,"column":8},"end":{"line":215,"column":9}},"type":"if","locations":[{"start":{"line":206,"column":8},"end":{"line":215,"column":9}},{"start":{},"end":{}}]},"37":{"loc":{"start":{"line":227,"column":4},"end":{"line":230,"column":5}},"type":"if","locations":[{"start":{"line":227,"column":4},"end":{"line":230,"column":5}},{"start":{},"end":{}}]},"38":{"loc":{"start":{"line":232,"column":4},"end":{"line":242,"column":5}},"type":"if","locations":[{"start":{"line":232,"column":4},"end":{"line":242,"column":5}},{"start":{},"end":{}}]},"39":{"loc":{"start":{"line":254,"column":10},"end":{"line":254,"column":null}},"type":"cond-expr","locations":[{"start":{"line":254,"column":18},"end":{"line":254,"column":34}},{"start":{"line":254,"column":37},"end":{"line":254,"column":null}}]},"40":{"loc":{"start":{"line":274,"column":7},"end":{"line":314,"column":null}},"type":"binary-expr","locations":[{"start":{"line":274,"column":7},"end":{"line":274,"column":26}},{"start":{"line":275,"column":8},"end":{"line":313,"column":null}}]},"41":{"loc":{"start":{"line":279,"column":15},"end":{"line":293,"column":null}},"type":"cond-expr","locations":[{"start":{"line":280,"column":16},"end":{"line":283,"column":null}},{"start":{"line":286,"column":16},"end":{"line":292,"column":null}}]},"42":{"loc":{"start":{"line":296,"column":15},"end":{"line":305,"column":null}},"type":"binary-expr","locations":[{"start":{"line":296,"column":16},"end":{"line":296,"column":24}},{"start":{"line":296,"column":28},"end":{"line":296,"column":47}},{"start":{"line":297,"column":16},"end":{"line":304,"column":null}}]},"43":{"loc":{"start":{"line":307,"column":15},"end":{"line":310,"column":null}},"type":"binary-expr","locations":[{"start":{"line":307,"column":15},"end":{"line":307,"column":33}},{"start":{"line":308,"column":16},"end":{"line":308,"column":null}}]},"44":{"loc":{"start":{"line":317,"column":7},"end":{"line":320,"column":null}},"type":"binary-expr","locations":[{"start":{"line":317,"column":7},"end":{"line":317,"column":12}},{"start":{"line":318,"column":8},"end":{"line":319,"column":null}}]}},"s":{"0":1,"1":1,"2":1,"3":1,"4":1,"5":120,"6":120,"7":120,"8":120,"9":0,"10":120,"11":16,"12":16,"13":16,"14":16,"15":16,"16":0,"17":0,"18":0,"19":0,"20":0,"21":0,"22":0,"23":0,"24":0,"25":0,"26":0,"27":0,"28":0,"29":16,"30":4,"31":4,"32":4,"33":4,"34":4,"35":4,"36":16,"37":120,"38":12,"39":12,"40":12,"41":120,"42":4,"43":0,"44":4,"45":4,"46":4,"47":4,"48":10,"49":4,"50":4,"51":4,"52":4,"53":0,"54":0,"55":0,"56":0,"57":4,"58":0,"59":0,"60":0,"61":0,"62":4,"63":4,"64":0,"65":0,"66":120,"67":0,"68":0,"69":0,"70":0,"71":0,"72":0,"73":0,"74":0,"75":0,"76":0,"77":0,"78":0,"79":0,"80":0,"81":0,"82":0,"83":0,"84":0,"85":0,"86":0,"87":0,"88":120,"89":0,"90":0,"91":0,"92":0,"93":0,"94":0,"95":0,"96":0,"97":0,"98":0,"99":0,"100":120,"101":18,"102":0,"103":1},"f":{"0":120,"1":16,"2":0,"3":4,"4":12,"5":12,"6":4,"7":10,"8":4,"9":4,"10":0,"11":0,"12":0,"13":0,"14":0,"15":0,"16":0,"17":18,"18":0},"b":{"0":[0],"1":[120],"2":[0,120],"3":[16,0],"4":[0,16],"5":[0,0],"6":[0,0],"7":[0,0,0],"8":[0,0],"9":[0,0],"10":[0,0],"11":[0,0,0,0,0],"12":[0,0],"13":[0,0],"14":[4,12],"15":[0,4],"16":[4,0],"17":[12,0],"18":[0,4],"19":[4,0],"20":[4,4],"21":[4,0],"22":[4,0],"23":[4,4,4],"24":[0,0],"25":[0,0],"26":[0,4],"27":[0,4],"28":[0,0],"29":[0,0],"30":[0,0],"31":[0,0],"32":[0,0],"33":[0,0],"34":[0,0],"35":[0,0],"36":[0,0],"37":[0,0],"38":[0,0],"39":[0,120],"40":[120,18],"41":[18,0],"42":[18,18,0],"43":[18,0],"44":[120,0]}}
,"D:\\new-bookadzone\\bookadzone-admin\\src\\components\\atoms\\BAZ-Input.tsx": {"path":"D:\\new-bookadzone\\bookadzone-admin\\src\\components\\atoms\\BAZ-Input.tsx","statementMap":{"0":{"start":{"line":1,"column":0},"end":{"line":1,"column":36}},"1":{"start":{"line":2,"column":0},"end":{"line":2,"column":47}},"2":{"start":{"line":3,"column":0},"end":{"line":3,"column":39}},"3":{"start":{"line":12,"column":39},"end":{"line":38,"column":2}},"4":{"start":{"line":12,"column":107},"end":{"line":12,"column":112}},"5":{"start":{"line":12,"column":117},"end":{"line":12,"column":121}},"6":{"start":{"line":14,"column":28},"end":{"line":16,"column":15}},"7":{"start":{"line":18,"column":2},"end":{"line":37,"column":4}},"8":{"start":{"line":40,"column":0},"end":{"line":40,"column":24}}},"fnMap":{"0":{"name":"(anonymous_1)","decl":{"start":{"line":12,"column":44},"end":{"line":12,"column":45}},"loc":{"start":{"line":12,"column":123},"end":{"line":38,"column":1}}}},"branchMap":{"0":{"loc":{"start":{"line":12,"column":47},"end":{"line":12,"column":61}},"type":"default-arg","locations":[{"start":{"line":12,"column":59},"end":{"line":12,"column":61}}]},"1":{"loc":{"start":{"line":12,"column":70},"end":{"line":12,"column":84}},"type":"default-arg","locations":[{"start":{"line":12,"column":79},"end":{"line":12,"column":84}}]},"2":{"loc":{"start":{"line":12,"column":86},"end":{"line":12,"column":107}},"type":"default-arg","locations":[{"start":{"line":12,"column":102},"end":{"line":12,"column":107}}]},"3":{"loc":{"start":{"line":14,"column":28},"end":{"line":16,"column":15}},"type":"cond-expr","locations":[{"start":{"line":15,"column":6},"end":{"line":15,"column":77}},{"start":{"line":16,"column":6},"end":{"line":16,"column":15}}]},"4":{"loc":{"start":{"line":27,"column":39},"end":{"line":27,"column":97}},"type":"cond-expr","locations":[{"start":{"line":27,"column":55},"end":{"line":27,"column":70}},{"start":{"line":27,"column":73},"end":{"line":27,"column":97}}]},"5":{"loc":{"start":{"line":28,"column":10},"end":{"line":28,"column":null}},"type":"cond-expr","locations":[{"start":{"line":28,"column":18},"end":{"line":28,"column":34}},{"start":{"line":28,"column":37},"end":{"line":28,"column":null}}]},"6":{"loc":{"start":{"line":31,"column":7},"end":{"line":34,"column":null}},"type":"binary-expr","locations":[{"start":{"line":31,"column":7},"end":{"line":31,"column":12}},{"start":{"line":32,"column":8},"end":{"line":33,"column":null}}]}},"s":{"0":1,"1":1,"2":1,"3":1,"4":406,"5":406,"6":406,"7":406,"8":1},"f":{"0":406},"b":{"0":[0],"1":[0],"2":[406],"3":[0,406],"4":[0,406],"5":[0,406],"6":[406,0]}}
,"D:\\new-bookadzone\\bookadzone-admin\\src\\components\\atoms\\BAZ-Jodit.tsx": {"path":"D:\\new-bookadzone\\bookadzone-admin\\src\\components\\atoms\\BAZ-Jodit.tsx","statementMap":{"0":{"start":{"line":1,"column":0},"end":{"line":1,"column":68}},"1":{"start":{"line":2,"column":0},"end":{"line":2,"column":38}},"2":{"start":{"line":3,"column":0},"end":{"line":3,"column":41}},"3":{"start":{"line":12,"column":40},"end":{"line":211,"column":1}},"4":{"start":{"line":13,"column":17},"end":{"line":13,"column":34}},"5":{"start":{"line":14,"column":32},"end":{"line":14,"column":61}},"6":{"start":{"line":17,"column":2},"end":{"line":21,"column":14}},"7":{"start":{"line":18,"column":4},"end":{"line":20,"column":5}},"8":{"start":{"line":19,"column":6},"end":{"line":19,"column":24}},"9":{"start":{"line":24,"column":16},"end":{"line":24,"column":45}},"10":{"start":{"line":27,"column":17},"end":{"line":190,"column":null}},"11":{"start":{"line":29,"column":7},"end":{"line":189,"column":null}},"12":{"start":{"line":36,"column":35},"end":{"line":36,"column":42}},"13":{"start":{"line":42,"column":12},"end":{"line":42,"column":28}},"14":{"start":{"line":45,"column":12},"end":{"line":45,"column":31}},"15":{"start":{"line":48,"column":12},"end":{"line":48,"column":50}},"16":{"start":{"line":52,"column":12},"end":{"line":86,"column":13}},"17":{"start":{"line":53,"column":31},"end":{"line":53,"column":81}},"18":{"start":{"line":55,"column":14},"end":{"line":72,"column":15}},"19":{"start":{"line":56,"column":39},"end":{"line":65,"column":18}},"20":{"start":{"line":58,"column":32},"end":{"line":58,"column":40}},"21":{"start":{"line":59,"column":18},"end":{"line":63,"column":19}},"22":{"start":{"line":61,"column":38},"end":{"line":61,"column":64}},"23":{"start":{"line":62,"column":20},"end":{"line":62,"column":87}},"24":{"start":{"line":64,"column":18},"end":{"line":64,"column":33}},"25":{"start":{"line":67,"column":16},"end":{"line":71,"column":18}},"26":{"start":{"line":74,"column":14},"end":{"line":78,"column":16}},"27":{"start":{"line":80,"column":14},"end":{"line":80,"column":72}},"28":{"start":{"line":81,"column":14},"end":{"line":85,"column":16}},"29":{"start":{"line":89,"column":22},"end":{"line":89,"column":26}},"30":{"start":{"line":90,"column":12},"end":{"line":94,"column":13}},"31":{"start":{"line":91,"column":14},"end":{"line":93,"column":17}},"32":{"start":{"line":92,"column":16},"end":{"line":92,"column":52}},"33":{"start":{"line":97,"column":12},"end":{"line":97,"column":46}},"34":{"start":{"line":129,"column":12},"end":{"line":179,"column":15}},"35":{"start":{"line":130,"column":32},"end":{"line":130,"column":145}},"36":{"start":{"line":131,"column":14},"end":{"line":178,"column":15}},"37":{"start":{"line":133,"column":37},"end":{"line":133,"column":62}},"38":{"start":{"line":134,"column":16},"end":{"line":134,"column":76}},"39":{"start":{"line":135,"column":16},"end":{"line":177,"column":19}},"40":{"start":{"line":135,"column":74},"end":{"line":177,"column":18}},"41":{"start":{"line":136,"column":18},"end":{"line":136,"column":37}},"42":{"start":{"line":137,"column":18},"end":{"line":137,"column":38}},"43":{"start":{"line":138,"column":30},"end":{"line":138,"column":68}},"44":{"start":{"line":139,"column":18},"end":{"line":176,"column":19}},"45":{"start":{"line":140,"column":35},"end":{"line":140,"column":58}},"46":{"start":{"line":141,"column":20},"end":{"line":175,"column":21}},"47":{"start":{"line":142,"column":22},"end":{"line":174,"column":23}},"48":{"start":{"line":144,"column":43},"end":{"line":144,"column":45}},"49":{"start":{"line":145,"column":24},"end":{"line":151,"column":25}},"50":{"start":{"line":146,"column":41},"end":{"line":146,"column":80}},"51":{"start":{"line":147,"column":26},"end":{"line":147,"column":57}},"52":{"start":{"line":150,"column":26},"end":{"line":150,"column":48}},"53":{"start":{"line":153,"column":41},"end":{"line":162,"column":26}},"54":{"start":{"line":163,"column":24},"end":{"line":170,"column":25}},"55":{"start":{"line":164,"column":26},"end":{"line":164,"column":39}},"56":{"start":{"line":165,"column":26},"end":{"line":165,"column":53}},"57":{"start":{"line":166,"column":26},"end":{"line":166,"column":41}},"58":{"start":{"line":167,"column":26},"end":{"line":167,"column":62}},"59":{"start":{"line":169,"column":26},"end":{"line":169,"column":70}},"60":{"start":{"line":172,"column":24},"end":{"line":172,"column":70}},"61":{"start":{"line":173,"column":24},"end":{"line":173,"column":66}},"62":{"start":{"line":181,"column":12},"end":{"line":186,"column":15}},"63":{"start":{"line":182,"column":29},"end":{"line":182,"column":52}},"64":{"start":{"line":183,"column":14},"end":{"line":185,"column":15}},"65":{"start":{"line":184,"column":16},"end":{"line":184,"column":40}},"66":{"start":{"line":194,"column":23},"end":{"line":197,"column":3}},"67":{"start":{"line":195,"column":4},"end":{"line":195,"column":27}},"68":{"start":{"line":196,"column":4},"end":{"line":196,"column":39}},"69":{"start":{"line":196,"column":18},"end":{"line":196,"column":39}},"70":{"start":{"line":199,"column":2},"end":{"line":210,"column":4}},"71":{"start":{"line":206,"column":40},"end":{"line":206,"column":64}},"72":{"start":{"line":207,"column":42},"end":{"line":207,"column":66}},"73":{"start":{"line":213,"column":0},"end":{"line":213,"column":27}}},"fnMap":{"0":{"name":"(anonymous_8)","decl":{"start":{"line":12,"column":40},"end":{"line":12,"column":41}},"loc":{"start":{"line":12,"column":93},"end":{"line":211,"column":1}}},"1":{"name":"(anonymous_9)","decl":{"start":{"line":17,"column":12},"end":{"line":17,"column":15}},"loc":{"start":{"line":17,"column":17},"end":{"line":21,"column":3}}},"2":{"name":"(anonymous_10)","decl":{"start":{"line":28,"column":4},"end":{"line":28,"column":7}},"loc":{"start":{"line":29,"column":7},"end":{"line":189,"column":null}}},"3":{"name":"(anonymous_11)","decl":{"start":{"line":36,"column":29},"end":{"line":36,"column":32}},"loc":{"start":{"line":36,"column":35},"end":{"line":36,"column":42}}},"4":{"name":"(anonymous_12)","decl":{"start":{"line":41,"column":23},"end":{"line":41,"column":33}},"loc":{"start":{"line":41,"column":51},"end":{"line":43,"column":11}}},"5":{"name":"(anonymous_13)","decl":{"start":{"line":44,"column":21},"end":{"line":44,"column":31}},"loc":{"start":{"line":44,"column":40},"end":{"line":46,"column":11}}},"6":{"name":"(anonymous_14)","decl":{"start":{"line":47,"column":22},"end":{"line":47,"column":32}},"loc":{"start":{"line":47,"column":41},"end":{"line":49,"column":11}}},"7":{"name":"(anonymous_15)","decl":{"start":{"line":51,"column":19},"end":{"line":51,"column":20}},"loc":{"start":{"line":51,"column":33},"end":{"line":87,"column":11}}},"8":{"name":"(anonymous_16)","decl":{"start":{"line":56,"column":58},"end":{"line":56,"column":59}},"loc":{"start":{"line":56,"column":72},"end":{"line":65,"column":17}}},"9":{"name":"(anonymous_17)","decl":{"start":{"line":88,"column":33},"end":{"line":88,"column":54}},"loc":{"start":{"line":88,"column":63},"end":{"line":95,"column":11}}},"10":{"name":"(anonymous_18)","decl":{"start":{"line":91,"column":33},"end":{"line":91,"column":34}},"loc":{"start":{"line":91,"column":53},"end":{"line":93,"column":15}}},"11":{"name":"(anonymous_19)","decl":{"start":{"line":96,"column":17},"end":{"line":96,"column":18}},"loc":{"start":{"line":96,"column":30},"end":{"line":98,"column":11}}},"12":{"name":"(anonymous_20)","decl":{"start":{"line":127,"column":21},"end":{"line":127,"column":22}},"loc":{"start":{"line":127,"column":37},"end":{"line":187,"column":11}}},"13":{"name":"(anonymous_21)","decl":{"start":{"line":129,"column":52},"end":{"line":129,"column":53}},"loc":{"start":{"line":129,"column":68},"end":{"line":179,"column":13}}},"14":{"name":"(anonymous_22)","decl":{"start":{"line":135,"column":55},"end":{"line":135,"column":62}},"loc":{"start":{"line":135,"column":74},"end":{"line":177,"column":18}}},"15":{"name":"(anonymous_23)","decl":{"start":{"line":135,"column":74},"end":{"line":135,"column":null}},"loc":{"start":{"line":135,"column":74},"end":{"line":177,"column":17}}},"16":{"name":"(anonymous_24)","decl":{"start":{"line":181,"column":33},"end":{"line":181,"column":34}},"loc":{"start":{"line":181,"column":51},"end":{"line":186,"column":13}}},"17":{"name":"(anonymous_25)","decl":{"start":{"line":194,"column":23},"end":{"line":194,"column":24}},"loc":{"start":{"line":194,"column":46},"end":{"line":197,"column":3}}},"18":{"name":"(anonymous_26)","decl":{"start":{"line":206,"column":16},"end":{"line":206,"column":17}},"loc":{"start":{"line":206,"column":40},"end":{"line":206,"column":64}}},"19":{"name":"(anonymous_27)","decl":{"start":{"line":207,"column":18},"end":{"line":207,"column":19}},"loc":{"start":{"line":207,"column":42},"end":{"line":207,"column":66}}}},"branchMap":{"0":{"loc":{"start":{"line":14,"column":49},"end":{"line":14,"column":60}},"type":"binary-expr","locations":[{"start":{"line":14,"column":49},"end":{"line":14,"column":54}},{"start":{"line":14,"column":58},"end":{"line":14,"column":60}}]},"1":{"loc":{"start":{"line":18,"column":4},"end":{"line":20,"column":5}},"type":"if","locations":[{"start":{"line":18,"column":4},"end":{"line":20,"column":5}},{"start":{},"end":{}}]},"2":{"loc":{"start":{"line":18,"column":8},"end":{"line":18,"column":48}},"type":"binary-expr","locations":[{"start":{"line":18,"column":8},"end":{"line":18,"column":27}},{"start":{"line":18,"column":31},"end":{"line":18,"column":48}}]},"3":{"loc":{"start":{"line":31,"column":21},"end":{"line":31,"column":53}},"type":"binary-expr","locations":[{"start":{"line":31,"column":21},"end":{"line":31,"column":32}},{"start":{"line":31,"column":36},"end":{"line":31,"column":53}}]},"4":{"loc":{"start":{"line":38,"column":19},"end":{"line":38,"column":68}},"type":"cond-expr","locations":[{"start":{"line":38,"column":27},"end":{"line":38,"column":63}},{"start":{"line":38,"column":66},"end":{"line":38,"column":68}}]},"5":{"loc":{"start":{"line":39,"column":21},"end":{"line":39,"column":61}},"type":"cond-expr","locations":[{"start":{"line":39,"column":38},"end":{"line":39,"column":56}},{"start":{"line":39,"column":59},"end":{"line":39,"column":61}}]},"6":{"loc":{"start":{"line":48,"column":19},"end":{"line":48,"column":49}},"type":"binary-expr","locations":[{"start":{"line":48,"column":19},"end":{"line":48,"column":27}},{"start":{"line":48,"column":31},"end":{"line":48,"column":43}},{"start":{"line":48,"column":47},"end":{"line":48,"column":49}}]},"7":{"loc":{"start":{"line":53,"column":31},"end":{"line":53,"column":81}},"type":"cond-expr","locations":[{"start":{"line":53,"column":58},"end":{"line":53,"column":74}},{"start":{"line":53,"column":77},"end":{"line":53,"column":81}}]},"8":{"loc":{"start":{"line":55,"column":14},"end":{"line":72,"column":15}},"type":"if","locations":[{"start":{"line":55,"column":14},"end":{"line":72,"column":15}},{"start":{},"end":{}}]},"9":{"loc":{"start":{"line":55,"column":18},"end":{"line":55,"column":81}},"type":"binary-expr","locations":[{"start":{"line":55,"column":18},"end":{"line":55,"column":34}},{"start":{"line":55,"column":38},"end":{"line":55,"column":52}},{"start":{"line":55,"column":56},"end":{"line":55,"column":81}}]},"10":{"loc":{"start":{"line":59,"column":18},"end":{"line":63,"column":19}},"type":"if","locations":[{"start":{"line":59,"column":18},"end":{"line":63,"column":19}},{"start":{},"end":{}}]},"11":{"loc":{"start":{"line":90,"column":12},"end":{"line":94,"column":13}},"type":"if","locations":[{"start":{"line":90,"column":12},"end":{"line":94,"column":13}},{"start":{},"end":{}}]},"12":{"loc":{"start":{"line":90,"column":16},"end":{"line":90,"column":47}},"type":"binary-expr","locations":[{"start":{"line":90,"column":16},"end":{"line":90,"column":26}},{"start":{"line":90,"column":30},"end":{"line":90,"column":47}}]},"13":{"loc":{"start":{"line":131,"column":14},"end":{"line":178,"column":15}},"type":"if","locations":[{"start":{"line":131,"column":14},"end":{"line":178,"column":15}},{"start":{},"end":{}}]},"14":{"loc":{"start":{"line":134,"column":16},"end":{"line":134,"column":75}},"type":"cond-expr","locations":[{"start":{"line":134,"column":36},"end":{"line":134,"column":38}},{"start":{"line":134,"column":36},"end":{"line":134,"column":75}}]},"15":{"loc":{"start":{"line":134,"column":16},"end":{"line":134,"column":38}},"type":"binary-expr","locations":[{"start":{"line":134,"column":16},"end":{"line":134,"column":38}},{"start":{"line":134,"column":36},"end":{"line":134,"column":38}}]},"16":{"loc":{"start":{"line":139,"column":18},"end":{"line":176,"column":19}},"type":"if","locations":[{"start":{"line":139,"column":18},"end":{"line":176,"column":19}},{"start":{},"end":{}}]},"17":{"loc":{"start":{"line":139,"column":22},"end":{"line":139,"column":50}},"type":"binary-expr","locations":[{"start":{"line":139,"column":22},"end":{"line":139,"column":25}},{"start":{"line":139,"column":29},"end":{"line":139,"column":50}}]},"18":{"loc":{"start":{"line":141,"column":20},"end":{"line":175,"column":21}},"type":"if","locations":[{"start":{"line":141,"column":20},"end":{"line":175,"column":21}},{"start":{},"end":{}}]},"19":{"loc":{"start":{"line":141,"column":24},"end":{"line":141,"column":125}},"type":"binary-expr","locations":[{"start":{"line":141,"column":24},"end":{"line":141,"column":30}},{"start":{"line":141,"column":34},"end":{"line":141,"column":125}}]},"20":{"loc":{"start":{"line":163,"column":24},"end":{"line":170,"column":25}},"type":"if","locations":[{"start":{"line":163,"column":24},"end":{"line":170,"column":25}},{"start":{"line":168,"column":31},"end":{"line":170,"column":25}}]},"21":{"loc":{"start":{"line":183,"column":14},"end":{"line":185,"column":15}},"type":"if","locations":[{"start":{"line":183,"column":14},"end":{"line":185,"column":15}},{"start":{},"end":{}}]},"22":{"loc":{"start":{"line":196,"column":4},"end":{"line":196,"column":39}},"type":"if","locations":[{"start":{"line":196,"column":4},"end":{"line":196,"column":39}},{"start":{},"end":{}}]}},"s":{"0":1,"1":1,"2":1,"3":1,"4":0,"5":0,"6":0,"7":0,"8":0,"9":0,"10":0,"11":0,"12":0,"13":0,"14":0,"15":0,"16":0,"17":0,"18":0,"19":0,"20":0,"21":0,"22":0,"23":0,"24":0,"25":0,"26":0,"27":0,"28":0,"29":0,"30":0,"31":0,"32":0,"33":0,"34":0,"35":0,"36":0,"37":0,"38":0,"39":0,"40":0,"41":0,"42":0,"43":0,"44":0,"45":0,"46":0,"47":0,"48":0,"49":0,"50":0,"51":0,"52":0,"53":0,"54":0,"55":0,"56":0,"57":0,"58":0,"59":0,"60":0,"61":0,"62":0,"63":0,"64":0,"65":0,"66":0,"67":0,"68":0,"69":0,"70":0,"71":0,"72":0,"73":1},"f":{"0":0,"1":0,"2":0,"3":0,"4":0,"5":0,"6":0,"7":0,"8":0,"9":0,"10":0,"11":0,"12":0,"13":0,"14":0,"15":0,"16":0,"17":0,"18":0,"19":0},"b":{"0":[0,0],"1":[0,0],"2":[0,0],"3":[0,0],"4":[0,0],"5":[0,0],"6":[0,0,0],"7":[0,0],"8":[0,0],"9":[0,0,0],"10":[0,0],"11":[0,0],"12":[0,0],"13":[0,0],"14":[0,0],"15":[0,0],"16":[0,0],"17":[0,0],"18":[0,0],"19":[0,0],"20":[0,0],"21":[0,0],"22":[0,0]}}
,"D:\\new-bookadzone\\bookadzone-admin\\src\\components\\atoms\\BAZ-Modal.tsx": {"path":"D:\\new-bookadzone\\bookadzone-admin\\src\\components\\atoms\\BAZ-Modal.tsx","statementMap":{"0":{"start":{"line":1,"column":0},"end":{"line":1,"column":41}},"1":{"start":{"line":12,"column":39},"end":{"line":110,"column":1}},"2":{"start":{"line":21,"column":2},"end":{"line":30,"column":15}},"3":{"start":{"line":22,"column":4},"end":{"line":26,"column":5}},"4":{"start":{"line":23,"column":6},"end":{"line":23,"column":46}},"5":{"start":{"line":25,"column":6},"end":{"line":25,"column":45}},"6":{"start":{"line":27,"column":4},"end":{"line":29,"column":6}},"7":{"start":{"line":28,"column":6},"end":{"line":28,"column":45}},"8":{"start":{"line":33,"column":2},"end":{"line":45,"column":24}},"9":{"start":{"line":34,"column":25},"end":{"line":38,"column":5}},"10":{"start":{"line":35,"column":6},"end":{"line":37,"column":7}},"11":{"start":{"line":36,"column":8},"end":{"line":36,"column":18}},"12":{"start":{"line":39,"column":4},"end":{"line":41,"column":5}},"13":{"start":{"line":40,"column":6},"end":{"line":40,"column":57}},"14":{"start":{"line":42,"column":4},"end":{"line":44,"column":6}},"15":{"start":{"line":43,"column":6},"end":{"line":43,"column":60}},"16":{"start":{"line":47,"column":2},"end":{"line":47,"column":27}},"17":{"start":{"line":47,"column":15},"end":{"line":47,"column":27}},"18":{"start":{"line":49,"column":22},"end":{"line":55,"column":4}},"19":{"start":{"line":57,"column":2},"end":{"line":109,"column":4}},"20":{"start":{"line":112,"column":0},"end":{"line":112,"column":24}}},"fnMap":{"0":{"name":"(anonymous_0)","decl":{"start":{"line":12,"column":39},"end":{"line":12,"column":40}},"loc":{"start":{"line":19,"column":5},"end":{"line":110,"column":1}}},"1":{"name":"(anonymous_1)","decl":{"start":{"line":21,"column":12},"end":{"line":21,"column":15}},"loc":{"start":{"line":21,"column":17},"end":{"line":30,"column":3}}},"2":{"name":"(anonymous_2)","decl":{"start":{"line":27,"column":11},"end":{"line":27,"column":14}},"loc":{"start":{"line":27,"column":16},"end":{"line":29,"column":5}}},"3":{"name":"(anonymous_3)","decl":{"start":{"line":33,"column":12},"end":{"line":33,"column":15}},"loc":{"start":{"line":33,"column":17},"end":{"line":45,"column":3}}},"4":{"name":"(anonymous_4)","decl":{"start":{"line":34,"column":25},"end":{"line":34,"column":26}},"loc":{"start":{"line":34,"column":50},"end":{"line":38,"column":5}}},"5":{"name":"(anonymous_5)","decl":{"start":{"line":42,"column":11},"end":{"line":42,"column":14}},"loc":{"start":{"line":42,"column":16},"end":{"line":44,"column":5}}}},"branchMap":{"0":{"loc":{"start":{"line":17,"column":2},"end":{"line":17,"column":13}},"type":"default-arg","locations":[{"start":{"line":17,"column":9},"end":{"line":17,"column":13}}]},"1":{"loc":{"start":{"line":18,"column":2},"end":{"line":18,"column":24}},"type":"default-arg","locations":[{"start":{"line":18,"column":20},"end":{"line":18,"column":24}}]},"2":{"loc":{"start":{"line":22,"column":4},"end":{"line":26,"column":5}},"type":"if","locations":[{"start":{"line":22,"column":4},"end":{"line":26,"column":5}},{"start":{"line":24,"column":11},"end":{"line":26,"column":5}}]},"3":{"loc":{"start":{"line":35,"column":6},"end":{"line":37,"column":7}},"type":"if","locations":[{"start":{"line":35,"column":6},"end":{"line":37,"column":7}},{"start":{},"end":{}}]},"4":{"loc":{"start":{"line":39,"column":4},"end":{"line":41,"column":5}},"type":"if","locations":[{"start":{"line":39,"column":4},"end":{"line":41,"column":5}},{"start":{},"end":{}}]},"5":{"loc":{"start":{"line":47,"column":2},"end":{"line":47,"column":27}},"type":"if","locations":[{"start":{"line":47,"column":2},"end":{"line":47,"column":27}},{"start":{},"end":{}}]},"6":{"loc":{"start":{"line":71,"column":9},"end":{"line":95,"column":null}},"type":"binary-expr","locations":[{"start":{"line":71,"column":10},"end":{"line":71,"column":15}},{"start":{"line":71,"column":19},"end":{"line":71,"column":34}},{"start":{"line":72,"column":10},"end":{"line":94,"column":null}}]},"7":{"loc":{"start":{"line":73,"column":13},"end":{"line":73,"column":86}},"type":"binary-expr","locations":[{"start":{"line":73,"column":13},"end":{"line":73,"column":18}},{"start":{"line":73,"column":22},"end":{"line":73,"column":86}}]},"8":{"loc":{"start":{"line":74,"column":13},"end":{"line":93,"column":null}},"type":"binary-expr","locations":[{"start":{"line":74,"column":13},"end":{"line":74,"column":28}},{"start":{"line":75,"column":14},"end":{"line":92,"column":null}}]},"9":{"loc":{"start":{"line":102,"column":23},"end":{"line":102,"column":79}},"type":"cond-expr","locations":[{"start":{"line":102,"column":50},"end":{"line":102,"column":70}},{"start":{"line":102,"column":73},"end":{"line":102,"column":79}}]},"10":{"loc":{"start":{"line":102,"column":23},"end":{"line":102,"column":47}},"type":"binary-expr","locations":[{"start":{"line":102,"column":23},"end":{"line":102,"column":28}},{"start":{"line":102,"column":32},"end":{"line":102,"column":47}}]}},"s":{"0":1,"1":1,"2":0,"3":0,"4":0,"5":0,"6":0,"7":0,"8":0,"9":0,"10":0,"11":0,"12":0,"13":0,"14":0,"15":0,"16":0,"17":0,"18":0,"19":0,"20":1},"f":{"0":0,"1":0,"2":0,"3":0,"4":0,"5":0},"b":{"0":[0],"1":[0],"2":[0,0],"3":[0,0],"4":[0,0],"5":[0,0],"6":[0,0,0],"7":[0,0],"8":[0,0],"9":[0,0],"10":[0,0]}}
,"D:\\new-bookadzone\\bookadzone-admin\\src\\components\\atoms\\BAZ-Radio.tsx": {"path":"D:\\new-bookadzone\\bookadzone-admin\\src\\components\\atoms\\BAZ-Radio.tsx","statementMap":{"0":{"start":{"line":2,"column":0},"end":{"line":2,"column":47}},"1":{"start":{"line":3,"column":0},"end":{"line":3,"column":39}},"2":{"start":{"line":17,"column":39},"end":{"line":62,"column":null}},"3":{"start":{"line":27,"column":2},"end":{"line":61,"column":null}},"4":{"start":{"line":40,"column":8},"end":{"line":41,"column":null}},"5":{"start":{"line":65,"column":0},"end":{"line":65,"column":24}}},"fnMap":{"0":{"name":"(anonymous_0)","decl":{"start":{"line":17,"column":39},"end":{"line":17,"column":40}},"loc":{"start":{"line":27,"column":2},"end":{"line":61,"column":null}}},"1":{"name":"(anonymous_1)","decl":{"start":{"line":39,"column":19},"end":{"line":39,"column":20}},"loc":{"start":{"line":40,"column":8},"end":{"line":41,"column":null}}}},"branchMap":{"0":{"loc":{"start":{"line":21,"column":2},"end":{"line":21,"column":14}},"type":"default-arg","locations":[{"start":{"line":21,"column":12},"end":{"line":21,"column":14}}]},"1":{"loc":{"start":{"line":24,"column":2},"end":{"line":24,"column":16}},"type":"default-arg","locations":[{"start":{"line":24,"column":14},"end":{"line":24,"column":16}}]},"2":{"loc":{"start":{"line":33,"column":5},"end":{"line":36,"column":null}},"type":"binary-expr","locations":[{"start":{"line":33,"column":5},"end":{"line":33,"column":10}},{"start":{"line":34,"column":6},"end":{"line":35,"column":null}}]},"3":{"loc":{"start":{"line":57,"column":5},"end":{"line":60,"column":null}},"type":"binary-expr","locations":[{"start":{"line":57,"column":5},"end":{"line":57,"column":10}},{"start":{"line":58,"column":6},"end":{"line":59,"column":null}}]}},"s":{"0":1,"1":1,"2":1,"3":0,"4":0,"5":1},"f":{"0":0,"1":0},"b":{"0":[0],"1":[0],"2":[0,0],"3":[0,0]}}
,"D:\\new-bookadzone\\bookadzone-admin\\src\\components\\atoms\\BAZ-Select.tsx": {"path":"D:\\new-bookadzone\\bookadzone-admin\\src\\components\\atoms\\BAZ-Select.tsx","statementMap":{"0":{"start":{"line":2,"column":0},"end":{"line":2,"column":34}},"1":{"start":{"line":3,"column":0},"end":{"line":3,"column":47}},"2":{"start":{"line":4,"column":0},"end":{"line":4,"column":39}},"3":{"start":{"line":21,"column":47},"end":{"line":109,"column":1}},"4":{"start":{"line":33,"column":23},"end":{"line":42,"column":3}},"5":{"start":{"line":37,"column":4},"end":{"line":41,"column":5}},"6":{"start":{"line":38,"column":6},"end":{"line":38,"column":62}},"7":{"start":{"line":40,"column":6},"end":{"line":40,"column":56}},"8":{"start":{"line":44,"column":2},"end":{"line":108,"column":4}},"9":{"start":{"line":71,"column":29},"end":{"line":77,"column":null}},"10":{"start":{"line":79,"column":33},"end":{"line":79,"column":62}},"11":{"start":{"line":80,"column":26},"end":{"line":80,"column":77}},"12":{"start":{"line":81,"column":43},"end":{"line":84,"column":null}},"13":{"start":{"line":86,"column":33},"end":{"line":86,"column":80}},"14":{"start":{"line":87,"column":32},"end":{"line":89,"column":null}},"15":{"start":{"line":91,"column":37},"end":{"line":91,"column":66}},"16":{"start":{"line":92,"column":38},"end":{"line":98,"column":null}},"17":{"start":{"line":111,"column":0},"end":{"line":111,"column":25}}},"fnMap":{"0":{"name":"(anonymous_1)","decl":{"start":{"line":21,"column":47},"end":{"line":21,"column":48}},"loc":{"start":{"line":32,"column":5},"end":{"line":109,"column":1}}},"1":{"name":"(anonymous_2)","decl":{"start":{"line":33,"column":23},"end":{"line":33,"column":null}},"loc":{"start":{"line":36,"column":6},"end":{"line":42,"column":3}}},"2":{"name":"(anonymous_3)","decl":{"start":{"line":71,"column":19},"end":{"line":71,"column":20}},"loc":{"start":{"line":71,"column":29},"end":{"line":77,"column":null}}},"3":{"name":"(anonymous_4)","decl":{"start":{"line":79,"column":23},"end":{"line":79,"column":24}},"loc":{"start":{"line":79,"column":33},"end":{"line":79,"column":62}}},"4":{"name":"(anonymous_5)","decl":{"start":{"line":80,"column":16},"end":{"line":80,"column":17}},"loc":{"start":{"line":80,"column":26},"end":{"line":80,"column":77}}},"5":{"name":"(anonymous_6)","decl":{"start":{"line":81,"column":18},"end":{"line":81,"column":19}},"loc":{"start":{"line":81,"column":43},"end":{"line":84,"column":null}}},"6":{"name":"(anonymous_7)","decl":{"start":{"line":86,"column":23},"end":{"line":86,"column":24}},"loc":{"start":{"line":86,"column":33},"end":{"line":86,"column":80}}},"7":{"name":"(anonymous_8)","decl":{"start":{"line":87,"column":22},"end":{"line":87,"column":23}},"loc":{"start":{"line":87,"column":32},"end":{"line":89,"column":null}}},"8":{"name":"(anonymous_9)","decl":{"start":{"line":91,"column":27},"end":{"line":91,"column":28}},"loc":{"start":{"line":91,"column":37},"end":{"line":91,"column":66}}},"9":{"name":"(anonymous_10)","decl":{"start":{"line":92,"column":28},"end":{"line":92,"column":29}},"loc":{"start":{"line":92,"column":38},"end":{"line":98,"column":null}}}},"branchMap":{"0":{"loc":{"start":{"line":26,"column":2},"end":{"line":26,"column":16}},"type":"default-arg","locations":[{"start":{"line":26,"column":14},"end":{"line":26,"column":16}}]},"1":{"loc":{"start":{"line":27,"column":2},"end":{"line":27,"column":27}},"type":"default-arg","locations":[{"start":{"line":27,"column":16},"end":{"line":27,"column":27}}]},"2":{"loc":{"start":{"line":28,"column":2},"end":{"line":28,"column":17}},"type":"default-arg","locations":[{"start":{"line":28,"column":12},"end":{"line":28,"column":17}}]},"3":{"loc":{"start":{"line":37,"column":4},"end":{"line":41,"column":5}},"type":"if","locations":[{"start":{"line":37,"column":4},"end":{"line":41,"column":5}},{"start":{"line":39,"column":11},"end":{"line":41,"column":5}}]},"4":{"loc":{"start":{"line":38,"column":6},"end":{"line":38,"column":61}},"type":"cond-expr","locations":[{"start":{"line":38,"column":14},"end":{"line":38,"column":17}},{"start":{"line":38,"column":6},"end":{"line":38,"column":61}}]},"5":{"loc":{"start":{"line":38,"column":6},"end":{"line":38,"column":17}},"type":"binary-expr","locations":[{"start":{"line":38,"column":6},"end":{"line":38,"column":17}},{"start":{"line":38,"column":6},"end":{"line":38,"column":17}}]},"6":{"loc":{"start":{"line":40,"column":6},"end":{"line":40,"column":55}},"type":"cond-expr","locations":[{"start":{"line":40,"column":14},"end":{"line":40,"column":17}},{"start":{"line":40,"column":6},"end":{"line":40,"column":55}}]},"7":{"loc":{"start":{"line":40,"column":6},"end":{"line":40,"column":17}},"type":"binary-expr","locations":[{"start":{"line":40,"column":6},"end":{"line":40,"column":17}},{"start":{"line":40,"column":6},"end":{"line":40,"column":17}}]},"8":{"loc":{"start":{"line":51,"column":7},"end":{"line":57,"column":null}},"type":"binary-expr","locations":[{"start":{"line":51,"column":7},"end":{"line":51,"column":12}},{"start":{"line":52,"column":8},"end":{"line":56,"column":null}}]},"9":{"loc":{"start":{"line":69,"column":29},"end":{"line":69,"column":56}},"type":"cond-expr","locations":[{"start":{"line":69,"column":39},"end":{"line":69,"column":44}},{"start":{"line":69,"column":47},"end":{"line":69,"column":56}}]},"10":{"loc":{"start":{"line":74,"column":25},"end":{"line":74,"column":75}},"type":"cond-expr","locations":[{"start":{"line":74,"column":33},"end":{"line":74,"column":42}},{"start":{"line":74,"column":45},"end":{"line":74,"column":75}}]},"11":{"loc":{"start":{"line":76,"column":38},"end":{"line":76,"column":79}},"type":"cond-expr","locations":[{"start":{"line":76,"column":46},"end":{"line":76,"column":55}},{"start":{"line":76,"column":58},"end":{"line":76,"column":79}}]},"12":{"loc":{"start":{"line":83,"column":29},"end":{"line":83,"column":84}},"type":"cond-expr","locations":[{"start":{"line":83,"column":41},"end":{"line":83,"column":62}},{"start":{"line":83,"column":65},"end":{"line":83,"column":84}}]},"13":{"loc":{"start":{"line":102,"column":7},"end":{"line":105,"column":null}},"type":"binary-expr","locations":[{"start":{"line":102,"column":7},"end":{"line":102,"column":12}},{"start":{"line":103,"column":8},"end":{"line":104,"column":null}}]}},"s":{"0":1,"1":1,"2":1,"3":1,"4":0,"5":0,"6":0,"7":0,"8":0,"9":0,"10":0,"11":0,"12":0,"13":0,"14":0,"15":0,"16":0,"17":1},"f":{"0":0,"1":0,"2":0,"3":0,"4":0,"5":0,"6":0,"7":0,"8":0,"9":0},"b":{"0":[0],"1":[0],"2":[0],"3":[0,0],"4":[0,0],"5":[0,0],"6":[0,0],"7":[0,0],"8":[0,0],"9":[0,0],"10":[0,0],"11":[0,0],"12":[0,0],"13":[0,0]}}
,"D:\\new-bookadzone\\bookadzone-admin\\src\\components\\atoms\\BAZ-TextArea.tsx": {"path":"D:\\new-bookadzone\\bookadzone-admin\\src\\components\\atoms\\BAZ-TextArea.tsx","statementMap":{"0":{"start":{"line":1,"column":0},"end":{"line":1,"column":37}},"1":{"start":{"line":2,"column":0},"end":{"line":2,"column":47}},"2":{"start":{"line":3,"column":0},"end":{"line":3,"column":39}},"3":{"start":{"line":13,"column":45},"end":{"line":48,"column":1}},"4":{"start":{"line":13,"column":119},"end":{"line":13,"column":124}},"5":{"start":{"line":13,"column":128},"end":{"line":13,"column":132}},"6":{"start":{"line":14,"column":22},"end":{"line":14,"column":29}},"7":{"start":{"line":15,"column":21},"end":{"line":15,"column":38}},"8":{"start":{"line":18,"column":28},"end":{"line":20,"column":15}},"9":{"start":{"line":22,"column":2},"end":{"line":47,"column":4}},"10":{"start":{"line":50,"column":0},"end":{"line":50,"column":27}}},"fnMap":{"0":{"name":"(anonymous_1)","decl":{"start":{"line":13,"column":45},"end":{"line":13,"column":46}},"loc":{"start":{"line":13,"column":134},"end":{"line":48,"column":1}}}},"branchMap":{"0":{"loc":{"start":{"line":13,"column":48},"end":{"line":13,"column":62}},"type":"default-arg","locations":[{"start":{"line":13,"column":60},"end":{"line":13,"column":62}}]},"1":{"loc":{"start":{"line":13,"column":82},"end":{"line":13,"column":96}},"type":"default-arg","locations":[{"start":{"line":13,"column":91},"end":{"line":13,"column":96}}]},"2":{"loc":{"start":{"line":13,"column":98},"end":{"line":13,"column":119}},"type":"default-arg","locations":[{"start":{"line":13,"column":114},"end":{"line":13,"column":119}}]},"3":{"loc":{"start":{"line":15,"column":21},"end":{"line":15,"column":38}},"type":"binary-expr","locations":[{"start":{"line":15,"column":21},"end":{"line":15,"column":23}},{"start":{"line":15,"column":27},"end":{"line":15,"column":38}}]},"4":{"loc":{"start":{"line":18,"column":28},"end":{"line":20,"column":15}},"type":"cond-expr","locations":[{"start":{"line":19,"column":6},"end":{"line":19,"column":77}},{"start":{"line":20,"column":6},"end":{"line":20,"column":15}}]},"5":{"loc":{"start":{"line":29,"column":7},"end":{"line":32,"column":null}},"type":"binary-expr","locations":[{"start":{"line":29,"column":7},"end":{"line":29,"column":12}},{"start":{"line":30,"column":8},"end":{"line":31,"column":null}}]},"6":{"loc":{"start":{"line":37,"column":39},"end":{"line":37,"column":97}},"type":"cond-expr","locations":[{"start":{"line":37,"column":55},"end":{"line":37,"column":70}},{"start":{"line":37,"column":73},"end":{"line":37,"column":97}}]},"7":{"loc":{"start":{"line":38,"column":10},"end":{"line":38,"column":null}},"type":"cond-expr","locations":[{"start":{"line":38,"column":18},"end":{"line":38,"column":34}},{"start":{"line":38,"column":37},"end":{"line":38,"column":null}}]},"8":{"loc":{"start":{"line":41,"column":7},"end":{"line":44,"column":null}},"type":"binary-expr","locations":[{"start":{"line":41,"column":7},"end":{"line":41,"column":12}},{"start":{"line":42,"column":8},"end":{"line":43,"column":null}}]}},"s":{"0":1,"1":1,"2":1,"3":1,"4":29,"5":29,"6":29,"7":29,"8":29,"9":29,"10":1},"f":{"0":29},"b":{"0":[0],"1":[29],"2":[29],"3":[29,0],"4":[0,29],"5":[29,0],"6":[0,29],"7":[0,29],"8":[29,0]}}
,"D:\\new-bookadzone\\bookadzone-admin\\src\\components\\common\\urls.ts": {"path":"D:\\new-bookadzone\\bookadzone-admin\\src\\components\\common\\urls.ts","statementMap":{"0":{"start":{"line":1,"column":13},"end":{"line":1,"column":18}},"1":{"start":{"line":3,"column":16},"end":{"line":3,"column":57}},"2":{"start":{"line":4,"column":16},"end":{"line":4,"column":57}},"3":{"start":{"line":5,"column":16},"end":{"line":5,"column":35}},"4":{"start":{"line":6,"column":16},"end":{"line":6,"column":23}},"5":{"start":{"line":7,"column":20},"end":{"line":7,"column":46}},"6":{"start":{"line":12,"column":12},"end":{"line":78,"column":2}},"7":{"start":{"line":80,"column":20},"end":{"line":80,"column":58}},"8":{"start":{"line":81,"column":0},"end":{"line":81,"column":27}}},"fnMap":{},"branchMap":{"0":{"loc":{"start":{"line":4,"column":16},"end":{"line":4,"column":57}},"type":"cond-expr","locations":[{"start":{"line":4,"column":23},"end":{"line":4,"column":30}},{"start":{"line":4,"column":33},"end":{"line":4,"column":57}}]}},"s":{"0":2,"1":2,"2":2,"3":2,"4":2,"5":2,"6":2,"7":2,"8":2},"f":{},"b":{"0":[0,2]}}
,"D:\\new-bookadzone\\bookadzone-admin\\src\\components\\molecules\\FormField.tsx": {"path":"D:\\new-bookadzone\\bookadzone-admin\\src\\components\\molecules\\FormField.tsx","statementMap":{"0":{"start":{"line":2,"column":0},"end":{"line":2,"column":49}},"1":{"start":{"line":3,"column":0},"end":{"line":3,"column":42}},"2":{"start":{"line":19,"column":44},"end":{"line":71,"column":1}},"3":{"start":{"line":31,"column":26},"end":{"line":31,"column":42}},"4":{"start":{"line":33,"column":28},"end":{"line":37,"column":15}},"5":{"start":{"line":35,"column":8},"end":{"line":35,"column":66}},"6":{"start":{"line":39,"column":23},"end":{"line":44,"column":3}},"7":{"start":{"line":40,"column":4},"end":{"line":40,"column":28}},"8":{"start":{"line":41,"column":4},"end":{"line":43,"column":5}},"9":{"start":{"line":42,"column":6},"end":{"line":42,"column":18}},"10":{"start":{"line":46,"column":2},"end":{"line":70,"column":4}},"11":{"start":{"line":73,"column":0},"end":{"line":73,"column":25}}},"fnMap":{"0":{"name":"(anonymous_1)","decl":{"start":{"line":19,"column":44},"end":{"line":19,"column":45}},"loc":{"start":{"line":30,"column":5},"end":{"line":71,"column":1}}},"1":{"name":"(anonymous_2)","decl":{"start":{"line":34,"column":24},"end":{"line":34,"column":25}},"loc":{"start":{"line":35,"column":8},"end":{"line":35,"column":66}}},"2":{"name":"(anonymous_3)","decl":{"start":{"line":39,"column":23},"end":{"line":39,"column":24}},"loc":{"start":{"line":39,"column":96},"end":{"line":44,"column":3}}}},"branchMap":{"0":{"loc":{"start":{"line":24,"column":2},"end":{"line":24,"column":18}},"type":"default-arg","locations":[{"start":{"line":24,"column":13},"end":{"line":24,"column":18}}]},"1":{"loc":{"start":{"line":33,"column":28},"end":{"line":37,"column":15}},"type":"cond-expr","locations":[{"start":{"line":34,"column":6},"end":{"line":35,"column":null}},{"start":{"line":37,"column":6},"end":{"line":37,"column":15}}]},"2":{"loc":{"start":{"line":35,"column":8},"end":{"line":35,"column":66}},"type":"cond-expr","locations":[{"start":{"line":35,"column":34},"end":{"line":35,"column":60}},{"start":{"line":35,"column":63},"end":{"line":35,"column":66}}]},"3":{"loc":{"start":{"line":41,"column":4},"end":{"line":43,"column":5}},"type":"if","locations":[{"start":{"line":41,"column":4},"end":{"line":43,"column":5}},{"start":{},"end":{}}]},"4":{"loc":{"start":{"line":47,"column":20},"end":{"line":47,"column":50}},"type":"binary-expr","locations":[{"start":{"line":47,"column":20},"end":{"line":47,"column":35}},{"start":{"line":47,"column":39},"end":{"line":47,"column":50}}]}},"s":{"0":1,"1":1,"2":1,"3":551,"4":551,"5":0,"6":551,"7":19,"8":19,"9":19,"10":551,"11":1},"f":{"0":551,"1":0,"2":19},"b":{"0":[551],"1":[0,551],"2":[0,0],"3":[19,0],"4":[551,0]}}
,"D:\\new-bookadzone\\bookadzone-admin\\src\\components\\molecules\\FormHeader.tsx": {"path":"D:\\new-bookadzone\\bookadzone-admin\\src\\components\\molecules\\FormHeader.tsx","statementMap":{"0":{"start":{"line":2,"column":0},"end":{"line":2,"column":61}},"1":{"start":{"line":3,"column":0},"end":{"line":3,"column":40}},"2":{"start":{"line":11,"column":46},"end":{"line":64,"column":1}},"3":{"start":{"line":12,"column":27},"end":{"line":20,"column":4}},"4":{"start":{"line":21,"column":24},"end":{"line":21,"column":65}},"5":{"start":{"line":23,"column":2},"end":{"line":63,"column":4}},"6":{"start":{"line":66,"column":0},"end":{"line":66,"column":26}}},"fnMap":{"0":{"name":"(anonymous_0)","decl":{"start":{"line":11,"column":46},"end":{"line":11,"column":47}},"loc":{"start":{"line":11,"column":90},"end":{"line":64,"column":1}}}},"branchMap":{"0":{"loc":{"start":{"line":26,"column":9},"end":{"line":32,"column":null}},"type":"binary-expr","locations":[{"start":{"line":26,"column":9},"end":{"line":26,"column":23}},{"start":{"line":26,"column":27},"end":{"line":26,"column":40}},{"start":{"line":27,"column":10},"end":{"line":31,"column":null}}]},"1":{"loc":{"start":{"line":48,"column":69},"end":{"line":48,"column":202}},"type":"cond-expr","locations":[{"start":{"line":48,"column":77},"end":{"line":48,"column":138}},{"start":{"line":48,"column":141},"end":{"line":48,"column":202}}]},"2":{"loc":{"start":{"line":52,"column":11},"end":{"line":58,"column":null}},"type":"binary-expr","locations":[{"start":{"line":52,"column":11},"end":{"line":52,"column":15}},{"start":{"line":53,"column":12},"end":{"line":57,"column":null}}]}},"s":{"0":1,"1":1,"2":1,"3":30,"4":30,"5":30,"6":1},"f":{"0":30},"b":{"0":[30,30,30],"1":[0,30],"2":[30,30]}}
,"D:\\new-bookadzone\\bookadzone-admin\\src\\components\\molecules\\LabeledInput.tsx": {"path":"D:\\new-bookadzone\\bookadzone-admin\\src\\components\\molecules\\LabeledInput.tsx","statementMap":{"0":{"start":{"line":1,"column":0},"end":{"line":1,"column":36}},"1":{"start":{"line":2,"column":0},"end":{"line":2,"column":47}},"2":{"start":{"line":3,"column":0},"end":{"line":3,"column":39}},"3":{"start":{"line":4,"column":0},"end":{"line":4,"column":51}},"4":{"start":{"line":5,"column":0},"end":{"line":5,"column":42}},"5":{"start":{"line":6,"column":0},"end":{"line":6,"column":48}},"6":{"start":{"line":7,"column":0},"end":{"line":7,"column":48}},"7":{"start":{"line":8,"column":0},"end":{"line":8,"column":42}},"8":{"start":{"line":9,"column":0},"end":{"line":9,"column":44}},"9":{"start":{"line":10,"column":0},"end":{"line":10,"column":50}},"10":{"start":{"line":36,"column":50},"end":{"line":259,"column":null}},"11":{"start":{"line":59,"column":25},"end":{"line":91,"column":5}},"12":{"start":{"line":60,"column":6},"end":{"line":60,"column":28}},"13":{"start":{"line":60,"column":21},"end":{"line":60,"column":28}},"14":{"start":{"line":65,"column":6},"end":{"line":82,"column":7}},"15":{"start":{"line":67,"column":8},"end":{"line":73,"column":9}},"16":{"start":{"line":68,"column":10},"end":{"line":68,"column":36}},"17":{"start":{"line":69,"column":10},"end":{"line":69,"column":47}},"18":{"start":{"line":71,"column":25},"end":{"line":71,"column":60}},"19":{"start":{"line":72,"column":10},"end":{"line":72,"column":85}},"20":{"start":{"line":74,"column":13},"end":{"line":82,"column":7}},"21":{"start":{"line":75,"column":8},"end":{"line":75,"column":58}},"22":{"start":{"line":76,"column":13},"end":{"line":82,"column":7}},"23":{"start":{"line":77,"column":8},"end":{"line":77,"column":78}},"24":{"start":{"line":78,"column":13},"end":{"line":82,"column":7}},"25":{"start":{"line":79,"column":8},"end":{"line":79,"column":34}},"26":{"start":{"line":81,"column":8},"end":{"line":81,"column":34}},"27":{"start":{"line":84,"column":6},"end":{"line":90,"column":9}},"28":{"start":{"line":93,"column":32},"end":{"line":101,"column":5}},"29":{"start":{"line":94,"column":6},"end":{"line":94,"column":28}},"30":{"start":{"line":94,"column":21},"end":{"line":94,"column":28}},"31":{"start":{"line":95,"column":20},"end":{"line":97,"column":49}},"32":{"start":{"line":96,"column":53},"end":{"line":96,"column":62}},"33":{"start":{"line":98,"column":6},"end":{"line":100,"column":49}},"34":{"start":{"line":103,"column":24},"end":{"line":241,"column":5}},"35":{"start":{"line":104,"column":6},"end":{"line":240,"column":7}},"36":{"start":{"line":106,"column":10},"end":{"line":126,"column":12}},"37":{"start":{"line":128,"column":10},"end":{"line":144,"column":12}},"38":{"start":{"line":146,"column":10},"end":{"line":162,"column":12}},"39":{"start":{"line":167,"column":10},"end":{"line":185,"column":12}},"40":{"start":{"line":172,"column":64},"end":{"line":172,"column":83}},"41":{"start":{"line":187,"column":10},"end":{"line":205,"column":12}},"42":{"start":{"line":207,"column":10},"end":{"line":239,"column":12}},"43":{"start":{"line":243,"column":4},"end":{"line":258,"column":6}},"44":{"start":{"line":262,"column":0},"end":{"line":262,"column":28}}},"fnMap":{"0":{"name":"(anonymous_1)","decl":{"start":{"line":37,"column":2},"end":{"line":37,"column":3}},"loc":{"start":{"line":58,"column":7},"end":{"line":259,"column":3}}},"1":{"name":"(anonymous_2)","decl":{"start":{"line":59,"column":25},"end":{"line":59,"column":26}},"loc":{"start":{"line":59,"column":178},"end":{"line":91,"column":5}}},"2":{"name":"(anonymous_3)","decl":{"start":{"line":93,"column":32},"end":{"line":93,"column":33}},"loc":{"start":{"line":93,"column":83},"end":{"line":101,"column":5}}},"3":{"name":"(anonymous_4)","decl":{"start":{"line":96,"column":44},"end":{"line":96,"column":45}},"loc":{"start":{"line":96,"column":53},"end":{"line":96,"column":62}}},"4":{"name":"(anonymous_5)","decl":{"start":{"line":103,"column":24},"end":{"line":103,"column":27}},"loc":{"start":{"line":103,"column":29},"end":{"line":241,"column":5}}},"5":{"name":"(anonymous_6)","decl":{"start":{"line":172,"column":55},"end":{"line":172,"column":56}},"loc":{"start":{"line":172,"column":64},"end":{"line":172,"column":83}}}},"branchMap":{"0":{"loc":{"start":{"line":48,"column":4},"end":{"line":48,"column":16}},"type":"default-arg","locations":[{"start":{"line":48,"column":14},"end":{"line":48,"column":16}}]},"1":{"loc":{"start":{"line":49,"column":4},"end":{"line":49,"column":18}},"type":"default-arg","locations":[{"start":{"line":49,"column":16},"end":{"line":49,"column":18}}]},"2":{"loc":{"start":{"line":51,"column":4},"end":{"line":51,"column":20}},"type":"default-arg","locations":[{"start":{"line":51,"column":15},"end":{"line":51,"column":20}}]},"3":{"loc":{"start":{"line":52,"column":4},"end":{"line":52,"column":25}},"type":"default-arg","locations":[{"start":{"line":52,"column":20},"end":{"line":52,"column":25}}]},"4":{"loc":{"start":{"line":53,"column":4},"end":{"line":53,"column":18}},"type":"default-arg","locations":[{"start":{"line":53,"column":13},"end":{"line":53,"column":18}}]},"5":{"loc":{"start":{"line":60,"column":6},"end":{"line":60,"column":28}},"type":"if","locations":[{"start":{"line":60,"column":6},"end":{"line":60,"column":28}},{"start":{},"end":{}}]},"6":{"loc":{"start":{"line":65,"column":6},"end":{"line":82,"column":7}},"type":"if","locations":[{"start":{"line":65,"column":6},"end":{"line":82,"column":7}},{"start":{"line":74,"column":13},"end":{"line":82,"column":7}}]},"7":{"loc":{"start":{"line":67,"column":8},"end":{"line":73,"column":9}},"type":"if","locations":[{"start":{"line":67,"column":8},"end":{"line":73,"column":9}},{"start":{"line":70,"column":15},"end":{"line":73,"column":9}}]},"8":{"loc":{"start":{"line":72,"column":21},"end":{"line":72,"column":84}},"type":"cond-expr","locations":[{"start":{"line":72,"column":41},"end":{"line":72,"column":58}},{"start":{"line":72,"column":61},"end":{"line":72,"column":84}}]},"9":{"loc":{"start":{"line":72,"column":21},"end":{"line":72,"column":38}},"type":"binary-expr","locations":[{"start":{"line":72,"column":21},"end":{"line":72,"column":29}},{"start":{"line":72,"column":33},"end":{"line":72,"column":38}}]},"10":{"loc":{"start":{"line":72,"column":61},"end":{"line":72,"column":84}},"type":"binary-expr","locations":[{"start":{"line":72,"column":61},"end":{"line":72,"column":71}},{"start":{"line":72,"column":75},"end":{"line":72,"column":84}}]},"11":{"loc":{"start":{"line":72,"column":61},"end":{"line":72,"column":71}},"type":"cond-expr","locations":[{"start":{"line":72,"column":66},"end":{"line":72,"column":69}},{"start":{"line":72,"column":61},"end":{"line":72,"column":71}}]},"12":{"loc":{"start":{"line":72,"column":61},"end":{"line":72,"column":69}},"type":"binary-expr","locations":[{"start":{"line":72,"column":61},"end":{"line":72,"column":69}},{"start":{"line":72,"column":61},"end":{"line":72,"column":69}}]},"13":{"loc":{"start":{"line":74,"column":13},"end":{"line":82,"column":7}},"type":"if","locations":[{"start":{"line":74,"column":13},"end":{"line":82,"column":7}},{"start":{"line":76,"column":13},"end":{"line":82,"column":7}}]},"14":{"loc":{"start":{"line":76,"column":13},"end":{"line":82,"column":7}},"type":"if","locations":[{"start":{"line":76,"column":13},"end":{"line":82,"column":7}},{"start":{"line":78,"column":13},"end":{"line":82,"column":7}}]},"15":{"loc":{"start":{"line":76,"column":17},"end":{"line":76,"column":51}},"type":"binary-expr","locations":[{"start":{"line":76,"column":17},"end":{"line":76,"column":34}},{"start":{"line":76,"column":38},"end":{"line":76,"column":51}}]},"16":{"loc":{"start":{"line":77,"column":19},"end":{"line":77,"column":77}},"type":"cond-expr","locations":[{"start":{"line":77,"column":43},"end":{"line":77,"column":52}},{"start":{"line":77,"column":55},"end":{"line":77,"column":77}}]},"17":{"loc":{"start":{"line":78,"column":13},"end":{"line":82,"column":7}},"type":"if","locations":[{"start":{"line":78,"column":13},"end":{"line":82,"column":7}},{"start":{"line":80,"column":13},"end":{"line":82,"column":7}}]},"18":{"loc":{"start":{"line":88,"column":14},"end":{"line":88,"column":46}},"type":"binary-expr","locations":[{"start":{"line":88,"column":14},"end":{"line":88,"column":26}},{"start":{"line":88,"column":30},"end":{"line":88,"column":46}}]},"19":{"loc":{"start":{"line":94,"column":6},"end":{"line":94,"column":28}},"type":"if","locations":[{"start":{"line":94,"column":6},"end":{"line":94,"column":28}},{"start":{},"end":{}}]},"20":{"loc":{"start":{"line":95,"column":20},"end":{"line":97,"column":49}},"type":"cond-expr","locations":[{"start":{"line":96,"column":10},"end":{"line":96,"column":69}},{"start":{"line":97,"column":10},"end":{"line":97,"column":49}}]},"21":{"loc":{"start":{"line":96,"column":10},"end":{"line":96,"column":69}},"type":"binary-expr","locations":[{"start":{"line":96,"column":11},"end":{"line":96,"column":63}},{"start":{"line":96,"column":67},"end":{"line":96,"column":69}}]},"22":{"loc":{"start":{"line":96,"column":11},"end":{"line":96,"column":63}},"type":"cond-expr","locations":[{"start":{"line":96,"column":19},"end":{"line":96,"column":38}},{"start":{"line":96,"column":11},"end":{"line":96,"column":63}}]},"23":{"loc":{"start":{"line":96,"column":11},"end":{"line":96,"column":38}},"type":"binary-expr","locations":[{"start":{"line":96,"column":11},"end":{"line":96,"column":40}},{"start":{"line":96,"column":11},"end":{"line":96,"column":38}}]},"24":{"loc":{"start":{"line":97,"column":10},"end":{"line":97,"column":49}},"type":"binary-expr","locations":[{"start":{"line":97,"column":11},"end":{"line":97,"column":43}},{"start":{"line":97,"column":47},"end":{"line":97,"column":49}}]},"25":{"loc":{"start":{"line":97,"column":11},"end":{"line":97,"column":43}},"type":"cond-expr","locations":[{"start":{"line":97,"column":19},"end":{"line":97,"column":36}},{"start":{"line":97,"column":11},"end":{"line":97,"column":43}}]},"26":{"loc":{"start":{"line":97,"column":11},"end":{"line":97,"column":36}},"type":"binary-expr","locations":[{"start":{"line":97,"column":11},"end":{"line":97,"column":38}},{"start":{"line":97,"column":11},"end":{"line":97,"column":36}}]},"27":{"loc":{"start":{"line":104,"column":6},"end":{"line":240,"column":7}},"type":"switch","locations":[{"start":{"line":105,"column":8},"end":{"line":126,"column":12}},{"start":{"line":127,"column":8},"end":{"line":144,"column":12}},{"start":{"line":145,"column":8},"end":{"line":162,"column":12}},{"start":{"line":163,"column":8},"end":{"line":163,"column":22}},{"start":{"line":164,"column":8},"end":{"line":164,"column":30}},{"start":{"line":165,"column":8},"end":{"line":165,"column":28}},{"start":{"line":166,"column":8},"end":{"line":185,"column":12}},{"start":{"line":186,"column":8},"end":{"line":205,"column":12}},{"start":{"line":206,"column":8},"end":{"line":239,"column":12}}]},"28":{"loc":{"start":{"line":111,"column":23},"end":{"line":111,"column":34}},"type":"binary-expr","locations":[{"start":{"line":111,"column":23},"end":{"line":111,"column":28}},{"start":{"line":111,"column":32},"end":{"line":111,"column":34}}]},"29":{"loc":{"start":{"line":120,"column":15},"end":{"line":123,"column":null}},"type":"binary-expr","locations":[{"start":{"line":120,"column":15},"end":{"line":120,"column":20}},{"start":{"line":121,"column":16},"end":{"line":122,"column":null}}]},"30":{"loc":{"start":{"line":138,"column":15},"end":{"line":141,"column":null}},"type":"binary-expr","locations":[{"start":{"line":138,"column":15},"end":{"line":138,"column":20}},{"start":{"line":139,"column":16},"end":{"line":140,"column":null}}]},"31":{"loc":{"start":{"line":150,"column":31},"end":{"line":150,"column":42}},"type":"binary-expr","locations":[{"start":{"line":150,"column":31},"end":{"line":150,"column":36}},{"start":{"line":150,"column":40},"end":{"line":150,"column":42}}]},"32":{"loc":{"start":{"line":156,"column":15},"end":{"line":159,"column":null}},"type":"binary-expr","locations":[{"start":{"line":156,"column":15},"end":{"line":156,"column":20}},{"start":{"line":157,"column":16},"end":{"line":158,"column":null}}]},"33":{"loc":{"start":{"line":172,"column":23},"end":{"line":172,"column":92}},"type":"cond-expr","locations":[{"start":{"line":172,"column":34},"end":{"line":172,"column":39}},{"start":{"line":172,"column":42},"end":{"line":172,"column":92}}]},"34":{"loc":{"start":{"line":172,"column":42},"end":{"line":172,"column":92}},"type":"binary-expr","locations":[{"start":{"line":172,"column":42},"end":{"line":172,"column":84}},{"start":{"line":172,"column":88},"end":{"line":172,"column":92}}]},"35":{"loc":{"start":{"line":179,"column":15},"end":{"line":182,"column":null}},"type":"binary-expr","locations":[{"start":{"line":179,"column":15},"end":{"line":179,"column":20}},{"start":{"line":180,"column":16},"end":{"line":181,"column":null}}]},"36":{"loc":{"start":{"line":199,"column":15},"end":{"line":202,"column":null}},"type":"binary-expr","locations":[{"start":{"line":199,"column":15},"end":{"line":199,"column":20}},{"start":{"line":200,"column":16},"end":{"line":201,"column":null}}]},"37":{"loc":{"start":{"line":213,"column":24},"end":{"line":213,"column":75}},"type":"cond-expr","locations":[{"start":{"line":213,"column":62},"end":{"line":213,"column":68}},{"start":{"line":213,"column":71},"end":{"line":213,"column":75}}]},"38":{"loc":{"start":{"line":213,"column":24},"end":{"line":213,"column":59}},"type":"binary-expr","locations":[{"start":{"line":213,"column":24},"end":{"line":213,"column":43}},{"start":{"line":213,"column":47},"end":{"line":213,"column":59}}]},"39":{"loc":{"start":{"line":214,"column":25},"end":{"line":214,"column":81}},"type":"cond-expr","locations":[{"start":{"line":214,"column":62},"end":{"line":214,"column":67}},{"start":{"line":214,"column":70},"end":{"line":214,"column":81}}]},"40":{"loc":{"start":{"line":214,"column":25},"end":{"line":214,"column":59}},"type":"binary-expr","locations":[{"start":{"line":214,"column":25},"end":{"line":214,"column":42}},{"start":{"line":214,"column":46},"end":{"line":214,"column":59}}]},"41":{"loc":{"start":{"line":214,"column":70},"end":{"line":214,"column":81}},"type":"binary-expr","locations":[{"start":{"line":214,"column":70},"end":{"line":214,"column":75}},{"start":{"line":214,"column":79},"end":{"line":214,"column":81}}]},"42":{"loc":{"start":{"line":222,"column":17},"end":{"line":230,"column":null}},"type":"binary-expr","locations":[{"start":{"line":222,"column":17},"end":{"line":222,"column":36}},{"start":{"line":222,"column":40},"end":{"line":222,"column":54}},{"start":{"line":223,"column":18},"end":{"line":229,"column":null}}]},"43":{"loc":{"start":{"line":227,"column":32},"end":{"line":227,"column":80}},"type":"cond-expr","locations":[{"start":{"line":227,"column":47},"end":{"line":227,"col
[...]
line":207,"column":15},"end":{"line":209,"column":9}}]},"40":{"loc":{"start":{"line":212,"column":6},"end":{"line":228,"column":7}},"type":"if","locations":[{"start":{"line":212,"column":6},"end":{"line":228,"column":7}},{"start":{"line":220,"column":13},"end":{"line":228,"column":7}}]},"41":{"loc":{"start":{"line":231,"column":24},"end":{"line":231,"column":51}},"type":"binary-expr","locations":[{"start":{"line":231,"column":24},"end":{"line":231,"column":45}},{"start":{"line":231,"column":49},"end":{"line":231,"column":51}}]},"42":{"loc":{"start":{"line":231,"column":24},"end":{"line":231,"column":45}},"type":"cond-expr","locations":[{"start":{"line":231,"column":39},"end":{"line":231,"column":41}},{"start":{"line":231,"column":39},"end":{"line":231,"column":45}}]},"43":{"loc":{"start":{"line":231,"column":24},"end":{"line":231,"column":41}},"type":"binary-expr","locations":[{"start":{"line":231,"column":24},"end":{"line":231,"column":41}},{"start":{"line":231,"column":39},"end":{"line":231,"column":41}}]},"44":{"loc":{"start":{"line":231,"column":24},"end":{"line":231,"column":39}},"type":"cond-expr","locations":[{"start":{"line":231,"column":29},"end":{"line":231,"column":31}},{"start":{"line":231,"column":24},"end":{"line":231,"column":39}}]},"45":{"loc":{"start":{"line":231,"column":24},"end":{"line":231,"column":31}},"type":"binary-expr","locations":[{"start":{"line":231,"column":24},"end":{"line":231,"column":31}},{"start":{"line":231,"column":24},"end":{"line":231,"column":31}}]},"46":{"loc":{"start":{"line":232,"column":6},"end":{"line":238,"column":7}},"type":"if","locations":[{"start":{"line":232,"column":6},"end":{"line":238,"column":7}},{"start":{"line":236,"column":13},"end":{"line":238,"column":7}}]},"47":{"loc":{"start":{"line":232,"column":10},"end":{"line":232,"column":61}},"type":"binary-expr","locations":[{"start":{"line":232,"column":10},"end":{"line":232,"column":26}},{"start":{"line":232,"column":30},"end":{"line":232,"column":61}}]},"48":{"loc":{"start":{"line":237,"column":20},"end":{"line":237,"column":63}},"type":"binary-expr","locations":[{"start":{"line":237,"column":20},"end":{"line":237,"column":37}},{"start":{"line":237,"column":41},"end":{"line":237,"column":63}}]},"49":{"loc":{"start":{"line":249,"column":14},"end":{"line":249,"column":33}},"type":"cond-expr","locations":[{"start":{"line":249,"column":19},"end":{"line":249,"column":25}},{"start":{"line":249,"column":28},"end":{"line":249,"column":33}}]},"50":{"loc":{"start":{"line":254,"column":17},"end":{"line":254,"column":39}},"type":"cond-expr","locations":[{"start":{"line":254,"column":22},"end":{"line":254,"column":30}},{"start":{"line":254,"column":33},"end":{"line":254,"column":39}}]},"51":{"loc":{"start":{"line":264,"column":24},"end":{"line":264,"column":60}},"type":"cond-expr","locations":[{"start":{"line":264,"column":54},"end":{"line":264,"column":58}},{"start":{"line":264,"column":58},"end":{"line":264,"column":60}}]},"52":{"loc":{"start":{"line":264,"column":24},"end":{"line":264,"column":58}},"type":"binary-expr","locations":[{"start":{"line":264,"column":24},"end":{"line":264,"column":58}},{"start":{"line":264,"column":54},"end":{"line":264,"column":58}}]},"53":{"loc":{"start":{"line":264,"column":24},"end":{"line":264,"column":54}},"type":"cond-expr","locations":[{"start":{"line":264,"column":42},"end":{"line":264,"column":44}},{"start":{"line":264,"column":24},"end":{"line":264,"column":54}}]},"54":{"loc":{"start":{"line":264,"column":24},"end":{"line":264,"column":44}},"type":"binary-expr","locations":[{"start":{"line":264,"column":24},"end":{"line":264,"column":44}},{"start":{"line":264,"column":24},"end":{"line":264,"column":44}}]},"55":{"loc":{"start":{"line":265,"column":19},"end":{"line":265,"column":50}},"type":"cond-expr","locations":[{"start":{"line":265,"column":44},"end":{"line":265,"column":48}},{"start":{"line":265,"column":48},"end":{"line":265,"column":50}}]},"56":{"loc":{"start":{"line":265,"column":19},"end":{"line":265,"column":48}},"type":"binary-expr","locations":[{"start":{"line":265,"column":19},"end":{"line":265,"column":48}},{"start":{"line":265,"column":44},"end":{"line":265,"column":48}}]},"57":{"loc":{"start":{"line":265,"column":19},"end":{"line":265,"column":44}},"type":"cond-expr","locations":[{"start":{"line":265,"column":37},"end":{"line":265,"column":39}},{"start":{"line":265,"column":19},"end":{"line":265,"column":44}}]},"58":{"loc":{"start":{"line":265,"column":19},"end":{"line":265,"column":39}},"type":"binary-expr","locations":[{"start":{"line":265,"column":19},"end":{"line":265,"column":39}},{"start":{"line":265,"column":19},"end":{"line":265,"column":39}}]},"59":{"loc":{"start":{"line":266,"column":27},"end":{"line":266,"column":66}},"type":"cond-expr","locations":[{"start":{"line":266,"column":60},"end":{"line":266,"column":64}},{"start":{"line":266,"column":64},"end":{"line":266,"column":66}}]},"60":{"loc":{"start":{"line":266,"column":27},"end":{"line":266,"column":64}},"type":"binary-expr","locations":[{"start":{"line":266,"column":27},"end":{"line":266,"column":64}},{"start":{"line":266,"column":60},"end":{"line":266,"column":64}}]},"61":{"loc":{"start":{"line":266,"column":27},"end":{"line":266,"column":60}},"type":"cond-expr","locations":[{"start":{"line":266,"column":45},"end":{"line":266,"column":47}},{"start":{"line":266,"column":27},"end":{"line":266,"column":60}}]},"62":{"loc":{"start":{"line":266,"column":27},"end":{"line":266,"column":47}},"type":"binary-expr","locations":[{"start":{"line":266,"column":27},"end":{"line":266,"column":47}},{"start":{"line":266,"column":27},"end":{"line":266,"column":47}}]},"63":{"loc":{"start":{"line":267,"column":33},"end":{"line":267,"column":78}},"type":"cond-expr","locations":[{"start":{"line":267,"column":72},"end":{"line":267,"column":76}},{"start":{"line":267,"column":76},"end":{"line":267,"column":78}}]},"64":{"loc":{"start":{"line":267,"column":33},"end":{"line":267,"column":76}},"type":"binary-expr","locations":[{"start":{"line":267,"column":33},"end":{"line":267,"column":76}},{"start":{"line":267,"column":72},"end":{"line":267,"column":76}}]},"65":{"loc":{"start":{"line":267,"column":33},"end":{"line":267,"column":72}},"type":"cond-expr","locations":[{"start":{"line":267,"column":51},"end":{"line":267,"column":53}},{"start":{"line":267,"column":33},"end":{"line":267,"column":72}}]},"66":{"loc":{"start":{"line":267,"column":33},"end":{"line":267,"column":53}},"type":"binary-expr","locations":[{"start":{"line":267,"column":33},"end":{"line":267,"column":53}},{"start":{"line":267,"column":33},"end":{"line":267,"column":53}}]}},"s":{"0":1,"1":1,"2":1,"3":1,"4":1,"5":1,"6":1,"7":1,"8":1,"9":1,"10":1,"11":30,"12":30,"13":30,"14":30,"15":30,"16":30,"17":30,"18":30,"19":30,"20":3,"21":0,"22":0,"23":0,"24":0,"25":0,"26":0,"27":0,"28":0,"29":0,"30":30,"31":570,"32":19,"33":19,"34":190,"35":19,"36":0,"37":19,"38":19,"39":19,"40":19,"41":0,"42":0,"43":0,"44":19,"45":19,"46":2,"47":19,"48":1,"49":19,"50":4,"51":19,"52":4,"53":19,"54":19,"55":0,"56":19,"57":19,"58":30,"59":2,"60":2,"61":2,"62":2,"63":1,"64":26,"65":26,"66":1,"67":1,"68":1,"69":1,"70":1,"71":20,"72":4,"73":16,"74":1,"75":0,"76":0,"77":1,"78":1,"79":1,"80":0,"81":0,"82":0,"83":0,"84":0,"85":30,"86":0,"87":30,"88":1},"f":{"0":30,"1":3,"2":0,"3":0,"4":570,"5":19,"6":190,"7":2,"8":2,"9":26,"10":20,"11":0,"12":0},"b":{"0":[0,3],"1":[3,0],"2":[0,0],"3":[0,0],"4":[0,0],"5":[0,0],"6":[0,0],"7":[0,0],"8":[0,0],"9":[0,0],"10":[0,0],"11":[0,0],"12":[0,0],"13":[0,0],"14":[0,0],"15":[0,0],"16":[0,0],"17":[0,0],"18":[0,0],"19":[0,0],"20":[0,0],"21":[0,0],"22":[0,19],"23":[19,0],"24":[0,19],"25":[19,0],"26":[2,17],"27":[1,18],"28":[4,15],"29":[19,4],"30":[4,15],"31":[19,4],"32":[4,0],"33":[0,19],"34":[1,1],"35":[1,1],"36":[1,1],"37":[1,1],"38":[1,1],"39":[4,16],"40":[0,1],"41":[0,0],"42":[0,0],"43":[0,0],"44":[0,0],"45":[0,0],"46":[0,0],"47":[0,0],"48":[0,0],"49":[0,30],"50":[0,30],"51":[0,30],"52":[30,30],"53":[30,0],"54":[30,0],"55":[0,30],"56":[30,30],"57":[30,0],"58":[30,0],"59":[0,30],"60":[30,30],"61":[30,0],"62":[30,0],"63":[0,30],"64":[30,30],"65":[30,0],"66":[30,0]}}
,"D:\\new-bookadzone\\bookadzone-admin\\src\\components\\utils\\validationHelper.ts": {"path":"D:\\new-bookadzone\\bookadzone-admin\\src\\components\\utils\\validationHelper.ts","statementMap":{"0":{"start":{"line":9,"column":4},"end":{"line":9,"column":29}},"1":{"start":{"line":9,"column":16},"end":{"line":9,"column":29}},"2":{"start":{"line":10,"column":4},"end":{"line":10,"column":58}},"3":{"start":{"line":14,"column":4},"end":{"line":14,"column":28}},"4":{"start":{"line":14,"column":16},"end":{"line":14,"column":28}},"5":{"start":{"line":15,"column":25},"end":{"line":15,"column":67}},"6":{"start":{"line":15,"column":55},"end":{"line":15,"column":66}},"7":{"start":{"line":16,"column":4},"end":{"line":27,"column":5}},"8":{"start":{"line":17,"column":23},"end":{"line":17,"column":33}},"9":{"start":{"line":18,"column":23},"end":{"line":18,"column":33}},"10":{"start":{"line":19,"column":6},"end":{"line":21,"column":7}},"11":{"start":{"line":19,"column":36},"end":{"line":19,"column":120}},"12":{"start":{"line":20,"column":8},"end":{"line":20,"column":20}},"13":{"start":{"line":22,"column":6},"end":{"line":24,"column":7}},"14":{"start":{"line":22,"column":36},"end":{"line":22,"column":83}},"15":{"start":{"line":23,"column":8},"end":{"line":23,"column":20}},"16":{"start":{"line":25,"column":23},"end":{"line":25,"column":57}},"17":{"start":{"line":26,"column":6},"end":{"line":26,"column":74}},"18":{"start":{"line":28,"column":4},"end":{"line":28,"column":16}},"19":{"start":{"line":31,"column":4},"end":{"line":34,"column":5}},"20":{"start":{"line":32,"column":23},"end":{"line":32,"column":57}},"21":{"start":{"line":33,"column":6},"end":{"line":33,"column":59}},"22":{"start":{"line":35,"column":4},"end":{"line":35,"column":16}},"23":{"start":{"line":39,"column":4},"end":{"line":42,"column":5}},"24":{"start":{"line":40,"column":23},"end":{"line":40,"column":57}},"25":{"start":{"line":41,"column":6},"end":{"line":41,"column":87}},"26":{"start":{"line":43,"column":4},"end":{"line":43,"column":16}},"27":{"start":{"line":47,"column":4},"end":{"line":50,"column":5}},"28":{"start":{"line":48,"column":23},"end":{"line":48,"column":57}},"29":{"start":{"line":49,"column":6},"end":{"line":49,"column":81}},"30":{"start":{"line":51,"column":4},"end":{"line":51,"column":16}},"31":{"start":{"line":55,"column":23},"end":{"line":55,"column":51}},"32":{"start":{"line":56,"column":4},"end":{"line":59,"column":5}},"33":{"start":{"line":57,"column":23},"end":{"line":57,"column":57}},"34":{"start":{"line":58,"column":6},"end":{"line":58,"column":77}},"35":{"start":{"line":60,"column":4},"end":{"line":60,"column":16}},"36":{"start":{"line":64,"column":26},"end":{"line":64,"column":88}},"37":{"start":{"line":65,"column":4},"end":{"line":71,"column":5}},"38":{"start":{"line":66,"column":23},"end":{"line":66,"column":57}},"39":{"start":{"line":67,"column":6},"end":{"line":70,"column":8}},"40":{"start":{"line":72,"column":4},"end":{"line":72,"column":16}},"41":{"start":{"line":76,"column":4},"end":{"line":79,"column":5}},"42":{"start":{"line":77,"column":23},"end":{"line":77,"column":57}},"43":{"start":{"line":78,"column":6},"end":{"line":78,"column":91}},"44":{"start":{"line":80,"column":4},"end":{"line":80,"column":16}},"45":{"start":{"line":84,"column":4},"end":{"line":87,"column":5}},"46":{"start":{"line":85,"column":23},"end":{"line":85,"column":57}},"47":{"start":{"line":86,"column":6},"end":{"line":86,"column":70}},"48":{"start":{"line":88,"column":4},"end":{"line":88,"column":16}},"49":{"start":{"line":92,"column":4},"end":{"line":92,"column":77}},"50":{"start":{"line":92,"column":61},"end":{"line":92,"column":75}},"51":{"start":{"line":7,"column":0},"end":{"line":7,"column":13}},"52":{"start":{"line":96,"column":0},"end":{"line":96,"column":32}}},"fnMap":{"0":{"name":"(anonymous_0)","decl":{"start":{"line":8,"column":2},"end":{"line":8,"column":8}},"loc":{"start":{"line":8,"column":33},"end":{"line":11,"column":3}}},"1":{"name":"(anonymous_1)","decl":{"start":{"line":13,"column":2},"end":{"line":13,"column":8}},"loc":{"start":{"line":13,"column":66},"end":{"line":29,"column":3}}},"2":{"name":"(anonymous_2)","decl":{"start":{"line":15,"column":47},"end":{"line":15,"column":51}},"loc":{"start":{"line":15,"column":55},"end":{"line":15,"column":66}}},"3":{"name":"(anonymous_3)","decl":{"start":{"line":19,"column":28},"end":{"line":19,"column":32}},"loc":{"start":{"line":19,"column":36},"end":{"line":19,"column":120}}},"4":{"name":"(anonymous_4)","decl":{"start":{"line":22,"column":28},"end":{"line":22,"column":32}},"loc":{"start":{"line":22,"column":36},"end":{"line":22,"column":83}}},"5":{"name":"(anonymous_5)","decl":{"start":{"line":30,"column":2},"end":{"line":30,"column":8}},"loc":{"start":{"line":30,"column":45},"end":{"line":36,"column":3}}},"6":{"name":"(anonymous_6)","decl":{"start":{"line":38,"column":2},"end":{"line":38,"column":8}},"loc":{"start":{"line":38,"column":60},"end":{"line":44,"column":3}}},"7":{"name":"(anonymous_7)","decl":{"start":{"line":46,"column":2},"end":{"line":46,"column":8}},"loc":{"start":{"line":46,"column":60},"end":{"line":52,"column":3}}},"8":{"name":"(anonymous_8)","decl":{"start":{"line":54,"column":2},"end":{"line":54,"column":8}},"loc":{"start":{"line":54,"column":47},"end":{"line":61,"column":3}}},"9":{"name":"(anonymous_9)","decl":{"start":{"line":63,"column":2},"end":{"line":63,"column":8}},"loc":{"start":{"line":63,"column":50},"end":{"line":73,"column":3}}},"10":{"name":"(anonymous_10)","decl":{"start":{"line":75,"column":2},"end":{"line":75,"column":8}},"loc":{"start":{"line":75,"column":71},"end":{"line":81,"column":3}}},"11":{"name":"(anonymous_11)","decl":{"start":{"line":83,"column":2},"end":{"line":83,"column":8}},"loc":{"start":{"line":83,"column":56},"end":{"line":89,"column":3}}},"12":{"name":"(anonymous_12)","decl":{"start":{"line":91,"column":2},"end":{"line":91,"column":8}},"loc":{"start":{"line":91,"column":51},"end":{"line":93,"column":3}}},"13":{"name":"(anonymous_13)","decl":{"start":{"line":92,"column":24},"end":{"line":92,"column":25}},"loc":{"start":{"line":92,"column":61},"end":{"line":92,"column":75}}}},"branchMap":{"0":{"loc":{"start":{"line":9,"column":4},"end":{"line":9,"column":29}},"type":"if","locations":[{"start":{"line":9,"column":4},"end":{"line":9,"column":29}},{"start":{},"end":{}}]},"1":{"loc":{"start":{"line":14,"column":4},"end":{"line":14,"column":28}},"type":"if","locations":[{"start":{"line":14,"column":4},"end":{"line":14,"column":28}},{"start":{},"end":{}}]},"2":{"loc":{"start":{"line":16,"column":4},"end":{"line":27,"column":5}},"type":"if","locations":[{"start":{"line":16,"column":4},"end":{"line":27,"column":5}},{"start":{},"end":{}}]},"3":{"loc":{"start":{"line":19,"column":6},"end":{"line":21,"column":7}},"type":"if","locations":[{"start":{"line":19,"column":6},"end":{"line":21,"column":7}},{"start":{},"end":{}}]},"4":{"loc":{"start":{"line":19,"column":36},"end":{"line":19,"column":120}},"type":"binary-expr","locations":[{"start":{"line":19,"column":36},"end":{"line":19,"column":53}},{"start":{"line":19,"column":58},"end":{"line":19,"column":77}},{"start":{"line":19,"column":81},"end":{"line":19,"column":119}}]},"5":{"loc":{"start":{"line":22,"column":6},"end":{"line":24,"column":7}},"type":"if","locations":[{"start":{"line":22,"column":6},"end":{"line":24,"column":7}},{"start":{},"end":{}}]},"6":{"loc":{"start":{"line":22,"column":36},"end":{"line":22,"column":83}},"type":"binary-expr","locations":[{"start":{"line":22,"column":36},"end":{"line":22,"column":56}},{"start":{"line":22,"column":60},"end":{"line":22,"column":83}}]},"7":{"loc":{"start":{"line":31,"column":4},"end":{"line":34,"column":5}},"type":"if","locations":[{"start":{"line":31,"column":4},"end":{"line":34,"column":5}},{"start":{},"end":{}}]},"8":{"loc":{"start":{"line":31,"column":8},"end":{"line":31,"column":99}},"type":"binary-expr","locations":[{"start":{"line":31,"column":8},"end":{"line":31,"column":22}},{"start":{"line":31,"column":26},"end":{"line":31,"column":45}},{"start":{"line":31,"column":50},"end":{"line":31,"column":75}},{"start":{"line":31,"column":79},"end":{"line":31,"column":98}}]},"9":{"loc":{"start":{"line":39,"column":4},"end":{"line":42,"column":5}},"type":"if","locations":[{"start":{"line":39,"column":4},"end":{"line":42,"column":5}},{"start":{},"end":{}}]},"10":{"loc":{"start":{"line":39,"column":8},"end":{"line":39,"column":62}},"type":"binary-expr","locations":[{"start":{"line":39,"column":8},"end":{"line":39,"column":33}},{"start":{"line":39,"column":37},"end":{"line":39,"column":62}}]},"11":{"loc":{"start":{"line":47,"column":4},"end":{"line":50,"column":5}},"type":"if","locations":[{"start":{"line":47,"column":4},"end":{"line":50,"column":5}},{"start":{},"end":{}}]},"12":{"loc":{"start":{"line":47,"column":8},"end":{"line":47,"column":62}},"type":"binary-expr","locations":[{"start":{"line":47,"column":8},"end":{"line":47,"column":33}},{"start":{"line":47,"column":37},"end":{"line":47,"column":62}}]},"13":{"loc":{"start":{"line":56,"column":4},"end":{"line":59,"column":5}},"type":"if","locations":[{"start":{"line":56,"column":4},"end":{"line":59,"column":5}},{"start":{},"end":{}}]},"14":{"loc":{"start":{"line":56,"column":8},"end":{"line":56,"column":60}},"type":"binary-expr","locations":[{"start":{"line":56,"column":8},"end":{"line":56,"column":33}},{"start":{"line":56,"column":37},"end":{"line":56,"column":60}}]},"15":{"loc":{"start":{"line":65,"column":4},"end":{"line":71,"column":5}},"type":"if","locations":[{"start":{"line":65,"column":4},"end":{"line":71,"column":5}},{"start":{},"end":{}}]},"16":{"loc":{"start":{"line":65,"column":8},"end":{"line":65,"column":63}},"type":"binary-expr","locations":[{"start":{"line":65,"column":8},"end":{"line":65,"column":33}},{"start":{"line":65,"column":37},"end":{"line":65,"column":63}}]},"17":{"loc":{"start":{"line":76,"column":4},"end":{"line":79,"column":5}},"type":"if","locations":[{"start":{"line":76,"column":4},"end":{"line":79,"column":5}},{"start":{},"end":{}}]},"18":{"loc":{"start":{"line":76,"column":8},"end":{"line":76,"column":61}},"type":"binary-expr","locations":[{"start":{"line":76,"column":8},"end":{"line":76,"column":27}},{"start":{"line":76,"column":31},"end":{"line":76,"column":61}}]},"19":{"loc":{"start":{"line":84,"column":4},"end":{"line":87,"column":5}},"type":"if","locations":[{"start":{"line":84,"column":4},"end":{"line":87,"column":5}},{"start":{},"end":{}}]},"20":{"loc":{"start":{"line":84,"column":8},"end":{"line":84,"column":64}},"type":"binary-expr","locations":[{"start":{"line":84,"column":8},"end":{"line":84,"column":33}},{"start":{"line":84,"column":37},"end":{"line":84,"column":49}},{"start":{"line":84,"column":53},"end":{"line":84,"column":64}}]}},"s":{"0":26,"1":0,"2":26,"3":8,"4":0,"5":8,"6":20,"7":8,"8":8,"9":8,"10":8,"11":8,"12":8,"13":0,"14":0,"15":0,"16":0,"17":0,"18":0,"19":57,"20":19,"21":19,"22":38,"23":12,"24":4,"25":4,"26":8,"27":0,"28":0,"29":0,"30":0,"31":6,"32":6,"33":2,"34":2,"35":4,"36":3,"37":3,"38":1,"39":1,"40":2,"41":0,"42":0,"43":0,"44":0,"45":0,"46":0,"47":0,"48":0,"49":21,"50":71,"51":1,"52":1},"f":{"0":26,"1":8,"2":20,"3":8,"4":0,"5":57,"6":12,"7":0,"8":6,"9":3,"10":0,"11":0,"12":21,"13":71},"b":{"0":[0,26],"1":[0,8],"2":[8,0],"3":[8,0],"4":[8,8,8],"5":[0,0],"6":[0,0],"7":[19,38],"8":[57,57,53,45],"9":[4,8],"10":[12,12],"11":[0,0],"12":[0,0],"13":[2,4],"14":[6,6],"15":[1,2],"16":[3,3],"17":[0,0],"18":[0,0],"19":[0,0],"20":[0,0,0]}}
,"D:\\new-bookadzone\\bookadzone-admin\\src\\components\\utils\\fields\\agencyFields.tsx": {"path":"D:\\new-bookadzone\\bookadzone-admin\\src\\components\\utils\\fields\\agencyFields.tsx","statementMap":{"0":{"start":{"line":3,"column":13},"end":{"line":24,"column":2}}},"fnMap":{},"branchMap":{},"s":{"0":1},"f":{},"b":{}}
}
