{"D:\\new-bookadzone\\bookadzone-admin\\src\\components\\atoms\\BAZ-Button.tsx": {"path":"D:\\new-bookadzone\\bookadzone-admin\\src\\components\\atoms\\BAZ-Button.tsx","statementMap":{"0":{"start":{"line":12,"column":35},"end":{"line":20,"column":2}},"1":{"start":{"line":12,"column":79},"end":{"line":12,"column":84}},"2":{"start":{"line":12,"column":88},"end":{"line":12,"column":92}},"3":{"start":{"line":12,"column":95},"end":{"line":20,"column":2}},"4":{"start":{"line":22,"column":0},"end":{"line":22,"column":25}}},"fnMap":{"0":{"name":"(anonymous_1)","decl":{"start":{"line":12,"column":35},"end":{"line":12,"column":36}},"loc":{"start":{"line":12,"column":94},"end":{"line":20,"column":2}}}},"branchMap":{"0":{"loc":{"start":{"line":12,"column":38},"end":{"line":12,"column":53}},"type":"default-arg","locations":[{"start":{"line":12,"column":45},"end":{"line":12,"column":53}}]},"1":{"loc":{"start":{"line":12,"column":55},"end":{"line":12,"column":69}},"type":"default-arg","locations":[{"start":{"line":12,"column":67},"end":{"line":12,"column":69}}]}},"s":{"0":12,"1":208,"2":208,"3":208,"4":12},"f":{"0":208},"b":{"0":[13],"1":[4]}}
,"D:\\new-bookadzone\\bookadzone-admin\\src\\components\\atoms\\BAZ-Checkbox.tsx": {"path":"D:\\new-bookadzone\\bookadzone-admin\\src\\components\\atoms\\BAZ-Checkbox.tsx","statementMap":{"0":{"start":{"line":2,"column":0},"end":{"line":2,"column":47}},"1":{"start":{"line":3,"column":0},"end":{"line":3,"column":39}},"2":{"start":{"line":16,"column":45},"end":{"line":44,"column":null}},"3":{"start":{"line":17,"column":2},"end":{"line":43,"column":null}},"4":{"start":{"line":47,"column":0},"end":{"line":47,"column":27}}},"fnMap":{"0":{"name":"(anonymous_0)","decl":{"start":{"line":16,"column":45},"end":{"line":16,"column":46}},"loc":{"start":{"line":17,"column":2},"end":{"line":43,"column":null}}}},"branchMap":{"0":{"loc":{"start":{"line":33,"column":7},"end":{"line":36,"column":null}},"type":"binary-expr","locations":[{"start":{"line":33,"column":7},"end":{"line":33,"column":12}},{"start":{"line":34,"column":8},"end":{"line":35,"column":null}}]},"1":{"loc":{"start":{"line":39,"column":5},"end":{"line":42,"column":null}},"type":"binary-expr","locations":[{"start":{"line":39,"column":5},"end":{"line":39,"column":10}},{"start":{"line":40,"column":6},"end":{"line":41,"column":null}}]}},"s":{"0":9,"1":9,"2":9,"3":13,"4":9},"f":{"0":13},"b":{"0":[13,1],"1":[13,1]}}
,"D:\\new-bookadzone\\bookadzone-admin\\src\\components\\atoms\\BAZ-DefaultAvatar.tsx": {"path":"D:\\new-bookadzone\\bookadzone-admin\\src\\components\\atoms\\BAZ-DefaultAvatar.tsx","statementMap":{"0":{"start":{"line":8,"column":46},"end":{"line":13,"column":null}},"1":{"start":{"line":9,"column":2},"end":{"line":12,"column":null}},"2":{"start":{"line":16,"column":0},"end":{"line":16,"column":31}}},"fnMap":{"0":{"name":"(anonymous_0)","decl":{"start":{"line":8,"column":46},"end":{"line":8,"column":47}},"loc":{"start":{"line":9,"column":2},"end":{"line":12,"column":null}}}},"branchMap":{"0":{"loc":{"start":{"line":8,"column":59},"end":{"line":8,"column":73}},"type":"default-arg","locations":[{"start":{"line":8,"column":71},"end":{"line":8,"column":73}}]}},"s":{"0":3,"1":6,"2":3},"f":{"0":6},"b":{"0":[6]}}
,"D:\\new-bookadzone\\bookadzone-admin\\src\\components\\atoms\\BAZ-FileInput.tsx": {"path":"D:\\new-bookadzone\\bookadzone-admin\\src\\components\\atoms\\BAZ-FileInput.tsx","statementMap":{"0":{"start":{"line":1,"column":0},"end":{"line":1,"column":59}},"1":{"start":{"line":2,"column":0},"end":{"line":2,"column":67}},"2":{"start":{"line":3,"column":0},"end":{"line":3,"column":39}},"3":{"start":{"line":4,"column":0},"end":{"line":4,"column":34}},"4":{"start":{"line":18,"column":47},"end":{"line":300,"column":1}},"5":{"start":{"line":29,"column":34},"end":{"line":29,"column":141}},"6":{"start":{"line":30,"column":42},"end":{"line":30,"column":64}},"7":{"start":{"line":31,"column":24},"end":{"line":31,"column":44}},"8":{"start":{"line":34,"column":2},"end":{"line":36,"column":3}},"9":{"start":{"line":35,"column":4},"end":{"line":35,"column":31}},"10":{"start":{"line":39,"column":2},"end":{"line":104,"column":43}},"11":{"start":{"line":41,"column":4},"end":{"line":43,"column":5}},"12":{"start":{"line":42,"column":6},"end":{"line":42,"column":57}},"13":{"start":{"line":44,"column":4},"end":{"line":44,"column":31}},"14":{"start":{"line":46,"column":119},"end":{"line":46,"column":121}},"15":{"start":{"line":49,"column":4},"end":{"line":84,"column":5}},"16":{"start":{"line":50,"column":28},"end":{"line":50,"column":90}},"17":{"start":{"line":51,"column":6},"end":{"line":83,"column":9}},"18":{"start":{"line":52,"column":8},"end":{"line":82,"column":9}},"19":{"start":{"line":53,"column":22},"end":{"line":53,"column":99}},"20":{"start":{"line":54,"column":26},"end":{"line":54,"column":67}},"21":{"start":{"line":55,"column":27},"end":{"line":55,"column":58}},"22":{"start":{"line":56,"column":10},"end":{"line":62,"column":13}},"23":{"start":{"line":63,"column":15},"end":{"line":82,"column":9}},"24":{"start":{"line":71,"column":25},"end":{"line":71,"column":61}},"25":{"start":{"line":72,"column":22},"end":{"line":72,"column":117}},"26":{"start":{"line":73,"column":26},"end":{"line":73,"column":73}},"27":{"start":{"line":74,"column":27},"end":{"line":74,"column":64}},"28":{"start":{"line":75,"column":10},"end":{"line":81,"column":13}},"29":{"start":{"line":87,"column":4},"end":{"line":101,"column":5}},"30":{"start":{"line":88,"column":25},"end":{"line":88,"column":63}},"31":{"start":{"line":89,"column":6},"end":{"line":100,"column":9}},"32":{"start":{"line":90,"column":8},"end":{"line":99,"column":9}},"33":{"start":{"line":91,"column":28},"end":{"line":91,"column":53}},"34":{"start":{"line":92,"column":10},"end":{"line":92,"column":48}},"35":{"start":{"line":93,"column":10},"end":{"line":98,"column":13}},"36":{"start":{"line":103,"column":4},"end":{"line":103,"column":29}},"37":{"start":{"line":106,"column":2},"end":{"line":112,"column":9}},"38":{"start":{"line":107,"column":4},"end":{"line":111,"column":6}},"39":{"start":{"line":108,"column":6},"end":{"line":110,"column":7}},"40":{"start":{"line":109,"column":8},"end":{"line":109,"column":59}},"41":{"start":{"line":114,"column":23},"end":{"line":168,"column":3}},"42":{"start":{"line":115,"column":4},"end":{"line":115,"column":26}},"43":{"start":{"line":115,"column":19},"end":{"line":115,"column":26}},"44":{"start":{"line":117,"column":18},"end":{"line":117,"column":32}},"45":{"start":{"line":118,"column":4},"end":{"line":167,"column":5}},"46":{"start":{"line":119,"column":23},"end":{"line":119,"column":40}},"47":{"start":{"line":121,"column":27},"end":{"line":121,"column":77}},"48":{"start":{"line":121,"column":65},"end":{"line":121,"column":76}},"49":{"start":{"line":122,"column":26},"end":{"line":131,"column":8}},"50":{"start":{"line":124,"column":8},"end":{"line":126,"column":9}},"51":{"start":{"line":124,"column":38},"end":{"line":124,"column":124}},"52":{"start":{"line":125,"column":10},"end":{"line":125,"column":23}},"53":{"start":{"line":127,"column":8},"end":{"line":129,"column":9}},"54":{"start":{"line":127,"column":38},"end":{"line":127,"column":86}},"55":{"start":{"line":128,"column":10},"end":{"line":128,"column":23}},"56":{"start":{"line":130,"column":8},"end":{"line":130,"column":20}},"57":{"start":{"line":132,"column":6},"end":{"line":146,"column":7}},"58":{"start":{"line":134,"column":8},"end":{"line":134,"column":28}},"59":{"start":{"line":136,"column":28},"end":{"line":141,"column":null}},"60":{"start":{"line":144,"column":8},"end":{"line":144,"column":30}},"61":{"start":{"line":145,"column":8},"end":{"line":145,"column":15}},"62":{"start":{"line":148,"column":26},"end":{"line":155,"column":15}},"63":{"start":{"line":156,"column":6},"end":{"line":156,"column":28}},"64":{"start":{"line":158,"column":26},"end":{"line":163,"column":null}},"65":{"start":{"line":166,"column":6},"end":{"line":166,"column":28}},"66":{"start":{"line":170,"column":27},"end":{"line":218,"column":3}},"67":{"start":{"line":171,"column":25},"end":{"line":171,"column":40}},"68":{"start":{"line":173,"column":4},"end":{"line":217,"column":5}},"69":{"start":{"line":175,"column":30},"end":{"line":175,"column":74}},"70":{"start":{"line":176,"column":6},"end":{"line":176,"column":39}},"71":{"start":{"line":179,"column":6},"end":{"line":188,"column":7}},"72":{"start":{"line":180,"column":28},"end":{"line":186,"column":17}},"73":{"start":{"line":187,"column":8},"end":{"line":187,"column":30}},"74":{"start":{"line":191,"column":6},"end":{"line":194,"column":7}},"75":{"start":{"line":192,"column":8},"end":{"line":192,"column":46}},"76":{"start":{"line":193,"column":8},"end":{"line":193,"column":94}},"77":{"start":{"line":193,"column":68},"end":{"line":193,"column":92}},"78":{"start":{"line":197,"column":6},"end":{"line":216,"column":7}},"79":{"start":{"line":199,"column":8},"end":{"line":204,"column":9}},"80":{"start":{"line":200,"column":31},"end":{"line":200,"column":89}},"81":{"start":{"line":200,"column":68},"end":{"line":200,"column":81}},"82":{"start":{"line":201,"column":10},"end":{"line":201,"column":64}},"83":{"start":{"line":201,"column":44},"end":{"line":201,"column":62}},"84":{"start":{"line":203,"column":10},"end":{"line":203,"column":26}},"85":{"start":{"line":206,"column":8},"end":{"line":215,"column":9}},"86":{"start":{"line":207,"column":30},"end":{"line":213,"column":19}},"87":{"start":{"line":214,"column":10},"end":{"line":214,"column":32}},"88":{"start":{"line":220,"column":2},"end":{"line":299,"column":4}},"89":{"start":{"line":252,"column":12},"end":{"line":252,"column":49}},"90":{"start":{"line":275,"column":35},"end":{"line":275,"column":58}},"91":{"start":{"line":302,"column":0},"end":{"line":302,"column":28}}},"fnMap":{"0":{"name":"(anonymous_1)","decl":{"start":{"line":18,"column":47},"end":{"line":18,"column":48}},"loc":{"start":{"line":28,"column":5},"end":{"line":300,"column":1}}},"1":{"name":"(anonymous_2)","decl":{"start":{"line":39,"column":12},"end":{"line":39,"column":15}},"loc":{"start":{"line":39,"column":17},"end":{"line":104,"column":3}}},"2":{"name":"(anonymous_3)","decl":{"start":{"line":51,"column":28},"end":{"line":51,"column":32}},"loc":{"start":{"line":51,"column":35},"end":{"line":83,"column":7}}},"3":{"name":"(anonymous_4)","decl":{"start":{"line":89,"column":25},"end":{"line":89,"column":29}},"loc":{"start":{"line":89,"column":32},"end":{"line":100,"column":7}}},"4":{"name":"(anonymous_5)","decl":{"start":{"line":106,"column":12},"end":{"line":106,"column":15}},"loc":{"start":{"line":106,"column":17},"end":{"line":112,"column":3}}},"5":{"name":"(anonymous_6)","decl":{"start":{"line":107,"column":11},"end":{"line":107,"column":14}},"loc":{"start":{"line":107,"column":16},"end":{"line":111,"column":5}}},"6":{"name":"(anonymous_7)","decl":{"start":{"line":114,"column":23},"end":{"line":114,"column":24}},"loc":{"start":{"line":114,"column":66},"end":{"line":168,"column":3}}},"7":{"name":"(anonymous_8)","decl":{"start":{"line":121,"column":57},"end":{"line":121,"column":61}},"loc":{"start":{"line":121,"column":65},"end":{"line":121,"column":76}}},"8":{"name":"(anonymous_9)","decl":{"start":{"line":122,"column":40},"end":{"line":122,"column":44}},"loc":{"start":{"line":122,"column":47},"end":{"line":131,"column":7}}},"9":{"name":"(anonymous_10)","decl":{"start":{"line":124,"column":30},"end":{"line":124,"column":34}},"loc":{"start":{"line":124,"column":38},"end":{"line":124,"column":124}}},"10":{"name":"(anonymous_11)","decl":{"start":{"line":127,"column":30},"end":{"line":127,"column":34}},"loc":{"start":{"line":127,"column":38},"end":{"line":127,"column":86}}},"11":{"name":"(anonymous_12)","decl":{"start":{"line":170,"column":27},"end":{"line":170,"column":28}},"loc":{"start":{"line":170,"column":45},"end":{"line":218,"column":3}}},"12":{"name":"(anonymous_13)","decl":{"start":{"line":193,"column":61},"end":{"line":193,"column":64}},"loc":{"start":{"line":193,"column":68},"end":{"line":193,"column":92}}},"13":{"name":"(anonymous_14)","decl":{"start":{"line":200,"column":63},"end":{"line":200,"column":64}},"loc":{"start":{"line":200,"column":68},"end":{"line":200,"column":81}}},"14":{"name":"(anonymous_15)","decl":{"start":{"line":201,"column":34},"end":{"line":201,"column":35}},"loc":{"start":{"line":201,"column":44},"end":{"line":201,"column":62}}},"15":{"name":"(anonymous_16)","decl":{"start":{"line":251,"column":24},"end":{"line":251,"column":25}},"loc":{"start":{"line":252,"column":12},"end":{"line":252,"column":49}}},"16":{"name":"(anonymous_17)","decl":{"start":{"line":275,"column":29},"end":{"line":275,"column":32}},"loc":{"start":{"line":275,"column":35},"end":{"line":275,"column":58}}}},"branchMap":{"0":{"loc":{"start":{"line":23,"column":2},"end":{"line":23,"column":18}},"type":"default-arg","locations":[{"start":{"line":23,"column":13},"end":{"line":23,"column":18}}]},"1":{"loc":{"start":{"line":26,"column":2},"end":{"line":26,"column":16}},"type":"default-arg","locations":[{"start":{"line":26,"column":14},"end":{"line":26,"column":16}}]},"2":{"loc":{"start":{"line":34,"column":2},"end":{"line":36,"column":3}},"type":"if","locations":[{"start":{"line":34,"column":2},"end":{"line":36,"column":3}},{"start":{},"end":{}}]},"3":{"loc":{"start":{"line":41,"column":4},"end":{"line":43,"column":5}},"type":"if","locations":[{"start":{"line":41,"column":4},"end":{"line":43,"column":5}},{"start":{},"end":{}}]},"4":{"loc":{"start":{"line":49,"column":4},"end":{"line":84,"column":5}},"type":"if","locations":[{"start":{"line":49,"column":4},"end":{"line":84,"column":5}},{"start":{},"end":{}}]},"5":{"loc":{"start":{"line":50,"column":28},"end":{"line":50,"column":90}},"type":"cond-expr","locations":[{"start":{"line":50,"column":59},"end":{"line":50,"column":72}},{"start":{"line":50,"column":75},"end":{"line":50,"column":90}}]},"6":{"loc":{"start":{"line":52,"column":8},"end":{"line":82,"column":9}},"type":"if","locations":[{"start":{"line":52,"column":8},"end":{"line":82,"column":9}},{"start":{"line":63,"column":15},"end":{"line":82,"column":9}}]},"7":{"loc":{"start":{"line":52,"column":12},"end":{"line":52,"column":90}},"type":"binary-expr","locations":[{"start":{"line":52,"column":12},"end":{"line":52,"column":36}},{"start":{"line":52,"column":40},"end":{"line":52,"column":58}},{"start":{"line":52,"column":62},"end":{"line":52,"column":90}}]},"8":{"loc":{"start":{"line":53,"column":22},"end":{"line":53,"column":99}},"type":"cond-expr","locations":[{"start":{"line":53,"column":48},"end":{"line":53,"column":52}},{"start":{"line":53,"column":55},"end":{"line":53,"column":99}}]},"9":{"loc":{"start":{"line":55,"column":27},"end":{"line":55,"column":58}},"type":"binary-expr","locations":[{"start":{"line":55,"column":27},"end":{"line":55,"column":48}},{"start":{"line":55,"column":52},"end":{"line":55,"column":58}}]},"10":{"loc":{"start":{"line":63,"column":15},"end":{"line":82,"column":9}},"type":"if","locations":[{"start":{"line":63,"column":15},"end":{"line":82,"column":9}},{"start":{},"end":{}}]},"11":{"loc":{"start":{"line":64,"column":10},"end":{"line":68,"column":63}},"type":"binary-expr","locations":[{"start":{"line":64,"column":10},"end":{"line":64,"column":14}},{"start":{"line":65,"column":10},"end":{"line":65,"column":34}},{"start":{"line":66,"column":10},"end":{"line":66,"column":23}},{"start":{"line":67,"column":10},"end":{"line":67,"column":60}},{"start":{"line":68,"column":10},"end":{"line":68,"column":63}}]},"12":{"loc":{"start":{"line":72,"column":22},"end":{"line":72,"column":117}},"type":"cond-expr","locations":[{"start":{"line":72,"column":54},"end":{"line":72,"column":64}},{"start":{"line":72,"column":67},"end":{"line":72,"column":117}}]},"13":{"loc":{"start":{"line":74,"column":27},"end":{"line":74,"column":64}},"type":"binary-expr","locations":[{"start":{"line":74,"column":27},"end":{"line":74,"column":54}},{"start":{"line":74,"column":58},"end":{"line":74,"column":64}}]},"14":{"loc":{"start":{"line":87,"column":4},"end":{"line":101,"column":5}},"type":"if","locations":[{"start":{"line":87,"column":4},"end":{"line":101,"column":5}},{"start":{},"end":{}}]},"15":{"loc":{"start":{"line":88,"column":25},"end":{"line":88,"column":63}},"type":"cond-expr","locations":[{"start":{"line":88,"column":48},"end":{"line":88,"column":53}},{"start":{"line":88,"column":56},"end":{"line":88,"column":63}}]},"16":{"loc":{"start":{"line":90,"column":8},"end":{"line":99,"column":9}},"type":"if","locations":[{"start":{"line":90,"column":8},"end":{"line":99,"column":9}},{"start":{},"end":{}}]},"17":{"loc":{"start":{"line":108,"column":6},"end":{"line":110,"column":7}},"type":"if","locations":[{"start":{"line":108,"column":6},"end":{"line":110,"column":7}},{"start":{},"end":{}}]},"18":{"loc":{"start":{"line":115,"column":4},"end":{"line":115,"column":26}},"type":"if","locations":[{"start":{"line":115,"column":4},"end":{"line":115,"column":26}},{"start":{},"end":{}}]},"19":{"loc":{"start":{"line":118,"column":4},"end":{"line":167,"column":5}},"type":"if","locations":[{"start":{"line":118,"column":4},"end":{"line":167,"column":5}},{"start":{"line":157,"column":11},"end":{"line":167,"column":5}}]},"20":{"loc":{"start":{"line":118,"column":8},"end":{"line":118,"column":33}},"type":"binary-expr","locations":[{"start":{"line":118,"column":8},"end":{"line":118,"column":13}},{"start":{"line":118,"column":17},"end":{"line":118,"column":33}}]},"21":{"loc":{"start":{"line":121,"column":28},"end":{"line":121,"column":40}},"type":"binary-expr","locations":[{"start":{"line":121,"column":28},"end":{"line":121,"column":34}},{"start":{"line":121,"column":38},"end":{"line":121,"column":40}}]},"22":{"loc":{"start":{"line":124,"column":8},"end":{"line":126,"column":9}},"type":"if","locations":[{"start":{"line":124,"column":8},"end":{"line":126,"column":9}},{"start":{},"end":{}}]},"23":{"loc":{"start":{"line":124,"column":38},"end":{"line":124,"column":124}},"type":"binary-expr","locations":[{"start":{"line":124,"column":38},"end":{"line":124,"column":56}},{"start":{"line":124,"column":61},"end":{"line":124,"column":80}},{"start":{"line":124,"column":84},"end":{"line":124,"column":123}}]},"24":{"loc":{"start":{"line":127,"column":8},"end":{"line":129,"column":9}},"type":"if","locations":[{"start":{"line":127,"column":8},"end":{"line":129,"column":9}},{"start":{},"end":{}}]},"25":{"loc":{"start":{"line":127,"column":38},"end":{"line":127,"column":86}},"type":"binary-expr","locations":[{"start":{"line":127,"column":38},"end":{"line":127,"column":58}},{"start":{"line":127,"column":62},"end":{"line":127,"column":86}}]},"26":{"loc":{"start":{"line":132,"column":6},"end":{"line":146,"column":7}},"type":"if","locations":[{"start":{"line":132,"column":6},"end":{"line":146,"column":7}},{"start":{},"end":{}}]},"27":{"loc":{"start":{"line":152,"column":17},"end":{"line":152,"column":50}},"type":"cond-expr","locations":[{"start":{"line":152,"column":28},"end":{"line":152,"column":36}},{"start":{"line":152,"column":39},"end":{"line":152,"column":50}}]},"28":{"loc":{"start":{"line":162,"column":17},"end":{"line":162,"column":37}},"type":"cond-expr","locations":[{"start":{"line":162,"column":28},"end":{"line":162,"column":30}},{"start":{"line":162,"column":33},"end":{"line":162,"column":37}}]},"29":{"loc":{"start":{"line":173,"column":4},"end":{"line":217,"column":5}},"type":"if","locations":[{"start":{"line":173,"column":4},"end":{"line":217,"column":5}},{"start":{"line":189,"column":11},"end":{"line":217,"column":5}}]},"30":{"loc":{"start":{"line":173,"column":8},"end":{"line":173,"column":60}},"type":"binary-expr","locations":[{"start":{"line":173,"column":8},"end":{"line":173,"column":31}},{"start":{"line":173,"column":35},"end":{"line":173,"column":60}}]},"31":{"loc":{"start":{"line":179,"column":6},"end":{"line":188,"column":7}},"type":"if","locations":[{"start":{"line":179,"column":6},"end":{"line":188,"column":7}},{"start":{},"end":{}}]},"32":{"loc":{"start":{"line":191,"column":6},"end":{"line":194,"column":7}},"type":"if","locations":[{"start":{"line":191,"column":6},"end":{"line":194,"column":7}},{"start":{},"end":{}}]},"33":{"loc":{"start":{"line":191,"column":10},"end":{"line":191,"column":78}},"type":"binary-expr","locations":[{"start":{"line":191,"column":10},"end":{"line":191,"column":26}},{"start":{"line":191,"column":30},"end":{"line":191,"column":78}}]},"34":{"loc":{"start":{"line":197,"column":6},"end":{"line":216,"column":7}},"type":"if","locations":[{"start":{"line":197,"column":6},"end":{"line":216,"column":7}},{"start":{},"end":{}}]},"35":{"loc":{"start":{"line":199,"column":8},"end":{"line":204,"column":9}},"type":"if","locations":[{"start":{"line":199,"column":8},"end":{"line":204,"column":9}},{"start":{"line":202,"column":15},"end":{"line":204,"column":9}}]},"36":{"loc":{"start":{"line":206,"column":8},"end":{"line":215,"column":9}},"type":"if","locations":[{"start":{"line":206,"column":8},"end":{"line":215,"column":9}},{"start":{},"end":{}}]},"37":{"loc":{"start":{"line":229,"column":10},"end":{"line":229,"column":null}},"type":"cond-expr","locations":[{"start":{"line":229,"column":18},"end":{"line":229,"column":34}},{"start":{"line":229,"column":37},"end":{"line":229,"column":null}}]},"38":{"loc":{"start":{"line":249,"column":7},"end":{"line":290,"column":null}},"type":"binary-expr","locations":[{"start":{"line":249,"column":7},"end":{"line":249,"column":26}},{"start":{"line":250,"column":8},"end":{"line":289,"column":null}}]},"39":{"loc":{"start":{"line":253,"column":15},"end":{"line":267,"column":null}},"type":"cond-expr","locations":[{"start":{"line":254,"column":16},"end":{"line":257,"column":null}},{"start":{"line":260,"column":16},"end":{"line":266,"column":null}}]},"40":{"loc":{"start":{"line":271,"column":15},"end":{"line":280,"column":null}},"type":"binary-expr","locations":[{"start":{"line":271,"column":16},"end":{"line":271,"column":24}},{"start":{"line":271,"column":28},"end":{"line":271,"column":47}},{"start":{"line":272,"column":16},"end":{"line":279,"column":null}}]},"41":{"loc":{"start":{"line":283,"column":15},"end":{"line":286,"column":null}},"type":"binary-expr","locations":[{"start":{"line":283,"column":15},"end":{"line":283,"column":33}},{"start":{"line":284,"column":16},"end":{"line":284,"column":null}}]},"42":{"loc":{"start":{"line":293,"column":7},"end":{"line":296,"column":null}},"type":"binary-expr","locations":[{"start":{"line":293,"column":7},"end":{"line":293,"column":12}},{"start":{"line":294,"column":8},"end":{"line":295,"column":null}}]}},"s":{"0":9,"1":9,"2":9,"3":9,"4":9,"5":156,"6":156,"7":156,"8":156,"9":0,"10":156,"11":51,"12":51,"13":51,"14":51,"15":51,"16":26,"17":26,"18":27,"19":17,"20":17,"21":17,"22":17,"23":10,"24":9,"25":9,"26":9,"27":9,"28":9,"29":51,"30":16,"31":16,"32":16,"33":6,"34":6,"35":6,"36":51,"37":156,"38":36,"39":36,"40":36,"41":156,"42":8,"43":0,"44":8,"45":8,"46":7,"47":7,"48":7,"49":7,"50":7,"51":7,"52":6,"53":1,"54":1,"55":0,"56":1,"57":7,"58":1,"59":1,"60":1,"61":1,"62":6,"63":6,"64":1,"65":1,"66":156,"67":1,"68":1,"69":1,"70":1,"71":1,"72":1,"73":1,"74":0,"75":0,"76":0,"77":0,"78":0,"79":0,"80":0,"81":0,"82":0,"83":0,"84":0,"85":0,"86":0,"87":0,"88":156,"89":69,"90":1,"91":9},"f":{"0":156,"1":51,"2":27,"3":16,"4":36,"5":36,"6":8,"7":7,"8":7,"9":7,"10":1,"11":1,"12":0,"13":0,"14":0,"15":69,"16":1},"b":{"0":[18],"1":[156],"2":[0,156],"3":[51,0],"4":[26,25],"5":[10,16],"6":[17,10],"7":[27,18,18],"8":[0,17],"9":[17,0],"10":[9,1],"11":[10,10,9,9,9],"12":[0,9],"13":[9,0],"14":[16,35],"15":[5,11],"16":[6,10],"17":[36,0],"18":[0,8],"19":[7,1],"20":[8,8],"21":[7,1],"22":[6,1],"23":[7,7,6],"24":[0,1],"25":[1,0],"26":[1,6],"27":[0,6],"28":[0,1],"29":[1,0],"30":[1,1],"31":[1,0],"32":[0,0],"33":[0,0],"34":[0,0],"35":[0,0],"36":[0,0],"37":[2,154],"38":[156,68],"39":[67,2],"40":[69,47,24],"41":[69,49],"42":[156,2]}}
,"D:\\new-bookadzone\\bookadzone-admin\\src\\components\\atoms\\BAZ-Input.tsx": {"path":"D:\\new-bookadzone\\bookadzone-admin\\src\\components\\atoms\\BAZ-Input.tsx","statementMap":{"0":{"start":{"line":1,"column":0},"end":{"line":1,"column":36}},"1":{"start":{"line":2,"column":0},"end":{"line":2,"column":47}},"2":{"start":{"line":3,"column":0},"end":{"line":3,"column":39}},"3":{"start":{"line":12,"column":39},"end":{"line":38,"column":2}},"4":{"start":{"line":12,"column":107},"end":{"line":12,"column":112}},"5":{"start":{"line":12,"column":117},"end":{"line":12,"column":121}},"6":{"start":{"line":14,"column":28},"end":{"line":16,"column":15}},"7":{"start":{"line":18,"column":2},"end":{"line":37,"column":4}},"8":{"start":{"line":40,"column":0},"end":{"line":40,"column":24}}},"fnMap":{"0":{"name":"(anonymous_1)","decl":{"start":{"line":12,"column":44},"end":{"line":12,"column":45}},"loc":{"start":{"line":12,"column":123},"end":{"line":38,"column":1}}}},"branchMap":{"0":{"loc":{"start":{"line":12,"column":47},"end":{"line":12,"column":61}},"type":"default-arg","locations":[{"start":{"line":12,"column":59},"end":{"line":12,"column":61}}]},"1":{"loc":{"start":{"line":12,"column":70},"end":{"line":12,"column":84}},"type":"default-arg","locations":[{"start":{"line":12,"column":79},"end":{"line":12,"column":84}}]},"2":{"loc":{"start":{"line":12,"column":86},"end":{"line":12,"column":107}},"type":"default-arg","locations":[{"start":{"line":12,"column":102},"end":{"line":12,"column":107}}]},"3":{"loc":{"start":{"line":14,"column":28},"end":{"line":16,"column":15}},"type":"cond-expr","locations":[{"start":{"line":15,"column":6},"end":{"line":15,"column":77}},{"start":{"line":16,"column":6},"end":{"line":16,"column":15}}]},"4":{"loc":{"start":{"line":27,"column":39},"end":{"line":27,"column":97}},"type":"cond-expr","locations":[{"start":{"line":27,"column":55},"end":{"line":27,"column":70}},{"start":{"line":27,"column":73},"end":{"line":27,"column":97}}]},"5":{"loc":{"start":{"line":28,"column":10},"end":{"line":28,"column":null}},"type":"cond-expr","locations":[{"start":{"line":28,"column":18},"end":{"line":28,"column":34}},{"start":{"line":28,"column":37},"end":{"line":28,"column":null}}]},"6":{"loc":{"start":{"line":31,"column":7},"end":{"line":34,"column":null}},"type":"binary-expr","locations":[{"start":{"line":31,"column":7},"end":{"line":31,"column":12}},{"start":{"line":32,"column":8},"end":{"line":33,"column":null}}]}},"s":{"0":9,"1":9,"2":9,"3":9,"4":550,"5":550,"6":550,"7":550,"8":9},"f":{"0":550},"b":{"0":[2],"1":[2],"2":[550],"3":[9,541],"4":[0,550],"5":[1,549],"6":[550,1]}}
,"D:\\new-bookadzone\\bookadzone-admin\\src\\components\\atoms\\BAZ-Logo.tsx": {"path":"D:\\new-bookadzone\\bookadzone-admin\\src\\components\\atoms\\BAZ-Logo.tsx","statementMap":{"0":{"start":{"line":2,"column":0},"end":{"line":2,"column":66}},"1":{"start":{"line":9,"column":31},"end":{"line":14,"column":null}},"2":{"start":{"line":10,"column":2},"end":{"line":13,"column":null}},"3":{"start":{"line":17,"column":0},"end":{"line":17,"column":23}}},"fnMap":{"0":{"name":"(anonymous_1)","decl":{"start":{"line":9,"column":31},"end":{"line":9,"column":32}},"loc":{"start":{"line":10,"column":2},"end":{"line":13,"column":null}}}},"branchMap":{"0":{"loc":{"start":{"line":9,"column":34},"end":{"line":9,"column":48}},"type":"default-arg","locations":[{"start":{"line":9,"column":46},"end":{"line":9,"column":48}}]}},"s":{"0":1,"1":1,"2":1,"3":1},"f":{"0":1},"b":{"0":[1]}}
,"D:\\new-bookadzone\\bookadzone-admin\\src\\components\\atoms\\BAZ-NotificationItem.tsx": {"path":"D:\\new-bookadzone\\bookadzone-admin\\src\\components\\atoms\\BAZ-NotificationItem.tsx","statementMap":{"0":{"start":{"line":2,"column":0},"end":{"line":2,"column":50}},"1":{"start":{"line":3,"column":0},"end":{"line":3,"column":40}},"2":{"start":{"line":16,"column":55},"end":{"line":32,"column":null}},"3":{"start":{"line":17,"column":2},"end":{"line":31,"column":null}},"4":{"start":{"line":35,"column":0},"end":{"line":35,"column":35}}},"fnMap":{"0":{"name":"(anonymous_1)","decl":{"start":{"line":16,"column":55},"end":{"line":16,"column":56}},"loc":{"start":{"line":17,"column":2},"end":{"line":31,"column":null}}}},"branchMap":{"0":{"loc":{"start":{"line":30,"column":26},"end":{"line":30,"column":91}},"type":"cond-expr","locations":[{"start":{"line":30,"column":35},"end":{"line":30,"column":76}},{"start":{"line":30,"column":79},"end":{"line":30,"column":91}}]}},"s":{"0":2,"1":2,"2":2,"3":5,"4":2},"f":{"0":5},"b":{"0":[3,2]}}
,"D:\\new-bookadzone\\bookadzone-admin\\src\\components\\atoms\\BAZ-Pagination.tsx": {"path":"D:\\new-bookadzone\\bookadzone-admin\\src\\components\\atoms\\BAZ-Pagination.tsx","statementMap":{"0":{"start":{"line":4,"column":0},"end":{"line":4,"column":49}},"1":{"start":{"line":5,"column":27},"end":{"line":5,"column":96}},"2":{"start":{"line":18,"column":43},"end":{"line":41,"column":1}},"3":{"start":{"line":23,"column":2},"end":{"line":40,"column":4}},"4":{"start":{"line":43,"column":0},"end":{"line":43,"column":29}}},"fnMap":{"0":{"name":"(anonymous_1)","decl":{"start":{"line":18,"column":43},"end":{"line":18,"column":44}},"loc":{"start":{"line":22,"column":5},"end":{"line":41,"column":1}}}},"branchMap":{"0":{"loc":{"start":{"line":5,"column":27},"end":{"line":5,"column":96}},"type":"cond-expr","locations":[{"start":{"line":5,"column":64},"end":{"line":5,"column":69}},{"start":{"line":5,"column":69},"end":{"line":5,"column":96}}]},"1":{"loc":{"start":{"line":5,"column":27},"end":{"line":5,"column":69}},"type":"binary-expr","locations":[{"start":{"line":5,"column":27},"end":{"line":5,"column":69}},{"start":{"line":5,"column":64},"end":{"line":5,"column":69}}]},"2":{"loc":{"start":{"line":5,"column":28},"end":{"line":5,"column":64}},"type":"cond-expr","locations":[{"start":{"line":5,"column":47},"end":{"line":5,"column":55}},{"start":{"line":5,"column":28},"end":{"line":5,"column":64}}]},"3":{"loc":{"start":{"line":5,"column":28},"end":{"line":5,"column":55}},"type":"binary-expr","locations":[{"start":{"line":5,"column":28},"end":{"line":5,"column":57}},{"start":{"line":5,"column":28},"end":{"line":5,"column":55}}]}},"s":{"0":1,"1":1,"2":1,"3":1,"4":1},"f":{"0":1},"b":{"0":[0,1],"1":[1,1],"2":[0,1],"3":[1,1]}}
,"D:\\new-bookadzone\\bookadzone-admin\\src\\components\\atoms\\BAZ-Radio.tsx": {"path":"D:\\new-bookadzone\\bookadzone-admin\\src\\components\\atoms\\BAZ-Radio.tsx","statementMap":{"0":{"start":{"line":2,"column":0},"end":{"line":2,"column":47}},"1":{"start":{"line":3,"column":0},"end":{"line":3,"column":39}},"2":{"start":{"line":17,"column":39},"end":{"line":62,"column":null}},"3":{"start":{"line":27,"column":2},"end":{"line":61,"column":null}},"4":{"start":{"line":40,"column":8},"end":{"line":41,"column":null}},"5":{"start":{"line":65,"column":0},"end":{"line":65,"column":24}}},"fnMap":{"0":{"name":"(anonymous_0)","decl":{"start":{"line":17,"column":39},"end":{"line":17,"column":40}},"loc":{"start":{"line":27,"column":2},"end":{"line":61,"column":null}}},"1":{"name":"(anonymous_1)","decl":{"start":{"line":39,"column":19},"end":{"line":39,"column":20}},"loc":{"start":{"line":40,"column":8},"end":{"line":41,"column":null}}}},"branchMap":{"0":{"loc":{"start":{"line":21,"column":2},"end":{"line":21,"column":14}},"type":"default-arg","locations":[{"start":{"line":21,"column":12},"end":{"line":21,"column":14}}]},"1":{"loc":{"start":{"line":24,"column":2},"end":{"line":24,"column":16}},"type":"default-arg","locations":[{"start":{"line":24,"column":14},"end":{"line":24,"column":16}}]},"2":{"loc":{"start":{"line":33,"column":5},"end":{"line":36,"column":null}},"type":"binary-expr","locations":[{"start":{"line":33,"column":5},"end":{"line":33,"column":10}},{"start":{"line":34,"column":6},"end":{"line":35,"column":null}}]},"3":{"loc":{"start":{"line":57,"column":5},"end":{"line":60,"column":null}},"type":"binary-expr","locations":[{"start":{"line":57,"column":5},"end":{"line":57,"column":10}},{"start":{"line":58,"column":6},"end":{"line":59,"column":null}}]}},"s":{"0":9,"1":9,"2":9,"3":13,"4":26,"5":9},"f":{"0":13,"1":26},"b":{"0":[0],"1":[13],"2":[13,1],"3":[13,1]}}
,"D:\\new-bookadzone\\bookadzone-admin\\src\\components\\atoms\\BAZ-SearchBox.tsx": {"path":"D:\\new-bookadzone\\bookadzone-admin\\src\\components\\atoms\\BAZ-SearchBox.tsx","statementMap":{"0":{"start":{"line":2,"column":0},"end":{"line":2,"column":37}},"1":{"start":{"line":3,"column":0},"end":{"line":3,"column":42}},"2":{"start":{"line":5,"column":25},"end":{"line":16,"column":null}},"3":{"start":{"line":6,"column":2},"end":{"line":15,"column":null}},"4":{"start":{"line":19,"column":0},"end":{"line":19,"column":28}}},"fnMap":{"0":{"name":"(anonymous_1)","decl":{"start":{"line":5,"column":25},"end":{"line":5,"column":28}},"loc":{"start":{"line":6,"column":2},"end":{"line":15,"column":null}}}},"branchMap":{},"s":{"0":1,"1":1,"2":1,"3":1,"4":1},"f":{"0":1},"b":{}}
,"D:\\new-bookadzone\\bookadzone-admin\\src\\components\\atoms\\BAZ-Select.tsx": {"path":"D:\\new-bookadzone\\bookadzone-admin\\src\\components\\atoms\\BAZ-Select.tsx","statementMap":{"0":{"start":{"line":2,"column":0},"end":{"line":2,"column":34}},"1":{"start":{"line":3,"column":0},"end":{"line":3,"column":47}},"2":{"start":{"line":4,"column":0},"end":{"line":4,"column":39}},"3":{"start":{"line":21,"column":47},"end":{"line":109,"column":1}},"4":{"start":{"line":33,"column":23},"end":{"line":42,"column":3}},"5":{"start":{"line":37,"column":4},"end":{"line":41,"column":5}},"6":{"start":{"line":38,"column":6},"end":{"line":38,"column":62}},"7":{"start":{"line":40,"column":6},"end":{"line":40,"column":56}},"8":{"start":{"line":44,"column":2},"end":{"line":108,"column":4}},"9":{"start":{"line":71,"column":29},"end":{"line":77,"column":null}},"10":{"start":{"line":79,"column":33},"end":{"line":79,"column":62}},"11":{"start":{"line":80,"column":26},"end":{"line":80,"column":77}},"12":{"start":{"line":81,"column":43},"end":{"line":84,"column":null}},"13":{"start":{"line":86,"column":33},"end":{"line":86,"column":80}},"14":{"start":{"line":87,"column":32},"end":{"line":89,"column":null}},"15":{"start":{"line":91,"column":37},"end":{"line":91,"column":66}},"16":{"start":{"line":92,"column":38},"end":{"line":98,"column":null}},"17":{"start":{"line":111,"column":0},"end":{"line":111,"column":25}}},"fnMap":{"0":{"name":"(anonymous_1)","decl":{"start":{"line":21,"column":47},"end":{"line":21,"column":48}},"loc":{"start":{"line":32,"column":5},"end":{"line":109,"column":1}}},"1":{"name":"(anonymous_2)","decl":{"start":{"line":33,"column":23},"end":{"line":33,"column":null}},"loc":{"start":{"line":36,"column":6},"end":{"line":42,"column":3}}},"2":{"name":"(anonymous_3)","decl":{"start":{"line":71,"column":19},"end":{"line":71,"column":20}},"loc":{"start":{"line":71,"column":29},"end":{"line":77,"column":null}}},"3":{"name":"(anonymous_4)","decl":{"start":{"line":79,"column":23},"end":{"line":79,"column":24}},"loc":{"start":{"line":79,"column":33},"end":{"line":79,"column":62}}},"4":{"name":"(anonymous_5)","decl":{"start":{"line":80,"column":16},"end":{"line":80,"column":17}},"loc":{"start":{"line":80,"column":26},"end":{"line":80,"column":77}}},"5":{"name":"(anonymous_6)","decl":{"start":{"line":81,"column":18},"end":{"line":81,"column":19}},"loc":{"start":{"line":81,"column":43},"end":{"line":84,"column":null}}},"6":{"name":"(anonymous_7)","decl":{"start":{"line":86,"column":23},"end":{"line":86,"column":24}},"loc":{"start":{"line":86,"column":33},"end":{"line":86,"column":80}}},"7":{"name":"(anonymous_8)","decl":{"start":{"line":87,"column":22},"end":{"line":87,"column":23}},"loc":{"start":{"line":87,"column":32},"end":{"line":89,"column":null}}},"8":{"name":"(anonymous_9)","decl":{"start":{"line":91,"column":27},"end":{"line":91,"column":28}},"loc":{"start":{"line":91,"column":37},"end":{"line":91,"column":66}}},"9":{"name":"(anonymous_10)","decl":{"start":{"line":92,"column":28},"end":{"line":92,"column":29}},"loc":{"start":{"line":92,"column":38},"end":{"line":98,"column":null}}}},"branchMap":{"0":{"loc":{"start":{"line":26,"column":2},"end":{"line":26,"column":16}},"type":"default-arg","locations":[{"start":{"line":26,"column":14},"end":{"line":26,"column":16}}]},"1":{"loc":{"start":{"line":27,"column":2},"end":{"line":27,"column":27}},"type":"default-arg","locations":[{"start":{"line":27,"column":16},"end":{"line":27,"column":27}}]},"2":{"loc":{"start":{"line":28,"column":2},"end":{"line":28,"column":17}},"type":"default-arg","locations":[{"start":{"line":28,"column":12},"end":{"line":28,"column":17}}]},"3":{"loc":{"start":{"line":37,"column":4},"end":{"line":41,"column":5}},"type":"if","locations":[{"start":{"line":37,"column":4},"end":{"line":41,"column":5}},{"start":{"line":39,"column":11},"end":{"line":41,"column":5}}]},"4":{"loc":{"start":{"line":38,"column":6},"end":{"line":38,"column":61}},"type":"cond-expr","locations":[{"start":{"line":38,"column":14},"end":{"line":38,"column":17}},{"start":{"line":38,"column":6},"end":{"line":38,"column":61}}]},"5":{"loc":{"start":{"line":38,"column":6},"end":{"line":38,"column":17}},"type":"binary-expr","locations":[{"start":{"line":38,"column":6},"end":{"line":38,"column":17}},{"start":{"line":38,"column":6},"end":{"line":38,"column":17}}]},"6":{"loc":{"start":{"line":40,"column":6},"end":{"line":40,"column":55}},"type":"cond-expr","locations":[{"start":{"line":40,"column":14},"end":{"line":40,"column":17}},{"start":{"line":40,"column":6},"end":{"line":40,"column":55}}]},"7":{"loc":{"start":{"line":40,"column":6},"end":{"line":40,"column":17}},"type":"binary-expr","locations":[{"start":{"line":40,"column":6},"end":{"line":40,"column":17}},{"start":{"line":40,"column":6},"end":{"line":40,"column":17}}]},"8":{"loc":{"start":{"line":51,"column":7},"end":{"line":57,"column":null}},"type":"binary-expr","locations":[{"start":{"line":51,"column":7},"end":{"line":51,"column":12}},{"start":{"line":52,"column":8},"end":{"line":56,"column":null}}]},"9":{"loc":{"start":{"line":69,"column":29},"end":{"line":69,"column":56}},"type":"cond-expr","locations":[{"start":{"line":69,"column":39},"end":{"line":69,"column":44}},{"start":{"line":69,"column":47},"end":{"line":69,"column":56}}]},"10":{"loc":{"start":{"line":74,"column":25},"end":{"line":74,"column":75}},"type":"cond-expr","locations":[{"start":{"line":74,"column":33},"end":{"line":74,"column":42}},{"start":{"line":74,"column":45},"end":{"line":74,"column":75}}]},"11":{"loc":{"start":{"line":76,"column":38},"end":{"line":76,"column":79}},"type":"cond-expr","locations":[{"start":{"line":76,"column":46},"end":{"line":76,"column":55}},{"start":{"line":76,"column":58},"end":{"line":76,"column":79}}]},"12":{"loc":{"start":{"line":83,"column":29},"end":{"line":83,"column":84}},"type":"cond-expr","locations":[{"start":{"line":83,"column":41},"end":{"line":83,"column":62}},{"start":{"line":83,"column":65},"end":{"line":83,"column":84}}]},"13":{"loc":{"start":{"line":102,"column":7},"end":{"line":105,"column":null}},"type":"binary-expr","locations":[{"start":{"line":102,"column":7},"end":{"line":102,"column":12}},{"start":{"line":103,"column":8},"end":{"line":104,"column":null}}]}},"s":{"0":9,"1":9,"2":9,"3":9,"4":24,"5":4,"6":3,"7":1,"8":24,"9":39,"10":3,"11":14,"12":18,"13":35,"14":1,"15":1,"16":1,"17":9},"f":{"0":24,"1":4,"2":39,"3":3,"4":14,"5":18,"6":35,"7":1,"8":1,"9":1},"b":{"0":[23],"1":[22],"2":[9],"3":[3,1],"4":[0,3],"5":[3,3],"6":[0,1],"7":[1,1],"8":[24,1],"9":[2,22],"10":[1,38],"11":[1,38],"12":[9,9],"13":[24,1]}}
,"D:\\new-bookadzone\\bookadzone-admin\\src\\components\\atoms\\BAZ-TextArea.tsx": {"path":"D:\\new-bookadzone\\bookadzone-admin\\src\\components\\atoms\\BAZ-TextArea.tsx","statementMap":{"0":{"start":{"line":1,"column":0},"end":{"line":1,"column":37}},"1":{"start":{"line":2,"column":0},"end":{"line":2,"column":47}},"2":{"start":{"line":3,"column":0},"end":{"line":3,"column":39}},"3":{"start":{"line":13,"column":45},"end":{"line":48,"column":1}},"4":{"start":{"line":13,"column":119},"end":{"line":13,"column":124}},"5":{"start":{"line":13,"column":128},"end":{"line":13,"column":132}},"6":{"start":{"line":14,"column":22},"end":{"line":14,"column":29}},"7":{"start":{"line":15,"column":21},"end":{"line":15,"column":38}},"8":{"start":{"line":18,"column":28},"end":{"line":20,"column":15}},"9":{"start":{"line":22,"column":2},"end":{"line":47,"column":4}},"10":{"start":{"line":50,"column":0},"end":{"line":50,"column":27}}},"fnMap":{"0":{"name":"(anonymous_1)","decl":{"start":{"line":13,"column":45},"end":{"line":13,"column":46}},"loc":{"start":{"line":13,"column":134},"end":{"line":48,"column":1}}}},"branchMap":{"0":{"loc":{"start":{"line":13,"column":48},"end":{"line":13,"column":62}},"type":"default-arg","locations":[{"start":{"line":13,"column":60},"end":{"line":13,"column":62}}]},"1":{"loc":{"start":{"line":13,"column":82},"end":{"line":13,"column":96}},"type":"default-arg","locations":[{"start":{"line":13,"column":91},"end":{"line":13,"column":96}}]},"2":{"loc":{"start":{"line":13,"column":98},"end":{"line":13,"column":119}},"type":"default-arg","locations":[{"start":{"line":13,"column":114},"end":{"line":13,"column":119}}]},"3":{"loc":{"start":{"line":15,"column":21},"end":{"line":15,"column":38}},"type":"binary-expr","locations":[{"start":{"line":15,"column":21},"end":{"line":15,"column":23}},{"start":{"line":15,"column":27},"end":{"line":15,"column":38}}]},"4":{"loc":{"start":{"line":18,"column":28},"end":{"line":20,"column":15}},"type":"cond-expr","locations":[{"start":{"line":19,"column":6},"end":{"line":19,"column":77}},{"start":{"line":20,"column":6},"end":{"line":20,"column":15}}]},"5":{"loc":{"start":{"line":29,"column":7},"end":{"line":32,"column":null}},"type":"binary-expr","locations":[{"start":{"line":29,"column":7},"end":{"line":29,"column":12}},{"start":{"line":30,"column":8},"end":{"line":31,"column":null}}]},"6":{"loc":{"start":{"line":37,"column":39},"end":{"line":37,"column":97}},"type":"cond-expr","locations":[{"start":{"line":37,"column":55},"end":{"line":37,"column":70}},{"start":{"line":37,"column":73},"end":{"line":37,"column":97}}]},"7":{"loc":{"start":{"line":38,"column":10},"end":{"line":38,"column":null}},"type":"cond-expr","locations":[{"start":{"line":38,"column":18},"end":{"line":38,"column":34}},{"start":{"line":38,"column":37},"end":{"line":38,"column":null}}]},"8":{"loc":{"start":{"line":41,"column":7},"end":{"line":44,"column":null}},"type":"binary-expr","locations":[{"start":{"line":41,"column":7},"end":{"line":41,"column":12}},{"start":{"line":42,"column":8},"end":{"line":43,"column":null}}]}},"s":{"0":9,"1":9,"2":9,"3":9,"4":34,"5":34,"6":34,"7":34,"8":34,"9":34,"10":9},"f":{"0":34},"b":{"0":[2],"1":[34],"2":[34],"3":[34,2],"4":[0,34],"5":[34,1],"6":[0,34],"7":[1,33],"8":[34,1]}}
,"D:\\new-bookadzone\\bookadzone-admin\\src\\components\\common\\urls.ts": {"path":"D:\\new-bookadzone\\bookadzone-admin\\src\\components\\common\\urls.ts","statementMap":{"0":{"start":{"line":1,"column":13},"end":{"line":1,"column":18}},"1":{"start":{"line":3,"column":16},"end":{"line":3,"column":57}},"2":{"start":{"line":4,"column":16},"end":{"line":4,"column":57}},"3":{"start":{"line":5,"column":16},"end":{"line":5,"column":35}},"4":{"start":{"line":6,"column":16},"end":{"line":6,"column":23}},"5":{"start":{"line":7,"column":20},"end":{"line":7,"column":46}},"6":{"start":{"line":12,"column":12},"end":{"line":55,"column":2}},"7":{"start":{"line":57,"column":20},"end":{"line":57,"column":58}},"8":{"start":{"line":58,"column":0},"end":{"line":58,"column":27}}},"fnMap":{},"branchMap":{"0":{"loc":{"start":{"line":4,"column":16},"end":{"line":4,"column":57}},"type":"cond-expr","locations":[{"start":{"line":4,"column":23},"end":{"line":4,"column":30}},{"start":{"line":4,"column":33},"end":{"line":4,"column":57}}]}},"s":{"0":22,"1":22,"2":22,"3":22,"4":22,"5":22,"6":22,"7":22,"8":22},"f":{},"b":{"0":[0,22]}}
,"D:\\new-bookadzone\\bookadzone-admin\\src\\components\\molecules\\FormField.tsx": {"path":"D:\\new-bookadzone\\bookadzone-admin\\src\\components\\molecules\\FormField.tsx","statementMap":{"0":{"start":{"line":2,"column":0},"end":{"line":2,"column":49}},"1":{"start":{"line":4,"column":0},"end":{"line":4,"column":42}},"2":{"start":{"line":18,"column":44},"end":{"line":66,"column":1}},"3":{"start":{"line":28,"column":26},"end":{"line":28,"column":42}},"4":{"start":{"line":30,"column":28},"end":{"line":34,"column":15}},"5":{"start":{"line":32,"column":8},"end":{"line":32,"column":66}},"6":{"start":{"line":36,"column":23},"end":{"line":41,"column":3}},"7":{"start":{"line":37,"column":4},"end":{"line":37,"column":28}},"8":{"start":{"line":38,"column":4},"end":{"line":40,"column":5}},"9":{"start":{"line":39,"column":6},"end":{"line":39,"column":18}},"10":{"start":{"line":43,"column":2},"end":{"line":65,"column":4}},"11":{"start":{"line":68,"column":0},"end":{"line":68,"column":25}}},"fnMap":{"0":{"name":"(anonymous_1)","decl":{"start":{"line":18,"column":44},"end":{"line":18,"column":45}},"loc":{"start":{"line":27,"column":5},"end":{"line":66,"column":1}}},"1":{"name":"(anonymous_2)","decl":{"start":{"line":31,"column":24},"end":{"line":31,"column":25}},"loc":{"start":{"line":32,"column":8},"end":{"line":32,"column":66}}},"2":{"name":"(anonymous_3)","decl":{"start":{"line":36,"column":23},"end":{"line":36,"column":24}},"loc":{"start":{"line":36,"column":96},"end":{"line":41,"column":3}}}},"branchMap":{"0":{"loc":{"start":{"line":30,"column":28},"end":{"line":34,"column":15}},"type":"cond-expr","locations":[{"start":{"line":31,"column":6},"end":{"line":32,"column":null}},{"start":{"line":34,"column":6},"end":{"line":34,"column":15}}]},"1":{"loc":{"start":{"line":32,"column":8},"end":{"line":32,"column":66}},"type":"cond-expr","locations":[{"start":{"line":32,"column":34},"end":{"line":32,"column":60}},{"start":{"line":32,"column":63},"end":{"line":32,"column":66}}]},"2":{"loc":{"start":{"line":38,"column":4},"end":{"line":40,"column":5}},"type":"if","locations":[{"start":{"line":38,"column":4},"end":{"line":40,"column":5}},{"start":{},"end":{}}]},"3":{"loc":{"start":{"line":44,"column":20},"end":{"line":44,"column":50}},"type":"binary-expr","locations":[{"start":{"line":44,"column":20},"end":{"line":44,"column":35}},{"start":{"line":44,"column":39},"end":{"line":44,"column":50}}]}},"s":{"0":8,"1":8,"2":8,"3":714,"4":714,"5":40,"6":714,"7":35,"8":35,"9":34,"10":714,"11":8},"f":{"0":714,"1":40,"2":35},"b":{"0":[20,694],"1":[0,40],"2":[34,1],"3":[714,714]}}
,"D:\\new-bookadzone\\bookadzone-admin\\src\\components\\molecules\\FormHeader.tsx": {"path":"D:\\new-bookadzone\\bookadzone-admin\\src\\components\\molecules\\FormHeader.tsx","statementMap":{"0":{"start":{"line":2,"column":0},"end":{"line":2,"column":61}},"1":{"start":{"line":3,"column":0},"end":{"line":3,"column":40}},"2":{"start":{"line":11,"column":46},"end":{"line":64,"column":1}},"3":{"start":{"line":12,"column":27},"end":{"line":20,"column":4}},"4":{"start":{"line":21,"column":24},"end":{"line":21,"column":65}},"5":{"start":{"line":23,"column":2},"end":{"line":63,"column":4}},"6":{"start":{"line":66,"column":0},"end":{"line":66,"column":26}}},"fnMap":{"0":{"name":"(anonymous_0)","decl":{"start":{"line":11,"column":46},"end":{"line":11,"column":47}},"loc":{"start":{"line":11,"column":90},"end":{"line":64,"column":1}}}},"branchMap":{"0":{"loc":{"start":{"line":26,"column":9},"end":{"line":32,"column":null}},"type":"binary-expr","locations":[{"start":{"line":26,"column":9},"end":{"line":26,"column":23}},{"start":{"line":26,"column":27},"end":{"line":26,"column":40}},{"start":{"line":27,"column":10},"end":{"line":31,"column":null}}]},"1":{"loc":{"start":{"line":48,"column":69},"end":{"line":48,"column":202}},"type":"cond-expr","locations":[{"start":{"line":48,"column":77},"end":{"line":48,"column":138}},{"start":{"line":48,"column":141},"end":{"line":48,"column":202}}]},"2":{"loc":{"start":{"line":52,"column":11},"end":{"line":58,"column":null}},"type":"binary-expr","locations":[{"start":{"line":52,"column":11},"end":{"line":52,"column":15}},{"start":{"line":53,"column":12},"end":{"line":57,"column":null}}]}},"s":{"0":7,"1":7,"2":7,"3":111,"4":111,"5":111,"6":7},"f":{"0":111},"b":{"0":[111,92,2],"1":[109,2],"2":[111,2]}}
,"D:\\new-bookadzone\\bookadzone-admin\\src\\components\\molecules\\LabeledInput.tsx": {"path":"D:\\new-bookadzone\\bookadzone-admin\\src\\components\\molecules\\LabeledInput.tsx","statementMap":{"0":{"start":{"line":1,"column":0},"end":{"line":1,"column":36}},"1":{"start":{"line":2,"column":0},"end":{"line":2,"column":47}},"2":{"start":{"line":3,"column":0},"end":{"line":3,"column":39}},"3":{"start":{"line":4,"column":0},"end":{"line":4,"column":51}},"4":{"start":{"line":5,"column":0},"end":{"line":5,"column":42}},"5":{"start":{"line":6,"column":0},"end":{"line":6,"column":48}},"6":{"start":{"line":7,"column":0},"end":{"line":7,"column":48}},"7":{"start":{"line":8,"column":0},"end":{"line":8,"column":42}},"8":{"start":{"line":9,"column":0},"end":{"line":9,"column":44}},"9":{"start":{"line":10,"column":0},"end":{"line":10,"column":50}},"10":{"start":{"line":34,"column":50},"end":{"line":251,"column":null}},"11":{"start":{"line":55,"column":25},"end":{"line":87,"column":5}},"12":{"start":{"line":56,"column":6},"end":{"line":56,"column":28}},"13":{"start":{"line":56,"column":21},"end":{"line":56,"column":28}},"14":{"start":{"line":61,"column":6},"end":{"line":78,"column":7}},"15":{"start":{"line":63,"column":8},"end":{"line":69,"column":9}},"16":{"start":{"line":64,"column":10},"end":{"line":64,"column":36}},"17":{"start":{"line":65,"column":10},"end":{"line":65,"column":47}},"18":{"start":{"line":67,"column":25},"end":{"line":67,"column":60}},"19":{"start":{"line":68,"column":10},"end":{"line":68,"column":85}},"20":{"start":{"line":70,"column":13},"end":{"line":78,"column":7}},"21":{"start":{"line":71,"column":8},"end":{"line":71,"column":58}},"22":{"start":{"line":72,"column":13},"end":{"line":78,"column":7}},"23":{"start":{"line":73,"column":8},"end":{"line":73,"column":78}},"24":{"start":{"line":74,"column":13},"end":{"line":78,"column":7}},"25":{"start":{"line":75,"column":8},"end":{"line":75,"column":34}},"26":{"start":{"line":77,"column":8},"end":{"line":77,"column":34}},"27":{"start":{"line":80,"column":6},"end":{"line":86,"column":9}},"28":{"start":{"line":89,"column":32},"end":{"line":95,"column":5}},"29":{"start":{"line":90,"column":6},"end":{"line":90,"column":28}},"30":{"start":{"line":90,"column":21},"end":{"line":90,"column":28}},"31":{"start":{"line":91,"column":20},"end":{"line":93,"column":49}},"32":{"start":{"line":92,"column":53},"end":{"line":92,"column":62}},"33":{"start":{"line":94,"column":6},"end":{"line":94,"column":44}},"34":{"start":{"line":97,"column":24},"end":{"line":233,"column":5}},"35":{"start":{"line":98,"column":6},"end":{"line":232,"column":7}},"36":{"start":{"line":100,"column":10},"end":{"line":118,"column":12}},"37":{"start":{"line":120,"column":10},"end":{"line":136,"column":12}},"38":{"start":{"line":138,"column":10},"end":{"line":154,"column":12}},"39":{"start":{"line":159,"column":10},"end":{"line":177,"column":12}},"40":{"start":{"line":164,"column":64},"end":{"line":164,"column":83}},"41":{"start":{"line":179,"column":10},"end":{"line":197,"column":12}},"42":{"start":{"line":199,"column":10},"end":{"line":231,"column":12}},"43":{"start":{"line":235,"column":4},"end":{"line":250,"column":6}},"44":{"start":{"line":254,"column":0},"end":{"line":254,"column":28}}},"fnMap":{"0":{"name":"(anonymous_1)","decl":{"start":{"line":35,"column":2},"end":{"line":35,"column":3}},"loc":{"start":{"line":54,"column":7},"end":{"line":251,"column":3}}},"1":{"name":"(anonymous_2)","decl":{"start":{"line":55,"column":25},"end":{"line":55,"column":26}},"loc":{"start":{"line":55,"column":178},"end":{"line":87,"column":5}}},"2":{"name":"(anonymous_3)","decl":{"start":{"line":89,"column":32},"end":{"line":89,"column":33}},"loc":{"start":{"line":89,"column":83},"end":{"line":95,"column":5}}},"3":{"name":"(anonymous_4)","decl":{"start":{"line":92,"column":44},"end":{"line":92,"column":45}},"loc":{"start":{"line":92,"column":53},"end":{"line":92,"column":62}}},"4":{"name":"(anonymous_5)","decl":{"start":{"line":97,"column":24},"end":{"line":97,"column":27}},"loc":{"start":{"line":97,"column":29},"end":{"line":233,"column":5}}},"5":{"name":"(anonymous_6)","decl":{"start":{"line":164,"column":55},"end":{"line":164,"column":56}},"loc":{"start":{"line":164,"column":64},"end":{"line":164,"column":83}}}},"branchMap":{"0":{"loc":{"start":{"line":44,"column":4},"end":{"line":44,"column":16}},"type":"default-arg","locations":[{"start":{"line":44,"column":14},"end":{"line":44,"column":16}}]},"1":{"loc":{"start":{"line":45,"column":4},"end":{"line":45,"column":18}},"type":"default-arg","locations":[{"start":{"line":45,"column":16},"end":{"line":45,"column":18}}]},"2":{"loc":{"start":{"line":47,"column":4},"end":{"line":47,"column":20}},"type":"default-arg","locations":[{"start":{"line":47,"column":15},"end":{"line":47,"column":20}}]},"3":{"loc":{"start":{"line":48,"column":4},"end":{"line":48,"column":25}},"type":"default-arg","locations":[{"start":{"line":48,"column":20},"end":{"line":48,"column":25}}]},"4":{"loc":{"start":{"line":49,"column":4},"end":{"line":49,"column":18}},"type":"default-arg","locations":[{"start":{"line":49,"column":13},"end":{"line":49,"column":18}}]},"5":{"loc":{"start":{"line":56,"column":6},"end":{"line":56,"column":28}},"type":"if","locations":[{"start":{"line":56,"column":6},"end":{"line":56,"column":28}},{"start":{},"end":{}}]},"6":{"loc":{"start":{"line":61,"column":6},"end":{"line":78,"column":7}},"type":"if","locations":[{"start":{"line":61,"column":6},"end":{"line":78,"column":7}},{"start":{"line":70,"column":13},"end":{"line":78,"column":7}}]},"7":{"loc":{"start":{"line":63,"column":8},"end":{"line":69,"column":9}},"type":"if","locations":[{"start":{"line":63,"column":8},"end":{"line":69,"column":9}},{"start":{"line":66,"column":15},"end":{"line":69,"column":9}}]},"8":{"loc":{"start":{"line":68,"column":21},"end":{"line":68,"column":84}},"type":"cond-expr","locations":[{"start":{"line":68,"column":41},"end":{"line":68,"column":58}},{"start":{"line":68,"column":61},"end":{"line":68,"column":84}}]},"9":{"loc":{"start":{"line":68,"column":21},"end":{"line":68,"column":38}},"type":"binary-expr","locations":[{"start":{"line":68,"column":21},"end":{"line":68,"column":29}},{"start":{"line":68,"column":33},"end":{"line":68,"column":38}}]},"10":{"loc":{"start":{"line":68,"column":61},"end":{"line":68,"column":84}},"type":"binary-expr","locations":[{"start":{"line":68,"column":61},"end":{"line":68,"column":71}},{"start":{"line":68,"column":75},"end":{"line":68,"column":84}}]},"11":{"loc":{"start":{"line":68,"column":61},"end":{"line":68,"column":71}},"type":"cond-expr","locations":[{"start":{"line":68,"column":66},"end":{"line":68,"column":69}},{"start":{"line":68,"column":61},"end":{"line":68,"column":71}}]},"12":{"loc":{"start":{"line":68,"column":61},"end":{"line":68,"column":69}},"type":"binary-expr","locations":[{"start":{"line":68,"column":61},"end":{"line":68,"column":69}},{"start":{"line":68,"column":61},"end":{"line":68,"column":69}}]},"13":{"loc":{"start":{"line":70,"column":13},"end":{"line":78,"column":7}},"type":"if","locations":[{"start":{"line":70,"column":13},"end":{"line":78,"column":7}},{"start":{"line":72,"column":13},"end":{"line":78,"column":7}}]},"14":{"loc":{"start":{"line":72,"column":13},"end":{"line":78,"column":7}},"type":"if","locations":[{"start":{"line":72,"column":13},"end":{"line":78,"column":7}},{"start":{"line":74,"column":13},"end":{"line":78,"column":7}}]},"15":{"loc":{"start":{"line":72,"column":17},"end":{"line":72,"column":51}},"type":"binary-expr","locations":[{"start":{"line":72,"column":17},"end":{"line":72,"column":34}},{"start":{"line":72,"column":38},"end":{"line":72,"column":51}}]},"16":{"loc":{"start":{"line":73,"column":19},"end":{"line":73,"column":77}},"type":"cond-expr","locations":[{"start":{"line":73,"column":43},"end":{"line":73,"column":52}},{"start":{"line":73,"column":55},"end":{"line":73,"column":77}}]},"17":{"loc":{"start":{"line":74,"column":13},"end":{"line":78,"column":7}},"type":"if","locations":[{"start":{"line":74,"column":13},"end":{"line":78,"column":7}},{"start":{"line":76,"column":13},"end":{"line":78,"column":7}}]},"18":{"loc":{"start":{"line":84,"column":14},"end":{"line":84,"column":46}},"type":"binary-expr","locations":[{"start":{"line":84,"column":14},"end":{"line":84,"column":26}},{"start":{"line":84,"column":30},"end":{"line":84,"column":46}}]},"19":{"loc":{"start":{"line":90,"column":6},"end":{"line":90,"column":28}},"type":"if","locations":[{"start":{"line":90,"column":6},"end":{"line":90,"column":28}},{"start":{},"end":{}}]},"20":{"loc":{"start":{"line":91,"column":20},"end":{"line":93,"column":49}},"type":"cond-expr","locations":[{"start":{"line":92,"column":10},"end":{"line":92,"column":69}},{"start":{"line":93,"column":10},"end":{"line":93,"column":49}}]},"21":{"loc":{"start":{"line":92,"column":10},"end":{"line":92,"column":69}},"type":"binary-expr","locations":[{"start":{"line":92,"column":11},"end":{"line":92,"column":63}},{"start":{"line":92,"column":67},"end":{"line":92,"column":69}}]},"22":{"loc":{"start":{"line":92,"column":11},"end":{"line":92,"column":63}},"type":"cond-expr","locations":[{"start":{"line":92,"column":19},"end":{"line":92,"column":38}},{"start":{"line":92,"column":11},"end":{"line":92,"column":63}}]},"23":{"loc":{"start":{"line":92,"column":11},"end":{"line":92,"column":38}},"type":"binary-expr","locations":[{"start":{"line":92,"column":11},"end":{"line":92,"column":40}},{"start":{"line":92,"column":11},"end":{"line":92,"column":38}}]},"24":{"loc":{"start":{"line":93,"column":10},"end":{"line":93,"column":49}},"type":"binary-expr","locations":[{"start":{"line":93,"column":11},"end":{"line":93,"column":43}},{"start":{"line":93,"column":47},"end":{"line":93,"column":49}}]},"25":{"loc":{"start":{"line":93,"column":11},"end":{"line":93,"column":43}},"type":"cond-expr","locations":[{"start":{"line":93,"column":19},"end":{"line":93,"column":36}},{"start":{"line":93,"column":11},"end":{"line":93,"column":43}}]},"26":{"loc":{"start":{"line":93,"column":11},"end":{"line":93,"column":36}},"type":"binary-expr","locations":[{"start":{"line":93,"column":11},"end":{"line":93,"column":38}},{"start":{"line":93,"column":11},"end":{"line":93,"column":36}}]},"27":{"loc":{"start":{"line":98,"column":6},"end":{"line":232,"column":7}},"type":"switch","locations":[{"start":{"line":99,"column":8},"end":{"line":118,"column":12}},{"start":{"line":119,"column":8},"end":{"line":136,"column":12}},{"start":{"line":137,"column":8},"end":{"line":154,"column":12}},{"start":{"line":155,"column":8},"end":{"line":155,"column":22}},{"start":{"line":156,"column":8},"end":{"line":156,"column":30}},{"start":{"line":157,"column":8},"end":{"line":157,"column":28}},{"start":{"line":158,"column":8},"end":{"line":177,"column":12}},{"start":{"line":178,"column":8},"end":{"line":197,"column":12}},{"start":{"line":198,"column":8},"end":{"line":231,"column":12}}]},"28":{"loc":{"start":{"line":105,"column":23},"end":{"line":105,"column":34}},"type":"binary-expr","locations":[{"start":{"line":105,"column":23},"end":{"line":105,"column":28}},{"start":{"line":105,"column":32},"end":{"line":105,"column":34}}]},"29":{"loc":{"start":{"line":112,"column":15},"end":{"line":115,"column":null}},"type":"binary-expr","locations":[{"start":{"line":112,"column":15},"end":{"line":112,"column":20}},{"start":{"line":113,"column":16},"end":{"line":114,"column":null}}]},"30":{"loc":{"start":{"line":130,"column":15},"end":{"line":133,"column":null}},"type":"binary-expr","locations":[{"start":{"line":130,"column":15},"end":{"line":130,"column":20}},{"start":{"line":131,"column":16},"end":{"line":132,"column":null}}]},"31":{"loc":{"start":{"line":142,"column":31},"end":{"line":142,"column":42}},"type":"binary-expr","locations":[{"start":{"line":142,"column":31},"end":{"line":142,"column":36}},{"start":{"line":142,"column":40},"end":{"line":142,"column":42}}]},"32":{"loc":{"start":{"line":148,"column":15},"end":{"line":151,"column":null}},"type":"binary-expr","locations":[{"start":{"line":148,"column":15},"end":{"line":148,"column":20}},{"start":{"line":149,"column":16},"end":{"line":150,"column":null}}]},"33":{"loc":{"start":{"line":164,"column":23},"end":{"line":164,"column":92}},"type":"cond-expr","locations":[{"start":{"line":164,"column":34},"end":{"line":164,"column":39}},{"start":{"line":164,"column":42},"end":{"line":164,"column":92}}]},"34":{"loc":{"start":{"line":164,"column":42},"end":{"line":164,"column":92}},"type":"binary-expr","locations":[{"start":{"line":164,"column":42},"end":{"line":164,"column":84}},{"start":{"line":164,"column":88},"end":{"line":164,"column":92}}]},"35":{"loc":{"start":{"line":171,"column":15},"end":{"line":174,"column":null}},"type":"binary-expr","locations":[{"start":{"line":171,"column":15},"end":{"line":171,"column":20}},{"start":{"line":172,"column":16},"end":{"line":173,"column":null}}]},"36":{"loc":{"start":{"line":191,"column":15},"end":{"line":194,"column":null}},"type":"binary-expr","locations":[{"start":{"line":191,"column":15},"end":{"line":191,"column":20}},{"start":{"line":192,"column":16},"end":{"line":193,"column":null}}]},"37":{"loc":{"start":{"line":205,"column":24},"end":{"line":205,"column":75}},"type":"cond-expr","locations":[{"start":{"line":205,"column":62},"end":{"line":205,"column":68}},{"start":{"line":205,"column":71},"end":{"line":205,"column":75}}]},"38":{"loc":{"start":{"line":205,"column":24},"end":{"line":205,"column":59}},"type":"binary-expr","locations":[{"start":{"line":205,"column":24},"end":{"line":205,"column":43}},{"start":{"line":205,"column":47},"end":{"line":205,"column":59}}]},"39":{"loc":{"start":{"line":206,"column":25},"end":{"line":206,"column":81}},"type":"cond-expr","locations":[{"start":{"line":206,"column":62},"end":{"line":206,"column":67}},{"start":{"line":206,"column":70},"end":{"line":206,"column":81}}]},"40":{"loc":{"start":{"line":206,"column":25},"end":{"line":206,"column":59}},"type":"binary-expr","locations":[{"start":{"line":206,"column":25},"end":{"line":206,"column":42}},{"start":{"line":206,"column":46},"end":{"line":206,"column":59}}]},"41":{"loc":{"start":{"line":206,"column":70},"end":{"line":206,"column":81}},"type":"binary-expr","locations":[{"start":{"line":206,"column":70},"end":{"line":206,"column":75}},{"start":{"line":206,"column":79},"end":{"line":206,"column":81}}]},"42":{"loc":{"start":{"line":214,"column":17},"end":{"line":222,"column":null}},"type":"binary-expr","locations":[{"start":{"line":214,"column":17},"end":{"line":214,"column":36}},{"start":{"line":214,"column":40},"end":{"line":214,"column":54}},{"start":{"line":215,"column":18},"end":{"line":221,"column":null}}]},"43":{"loc":{"start":{"line":219,"column":32},"end":{"line":219,"column":80}},"type":"cond-expr","locations":[{"start":{"line":219,"column":47},"end":{"line":219,"column":62}},{"start":{"line":219,"column":65},"end":{"line":219,"column":80}}]},"44":{"loc":{"start":{"line":221,"column":21},"end":{"line":221,"column":62}},"type":"cond-expr","locations":[{"start":{"line":221,"column":36},"end":{"line":221,"column":50}},{"start":{"line":221,"column":53},"end":{"line":221,"column":62}}]},"45":{"loc":{"start":{"line":225,"column":15},"end":{"line":228,"column":null}},"type":"binary-expr","locations":[{"start":{"line":225,"column":15},"end":{"line":225,"column":20}},{"start":{"line":226,"column":16},"end":{"line":227,"column":null}}]},"46":{"loc":{"start":{"line":242,"column":9},"end":{"line":246,"column":null}},"type":"binary-expr","locations":[{"start":{"line":242,"column":9},"end":{"line":242,"column":14}},{"start":{"line":243,"column":10},"end":{"line":245,"column":null}}]},"47":{"loc":{"start":{"line":245,"column":13},"end":{"line":245,"column":69}},"type":"binary-expr","locations":[{"start":{"line":245,"column":13},"end":{"line":245,"column":21}},{"start":{"line":245,"column":25},"end":{"line":245,"column":69}}]}},"s":{"0":8,"1":8,"2":8,"3":8,"4":8,"5":8,"6":8,"7":8,"8":8,"9":8,"10":8,"11":729,"12":36,"13":0,"14":36,"15":6,"16":6,"17":6,"18":0,"19":0,"20":30,"21":1,"22":29,"23":0,"24":29,"25":1,"26":28,"27":36,"28":729,"29":2,"30":0,"31":2,"32":2,"33":2,"34":729,"35":729,"36":32,"37":11,"38":11,"39":14,"40":24,"41":113,"42":548,"43":729,"44":8},"f":{"0":729,"1":36,"2":2,"3":2,"4":729,"5":24},"b":{"0":[704],"1":[729],"2":[708],"3":[729],"4":[712],"5":[0,36],"6":[6,30],"7":[6,0],"8":[0,0],"9":[0,0],"10":[0,0],"11":[0,0],"12":[0,0],"13":[1,29],"14":[0,29],"15":[29,0],"16":[0,0],"17":[1,28],"18":[36,6],"19":[0,2],"20":[2,0],"21":[2,0],"22":[0,2],"23":[2,2],"24":[0,0],"25":[0,0],"26":[0,0],"27":[32,11,11,14,14,14,14,113,548],"28":[32,16],"29":[32,1],"30":[11,0],"31":[11,10],"32":[11,0],"33":[1,13],"34":[13,11],"35":[14,1],"36":[113,2],"37":[3,545],"38":[548,23],"39":[0,548],"40":[548,10],"41":[548,350],"42":[548,23,23],"43":[3,20],"44":[3,20],"45":[548,19],"46":[729,729],"47":[729,396]}}
,"D:\\new-bookadzone\\bookadzone-admin\\src\\components\\molecules\\Loader.tsx": {"path":"D:\\new-bookadzone\\bookadzone-admin\\src\\components\\molecules\\Loader.tsx","statementMap":{"0":{"start":{"line":1,"column":0},"end":{"line":1,"column":53}},"1":{"start":{"line":2,"column":0},"end":{"line":2,"column":34}},"2":{"start":{"line":11,"column":32},"end":{"line":91,"column":1}},"3":{"start":{"line":12,"column":19},"end":{"line":12,"column":33}},"4":{"start":{"line":14,"column":20},"end":{"line":20,"column":26}},"5":{"start":{"line":22,"column":2},"end":{"line":40,"column":48}},"6":{"start":{"line":25,"column":4},"end":{"line":35,"column":5}},"7":{"start":{"line":26,"column":6},"end":{"line":34,"column":19}},"8":{"start":{"line":27,"column":8},"end":{"line":30,"column":11}},"9":{"start":{"line":31,"column":8},"end":{"line":33,"column":16}},"10":{"start":{"line":32,"column":10},"end":{"line":32,"column":37}},"11":{"start":{"line":36,"column":4},"end":{"line":39,"column":6}},"12":{"start":{"line":37,"column":6},"end":{"line":37,"column":37}},"13":{"start":{"line":37,"column":17},"end":{"line":37,"column":37}},"14":{"start":{"line":38,"column":6},"end":{"line":38,"column":53}},"15":{"start":{"line":38,"column":25},"end":{"line":38,"column":53}},"16":{"start":{"line":42,"column":60},"end":{"line":49,"column":null}},"17":{"start":{"line":43,"column":4},"end":{"line":48,"column":null}},"18":{"start":{"line":52,"column":86},"end":{"line":57,"column":null}},"19":{"start":{"line":53,"column":4},"end":{"line":56,"column":null}},"20":{"start":{"line":55,"column":8},"end":{"line":55,"column":30}},"21":{"start":{"line":60,"column":2},"end":{"line":90,"column":4}},"22":{"start":{"line":76,"column":10},"end":{"line":77,"column":null}},"23":{"start":{"line":93,"column":0},"end":{"line":93,"column":22}}},"fnMap":{"0":{"name":"(anonymous_0)","decl":{"start":{"line":11,"column":32},"end":{"line":11,"column":33}},"loc":{"start":{"line":11,"column":84},"end":{"line":91,"column":1}}},"1":{"name":"(anonymous_1)","decl":{"start":{"line":22,"column":12},"end":{"line":22,"column":15}},"loc":{"start":{"line":22,"column":17},"end":{"line":40,"column":3}}},"2":{"name":"(anonymous_2)","decl":{"start":{"line":26,"column":25},"end":{"line":26,"column":28}},"loc":{"start":{"line":26,"column":30},"end":{"line":34,"column":7}}},"3":{"name":"(anonymous_3)","decl":{"start":{"line":31,"column":35},"end":{"line":31,"column":38}},"loc":{"start":{"line":31,"column":40},"end":{"line":33,"column":9}}},"4":{"name":"(anonymous_4)","decl":{"start":{"line":36,"column":11},"end":{"line":36,"column":14}},"loc":{"start":{"line":36,"column":16},"end":{"line":39,"column":5}}},"5":{"name":"(anonymous_5)","decl":{"start":{"line":42,"column":60},"end":{"line":42,"column":61}},"loc":{"start":{"line":43,"column":4},"end":{"line":48,"column":null}}},"6":{"name":"(anonymous_6)","decl":{"start":{"line":52,"column":86},"end":{"line":52,"column":87}},"loc":{"start":{"line":53,"column":4},"end":{"line":56,"column":null}}},"7":{"name":"(anonymous_7)","decl":{"start":{"line":54,"column":26},"end":{"line":54,"column":27}},"loc":{"start":{"line":55,"column":8},"end":{"line":55,"column":30}}},"8":{"name":"(anonymous_8)","decl":{"start":{"line":75,"column":47},"end":{"line":75,"column":48}},"loc":{"start":{"line":76,"column":10},"end":{"line":77,"column":null}}}},"branchMap":{"0":{"loc":{"start":{"line":11,"column":35},"end":{"line":11,"column":49}},"type":"default-arg","locations":[{"start":{"line":11,"column":45},"end":{"line":11,"column":49}}]},"1":{"loc":{"start":{"line":11,"column":63},"end":{"line":11,"column":78}},"type":"default-arg","locations":[{"start":{"line":11,"column":74},"end":{"line":11,"column":78}}]},"2":{"loc":{"start":{"line":14,"column":20},"end":{"line":20,"column":26}},"type":"cond-expr","locations":[{"start":{"line":15,"column":6},"end":{"line":19,"column":null}},{"start":{"line":20,"column":6},"end":{"line":20,"column":26}}]},"3":{"loc":{"start":{"line":25,"column":4},"end":{"line":35,"column":5}},"type":"if","locations":[{"start":{"line":25,"column":4},"end":{"line":35,"column":5}},{"start":{},"end":{}}]},"4":{"loc":{"start":{"line":32,"column":10},"end":{"line":32,"column":36}},"type":"binary-expr","locations":[{"start":{"line":32,"column":10},"end":{"line":32,"column":20}},{"start":{"line":32,"column":24},"end":{"line":32,"column":36}}]},"5":{"loc":{"start":{"line":37,"column":6},"end":{"line":37,"column":37}},"type":"if","locations":[{"start":{"line":37,"column":6},"end":{"line":37,"column":37}},{"start":{},"end":{}}]},"6":{"loc":{"start":{"line":38,"column":6},"end":{"line":38,"column":53}},"type":"if","locations":[{"start":{"line":38,"column":6},"end":{"line":38,"column":53}},{"start":{},"end":{}}]},"7":{"loc":{"start":{"line":52,"column":95},"end":{"line":52,"column":109}},"type":"default-arg","locations":[{"start":{"line":52,"column":107},"end":{"line":52,"column":109}}]},"8":{"loc":{"start":{"line":52,"column":111},"end":{"line":52,"column":125}},"type":"default-arg","locations":[{"start":{"line":52,"column":124},"end":{"line":52,"column":125}}]},"9":{"loc":{"start":{"line":80,"column":14},"end":{"line":82,"column":38}},"type":"cond-expr","locations":[{"start":{"line":81,"column":18},"end":{"line":81,"column":76}},{"start":{"line":82,"column":18},"end":{"line":82,"column":38}}]}},"s":{"0":1,"1":1,"2":1,"3":2,"4":2,"5":2,"6":2,"7":2,"8":0,"9":0,"10":0,"11":2,"12":2,"13":2,"14":2,"15":0,"16":2,"17":22,"18":2,"19":4,"20":22,"21":2,"22":6,"23":1},"f":{"0":2,"1":2,"2":0,"3":0,"4":2,"5":22,"6":4,"7":22,"8":6},"b":{"0":[2],"1":[2],"2":[2,0],"3":[2,0],"4":[0,0],"5":[2,0],"6":[0,2],"7":[2],"8":[2],"9":[6,0]}}
,"D:\\new-bookadzone\\bookadzone-admin\\src\\components\\molecules\\NotificationDropdown.tsx": {"path":"D:\\new-bookadzone\\bookadzone-admin\\src\\components\\molecules\\NotificationDropdown.tsx","statementMap":{"0":{"start":{"line":1,"column":0},"end":{"line":1,"column":59}},"1":{"start":{"line":2,"column":0},"end":{"line":2,"column":41}},"2":{"start":{"line":3,"column":0},"end":{"line":3,"column":64}},"3":{"start":{"line":4,"column":0},"end":{"line":4,"column":53}},"4":{"start":{"line":5,"column":0},"end":{"line":5,"column":42}},"5":{"start":{"line":6,"column":0},"end":{"line":6,"column":40}},"6":{"start":{"line":7,"column":0},"end":{"line":7,"column":39}},"7":{"start":{"line":19,"column":38},"end":{"line":56,"column":2}},"8":{"start":{"line":58,"column":39},"end":{"line":108,"column":1}},"9":{"start":{"line":59,"column":26},"end":{"line":59,"column":50}},"10":{"start":{"line":60,"column":19},"end":{"line":60,"column":47}},"11":{"start":{"line":62,"column":2},"end":{"line":70,"column":9}},"12":{"start":{"line":63,"column":31},"end":{"line":67,"column":5}},"13":{"start":{"line":64,"column":6},"end":{"line":66,"column":7}},"14":{"start":{"line":65,"column":8},"end":{"line":65,"column":23}},"15":{"start":{"line":68,"column":4},"end":{"line":68,"column":63}},"16":{"start":{"line":69,"column":4},"end":{"line":69,"column":79}},"17":{"start":{"line":69,"column":17},"end":{"line":69,"column":78}},"18":{"start":{"line":72,"column":2},"end":{"line":107,"column":4}},"19":{"start":{"line":74,"column":69},"end":{"line":74,"column":93}},"20":{"start":{"line":74,"column":87},"end":{"line":74,"column":92}},"21":{"start":{"line":77,"column":37},"end":{"line":77,"column":45}},"22":{"start":{"line":96,"column":14},"end":{"line":96,"column":47}},"23":{"start":{"line":110,"column":0},"end":{"line":110,"column":36}}},"fnMap":{"0":{"name":"(anonymous_1)","decl":{"start":{"line":58,"column":39},"end":{"line":58,"column":42}},"loc":{"start":{"line":58,"column":44},"end":{"line":108,"column":1}}},"1":{"name":"(anonymous_2)","decl":{"start":{"line":62,"column":12},"end":{"line":62,"column":15}},"loc":{"start":{"line":62,"column":17},"end":{"line":70,"column":3}}},"2":{"name":"(anonymous_3)","decl":{"start":{"line":63,"column":31},"end":{"line":63,"column":32}},"loc":{"start":{"line":63,"column":53},"end":{"line":67,"column":5}}},"3":{"name":"(anonymous_4)","decl":{"start":{"line":69,"column":11},"end":{"line":69,"column":14}},"loc":{"start":{"line":69,"column":17},"end":{"line":69,"column":78}}},"4":{"name":"(anonymous_5)","decl":{"start":{"line":74,"column":63},"end":{"line":74,"column":66}},"loc":{"start":{"line":74,"column":69},"end":{"line":74,"column":93}}},"5":{"name":"(anonymous_6)","decl":{"start":{"line":74,"column":77},"end":{"line":74,"column":78}},"loc":{"start":{"line":74,"column":87},"end":{"line":74,"column":92}}},"6":{"name":"(anonymous_7)","decl":{"start":{"line":77,"column":32},"end":{"line":77,"column":33}},"loc":{"start":{"line":77,"column":37},"end":{"line":77,"column":45}}},"7":{"name":"(anonymous_8)","decl":{"start":{"line":95,"column":31},"end":{"line":95,"column":32}},"loc":{"start":{"line":96,"column":14},"end":{"line":96,"column":47}}}},"branchMap":{"0":{"loc":{"start":{"line":64,"column":6},"end":{"line":66,"column":7}},"type":"if","locations":[{"start":{"line":64,"column":6},"end":{"line":66,"column":7}},{"start":{},"end":{}}]},"1":{"loc":{"start":{"line":64,"column":10},"end":{"line":64,"column":78}},"type":"binary-expr","locations":[{"start":{"line":64,"column":10},"end":{"line":64,"column":26}},{"start":{"line":64,"column":30},"end":{"line":64,"column":78}}]},"2":{"loc":{"start":{"line":80,"column":7},"end":{"line":104,"column":null}},"type":"binary-expr","locations":[{"start":{"line":80,"column":7},"end":{"line":80,"column":11}},{"start":{"line":81,"column":8},"end":{"line":103,"column":null}}]}},"s":{"0":1,"1":1,"2":1,"3":1,"4":1,"5":1,"6":1,"7":1,"8":1,"9":3,"10":3,"11":3,"12":2,"13":0,"14":0,"15":2,"16":2,"17":2,"18":3,"19":1,"20":1,"21":12,"22":4,"23":1},"f":{"0":3,"1":2,"2":0,"3":2,"4":1,"5":1,"6":12,"7":4},"b":{"0":[0,0],"1":[0,0],"2":[3,1]}}
,"D:\\new-bookadzone\\bookadzone-admin\\src\\components\\molecules\\PageHeader.tsx": {"path":"D:\\new-bookadzone\\bookadzone-admin\\src\\components\\molecules\\PageHeader.tsx","statementMap":{"0":{"start":{"line":2,"column":0},"end":{"line":2,"column":39}},"1":{"start":{"line":9,"column":46},"end":{"line":32,"column":null}},"2":{"start":{"line":10,"column":2},"end":{"line":31,"column":null}},"3":{"start":{"line":35,"column":0},"end":{"line":35,"column":26}}},"fnMap":{"0":{"name":"(anonymous_0)","decl":{"start":{"line":9,"column":46},"end":{"line":9,"column":47}},"loc":{"start":{"line":10,"column":2},"end":{"line":31,"column":null}}}},"branchMap":{},"s":{"0":1,"1":1,"2":1,"3":1},"f":{"0":1},"b":{}}
,"D:\\new-bookadzone\\bookadzone-admin\\src\\components\\molecules\\ProfileDropdown.tsx": {"path":"D:\\new-bookadzone\\bookadzone-admin\\src\\components\\molecules\\ProfileDropdown.tsx","statementMap":{"0":{"start":{"line":1,"column":0},"end":{"line":1,"column":59}},"1":{"start":{"line":2,"column":0},"end":{"line":2,"column":41}},"2":{"start":{"line":3,"column":0},"end":{"line":3,"column":48}},"3":{"start":{"line":4,"column":0},"end":{"line":4,"column":40}},"4":{"start":{"line":5,"column":0},"end":{"line":5,"column":39}},"5":{"start":{"line":7,"column":34},"end":{"line":52,"column":1}},"6":{"start":{"line":8,"column":40},"end":{"line":8,"column":64}},"7":{"start":{"line":9,"column":21},"end":{"line":9,"column":49}},"8":{"start":{"line":11,"column":2},"end":{"line":19,"column":9}},"9":{"start":{"line":12,"column":31},"end":{"line":16,"column":5}},"10":{"start":{"line":13,"column":6},"end":{"line":15,"column":7}},"11":{"start":{"line":14,"column":8},"end":{"line":14,"column":30}},"12":{"start":{"line":17,"column":4},"end":{"line":17,"column":63}},"13":{"start":{"line":18,"column":4},"end":{"line":18,"column":79}},"14":{"start":{"line":18,"column":17},"end":{"line":18,"column":78}},"15":{"start":{"line":21,"column":2},"end":{"line":51,"column":4}},"16":{"start":{"line":23,"column":80},"end":{"line":23,"column":111}},"17":{"start":{"line":23,"column":105},"end":{"line":23,"column":110}},"18":{"start":{"line":54,"column":0},"end":{"line":54,"column":31}}},"fnMap":{"0":{"name":"(anonymous_1)","decl":{"start":{"line":7,"column":34},"end":{"line":7,"column":37}},"loc":{"start":{"line":7,"column":39},"end":{"line":52,"column":1}}},"1":{"name":"(anonymous_2)","decl":{"start":{"line":11,"column":12},"end":{"line":11,"column":15}},"loc":{"start":{"line":11,"column":17},"end":{"line":19,"column":3}}},"2":{"name":"(anonymous_3)","decl":{"start":{"line":12,"column":31},"end":{"line":12,"column":32}},"loc":{"start":{"line":12,"column":53},"end":{"line":16,"column":5}}},"3":{"name":"(anonymous_4)","decl":{"start":{"line":18,"column":11},"end":{"line":18,"column":14}},"loc":{"start":{"line":18,"column":17},"end":{"line":18,"column":78}}},"4":{"name":"(anonymous_5)","decl":{"start":{"line":23,"column":74},"end":{"line":23,"column":77}},"loc":{"start":{"line":23,"column":80},"end":{"line":23,"column":111}}},"5":{"name":"(anonymous_6)","decl":{"start":{"line":23,"column":95},"end":{"line":23,"column":96}},"loc":{"start":{"line":23,"column":105},"end":{"line":23,"column":110}}},"6":{"name":"(anonymous_7)","decl":{"start":{"line":44,"column":21},"end":{"line":44,"column":24}},"loc":{"start":{"line":44,"column":26},"end":{"line":44,"column":29}}}},"branchMap":{"0":{"loc":{"start":{"line":13,"column":6},"end":{"line":15,"column":7}},"type":"if","locations":[{"start":{"line":13,"column":6},"end":{"line":15,"column":7}},{"start":{},"end":{}}]},"1":{"loc":{"start":{"line":13,"column":10},"end":{"line":13,"column":82}},"type":"binary-expr","locations":[{"start":{"line":13,"column":10},"end":{"line":13,"column":28}},{"start":{"line":13,"column":32},"end":{"line":13,"column":82}}]},"2":{"loc":{"start":{"line":32,"column":7},"end":{"line":48,"column":null}},"type":"binary-expr","locations":[{"start":{"line":32,"column":7},"end":{"line":32,"column":18}},{"start":{"line":33,"column":8},"end":{"line":47,"column":null}}]}},"s":{"0":1,"1":1,"2":1,"3":1,"4":1,"5":1,"6":3,"7":3,"8":3,"9":2,"10":0,"11":0,"12":2,"13":2,"14":2,"15":3,"16":1,"17":1,"18":1},"f":{"0":3,"1":2,"2":0,"3":2,"4":1,"5":1,"6":0},"b":{"0":[0,0],"1":[0,0],"2":[3,1]}}
[...]
,"column":32}},"loc":{"start":{"line":22,"column":36},"end":{"line":22,"column":83}}},"5":{"name":"(anonymous_5)","decl":{"start":{"line":30,"column":2},"end":{"line":30,"column":8}},"loc":{"start":{"line":30,"column":45},"end":{"line":36,"column":3}}},"6":{"name":"(anonymous_6)","decl":{"start":{"line":38,"column":2},"end":{"line":38,"column":8}},"loc":{"start":{"line":38,"column":60},"end":{"line":44,"column":3}}},"7":{"name":"(anonymous_7)","decl":{"start":{"line":46,"column":2},"end":{"line":46,"column":8}},"loc":{"start":{"line":46,"column":60},"end":{"line":52,"column":3}}},"8":{"name":"(anonymous_8)","decl":{"start":{"line":54,"column":2},"end":{"line":54,"column":8}},"loc":{"start":{"line":54,"column":47},"end":{"line":61,"column":3}}},"9":{"name":"(anonymous_9)","decl":{"start":{"line":63,"column":2},"end":{"line":63,"column":8}},"loc":{"start":{"line":63,"column":50},"end":{"line":73,"column":3}}},"10":{"name":"(anonymous_10)","decl":{"start":{"line":75,"column":2},"end":{"line":75,"column":8}},"loc":{"start":{"line":75,"column":71},"end":{"line":81,"column":3}}},"11":{"name":"(anonymous_11)","decl":{"start":{"line":83,"column":2},"end":{"line":83,"column":8}},"loc":{"start":{"line":83,"column":56},"end":{"line":89,"column":3}}},"12":{"name":"(anonymous_12)","decl":{"start":{"line":91,"column":2},"end":{"line":91,"column":8}},"loc":{"start":{"line":91,"column":51},"end":{"line":93,"column":3}}},"13":{"name":"(anonymous_13)","decl":{"start":{"line":92,"column":24},"end":{"line":92,"column":25}},"loc":{"start":{"line":92,"column":61},"end":{"line":92,"column":75}}}},"branchMap":{"0":{"loc":{"start":{"line":9,"column":4},"end":{"line":9,"column":29}},"type":"if","locations":[{"start":{"line":9,"column":4},"end":{"line":9,"column":29}},{"start":{},"end":{}}]},"1":{"loc":{"start":{"line":14,"column":4},"end":{"line":14,"column":28}},"type":"if","locations":[{"start":{"line":14,"column":4},"end":{"line":14,"column":28}},{"start":{},"end":{}}]},"2":{"loc":{"start":{"line":16,"column":4},"end":{"line":27,"column":5}},"type":"if","locations":[{"start":{"line":16,"column":4},"end":{"line":27,"column":5}},{"start":{},"end":{}}]},"3":{"loc":{"start":{"line":19,"column":6},"end":{"line":21,"column":7}},"type":"if","locations":[{"start":{"line":19,"column":6},"end":{"line":21,"column":7}},{"start":{},"end":{}}]},"4":{"loc":{"start":{"line":19,"column":36},"end":{"line":19,"column":120}},"type":"binary-expr","locations":[{"start":{"line":19,"column":36},"end":{"line":19,"column":53}},{"start":{"line":19,"column":58},"end":{"line":19,"column":77}},{"start":{"line":19,"column":81},"end":{"line":19,"column":119}}]},"5":{"loc":{"start":{"line":22,"column":6},"end":{"line":24,"column":7}},"type":"if","locations":[{"start":{"line":22,"column":6},"end":{"line":24,"column":7}},{"start":{},"end":{}}]},"6":{"loc":{"start":{"line":22,"column":36},"end":{"line":22,"column":83}},"type":"binary-expr","locations":[{"start":{"line":22,"column":36},"end":{"line":22,"column":56}},{"start":{"line":22,"column":60},"end":{"line":22,"column":83}}]},"7":{"loc":{"start":{"line":31,"column":4},"end":{"line":34,"column":5}},"type":"if","locations":[{"start":{"line":31,"column":4},"end":{"line":34,"column":5}},{"start":{},"end":{}}]},"8":{"loc":{"start":{"line":31,"column":8},"end":{"line":31,"column":99}},"type":"binary-expr","locations":[{"start":{"line":31,"column":8},"end":{"line":31,"column":22}},{"start":{"line":31,"column":26},"end":{"line":31,"column":45}},{"start":{"line":31,"column":50},"end":{"line":31,"column":75}},{"start":{"line":31,"column":79},"end":{"line":31,"column":98}}]},"9":{"loc":{"start":{"line":39,"column":4},"end":{"line":42,"column":5}},"type":"if","locations":[{"start":{"line":39,"column":4},"end":{"line":42,"column":5}},{"start":{},"end":{}}]},"10":{"loc":{"start":{"line":39,"column":8},"end":{"line":39,"column":62}},"type":"binary-expr","locations":[{"start":{"line":39,"column":8},"end":{"line":39,"column":33}},{"start":{"line":39,"column":37},"end":{"line":39,"column":62}}]},"11":{"loc":{"start":{"line":47,"column":4},"end":{"line":50,"column":5}},"type":"if","locations":[{"start":{"line":47,"column":4},"end":{"line":50,"column":5}},{"start":{},"end":{}}]},"12":{"loc":{"start":{"line":47,"column":8},"end":{"line":47,"column":62}},"type":"binary-expr","locations":[{"start":{"line":47,"column":8},"end":{"line":47,"column":33}},{"start":{"line":47,"column":37},"end":{"line":47,"column":62}}]},"13":{"loc":{"start":{"line":56,"column":4},"end":{"line":59,"column":5}},"type":"if","locations":[{"start":{"line":56,"column":4},"end":{"line":59,"column":5}},{"start":{},"end":{}}]},"14":{"loc":{"start":{"line":56,"column":8},"end":{"line":56,"column":60}},"type":"binary-expr","locations":[{"start":{"line":56,"column":8},"end":{"line":56,"column":33}},{"start":{"line":56,"column":37},"end":{"line":56,"column":60}}]},"15":{"loc":{"start":{"line":65,"column":4},"end":{"line":71,"column":5}},"type":"if","locations":[{"start":{"line":65,"column":4},"end":{"line":71,"column":5}},{"start":{},"end":{}}]},"16":{"loc":{"start":{"line":65,"column":8},"end":{"line":65,"column":63}},"type":"binary-expr","locations":[{"start":{"line":65,"column":8},"end":{"line":65,"column":33}},{"start":{"line":65,"column":37},"end":{"line":65,"column":63}}]},"17":{"loc":{"start":{"line":76,"column":4},"end":{"line":79,"column":5}},"type":"if","locations":[{"start":{"line":76,"column":4},"end":{"line":79,"column":5}},{"start":{},"end":{}}]},"18":{"loc":{"start":{"line":76,"column":8},"end":{"line":76,"column":61}},"type":"binary-expr","locations":[{"start":{"line":76,"column":8},"end":{"line":76,"column":27}},{"start":{"line":76,"column":31},"end":{"line":76,"column":61}}]},"19":{"loc":{"start":{"line":84,"column":4},"end":{"line":87,"column":5}},"type":"if","locations":[{"start":{"line":84,"column":4},"end":{"line":87,"column":5}},{"start":{},"end":{}}]},"20":{"loc":{"start":{"line":84,"column":8},"end":{"line":84,"column":64}},"type":"binary-expr","locations":[{"start":{"line":84,"column":8},"end":{"line":84,"column":33}},{"start":{"line":84,"column":37},"end":{"line":84,"column":49}},{"start":{"line":84,"column":53},"end":{"line":84,"column":64}}]}},"s":{"0":86,"1":0,"2":86,"3":12,"4":0,"5":12,"6":12,"7":12,"8":12,"9":12,"10":12,"11":12,"12":12,"13":0,"14":0,"15":0,"16":0,"17":0,"18":0,"19":209,"20":84,"21":84,"22":125,"23":32,"24":1,"25":1,"26":31,"27":12,"28":0,"29":0,"30":12,"31":7,"32":7,"33":0,"34":0,"35":7,"36":2,"37":2,"38":1,"39":1,"40":1,"41":6,"42":0,"43":0,"44":6,"45":9,"46":0,"47":0,"48":9,"49":29,"50":96,"51":9,"52":9},"f":{"0":86,"1":12,"2":12,"3":12,"4":0,"5":209,"6":32,"7":12,"8":7,"9":2,"10":6,"11":9,"12":29,"13":96},"b":{"0":[0,86],"1":[0,12],"2":[12,0],"3":[12,0],"4":[12,12,12],"5":[0,0],"6":[0,0],"7":[84,125],"8":[209,209,128,107],"9":[1,31],"10":[32,32],"11":[0,12],"12":[12,12],"13":[0,7],"14":[7,7],"15":[1,1],"16":[2,2],"17":[0,6],"18":[6,6],"19":[0,9],"20":[9,9,9]}}
,"D:\\new-bookadzone\\bookadzone-admin\\src\\components\\utils\\auth\\expirationCheck.ts": {"path":"D:\\new-bookadzone\\bookadzone-admin\\src\\components\\utils\\auth\\expirationCheck.ts","statementMap":{"0":{"start":{"line":1,"column":0},"end":{"line":1,"column":55}},"1":{"start":{"line":3,"column":33},"end":{"line":3,"column":37}},"2":{"start":{"line":6,"column":36},"end":{"line":14,"column":1}},"3":{"start":{"line":8,"column":16},"end":{"line":8,"column":45}},"4":{"start":{"line":9,"column":2},"end":{"line":9,"column":21}},"5":{"start":{"line":9,"column":14},"end":{"line":9,"column":21}},"6":{"start":{"line":10,"column":2},"end":{"line":10,"column":53}},"7":{"start":{"line":10,"column":19},"end":{"line":10,"column":53}},"8":{"start":{"line":11,"column":2},"end":{"line":13,"column":12}},"9":{"start":{"line":12,"column":4},"end":{"line":12,"column":25}},"10":{"start":{"line":6,"column":13},"end":{"line":6,"column":36}},"11":{"start":{"line":16,"column":35},"end":{"line":19,"column":1}},"12":{"start":{"line":17,"column":2},"end":{"line":17,"column":53}},"13":{"start":{"line":17,"column":19},"end":{"line":17,"column":53}},"14":{"start":{"line":18,"column":2},"end":{"line":18,"column":21}},"15":{"start":{"line":16,"column":13},"end":{"line":16,"column":35}}},"fnMap":{"0":{"name":"(anonymous_0)","decl":{"start":{"line":6,"column":36},"end":{"line":6,"column":39}},"loc":{"start":{"line":6,"column":41},"end":{"line":14,"column":1}}},"1":{"name":"(anonymous_1)","decl":{"start":{"line":11,"column":35},"end":{"line":11,"column":38}},"loc":{"start":{"line":11,"column":40},"end":{"line":13,"column":3}}},"2":{"name":"(anonymous_2)","decl":{"start":{"line":16,"column":35},"end":{"line":16,"column":38}},"loc":{"start":{"line":16,"column":40},"end":{"line":19,"column":1}}}},"branchMap":{"0":{"loc":{"start":{"line":9,"column":2},"end":{"line":9,"column":21}},"type":"if","locations":[{"start":{"line":9,"column":2},"end":{"line":9,"column":21}},{"start":{},"end":{}}]},"1":{"loc":{"start":{"line":10,"column":2},"end":{"line":10,"column":53}},"type":"if","locations":[{"start":{"line":10,"column":2},"end":{"line":10,"column":53}},{"start":{},"end":{}}]},"2":{"loc":{"start":{"line":17,"column":2},"end":{"line":17,"column":53}},"type":"if","locations":[{"start":{"line":17,"column":2},"end":{"line":17,"column":53}},{"start":{},"end":{}}]}},"s":{"0":2,"1":2,"2":2,"3":2,"4":2,"5":0,"6":2,"7":1,"8":2,"9":0,"10":2,"11":2,"12":1,"13":1,"14":1,"15":2},"f":{"0":2,"1":0,"2":1},"b":{"0":[0,2],"1":[1,1],"2":[1,0]}}
,"D:\\new-bookadzone\\bookadzone-admin\\src\\components\\utils\\auth\\tokenValidation.ts": {"path":"D:\\new-bookadzone\\bookadzone-admin\\src\\components\\utils\\auth\\tokenValidation.ts","statementMap":{"0":{"start":{"line":1,"column":0},"end":{"line":1,"column":26}},"1":{"start":{"line":2,"column":0},"end":{"line":2,"column":31}},"2":{"start":{"line":3,"column":0},"end":{"line":3,"column":44}},"3":{"start":{"line":5,"column":0},"end":{"line":5,"column":41}},"4":{"start":{"line":7,"column":16},"end":{"line":7,"column":27}},"5":{"start":{"line":9,"column":34},"end":{"line":97,"column":1}},"6":{"start":{"line":10,"column":2},"end":{"line":96,"column":3}},"7":{"start":{"line":11,"column":18},"end":{"line":11,"column":47}},"8":{"start":{"line":12,"column":25},"end":{"line":12,"column":60}},"9":{"start":{"line":14,"column":4},"end":{"line":85,"column":5}},"10":{"start":{"line":15,"column":25},"end":{"line":15,"column":51}},"11":{"start":{"line":16,"column":18},"end":{"line":16,"column":28}},"12":{"start":{"line":18,"column":6},"end":{"line":25,"column":7}},"13":{"start":{"line":20,"column":8},"end":{"line":20,"column":41}},"14":{"start":{"line":21,"column":8},"end":{"line":21,"column":47}},"15":{"start":{"line":22,"column":8},"end":{"line":22,"column":62}},"16":{"start":{"line":23,"column":8},"end":{"line":23,"column":40}},"17":{"start":{"line":24,"column":8},"end":{"line":24,"column":21}},"18":{"start":{"line":28,"column":6},"end":{"line":82,"column":7}},"19":{"start":{"line":29,"column":8},"end":{"line":81,"column":11}},"20":{"start":{"line":39,"column":10},"end":{"line":80,"column":11}},"21":{"start":{"line":40,"column":12},"end":{"line":74,"column":17}},"22":{"start":{"line":51,"column":67},"end":{"line":51,"column":127}},"23":{"start":{"line":52,"column":38},"end":{"line":52,"column":76}},"24":{"start":{"line":53,"column":16},"end":{"line":53,"column":56}},"25":{"start":{"line":54,"column":16},"end":{"line":54,"column":78}},"26":{"start":{"line":55,"column":16},"end":{"line":55,"column":86}},"27":{"start":{"line":56,"column":16},"end":{"line":61,"column":19}},"28":{"start":{"line":64,"column":16},"end":{"line":64,"column":49}},"29":{"start":{"line":65,"column":16},"end":{"line":65,"column":55}},"30":{"start":{"line":66,"column":16},"end":{"line":66,"column":70}},"31":{"start":{"line":67,"column":16},"end":{"line":72,"column":19}},"32":{"start":{"line":73,"column":16},"end":{"line":73,"column":48}},"33":{"start":{"line":76,"column":12},"end":{"line":76,"column":45}},"34":{"start":{"line":77,"column":12},"end":{"line":77,"column":51}},"35":{"start":{"line":78,"column":12},"end":{"line":78,"column":66}},"36":{"start":{"line":79,"column":12},"end":{"line":79,"column":44}},"37":{"start":{"line":84,"column":6},"end":{"line":84,"column":18}},"38":{"start":{"line":88,"column":4},"end":{"line":88,"column":17}},"39":{"start":{"line":91,"column":4},"end":{"line":91,"column":37}},"40":{"start":{"line":92,"column":4},"end":{"line":92,"column":43}},"41":{"start":{"line":93,"column":4},"end":{"line":93,"column":58}},"42":{"start":{"line":94,"column":4},"end":{"line":94,"column":36}},"43":{"start":{"line":95,"column":4},"end":{"line":95,"column":17}},"44":{"start":{"line":9,"column":13},"end":{"line":9,"column":34}}},"fnMap":{"0":{"name":"(anonymous_1)","decl":{"start":{"line":9,"column":34},"end":{"line":9,"column":46}},"loc":{"start":{"line":9,"column":48},"end":{"line":97,"column":1}}},"1":{"name":"(anonymous_2)","decl":{"start":{"line":38,"column":16},"end":{"line":38,"column":17}},"loc":{"start":{"line":38,"column":27},"end":{"line":81,"column":9}}},"2":{"name":"(anonymous_3)","decl":{"start":{"line":50,"column":20},"end":{"line":50,"column":21}},"loc":{"start":{"line":50,"column":28},"end":{"line":62,"column":15}}},"3":{"name":"(anonymous_4)","decl":{"start":{"line":63,"column":21},"end":{"line":63,"column":24}},"loc":{"start":{"line":63,"column":26},"end":{"line":74,"column":15}}}},"branchMap":{"0":{"loc":{"start":{"line":14,"column":4},"end":{"line":85,"column":5}},"type":"if","locations":[{"start":{"line":14,"column":4},"end":{"line":85,"column":5}},{"start":{},"end":{}}]},"1":{"loc":{"start":{"line":14,"column":8},"end":{"line":14,"column":29}},"type":"binary-expr","locations":[{"start":{"line":14,"column":8},"end":{"line":14,"column":13}},{"start":{"line":14,"column":17},"end":{"line":14,"column":29}}]},"2":{"loc":{"start":{"line":18,"column":6},"end":{"line":25,"column":7}},"type":"if","locations":[{"start":{"line":18,"column":6},"end":{"line":25,"column":7}},{"start":{},"end":{}}]},"3":{"loc":{"start":{"line":28,"column":6},"end":{"line":82,"column":7}},"type":"if","locations":[{"start":{"line":28,"column":6},"end":{"line":82,"column":7}},{"start":{},"end":{}}]},"4":{"loc":{"start":{"line":39,"column":10},"end":{"line":80,"column":11}},"type":"if","locations":[{"start":{"line":39,"column":10},"end":{"line":80,"column":11}},{"start":{"line":75,"column":17},"end":{"line":80,"column":11}}]}},"s":{"0":3,"1":3,"2":3,"3":3,"4":3,"5":3,"6":7,"7":7,"8":7,"9":6,"10":5,"11":5,"12":5,"13":2,"14":2,"15":2,"16":2,"17":2,"18":3,"19":2,"20":2,"21":1,"22":1,"23":1,"24":1,"25":1,"26":1,"27":1,"28":0,"29":0,"30":0,"31":0,"32":0,"33":1,"34":1,"35":1,"36":1,"37":3,"38":1,"39":1,"40":1,"41":1,"42":1,"43":1,"44":3},"f":{"0":7,"1":2,"2":1,"3":0},"b":{"0":[5,1],"1":[6,5],"2":[2,3],"3":[2,1],"4":[1,1]}}
,"D:\\new-bookadzone\\bookadzone-admin\\src\\components\\utils\\auth\\utils.ts": {"path":"D:\\new-bookadzone\\bookadzone-admin\\src\\components\\utils\\auth\\utils.ts","statementMap":{"0":{"start":{"line":1,"column":0},"end":{"line":1,"column":16}},"1":{"start":{"line":2,"column":14},"end":{"line":2,"column":33}},"2":{"start":{"line":3,"column":2},"end":{"line":5,"column":3}},"3":{"start":{"line":4,"column":4},"end":{"line":4,"column":62}},"4":{"start":{"line":6,"column":15},"end":{"line":6,"column":34}},"5":{"start":{"line":7,"column":49},"end":{"line":12,"column":4}},"6":{"start":{"line":13,"column":21},"end":{"line":13,"column":46}},"7":{"start":{"line":14,"column":2},"end":{"line":14,"column":26}}},"fnMap":{"0":{"name":"parseExpiresIn","decl":{"start":{"line":1,"column":16},"end":{"line":1,"column":30}},"loc":{"start":{"line":1,"column":48},"end":{"line":15,"column":1}}}},"branchMap":{"0":{"loc":{"start":{"line":3,"column":2},"end":{"line":5,"column":3}},"type":"if","locations":[{"start":{"line":3,"column":2},"end":{"line":5,"column":3}},{"start":{},"end":{}}]},"1":{"loc":{"start":{"line":13,"column":21},"end":{"line":13,"column":46}},"type":"binary-expr","locations":[{"start":{"line":13,"column":21},"end":{"line":13,"column":38}},{"start":{"line":13,"column":42},"end":{"line":13,"column":46}}]}},"s":{"0":4,"1":3,"2":3,"3":0,"4":3,"5":3,"6":3,"7":3},"f":{"0":3},"b":{"0":[0,3],"1":[3,1]}}
,"D:\\new-bookadzone\\bookadzone-admin\\src\\components\\utils\\fields\\aboutBannerTabsConfig.ts": {"path":"D:\\new-bookadzone\\bookadzone-admin\\src\\components\\utils\\fields\\aboutBannerTabsConfig.ts","statementMap":{"0":{"start":{"line":1,"column":13},"end":{"line":11,"column":2}},"1":{"start":{"line":12,"column":13},"end":{"line":16,"column":2}},"2":{"start":{"line":17,"column":13},"end":{"line":21,"column":2}},"3":{"start":{"line":23,"column":13},"end":{"line":27,"column":2}},"4":{"start":{"line":29,"column":13},"end":{"line":32,"column":2}},"5":{"start":{"line":34,"column":13},"end":{"line":37,"column":2}},"6":{"start":{"line":39,"column":13},"end":{"line":48,"column":2}}},"fnMap":{},"branchMap":{},"s":{"0":1,"1":1,"2":1,"3":1,"4":1,"5":1,"6":1},"f":{},"b":{}}
,"D:\\new-bookadzone\\bookadzone-admin\\src\\components\\utils\\fields\\configFields.ts": {"path":"D:\\new-bookadzone\\bookadzone-admin\\src\\components\\utils\\fields\\configFields.ts","statementMap":{"0":{"start":{"line":3,"column":13},"end":{"line":18,"column":2}},"1":{"start":{"line":21,"column":13},"end":{"line":24,"column":2}}},"fnMap":{},"branchMap":{},"s":{"0":1,"1":1},"f":{},"b":{}}
,"D:\\new-bookadzone\\bookadzone-admin\\src\\components\\utils\\fields\\contactInfoFields.ts": {"path":"D:\\new-bookadzone\\bookadzone-admin\\src\\components\\utils\\fields\\contactInfoFields.ts","statementMap":{"0":{"start":{"line":3,"column":13},"end":{"line":8,"column":2}}},"fnMap":{},"branchMap":{},"s":{"0":1},"f":{},"b":{}}
,"D:\\new-bookadzone\\bookadzone-admin\\src\\components\\utils\\fields\\faqFields.tsx": {"path":"D:\\new-bookadzone\\bookadzone-admin\\src\\components\\utils\\fields\\faqFields.tsx","statementMap":{"0":{"start":{"line":4,"column":13},"end":{"line":21,"column":2}}},"fnMap":{},"branchMap":{},"s":{"0":1},"f":{},"b":{}}
,"D:\\new-bookadzone\\bookadzone-admin\\src\\components\\utils\\fields\\generalSettingsFields.ts": {"path":"D:\\new-bookadzone\\bookadzone-admin\\src\\components\\utils\\fields\\generalSettingsFields.ts","statementMap":{"0":{"start":{"line":3,"column":13},"end":{"line":10,"column":2}}},"fnMap":{},"branchMap":{},"s":{"0":1},"f":{},"b":{}}
,"D:\\new-bookadzone\\bookadzone-admin\\src\\components\\utils\\fields\\homeBannerTabsConfig.ts": {"path":"D:\\new-bookadzone\\bookadzone-admin\\src\\components\\utils\\fields\\homeBannerTabsConfig.ts","statementMap":{"0":{"start":{"line":2,"column":13},"end":{"line":18,"column":2}},"1":{"start":{"line":20,"column":13},"end":{"line":26,"column":2}},"2":{"start":{"line":28,"column":13},"end":{"line":31,"column":2}},"3":{"start":{"line":33,"column":13},"end":{"line":49,"column":2}}},"fnMap":{},"branchMap":{},"s":{"0":1,"1":1,"2":1,"3":1},"f":{},"b":{}}
,"D:\\new-bookadzone\\bookadzone-admin\\src\\components\\utils\\fields\\loginFields.tsx": {"path":"D:\\new-bookadzone\\bookadzone-admin\\src\\components\\utils\\fields\\loginFields.tsx","statementMap":{"0":{"start":{"line":3,"column":13},"end":{"line":22,"column":2}}},"fnMap":{},"branchMap":{},"s":{"0":1},"f":{},"b":{}}
,"D:\\new-bookadzone\\bookadzone-admin\\src\\components\\utils\\fields\\ogConfigFields.ts": {"path":"D:\\new-bookadzone\\bookadzone-admin\\src\\components\\utils\\fields\\ogConfigFields.ts","statementMap":{"0":{"start":{"line":3,"column":13},"end":{"line":9,"column":2}}},"fnMap":{},"branchMap":{},"s":{"0":1},"f":{},"b":{}}
,"D:\\new-bookadzone\\bookadzone-admin\\src\\components\\utils\\fields\\seoConfigFields.ts": {"path":"D:\\new-bookadzone\\bookadzone-admin\\src\\components\\utils\\fields\\seoConfigFields.ts","statementMap":{"0":{"start":{"line":3,"column":13},"end":{"line":16,"column":2}}},"fnMap":{},"branchMap":{},"s":{"0":1},"f":{},"b":{}}
}
