TN:
SF:src\components\atoms\BAZ-Button.tsx
FN:12,(anonymous_1)
FNF:1
FNH:1
FNDA:275,(anonymous_1)
DA:12,275
DA:22,14
LF:2
LH:2
BRDA:12,0,0,13
BRDA:12,1,0,4
BRF:2
BRH:2
end_of_record
TN:
SF:src\components\atoms\BAZ-Checkbox.tsx
FN:16,(anonymous_0)
FNF:1
FNH:1
FNDA:95,(anonymous_0)
DA:2,9
DA:3,9
DA:16,9
DA:17,95
DA:47,9
LF:5
LH:5
BRDA:33,0,0,95
BRDA:33,0,1,1
BRDA:39,1,0,95
BRDA:39,1,1,1
BRF:4
BRH:4
end_of_record
TN:
SF:src\components\atoms\BAZ-DefaultAvatar.tsx
FN:8,(anonymous_0)
FNF:1
FNH:1
FNDA:6,(anonymous_0)
DA:8,3
DA:9,6
DA:16,3
LF:3
LH:3
BRDA:8,0,0,6
BRF:1
BRH:1
end_of_record
TN:
SF:src\components\atoms\BAZ-FileInput.tsx
FN:18,(anonymous_1)
FN:38,(anonymous_2)
FN:70,(anonymous_3)
FN:79,(anonymous_4)
FN:83,(anonymous_5)
FN:84,(anonymous_6)
FN:91,(anonymous_7)
FN:102,(anonymous_8)
FN:119,(anonymous_9)
FN:128,(anonymous_10)
FN:177,(anonymous_11)
FN:210,(anonymous_12)
FN:219,(anonymous_13)
FN:235,(anonymous_14)
FN:236,(anonymous_15)
FN:240,(anonymous_16)
FNF:16
FNH:9
FNDA:140,(anonymous_1)
FNDA:50,(anonymous_2)
FNDA:11,(anonymous_3)
FNDA:11,(anonymous_4)
FNDA:43,(anonymous_5)
FNDA:43,(anonymous_6)
FNDA:5,(anonymous_7)
FNDA:4,(anonymous_8)
FNDA:0,(anonymous_9)
FNDA:0,(anonymous_10)
FNDA:19,(anonymous_11)
FNDA:0,(anonymous_12)
FNDA:0,(anonymous_13)
FNDA:0,(anonymous_14)
FNDA:0,(anonymous_15)
FNDA:0,(anonymous_16)
DA:1,9
DA:2,9
DA:3,9
DA:4,9
DA:18,9
DA:29,140
DA:30,140
DA:31,140
DA:33,140
DA:34,0
DA:36,140
DA:38,140
DA:39,50
DA:40,3
DA:41,3
DA:44,47
DA:45,47
DA:47,47
DA:50,47
DA:51,47
DA:52,7
DA:53,1
DA:55,6
DA:58,47
DA:59,2
DA:60,1
DA:62,1
DA:65,47
DA:66,38
DA:67,38
DA:69,9
DA:71,11
DA:72,11
DA:73,11
DA:74,11
DA:75,11
DA:77,0
DA:79,11
DA:80,9
DA:83,140
DA:84,43
DA:85,43
DA:86,43
DA:91,140
DA:92,5
DA:94,5
DA:95,5
DA:97,5
DA:99,5
DA:100,5
DA:101,4
DA:102,4
DA:103,4
DA:104,4
DA:105,4
DA:111,4
DA:112,4
DA:114,1
DA:116,5
DA:119,140
DA:120,0
DA:121,0
DA:122,0
DA:123,0
DA:126,0
DA:127,0
DA:128,0
DA:131,0
DA:133,0
DA:140,0
DA:144,140
DA:178,19
DA:210,0
DA:219,0
DA:235,0
DA:236,0
DA:240,0
DA:275,9
LF:78
LH:61
BRDA:23,0,0,26
BRDA:26,1,0,140
BRDA:33,2,0,0
BRDA:33,2,1,140
BRDA:39,3,0,3
BRDA:39,3,1,47
BRDA:44,4,0,47
BRDA:44,4,1,0
BRDA:51,5,0,7
BRDA:51,5,1,40
BRDA:52,6,0,1
BRDA:52,6,1,6
BRDA:58,7,0,2
BRDA:58,7,1,45
BRDA:59,8,0,1
BRDA:59,8,1,1
BRDA:65,9,0,38
BRDA:65,9,1,9
BRDA:71,10,0,11
BRDA:71,10,1,0
BRDA:71,11,0,11
BRDA:71,11,1,11
BRDA:72,12,0,0
BRDA:72,12,1,11
BRDA:74,13,0,11
BRDA:74,13,1,0
BRDA:85,14,0,43
BRDA:85,14,1,0
BRDA:92,15,0,0
BRDA:92,15,1,5
BRDA:94,16,0,5
BRDA:94,16,1,0
BRDA:100,17,0,4
BRDA:100,17,1,1
BRDA:100,18,0,5
BRDA:100,18,1,5
BRDA:126,19,0,0
BRDA:126,19,1,0
BRDA:131,20,0,0
BRDA:131,20,1,0
BRDA:153,21,0,11
BRDA:153,21,1,129
BRDA:173,22,0,140
BRDA:173,22,1,17
BRDA:179,23,0,17
BRDA:179,23,1,2
BRDA:207,24,0,19
BRDA:207,24,1,17
BRDA:234,25,0,140
BRDA:234,25,1,0
BRDA:266,26,0,140
BRDA:266,26,1,11
BRF:52
BRH:39
end_of_record
TN:
SF:src\components\atoms\BAZ-Input.tsx
FN:11,(anonymous_1)
FNF:1
FNH:1
FNDA:541,(anonymous_1)
DA:1,9
DA:2,9
DA:3,9
DA:11,541
DA:13,541
DA:17,541
DA:39,9
LF:7
LH:7
BRDA:11,0,0,2
BRDA:11,1,0,2
BRDA:13,2,0,9
BRDA:13,2,1,532
BRDA:27,3,0,8
BRDA:27,3,1,533
BRDA:30,4,0,541
BRDA:30,4,1,8
BRF:8
BRH:8
end_of_record
TN:
SF:src\components\atoms\BAZ-Loader.tsx
FN:3,(anonymous_0)
FNF:1
FNH:1
FNDA:2,(anonymous_0)
DA:3,2
DA:4,2
DA:11,2
LF:3
LH:3
BRF:0
BRH:0
end_of_record
TN:
SF:src\components\atoms\BAZ-Logo.tsx
FN:9,(anonymous_1)
FNF:1
FNH:1
FNDA:1,(anonymous_1)
DA:2,1
DA:9,1
DA:10,1
DA:17,1
LF:4
LH:4
BRDA:9,0,0,1
BRF:1
BRH:1
end_of_record
TN:
SF:src\components\atoms\BAZ-NotificationItem.tsx
FN:16,(anonymous_1)
FNF:1
FNH:1
FNDA:5,(anonymous_1)
DA:2,2
DA:3,2
DA:16,2
DA:17,5
DA:35,2
LF:5
LH:5
BRDA:30,0,0,3
BRDA:30,0,1,2
BRF:2
BRH:2
end_of_record
TN:
SF:src\components\atoms\BAZ-Pagination.tsx
FN:18,(anonymous_1)
FNF:1
FNH:1
FNDA:1,(anonymous_1)
DA:4,3
DA:5,3
DA:18,3
DA:23,1
DA:43,3
LF:5
LH:5
BRDA:5,0,0,0
BRDA:5,0,1,3
BRDA:5,1,0,3
BRDA:5,1,1,3
BRDA:5,2,0,0
BRDA:5,2,1,3
BRDA:5,3,0,3
BRDA:5,3,1,3
BRF:8
BRH:6
end_of_record
TN:
SF:src\components\atoms\BAZ-Radio.tsx
FN:17,(anonymous_0)
FN:39,(anonymous_1)
FNF:2
FNH:2
FNDA:13,(anonymous_0)
FNDA:26,(anonymous_1)
DA:2,9
DA:3,9
DA:17,9
DA:27,13
DA:40,26
DA:65,9
LF:6
LH:6
BRDA:21,0,0,0
BRDA:24,1,0,13
BRDA:33,2,0,13
BRDA:33,2,1,1
BRDA:57,3,0,13
BRDA:57,3,1,1
BRF:6
BRH:5
end_of_record
TN:
SF:src\components\atoms\BAZ-SearchBox.tsx
FN:5,(anonymous_1)
FNF:1
FNH:1
FNDA:1,(anonymous_1)
DA:2,1
DA:3,1
DA:5,1
DA:6,1
DA:19,1
LF:5
LH:5
BRF:0
BRH:0
end_of_record
TN:
SF:src\components\atoms\BAZ-Select.tsx
FN:21,(anonymous_1)
FN:33,(anonymous_2)
FN:71,(anonymous_3)
FN:79,(anonymous_4)
FN:80,(anonymous_5)
FN:81,(anonymous_6)
FN:86,(anonymous_7)
FN:87,(anonymous_8)
FN:91,(anonymous_9)
FN:92,(anonymous_10)
FNF:10
FNH:10
FNDA:24,(anonymous_1)
FNDA:4,(anonymous_2)
FNDA:39,(anonymous_3)
FNDA:3,(anonymous_4)
FNDA:14,(anonymous_5)
FNDA:18,(anonymous_6)
FNDA:35,(anonymous_7)
FNDA:1,(anonymous_8)
FNDA:1,(anonymous_9)
FNDA:1,(anonymous_10)
DA:2,9
DA:3,9
DA:4,9
DA:21,9
DA:33,24
DA:37,4
DA:38,3
DA:40,1
DA:44,24
DA:71,39
DA:79,3
DA:80,14
DA:81,18
DA:86,35
DA:87,1
DA:91,1
DA:92,1
DA:111,9
LF:18
LH:18
BRDA:26,0,0,23
BRDA:27,1,0,22
BRDA:28,2,0,9
BRDA:37,3,0,3
BRDA:37,3,1,1
BRDA:38,4,0,0
BRDA:38,4,1,3
BRDA:38,5,0,3
BRDA:38,5,1,3
BRDA:40,6,0,0
BRDA:40,6,1,1
BRDA:40,7,0,1
BRDA:40,7,1,1
BRDA:51,8,0,24
BRDA:51,8,1,1
BRDA:69,9,0,2
BRDA:69,9,1,22
BRDA:74,10,0,2
BRDA:74,10,1,37
BRDA:76,11,0,2
BRDA:76,11,1,37
BRDA:83,12,0,9
BRDA:83,12,1,9
BRDA:102,13,0,24
BRDA:102,13,1,2
BRF:25
BRH:23
end_of_record
TN:
SF:src\components\atoms\BAZ-TextArea.tsx
FN:12,(anonymous_1)
FNF:1
FNH:1
FNDA:96,(anonymous_1)
DA:1,9
DA:2,9
DA:3,9
DA:12,96
DA:13,96
DA:14,96
DA:17,96
DA:21,96
DA:49,9
LF:9
LH:9
BRDA:12,0,0,2
BRDA:12,1,0,96
BRDA:14,2,0,96
BRDA:14,2,1,2
BRDA:17,3,0,0
BRDA:17,3,1,96
BRDA:28,4,0,96
BRDA:28,4,1,1
BRDA:37,5,0,1
BRDA:37,5,1,95
BRDA:40,6,0,96
BRDA:40,6,1,1
BRF:12
BRH:11
end_of_record
TN:
SF:src\components\common\urls.ts
FNF:0
FNH:0
DA:1,27
DA:3,27
DA:4,27
DA:5,27
DA:6,27
DA:7,27
DA:12,27
DA:66,27
DA:67,27
LF:9
LH:9
BRDA:4,0,0,0
BRDA:4,0,1,27
BRF:2
BRH:1
end_of_record
TN:
SF:src\components\molecules\FormField.tsx
FN:17,(anonymous_1)
FN:30,(anonymous_2)
FN:35,(anonymous_3)
FNF:3
FNH:3
FNDA:845,(anonymous_1)
FNDA:40,(anonymous_2)
FNDA:22,(anonymous_3)
DA:2,8
DA:3,8
DA:17,8
DA:27,845
DA:29,845
DA:31,40
DA:35,845
DA:37,22
DA:38,22
DA:39,21
DA:43,845
DA:68,8
LF:12
LH:12
BRDA:29,0,0,20
BRDA:29,0,1,825
BRDA:31,1,0,0
BRDA:31,1,1,40
BRDA:38,2,0,21
BRDA:38,2,1,1
BRDA:44,3,0,845
BRDA:44,3,1,435
BRF:8
BRH:7
end_of_record
TN:
SF:src\components\molecules\FormHeader.tsx
FN:11,(anonymous_0)
FNF:1
FNH:1
FNDA:134,(anonymous_0)
DA:2,7
DA:3,7
DA:11,7
DA:12,134
DA:21,134
DA:23,134
DA:66,7
LF:7
LH:7
BRDA:26,0,0,134
BRDA:26,0,1,124
BRDA:26,0,2,84
BRDA:48,1,0,50
BRDA:48,1,1,84
BRDA:52,2,0,134
BRDA:52,2,1,84
BRF:7
BRH:7
end_of_record
TN:
SF:src\components\molecules\LabeledInput.tsx
FN:35,(anonymous_1)
FN:55,(anonymous_2)
FN:60,(anonymous_3)
FN:63,(anonymous_4)
FN:70,(anonymous_5)
FN:122,(anonymous_6)
FNF:6
FNH:6
FNDA:860,(anonymous_1)
FNDA:22,(anonymous_2)
FNDA:2,(anonymous_3)
FNDA:2,(anonymous_4)
FNDA:860,(anonymous_5)
FNDA:24,(anonymous_6)
DA:1,8
DA:2,8
DA:3,8
DA:4,8
DA:5,8
DA:6,8
DA:7,8
DA:8,8
DA:9,8
DA:10,8
DA:34,8
DA:55,860
DA:56,22
DA:57,22
DA:60,860
DA:61,2
DA:62,2
DA:63,2
DA:65,2
DA:70,860
DA:71,860
DA:73,94
DA:93,93
DA:104,11
DA:118,14
DA:122,24
DA:131,109
DA:144,539
DA:173,860
DA:192,8
LF:30
LH:30
BRDA:44,0,0,835
BRDA:45,1,0,860
BRDA:47,2,0,859
BRDA:48,3,0,860
BRDA:49,4,0,843
BRDA:56,5,0,0
BRDA:56,5,1,22
BRDA:61,6,0,0
BRDA:61,6,1,2
BRDA:62,7,0,2
BRDA:62,7,1,0
BRDA:63,8,0,2
BRDA:63,8,1,0
BRDA:63,9,0,0
BRDA:63,9,1,2
BRDA:63,10,0,2
BRDA:63,10,1,2
BRDA:64,11,0,0
BRDA:64,11,1,0
BRDA:64,12,0,0
BRDA:64,12,1,0
BRDA:64,13,0,0
BRDA:64,13,1,0
BRDA:71,14,0,94
BRDA:71,14,1,93
BRDA:71,14,2,11
BRDA:71,14,3,14
BRDA:71,14,4,14
BRDA:71,14,5,14
BRDA:71,14,6,14
BRDA:71,14,7,109
BRDA:71,14,8,539
BRDA:78,15,0,94
BRDA:78,15,1,66
BRDA:85,16,0,94
BRDA:85,16,1,4
BRDA:107,17,0,11
BRDA:107,17,1,10
BRDA:122,18,0,1
BRDA:122,18,1,13
BRDA:122,19,0,13
BRDA:122,19,1,11
BRDA:149,20,0,3
BRDA:149,20,1,536
BRDA:149,21,0,539
BRDA:149,21,1,14
BRDA:150,22,0,0
BRDA:150,22,1,539
BRDA:150,23,0,539
BRDA:150,23,1,20
BRDA:150,24,0,539
BRDA:150,24,1,426
BRDA:158,25,0,539
BRDA:158,25,1,14
BRDA:158,25,2,14
BRDA:163,26,0,3
BRDA:163,26,1,11
BRDA:165,27,0,3
BRDA:165,27,1,11
BRDA:180,28,0,860
BRDA:180,28,1,860
BRDA:183,29,0,860
BRDA:183,29,1,441
BRF:63
BRH:51
end_of_record
TN:
SF:src\components\molecules\Loader.tsx
FN:11,(anonymous_0)
FN:22,(anonymous_1)
FN:26,(anonymous_2)
FN:31,(anonymous_3)
FN:36,(anonymous_4)
FN:42,(anonymous_5)
FN:52,(anonymous_6)
FN:54,(anonymous_7)
FN:75,(anonymous_8)
FNF:9
FNH:7
FNDA:2,(anonymous_0)
FNDA:2,(anonymous_1)
FNDA:0,(anonymous_2)
FNDA:0,(anonymous_3)
FNDA:2,(anonymous_4)
FNDA:22,(anonymous_5)
FNDA:4,(anonymous_6)
FNDA:22,(anonymous_7)
FNDA:6,(anonymous_8)
DA:1,1
DA:2,1
DA:11,1
DA:12,2
DA:14,2
DA:22,2
DA:25,2
DA:26,2
DA:27,0
DA:31,0
DA:32,0
DA:36,2
DA:37,2
DA:38,2
DA:42,2
DA:43,22
DA:52,2
DA:53,4
DA:55,22
DA:60,2
DA:76,6
DA:93,1
LF:22
LH:19
BRDA:11,0,0,2
BRDA:11,1,0,2
BRDA:14,2,0,2
BRDA:14,2,1,0
BRDA:25,3,0,2
BRDA:25,3,1,0
BRDA:32,4,0,0
BRDA:32,4,1,0
BRDA:37,5,0,2
BRDA:37,5,1,0
BRDA:38,6,0,0
BRDA:38,6,1,2
BRDA:52,7,0,2
BRDA:52,8,0,2
BRDA:80,9,0,6
BRDA:80,9,1,0
BRF:16
BRH:9
end_of_record
TN:
SF:src\components\molecules\NotificationDropdown.tsx
FN:58,(anonymous_1)
FN:62,(anonymous_2)
FN:63,(anonymous_3)
FN:69,(anonymous_4)
FN:74,(anonymous_5)
FN:74,(anonymous_6)
FN:77,(anonymous_7)
FN:95,(anonymous_8)
FNF:8
FNH:7
FNDA:3,(anonymous_1)
FNDA:2,(anonymous_2)
FNDA:0,(anonymous_3)
FNDA:2,(anonymous_4)
FNDA:1,(anonymous_5)
FNDA:1,(anonymous_6)
FNDA:12,(anonymous_7)
FNDA:4,(anonymous_8)
DA:1,1
DA:2,1
DA:3,1
DA:4,1
DA:5,1
DA:6,1
DA:7,1
DA:19,1
DA:58,1
DA:59,3
DA:60,3
DA:62,3
DA:63,2
DA:64,0
DA:65,0
DA:68,2
DA:69,2
DA:72,3
DA:74,1
DA:77,12
DA:96,4
DA:110,1
LF:22
LH:20
BRDA:64,0,0,0
BRDA:64,0,1,0
BRDA:64,1,0,0
BRDA:64,1,1,0
BRDA:80,2,0,3
BRDA:80,2,1,1
BRF:6
BRH:2
end_of_record
TN:
SF:src\components\molecules\PageHeader.tsx
FN:9,(anonymous_0)
FNF:1
FNH:1
FNDA:1,(anonymous_0)
DA:2,1
DA:9,1
DA:10,1
DA:35,1
LF:4
LH:4
BRF:0
BRH:0
end_of_record
TN:
SF:src\components\molecules\ProfileDropdown.tsx
FN:7,(anonymous_1)
FN:11,(anonymous_2)
FN:12,(anonymous_3)
FN:18,(anonymous_4)
FN:23,(anonymous_5)
FN:23,(anonymous_6)
FN:44,(anonymous_7)
FNF:7
FNH:5
FNDA:3,(anonymous_1)
FNDA:2,(anonymous_2)
FNDA:0,(anonymous_3)
FNDA:2,(anonymous_4)
FNDA:1,(anonymous_5)
FNDA:1,(anonymous_6)
FNDA:0,(anonymous_7)
DA:1,1
DA:2,1
DA:3,1
DA:4,1
DA:5,1
DA:7,1
DA:8,3
DA:9,3
DA:11,3
DA:12,2
DA:13,0
DA:14,0
DA:17,2
DA:18,2
DA:21,3
DA:23,1
DA:54,1
LF:17
LH:15
BRDA:13,0,0,0
BRDA:13,0,1,0
BRDA:13,1,0,0
BRDA:13,1,1,0
BRDA:32,2,0,3
BRDA:32,2,1,1
BRF:6
BRH:2
end_of_record
TN:
SF:src\components\molecules\SidebarNavItem.tsx
FN:23,(anonymous_1)
FN:79,(anonymous_2)
FN:95,(anonymous_3)
FN:117,(anonymous_4)
FN:137,(anonymous_5)
FNF:5
FNH:4
FNDA:6,(anonymous_1)
FNDA:0,(anonymous_2)
FNDA:1,(anonymous_3)
FNDA:1,(anonymous_4)
FNDA:2,(anonymous_5)
DA:2,1
DA:3,1
DA:4,1
DA:5,1
DA:23,1
DA:33,6
DA:36,6
DA:37,2
DA:38,1
DA:54,1
DA:71,4
DA:79,0
DA:96,1
DA:117,1
DA:138,2
DA:157,1
LF:16
LH:15
BRDA:36,0,0,2
BRDA:36,0,1,4
BRDA:37,1,0,1
BRDA:37,1,1,1
BRDA:44,2,0,0
BRDA:44,2,1,1
BRDA:46,3,0,0
BRDA:46,3,1,1
BRDA:59,4,0,1
BRDA:59,4,1,0
BRDA:61,5,0,1
BRDA:61,5,1,0
BRDA:73,6,0,1
BRDA:73,6,1,3
BRDA:78,7,0,0
BRDA:78,7,1,1
BRDA:79,8,0,1
BRDA:79,8,1,0
BRDA:80,9,0,1
BRDA:80,9,1,0
BRDA:83,10,0,0
BRDA:83,10,1,1
BRDA:88,11,0,1
BRDA:88,11,1,1
BRDA:88,11,2,1
BRDA:95,12,0,1
BRDA:95,12,1,1
BRDA:101,13,0,1
BRDA:101,13,1,0
BRDA:115,14,0,0
BRDA:115,14,1,3
BRDA:116,15,0,3
BRDA:116,15,1,3
BRDA:117,16,0,3
BRDA:117,16,1,0
BRDA:120,17,0,0
BRDA:120,17,1,3
BRDA:125,18,0,3
BRDA:125,18,1,3
BRDA:126,19,0,1
BRDA:126,19,1,2
BRDA:130,20,0,3
BRDA:130,20,1,3
BRDA:130,20,2,1
BRDA:137,21,0,1
BRDA:137,21,1,1
BRDA:142,22,0,1
BRDA:142,22,1,1
BRF:48
BRH:36
end_of_record
TN:
SF:src\components\molecules\TableHeader.tsx
FN:29,(anonymous_0)
FN:89,(anonymous_1)
FN:97,(anonymous_2)
FN:99,(anonymous_3)
FNF:4
FNH:3
FNDA:24,(anonymous_0)
FNDA:3,(anonymous_1)
FNDA:0,(anonymous_2)
FNDA:66,(anonymous_3)
DA:2,3
DA:3,3
DA:4,3
DA:5,3
DA:29,3
DA:41,24
DA:43,24
DA:89,3
DA:97,0
DA:100,66
DA:126,3
LF:11
LH:10
BRDA:35,0,0,2
BRDA:39,1,0,18
BRDA:57,2,0,6
BRDA:57,2,1,18
BRDA:60,3,0,6
BRDA:60,3,1,0
BRDA:61,4,0,6
BRDA:61,4,1,0
BRDA:92,5,0,24
BRDA:92,5,1,22
BRDA:97,6,0,0
BRDA:97,6,1,0
BRDA:97,7,0,0
BRDA:97,7,1,0
BRDA:110,8,0,24
BRDA:110,8,1,16
BRF:16
BRH:10
end_of_record
TN:
SF:src\components\organisms\ManagementForm.tsx
FN:28,(anonymous_1)
FN:53,(anonymous_2)
FN:63,(anonymous_3)
FN:72,(anonymous_4)
FN:79,(anonymous_5)
FN:101,(anonymous_6)
FN:106,(anonymous_7)
FN:147,(anonymous_8)
FN:152,(anonymous_9)
FN:178,(anonymous_10)
FN:183,(anonymous_11)
FN:199,(anonymous_12)
FN:205,(anonymous_13)
FN:210,(anonymous_14)
FN:219,(anonymous_15)
FNF:15
FNH:11
FNDA:157,(anonymous_1)
FNDA:842,(anonymous_2)
FNDA:22,(anonymous_3)
FNDA:4,(anonymous_4)
FNDA:4,(anonymous_5)
FNDA:16,(anonymous_6)
FNDA:0,(anonymous_7)
FNDA:810,(anonymous_8)
FNDA:10,(anonymous_9)
FNDA:12,(anonymous_10)
FNDA:0,(anonymous_11)
FNDA:3,(anonymous_12)
FNDA:4,(anonymous_13)
FNDA:0,(anonymous_14)
FNDA:0,(anonymous_15)
DA:1,7
DA:2,7
DA:3,7
DA:4,7
DA:5,7
DA:7,7
DA:8,7
DA:28,7
DA:47,157
DA:48,157
DA:53,157
DA:54,842
DA:55,842
DA:56,842
DA:57,858
DA:58,842
DA:60,826
DA:63,157
DA:64,22
DA:65,1
DA:66,1
DA:67,21
DA:68,21
DA:72,157
DA:73,4
DA:74,1
DA:75,1
DA:76,1
DA:79,157
DA:80,4
DA:81,1
DA:85,1
DA:87,3
DA:90,157
DA:91,2
DA:102,16
DA:107,0
DA:108,0
DA:109,0
DA:110,0
DA:112,0
DA:137,155
DA:148,810
DA:153,10
DA:154,3
DA:155,7
DA:156,0
DA:158,7
DA:179,12
DA:184,0
DA:185,0
DA:193,0
DA:200,3
DA:206,4
DA:211,0
DA:219,0
DA:253,7
LF:57
LH:46
BRDA:35,0,0,155
BRDA:36,1,0,155
BRDA:37,2,0,148
BRDA:38,3,0,148
BRDA:39,4,0,148
BRDA:41,5,0,75
BRDA:42,6,0,157
BRDA:43,7,0,145
BRDA:57,8,0,16
BRDA:57,8,1,842
BRDA:60,9,0,810
BRDA:60,9,1,16
BRDA:60,10,0,826
BRDA:60,10,1,826
BRDA:64,11,0,1
BRDA:64,11,1,21
BRDA:67,12,0,21
BRDA:67,12,1,0
BRDA:73,13,0,3
BRDA:73,13,1,1
BRDA:75,14,0,1
BRDA:75,14,1,0
BRDA:76,15,0,1
BRDA:76,15,1,0
BRDA:80,16,0,1
BRDA:80,16,1,3
BRDA:90,17,0,2
BRDA:90,17,1,155
BRDA:98,18,0,2
BRDA:98,18,1,2
BRDA:106,19,0,16
BRDA:106,19,1,16
BRDA:107,20,0,0
BRDA:107,20,1,0
BRDA:107,21,0,0
BRDA:107,21,1,0
BRDA:107,21,2,0
BRDA:109,22,0,0
BRDA:109,22,1,0
BRDA:116,23,0,0
BRDA:116,23,1,16
BRDA:117,24,0,0
BRDA:117,24,1,16
BRDA:130,25,0,0
BRDA:130,25,1,2
BRDA:148,26,0,810
BRDA:148,26,1,400
BRDA:152,27,0,810
BRDA:152,27,1,646
BRDA:153,28,0,3
BRDA:153,28,1,7
BRDA:153,29,0,10
BRDA:153,29,1,3
BRDA:153,29,2,3
BRDA:155,30,0,0
BRDA:155,30,1,7
BRDA:162,31,0,12
BRDA:162,31,1,798
BRDA:163,32,0,12
BRDA:163,32,1,798
BRDA:167,33,0,810
BRDA:167,33,1,106
BRDA:167,33,2,2
BRDA:175,34,0,155
BRDA:175,34,1,9
BRDA:175,34,2,9
BRDA:184,35,0,0
BRDA:184,35,1,0
BRDA:187,36,0,0
BRDA:187,36,1,0
BRDA:187,37,0,0
BRDA:187,37,1,0
BRDA:187,37,2,0
BRDA:189,38,0,0
BRDA:189,38,1,0
BRDA:246,39,0,22
BRDA:246,39,1,133
BRF:77
BRH:54
end_of_record
TN:
SF:src\components\organisms\ManagementTable.tsx
FN:33,(anonymous_1)
FN:47,(anonymous_2)
FN:74,(anonymous_3)
FN:98,(anonymous_4)
FN:107,(anonymous_5)
FN:116,(anonymous_6)
FN:130,(anonymous_7)
FN:140,(anonymous_8)
FN:151,(anonymous_9)
FN:162,(anonymous_10)
FN:172,(anonymous_11)
FN:182,(anonymous_12)
FNF:12
FNH:12
FNDA:27,(anonymous_1)
FNDA:26,(anonymous_2)
FNDA:92,(anonymous_3)
FNDA:40,(anonymous_4)
FNDA:138,(anonymous_5)
FNDA:1,(anonymous_6)
FNDA:1,(anonymous_7)
FNDA:2,(anonymous_8)
FNDA:2,(anonymous_9)
FNDA:1,(anonymous_10)
FNDA:2,(anonymous_11)
FNDA:2,(anonymous_12)
DA:1,3
DA:2,3
DA:3,3
DA:4,3
DA:23,3
DA:28,3
DA:33,3
DA:47,27
DA:48,26
DA:49,26
DA:50,26
DA:51,26
DA:52,26
DA:59,27
DA:75,92
DA:99,40
DA:108,138
DA:116,1
DA:130,1
DA:140,2
DA:151,2
DA:162,1
DA:172,2
DA:182,2
DA:201,3
LF:25
LH:25
BRDA:43,0,0,8
BRDA:44,1,0,8
BRDA:48,2,0,26
BRDA:48,2,1,24
BRDA:49,3,0,2
BRDA:49,3,1,24
BRDA:50,4,0,2
BRDA:50,4,1,24
BRDA:51,5,0,2
BRDA:51,5,1,24
BRDA:54,6,0,2
BRDA:54,6,1,24
BRDA:79,7,0,27
BRDA:79,7,1,16
BRDA:82,8,0,27
BRDA:82,8,1,13
BRDA:82,8,2,13
BRDA:82,8,3,12
BRDA:82,8,4,6
BRDA:82,8,5,21
BRDA:88,9,0,1
BRDA:88,9,1,26
BRDA:91,10,0,0
BRDA:91,10,1,1
BRDA:91,11,0,0
BRDA:91,11,1,1
BRDA:91,12,0,1
BRDA:91,12,1,1
BRDA:91,12,2,1
BRDA:91,12,3,1
BRDA:91,12,4,1
BRDA:109,13,0,116
BRDA:109,13,1,22
BRDA:112,14,0,40
BRDA:112,14,1,26
BRDA:123,15,0,40
BRDA:123,15,1,15
BRDA:123,15,2,15
BRDA:123,15,3,14
BRDA:123,15,4,8
BRDA:123,15,5,32
BRDA:126,16,0,32
BRDA:126,16,1,1
BRDA:136,17,0,32
BRDA:136,17,1,25
BRDA:147,18,0,32
BRDA:147,18,1,25
BRDA:158,19,0,32
BRDA:158,19,1,1
BRDA:168,20,0,32
BRDA:168,20,1,7
BRDA:178,21,0,32
BRDA:178,21,1,7
BRF:53
BRH:51
end_of_record
TN:
SF:src\components\stores\AuthStore.ts
FN:21,(anonymous_8)
FN:27,(anonymous_9)
FN:34,(anonymous_10)
FN:38,(anonymous_11)
FN:39,(anonymous_12)
FN:61,(anonymous_13)
FN:61,(anonymous_14)
FN:75,(anonymous_15)
FNF:8
FNH:4
FNDA:5,(anonymous_8)
FNDA:0,(anonymous_9)
FNDA:0,(anonymous_10)
FNDA:0,(anonymous_11)
FNDA:0,(anonymous_12)
FNDA:4,(anonymous_13)
FNDA:4,(anonymous_14)
FNDA:1,(anonymous_15)
DA:1,5
DA:2,5
DA:4,5
DA:5,5
DA:6,5
DA:7,5
DA:9,5
DA:21,5
DA:22,5
DA:23,5
DA:26,5
DA:28,0
DA:29,0
DA:30,0
DA:32,0
DA:34,0
DA:37,5
DA:38,0
DA:40,0
DA:41,0
DA:42,0
DA:43,0
DA:44,0
DA:45,0
DA:47,0
DA:52,5
DA:53,1
DA:54,1
DA:58,5
DA:61,4
DA:62,4
DA:63,4
DA:64,2
DA:65,2
DA:66,2
DA:67,2
DA:68,2
DA:69,2
DA:70,2
DA:72,2
DA:76,1
DA:77,1
DA:78,1
DA:79,1
DA:80,1
LF:45
LH:32
BRDA:29,0,0,0
BRDA:29,0,1,0
BRDA:40,1,0,0
BRDA:40,1,1,0
BRDA:40,2,0,0
BRDA:40,2,1,0
BRDA:52,3,0,1
BRDA:52,3,1,4
BRDA:52,4,0,5
BRDA:52,4,1,1
BRDA:53,5,0,1
BRDA:53,5,1,0
BRF:12
BRH:5
end_of_record
TN:
SF:src\components\stores\FaqStore.ts
FN:42,(anonymous_8)
FN:50,(anonymous_9)
FN:50,(anonymous_10)
FN:83,(anonymous_11)
FN:83,(anonymous_12)
FN:115,(anonymous_13)
FN:115,(anonymous_14)
FN:119,(anonymous_15)
FN:120,(anonymous_16)
FN:131,(anonymous_17)
FN:131,(anonymous_18)
FN:135,(anonymous_19)
FN:136,(anonymous_20)
FN:147,(anonymous_21)
FN:147,(anonymous_22)
FN:161,(anonymous_23)
FN:161,(anonymous_24)
FN:171,(anonymous_25)
FN:183,(anonymous_26)
FN:183,(anonymous_27)
FN:193,(anonymous_28)
FN:194,(anonymous_29)
FN:205,(anonymous_30)
FN:205,(anonymous_31)
FN:209,(anonymous_32)
FN:210,(anonymous_33)
FN:221,(anonymous_34)
FN:221,(anonymous_35)
FN:226,(anonymous_36)
FN:227,(anonymous_37)
FNF:30
FNH:30
FNDA:2,(anonymous_8)
FNDA:3,(anonymous_9)
FNDA:3,(anonymous_10)
FNDA:2,(anonymous_11)
FNDA:2,(anonymous_12)
FNDA:2,(anonymous_13)
FNDA:2,(anonymous_14)
FNDA:1,(anonymous_15)
FNDA:1,(anonymous_16)
FNDA:2,(anonymous_17)
FNDA:2,(anonymous_18)
FNDA:1,(anonymous_19)
FNDA:1,(anonymous_20)
FNDA:2,(anonymous_21)
FNDA:2,(anonymous_22)
FNDA:2,(anonymous_23)
FNDA:2,(anonymous_24)
FNDA:2,(anonymous_25)
FNDA:2,(anonymous_26)
FNDA:2,(anonymous_27)
FNDA:2,(anonymous_28)
FNDA:2,(anonymous_29)
FNDA:2,(anonymous_30)
FNDA:2,(anonymous_31)
FNDA:2,(anonymous_32)
FNDA:2,(anonymous_33)
FNDA:2,(anonymous_34)
FNDA:2,(anonymous_35)
FNDA:1,(anonymous_36)
FNDA:1,(anonymous_37)
DA:1,2
DA:2,2
DA:4,2
DA:6,2
DA:8,2
DA:9,2
DA:10,0
DA:42,2
DA:50,3
DA:51,3
DA:52,3
DA:54,3
DA:56,3
DA:57,2
DA:61,2
DA:74,1
DA:75,1
DA:76,1
DA:83,2
DA:84,2
DA:85,2
DA:87,2
DA:89,2
DA:90,1
DA:94,1
DA:107,1
DA:108,1
DA:109,1
DA:115,2
DA:116,2
DA:117,2
DA:118,2
DA:119,1
DA:120,1
DA:125,1
DA:126,1
DA:127,1
DA:131,2
DA:132,2
DA:133,2
DA:134,2
DA:135,1
DA:136,1
DA:141,1
DA:142,1
DA:143,1
DA:147,2
DA:148,2
DA:149,2
DA:150,2
DA:151,1
DA:152,1
DA:153,1
DA:155,1
DA:156,1
DA:157,1
DA:161,2
DA:162,2
DA:163,2
DA:165,2
DA:169,2
DA:170,2
DA:171,2
DA:177,0
DA:178,0
DA:179,0
DA:183,2
DA:184,2
DA:185,2
DA:187,2
DA:191,2
DA:192,2
DA:193,2
DA:194,2
DA:199,0
DA:200,0
DA:201,0
DA:205,2
DA:206,2
DA:207,2
DA:208,2
DA:209,2
DA:210,2
DA:215,0
DA:216,0
DA:217,0
DA:221,2
DA:222,2
DA:223,2
DA:224,2
DA:225,1
DA:226,1
DA:228,1
DA:229,1
DA:234,0
DA:240,1
DA:241,1
DA:242,1
LF:98
LH:87
BRDA:9,0,0,0
BRDA:9,0,1,2
BRDA:50,1,0,0
BRDA:50,2,0,0
BRDA:50,3,0,0
BRDA:54,4,0,0
BRDA:54,4,1,3
BRDA:55,5,0,0
BRDA:55,5,1,3
BRDA:56,6,0,0
BRDA:56,6,1,3
BRDA:62,7,0,2
BRDA:62,7,1,0
BRDA:64,8,0,2
BRDA:64,8,1,0
BRDA:64,9,0,2
BRDA:64,9,1,2
BRDA:64,10,0,0
BRDA:64,10,1,2
BRDA:64,11,0,2
BRDA:64,11,1,2
BRDA:65,12,0,2
BRDA:65,12,1,0
BRDA:65,13,0,2
BRDA:65,13,1,2
BRDA:65,14,0,0
BRDA:65,14,1,2
BRDA:65,15,0,2
BRDA:65,15,1,2
BRDA:66,16,0,2
BRDA:66,16,1,0
BRDA:66,17,0,2
BRDA:66,17,1,2
BRDA:66,18,0,0
BRDA:66,18,1,2
BRDA:66,19,0,2
BRDA:66,19,1,2
BRDA:69,20,0,2
BRDA:69,20,1,0
BRDA:69,21,0,2
BRDA:69,21,1,2
BRDA:69,22,0,0
BRDA:69,22,1,2
BRDA:69,23,0,2
BRDA:69,23,1,2
BRDA:74,24,0,1
BRDA:74,24,1,1
BRDA:74,24,2,0
BRDA:74,25,0,1
BRDA:74,25,1,0
BRDA:74,26,0,1
BRDA:74,26,1,1
BRDA:74,27,0,1
BRDA:74,27,1,0
BRDA:74,28,0,1
BRDA:74,28,1,1
BRDA:74,29,0,0
BRDA:74,29,1,1
BRDA:74,30,0,1
BRDA:74,30,1,1
BRDA:74,31,0,0
BRDA:74,31,1,1
BRDA:74,32,0,1
BRDA:74,32,1,1
BRDA:83,33,0,0
BRDA:83,34,0,0
BRDA:83,35,0,0
BRDA:87,36,0,0
BRDA:87,36,1,2
BRDA:88,37,0,2
BRDA:88,37,1,0
BRDA:89,38,0,2
BRDA:89,38,1,0
BRDA:95,39,0,1
BRDA:95,39,1,0
BRDA:97,40,0,1
BRDA:97,40,1,0
BRDA:97,41,0,1
BRDA:97,41,1,1
BRDA:97,42,0,0
BRDA:97,42,1,1
BRDA:97,43,0,1
BRDA:97,43,1,1
BRDA:98,44,0,1
BRDA:98,44,1,0
BRDA:98,45,0,1
BRDA:98,45,1,1
BRDA:98,46,0,0
BRDA:98,46,1,1
BRDA:98,47,0,1
BRDA:98,47,1,1
BRDA:99,48,0,1
BRDA:99,48,1,0
BRDA:99,49,0,1
BRDA:99,49,1,1
BRDA:99,50,0,0
BRDA:99,50,1,1
BRDA:99,51,0,1
BRDA:99,51,1,1
BRDA:102,52,0,1
BRDA:102,52,1,0
BRDA:102,53,0,1
BRDA:102,53,1,1
BRDA:102,54,0,0
BRDA:102,54,1,1
BRDA:102,55,0,1
BRDA:102,55,1,1
BRDA:107,56,0,1
BRDA:107,56,1,1
BRDA:107,56,2,0
BRDA:107,57,0,1
BRDA:107,57,1,0
BRDA:107,58,0,1
BRDA:107,58,1,1
BRDA:107,59,0,1
BRDA:107,59,1,0
BRDA:107,60,0,1
BRDA:107,60,1,1
BRDA:107,61,0,0
BRDA:107,61,1,1
BRDA:107,62,0,1
BRDA:107,62,1,1
BRDA:107,63,0,0
BRDA:107,63,1,1
BRDA:107,64,0,1
BRDA:107,64,1,1
BRDA:125,65,0,1
BRDA:125,65,1,1
BRDA:125,65,2,0
BRDA:125,66,0,1
BRDA:125,66,1,0
BRDA:125,67,0,1
BRDA:125,67,1,1
BRDA:125,68,0,1
BRDA:125,68,1,0
BRDA:125,69,0,1
BRDA:125,69,1,1
BRDA:125,70,0,0
BRDA:125,70,1,1
BRDA:125,71,0,1
BRDA:125,71,1,1
BRDA:125,72,0,0
BRDA:125,72,1,1
BRDA:125,73,0,1
BRDA:125,73,1,1
BRDA:141,74,0,1
BRDA:141,74,1,1
BRDA:141,74,2,0
BRDA:141,75,0,1
BRDA:141,75,1,0
BRDA:141,76,0,1
BRDA:141,76,1,1
BRDA:141,77,0,1
BRDA:141,77,1,0
BRDA:141,78,0,1
BRDA:141,78,1,1
BRDA:141,79,0,0
BRDA:141,79,1,1
BRDA:141,80,0,1
BRDA:141,80,1,1
BRDA:141,81,0,0
BRDA:141,81,1,1
BRDA:141,82,0,1
BRDA:141,82,1,1
BRDA:155,83,0,1
BRDA:155,83,1,1
BRDA:155,83,2,0
BRDA:155,84,0,1
BRDA:155,84,1,0
BRDA:155,85,0,1
BRDA:155,85,1,1
BRDA:155,86,0,1
BRDA:155,86,1,0
BRDA:155,87,0,1
BRDA:155,87,1,1
BRDA:155,88,0,0
BRDA:155,88,1,1
BRDA:155,89,0,1
BRDA:155,89,1,1
BRDA:155,90,0,0
BRDA:155,90,1,1
BRDA:155,91,0,1
BRDA:155,91,1,1
BRDA:167,92,0,2
BRDA:167,92,1,0
BRDA:167,93,0,0
BRDA:167,93,1,0
BRDA:177,94,0,0
BRDA:177,94,1,0
BRDA:177,94,2,0
BRDA:177,95,0,0
BRDA:177,95,1,0
BRDA:177,96,0,0
BRDA:177,96,1,0
BRDA:177,97,0,0
BRDA:177,97,1,0
BRDA:177,98,0,0
BRDA:177,98,1,0
BRDA:177,99,0,0
BRDA:177,99,1,0
BRDA:177,100,0,0
BRDA:177,100,1,0
BRDA:177,101,0,0
BRDA:177,101,1,0
BRDA:177,102,0,0
BRDA:177,102,1,0
BRDA:189,103,0,0
BRDA:189,103,1,2
BRDA:189,104,0,2
BRDA:189,104,1,0
BRDA:194,105,0,2
BRDA:194,105,1,0
BRDA:199,106,0,0
BRDA:199,106,1,0
BRDA:199,106,2,0
BRDA:199,107,0,0
BRDA:199,107,1,0
BRDA:199,108,0,0
BRDA:199,108,1,0
BRDA:199,109,0,0
BRDA:199,109,1,0
BRDA:199,110,0,0
BRDA:199,110,1,0
BRDA:199,111,0,0
BRDA:199,111,1,0
BRDA:199,112,0,0
BRDA:199,112,1,0
BRDA:199,113,0,0
BRDA:199,113,1,0
BRDA:199,114,0,0
BRDA:199,114,1,0
BRDA:215,115,0,0
BRDA:215,115,1,0
BRDA:215,115,2,0
BRDA:215,116,0,0
BRDA:215,116,1,0
BRDA:215,117,0,0
BRDA:215,117,1,0
BRDA:215,118,0,0
BRDA:215,118,1,0
BRDA:215,119,0,0
BRDA:215,119,1,0
BRDA:215,120,0,0
BRDA:215,120,1,0
BRDA:215,121,0,0
BRDA:215,121,1,0
BRDA:215,122,0,0
BRDA:215,122,1,0
BRDA:215,123,0,0
BRDA:215,123,1,0
BRDA:228,124,0,1
BRDA:228,124,1,0
BRDA:240,125,0,1
BRDA:240,125,1,1
BRDA:240,125,2,0
BRDA:240,126,0,1
BRDA:240,126,1,0
BRDA:240,127,0,1
BRDA:240,127,1,1
BRDA:240,128,0,1
BRDA:240,128,1,0
BRDA:240,129,0,1
BRDA:240,129,1,1
BRDA:240,130,0,0
BRDA:240,130,1,1
BRDA:240,131,0,1
BRDA:240,131,1,1
BRDA:240,132,0,0
BRDA:240,132,1,1
BRDA:240,133,0,1
BRDA:240,133,1,1
BRF:271
BRH:146
end_of_record
TN:
SF:src\components\stores\FooterInfoStore.ts
FN:24,(anonymous_8)
FN:32,(anonymous_9)
FN:32,(anonymous_10)
FN:51,(anonymous_11)
FN:51,(anonymous_12)
FN:65,(anonymous_13)
FN:65,(anonymous_14)
FN:72,(anonymous_15)
FN:90,(anonymous_16)
FN:90,(anonymous_17)
FN:97,(anonymous_18)
FN:98,(anonymous_19)
FN:102,(anonymous_20)
FN:103,(anonymous_21)
FN:105,(anonymous_22)
FN:106,(anonymous_23)
FN:118,(anonymous_24)
FN:118,(anonymous_25)
FN:122,(anonymous_26)
FN:123,(anonymous_27)
FN:127,(anonymous_28)
FN:130,(anonymous_29)
FN:144,(anonymous_30)
FN:144,(anonymous_31)
FN:148,(anonymous_32)
FN:149,(anonymous_33)
FN:160,(anonymous_34)
FN:160,(anonymous_35)
FN:164,(anonymous_36)
FN:165,(anonymous_37)
FN:176,(anonymous_38)
FN:176,(anonymous_39)
FNF:32
FNH:3
FNDA:1,(anonymous_8)
FNDA:0,(anonymous_9)
FNDA:0,(anonymous_10)
FNDA:2,(anonymous_11)
FNDA:2,(anonymous_12)
FNDA:0,(anonymous_13)
FNDA:0,(anonymous_14)
FNDA:0,(anonymous_15)
FNDA:0,(anonymous_16)
FNDA:0,(anonymous_17)
FNDA:0,(anonymous_18)
FNDA:0,(anonymous_19)
FNDA:0,(anonymous_20)
FNDA:0,(anonymous_21)
FNDA:0,(anonymous_22)
FNDA:0,(anonymous_23)
FNDA:0,(anonymous_24)
FNDA:0,(anonymous_25)
FNDA:0,(anonymous_26)
FNDA:0,(anonymous_27)
FNDA:0,(anonymous_28)
FNDA:0,(anonymous_29)
FNDA:0,(anonymous_30)
FNDA:0,(anonymous_31)
FNDA:0,(anonymous_32)
FNDA:0,(anonymous_33)
FNDA:0,(anonymous_34)
FNDA:0,(anonymous_35)
FNDA:0,(anonymous_36)
FNDA:0,(anonymous_37)
FNDA:0,(anonymous_38)
FNDA:0,(anonymous_39)
DA:1,1
DA:2,1
DA:4,1
DA:5,1
DA:24,1
DA:32,0
DA:33,0
DA:34,0
DA:35,0
DA:36,0
DA:37,0
DA:38,0
DA:45,0
DA:46,0
DA:47,0
DA:51,2
DA:52,2
DA:53,2
DA:54,2
DA:55,0
DA:56,0
DA:57,0
DA:59,2
DA:60,2
DA:61,2
DA:65,0
DA:66,0
DA:67,0
DA:68,0
DA:71,0
DA:72,0
DA:84,0
DA:85,0
DA:86,0
DA:90,0
DA:91,0
DA:92,0
DA:93,0
DA:96,0
DA:97,0
DA:98,0
DA:102,0
DA:103,0
DA:105,0
DA:106,0
DA:112,0
DA:113,0
DA:114,0
DA:118,0
DA:119,0
DA:120,0
DA:121,0
DA:122,0
DA:123,0
DA:127,0
DA:130,0
DA:138,0
DA:139,0
DA:140,0
DA:144,0
DA:145,0
DA:146,0
DA:147,0
DA:148,0
DA:149,0
DA:154,0
DA:155,0
DA:156,0
DA:160,0
DA:161,0
DA:162,0
DA:163,0
DA:164,0
DA:165,0
DA:170,0
DA:171,0
DA:172,0
DA:176,0
DA:177,0
DA:178,0
DA:179,0
DA:180,0
DA:181,0
DA:185,0
DA:198,0
DA:199,0
DA:200,0
LF:87
LH:12
BRDA:35,0,0,0
BRDA:35,0,1,0
BRDA:37,1,0,0
BRDA:37,1,1,0
BRDA:37,2,0,0
BRDA:37,2,1,0
BRDA:37,3,0,0
BRDA:37,3,1,0
BRDA:37,4,0,0
BRDA:37,4,1,0
BRDA:37,5,0,0
BRDA:37,5,1,0
BRDA:40,6,0,0
BRDA:40,6,1,0
BRDA:40,7,0,0
BRDA:40,7,1,0
BRDA:40,8,0,0
BRDA:40,8,1,0
BRDA:40,9,0,0
BRDA:40,9,1,0
BRDA:40,10,0,0
BRDA:40,10,1,0
BRDA:45,11,0,0
BRDA:45,11,1,0
BRDA:45,11,2,0
BRDA:45,12,0,0
BRDA:45,12,1,0
BRDA:45,13,0,0
BRDA:45,13,1,0
BRDA:45,14,0,0
BRDA:45,14,1,0
BRDA:45,15,0,0
BRDA:45,15,1,0
BRDA:45,16,0,0
BRDA:45,16,1,0
BRDA:45,17,0,0
BRDA:45,17,1,0
BRDA:45,18,0,0
BRDA:45,18,1,0
BRDA:45,19,0,0
BRDA:45,19,1,0
BRDA:59,20,0,2
BRDA:59,20,1,0
BRDA:59,20,2,0
BRDA:59,21,0,0
BRDA:59,21,1,2
BRDA:59,22,0,2
BRDA:59,22,1,2
BRDA:59,23,0,0
BRDA:59,23,1,2
BRDA:59,24,0,2
BRDA:59,24,1,2
BRDA:59,25,0,0
BRDA:59,25,1,2
BRDA:59,26,0,2
BRDA:59,26,1,2
BRDA:59,27,0,0
BRDA:59,27,1,0
BRDA:59,28,0,0
BRDA:59,28,1,0
BRDA:77,29,0,0
BRDA:77,29,1,0
BRDA:78,30,0,0
BRDA:78,30,1,0
BRDA:84,31,0,0
BRDA:84,31,1,0
BRDA:84,31,2,0
BRDA:84,32,0,0
BRDA:84,32,1,0
BRDA:84,33,0,0
BRDA:84,33,1,0
BRDA:84,34,0,0
BRDA:84,34,1,0
BRDA:84,35,0,0
BRDA:84,35,1,0
BRDA:84,36,0,0
BRDA:84,36,1,0
BRDA:84,37,0,0
BRDA:84,37,1,0
BRDA:84,38,0,0
BRDA:84,38,1,0
BRDA:84,39,0,0
BRDA:84,39,1,0
BRDA:98,40,0,0
BRDA:98,40,1,0
BRDA:101,41,0,0
BRDA:101,41,1,0
BRDA:102,42,0,0
BRDA:102,42,1,0
BRDA:102,43,0,0
BRDA:102,43,1,0
BRDA:102,44,0,0
BRDA:102,44,1,0
BRDA:103,45,0,0
BRDA:103,45,1,0
BRDA:103,46,0,0
BRDA:103,46,1,0
BRDA:103,47,0,0
BRDA:103,47,1,0
BRDA:104,48,0,0
BRDA:104,48,1,0
BRDA:105,49,0,0
BRDA:105,49,1,0
BRDA:105,50,0,0
BRDA:105,50,1,0
BRDA:105,51,0,0
BRDA:105,51,1,0
BRDA:106,52,0,0
BRDA:106,52,1,0
BRDA:106,53,0,0
BRDA:106,53,1,0
BRDA:106,54,0,0
BRDA:106,54,1,0
BRDA:112,55,0,0
BRDA:112,55,1,0
BRDA:112,55,2,0
BRDA:112,56,0,0
BRDA:112,56,1,0
BRDA:112,57,0,0
BRDA:112,57,1,0
BRDA:112,58,0,0
BRDA:112,58,1,0
BRDA:112,59,0,0
BRDA:112,59,1,0
BRDA:112,60,0,0
BRDA:112,60,1,0
BRDA:112,61,0,0
BRDA:112,61,1,0
BRDA:112,62,0,0
BRDA:112,62,1,0
BRDA:112,63,0,0
BRDA:112,63,1,0
BRDA:127,64,0,0
BRDA:127,64,1,0
BRDA:127,65,0,0
BRDA:127,65,1,0
BRDA:127,66,0,0
BRDA:127,66,1,0
BRDA:130,67,0,0
BRDA:130,67,1,0
BRDA:130,68,0,0
BRDA:130,68,1,0
BRDA:130,69,0,0
BRDA:130,69,1,0
BRDA:138,70,0,0
BRDA:138,70,1,0
BRDA:138,70,2,0
BRDA:138,71,0,0
BRDA:138,71,1,0
BRDA:138,72,0,0
BRDA:138,72,1,0
BRDA:138,73,0,0
BRDA:138,73,1,0
BRDA:138,74,0,0
BRDA:138,74,1,0
BRDA:138,75,0,0
BRDA:138,75,1,0
BRDA:138,76,0,0
BRDA:138,76,1,0
BRDA:138,77,0,0
BRDA:138,77,1,0
BRDA:138,78,0,0
BRDA:138,78,1,0
BRDA:154,79,0,0
BRDA:154,79,1,0
BRDA:154,79,2,0
BRDA:154,80,0,0
BRDA:154,80,1,0
BRDA:154,81,0,0
BRDA:154,81,1,0
BRDA:154,82,0,0
BRDA:154,82,1,0
BRDA:154,83,0,0
BRDA:154,83,1,0
BRDA:154,84,0,0
BRDA:154,84,1,0
BRDA:154,85,0,0
BRDA:154,85,1,0
BRDA:154,86,0,0
BRDA:154,86,1,0
BRDA:154,87,0,0
BRDA:154,87,1,0
BRDA:170,88,0,0
BRDA:170,88,1,0
BRDA:170,88,2,0
BRDA:170,89,0,0
BRDA:170,89,1,0
BRDA:170,90,0,0
BRDA:170,90,1,0
BRDA:170,91,0,0
BRDA:170,91,1,0
BRDA:170,92,0,0
BRDA:170,92,1,0
BRDA:170,93,0,0
BRDA:170,93,1,0
BRDA:170,94,0,0
BRDA:170,94,1,0
BRDA:170,95,0,0
BRDA:170,95,1,0
BRDA:170,96,0,0
BRDA:170,96,1,0
BRDA:176,97,0,0
BRDA:176,98,0,0
BRDA:176,99,0,0
BRDA:179,100,0,0
BRDA:179,100,1,0
BRDA:186,101,0,0
BRDA:186,101,1,0
BRDA:188,102,0,0
BRDA:188,102,1,0
BRDA:188,103,0,0
BRDA:188,103,1,0
BRDA:188,104,0,0
BRDA:188,104,1,0
BRDA:188,105,0,0
BRDA:188,105,1,0
BRDA:189,106,0,0
BRDA:189,106,1,0
BRDA:189,107,0,0
BRDA:189,107,1,0
BRDA:189,108,0,0
BRDA:189,108,1,0
BRDA:189,109,0,0
BRDA:189,109,1,0
BRDA:190,110,0,0
BRDA:190,110,1,0
BRDA:190,111,0,0
BRDA:190,111,1,0
BRDA:190,112,0,0
BRDA:190,112,1,0
BRDA:190,113,0,0
BRDA:190,113,1,0
BRDA:193,114,0,0
BRDA:193,114,1,0
BRDA:193,115,0,0
BRDA:193,115,1,0
BRDA:193,116,0,0
BRDA:193,116,1,0
BRDA:193,117,0,0
BRDA:193,117,1,0
BRDA:198,118,0,0
BRDA:198,118,1,0
BRDA:198,118,2,0
BRDA:198,119,0,0
BRDA:198,119,1,0
BRDA:198,120,0,0
BRDA:198,120,1,0
BRDA:198,121,0,0
BRDA:198,121,1,0
BRDA:198,122,0,0
BRDA:198,122,1,0
BRDA:198,123,0,0
BRDA:198,123,1,0
BRDA:198,124,0,0
BRDA:198,124,1,0
BRDA:198,125,0,0
BRDA:198,125,1,0
BRDA:198,126,0,0
BRDA:198,126,1,0
BRF:259
BRH:10
end_of_record
TN:
SF:src\components\stores\categoryStore.ts
FN:322,(anonymous_8)
FN:330,(anonymous_9)
FN:330,(anonymous_10)
FN:351,(anonymous_11)
FN:351,(anonymous_12)
FN:365,(anonymous_13)
FN:365,(anonymous_14)
FN:372,(anonymous_15)
FN:390,(anonymous_16)
FN:390,(anonymous_17)
FN:397,(anonymous_18)
FN:398,(anonymous_19)
FN:402,(anonymous_20)
FN:403,(anonymous_21)
FN:405,(anonymous_22)
FN:406,(anonymous_23)
FN:418,(anonymous_24)
FN:418,(anonymous_25)
FN:422,(anonymous_26)
FN:423,(anonymous_27)
FN:427,(anonymous_28)
FN:430,(anonymous_29)
FN:444,(anonymous_30)
FN:444,(anonymous_31)
FN:448,(anonymous_32)
FN:449,(anonymous_33)
FN:460,(anonymous_34)
FN:460,(anonymous_35)
FN:464,(anonymous_36)
FN:465,(anonymous_37)
FN:476,(anonymous_38)
FN:476,(anonymous_39)
FN:504,(anonymous_40)
FN:504,(anonymous_41)
FN:510,(anonymous_42)
FN:511,(anonymous_43)
FNF:36
FNH:34
FNDA:3,(anonymous_8)
FNDA:2,(anonymous_9)
FNDA:2,(anonymous_10)
FNDA:1,(anonymous_11)
FNDA:1,(anonymous_12)
FNDA:1,(anonymous_13)
FNDA:1,(anonymous_14)
FNDA:1,(anonymous_15)
FNDA:2,(anonymous_16)
FNDA:2,(anonymous_17)
FNDA:1,(anonymous_18)
FNDA:1,(anonymous_19)
FNDA:1,(anonymous_20)
FNDA:0,(anonymous_21)
FNDA:0,(anonymous_22)
FNDA:1,(anonymous_23)
FNDA:2,(anonymous_24)
FNDA:2,(anonymous_25)
FNDA:1,(anonymous_26)
FNDA:1,(anonymous_27)
FNDA:1,(anonymous_28)
FNDA:1,(anonymous_29)
FNDA:1,(anonymous_30)
FNDA:1,(anonymous_31)
FNDA:1,(anonymous_32)
FNDA:1,(anonymous_33)
FNDA:1,(anonymous_34)
FNDA:1,(anonymous_35)
FNDA:1,(anonymous_36)
FNDA:1,(anonymous_37)
FNDA:1,(anonymous_38)
FNDA:1,(anonymous_39)
FNDA:1,(anonymous_40)
FNDA:1,(anonymous_41)
FNDA:1,(anonymous_42)
FNDA:1,(anonymous_43)
DA:297,3
DA:298,3
DA:301,3
DA:302,3
DA:322,3
DA:330,2
DA:331,2
DA:332,2
DA:333,2
DA:334,2
DA:335,1
DA:336,1
DA:338,1
DA:345,1
DA:346,1
DA:347,1
DA:351,1
DA:352,1
DA:353,1
DA:354,1
DA:355,1
DA:356,1
DA:357,1
DA:359,0
DA:360,0
DA:361,0
DA:365,1
DA:366,1
DA:367,1
DA:368,1
DA:371,1
DA:372,1
DA:384,0
DA:385,0
DA:386,0
DA:390,2
DA:391,2
DA:392,2
DA:393,2
DA:396,1
DA:397,1
DA:398,1
DA:402,1
DA:403,0
DA:405,0
DA:406,1
DA:412,1
DA:413,1
DA:414,1
DA:418,2
DA:419,2
DA:420,2
DA:421,2
DA:422,1
DA:423,1
DA:427,1
DA:430,1
DA:438,1
DA:439,1
DA:440,1
DA:444,1
DA:445,1
DA:446,1
DA:447,1
DA:448,1
DA:449,1
DA:454,0
DA:455,0
DA:456,0
DA:460,1
DA:461,1
DA:462,1
DA:463,1
DA:464,1
DA:465,1
DA:470,0
DA:471,0
DA:472,0
DA:476,1
DA:477,1
DA:478,1
DA:479,1
DA:480,1
DA:481,1
DA:485,1
DA:498,0
DA:499,0
DA:500,0
DA:504,1
DA:506,1
DA:507,1
DA:508,1
DA:509,1
DA:510,1
DA:512,1
DA:513,1
DA:518,0
DA:525,0
DA:528,0
DA:529,0
LF:100
LH:79
BRDA:333,0,0,1
BRDA:333,0,1,1
BRDA:335,1,0,1
BRDA:335,1,1,0
BRDA:335,2,0,0
BRDA:335,2,1,1
BRDA:335,3,0,1
BRDA:335,3,1,1
BRDA:335,4,0,0
BRDA:335,4,1,1
BRDA:335,5,0,1
BRDA:335,5,1,1
BRDA:340,6,0,1
BRDA:340,6,1,0
BRDA:340,7,0,0
BRDA:340,7,1,1
BRDA:340,8,0,1
BRDA:340,8,1,1
BRDA:340,9,0,0
BRDA:340,9,1,1
BRDA:340,10,0,1
BRDA:340,10,1,1
BRDA:345,11,0,1
BRDA:345,11,1,0
BRDA:345,11,2,0
BRDA:345,12,0,0
BRDA:345,12,1,1
BRDA:345,13,0,1
BRDA:345,13,1,1
BRDA:345,14,0,0
BRDA:345,14,1,1
BRDA:345,15,0,1
BRDA:345,15,1,1
BRDA:345,16,0,0
BRDA:345,16,1,1
BRDA:345,17,0,1
BRDA:345,17,1,1
BRDA:345,18,0,0
BRDA:345,18,1,0
BRDA:345,19,0,0
BRDA:345,19,1,0
BRDA:359,20,0,0
BRDA:359,20,1,0
BRDA:359,20,2,0
BRDA:359,21,0,0
BRDA:359,21,1,0
BRDA:359,22,0,0
BRDA:359,22,1,0
BRDA:359,23,0,0
BRDA:359,23,1,0
BRDA:359,24,0,0
BRDA:359,24,1,0
BRDA:359,25,0,0
BRDA:359,25,1,0
BRDA:359,26,0,0
BRDA:359,26,1,0
BRDA:359,27,0,0
BRDA:359,27,1,0
BRDA:359,28,0,0
BRDA:359,28,1,0
BRDA:377,29,0,1
BRDA:377,29,1,0
BRDA:378,30,0,0
BRDA:378,30,1,1
BRDA:384,31,0,0
BRDA:384,31,1,0
BRDA:384,31,2,0
BRDA:384,32,0,0
BRDA:384,32,1,0
BRDA:384,33,0,0
BRDA:384,33,1,0
BRDA:384,34,0,0
BRDA:384,34,1,0
BRDA:384,35,0,0
BRDA:384,35,1,0
BRDA:384,36,0,0
BRDA:384,36,1,0
BRDA:384,37,0,0
BRDA:384,37,1,0
BRDA:384,38,0,0
BRDA:384,38,1,0
BRDA:384,39,0,0
BRDA:384,39,1,0
BRDA:398,40,0,1
BRDA:398,40,1,0
BRDA:401,41,0,1
BRDA:401,41,1,0
BRDA:402,42,0,1
BRDA:402,42,1,0
BRDA:402,43,0,0
BRDA:402,43,1,1
BRDA:402,44,0,1
BRDA:402,44,1,1
BRDA:403,45,0,0
BRDA:403,45,1,0
BRDA:403,46,0,0
BRDA:403,46,1,0
BRDA:403,47,0,0
BRDA:403,47,1,0
BRDA:404,48,0,0
BRDA:404,48,1,1
BRDA:405,49,0,0
BRDA:405,49,1,0
BRDA:405,50,0,0
BRDA:405,50,1,0
BRDA:405,51,0,0
BRDA:405,51,1,0
BRDA:406,52,0,1
BRDA:406,52,1,0
BRDA:406,53,0,0
BRDA:406,53,1,1
BRDA:406,54,0,1
BRDA:406,54,1,1
BRDA:412,55,0,1
BRDA:412,55,1,1
BRDA:412,55,2,0
BRDA:412,56,0,1
BRDA:412,56,1,0
BRDA:412,57,0,1
BRDA:412,57,1,1
BRDA:412,58,0,1
BRDA:412,58,1,0
BRDA:412,59,0,1
BRDA:412,59,1,1
BRDA:412,60,0,0
BRDA:412,60,1,1
BRDA:412,61,0,1
BRDA:412,61,1,1
BRDA:412,62,0,0
BRDA:412,62,1,1
BRDA:412,63,0,1
BRDA:412,63,1,1
BRDA:427,64,0,1
BRDA:427,64,1,0
BRDA:427,65,0,0
BRDA:427,65,1,1
BRDA:427,66,0,1
BRDA:427,66,1,1
BRDA:430,67,0,0
BRDA:430,67,1,1
BRDA:430,68,0,0
BRDA:430,68,1,1
BRDA:430,69,0,1
BRDA:430,69,1,1
BRDA:438,70,0,1
BRDA:438,70,1,1
BRDA:438,70,2,0
BRDA:438,71,0,1
BRDA:438,71,1,0
BRDA:438,72,0,1
BRDA:438,72,1,1
BRDA:438,73,0,1
BRDA:438,73,1,0
BRDA:438,74,0,1
BRDA:438,74,1,1
BRDA:438,75,0,0
BRDA:438,75,1,1
BRDA:438,76,0,1
BRDA:438,76,1,1
BRDA:438,77,0,0
BRDA:438,77,1,1
BRDA:438,78,0,1
BRDA:438,78,1,1
BRDA:454,79,0,0
BRDA:454,79,1,0
BRDA:454,79,2,0
BRDA:454,80,0,0
BRDA:454,80,1,0
BRDA:454,81,0,0
BRDA:454,81,1,0
BRDA:454,82,0,0
BRDA:454,82,1,0
BRDA:454,83,0,0
BRDA:454,83,1,0
BRDA:454,84,0,0
BRDA:454,84,1,0
BRDA:454,85,0,0
BRDA:454,85,1,0
BRDA:454,86,0,0
BRDA:454,86,1,0
BRDA:454,87,0,0
BRDA:454,87,1,0
BRDA:470,88,0,0
BRDA:470,88,1,0
BRDA:470,88,2,0
BRDA:470,89,0,0
BRDA:470,89,1,0
BRDA:470,90,0,0
BRDA:470,90,1,0
BRDA:470,91,0,0
BRDA:470,91,1,0
BRDA:470,92,0,0
BRDA:470,92,1,0
BRDA:470,93,0,0
BRDA:470,93,1,0
BRDA:470,94,0,0
BRDA:470,94,1,0
BRDA:470,95,0,0
BRDA:470,95,1,0
BRDA:470,96,0,0
BRDA:470,96,1,0
BRDA:476,97,0,0
BRDA:476,98,0,0
BRDA:476,99,0,0
BRDA:479,100,0,1
BRDA:479,100,1,0
BRDA:486,101,0,1
BRDA:486,101,1,0
BRDA:488,102,0,1
BRDA:488,102,1,0
BRDA:488,103,0,1
BRDA:488,103,1,1
BRDA:488,104,0,0
BRDA:488,104,1,1
BRDA:488,105,0,1
BRDA:488,105,1,1
BRDA:489,106,0,1
BRDA:489,106,1,0
BRDA:489,107,0,1
BRDA:489,107,1,1
BRDA:489,108,0,0
BRDA:489,108,1,1
BRDA:489,109,0,1
BRDA:489,109,1,1
BRDA:490,110,0,1
BRDA:490,110,1,0
BRDA:490,111,0,1
BRDA:490,111,1,1
BRDA:490,112,0,0
BRDA:490,112,1,1
BRDA:490,113,0,1
BRDA:490,113,1,1
BRDA:493,114,0,1
BRDA:493,114,1,0
BRDA:493,115,0,1
BRDA:493,115,1,1
BRDA:493,116,0,0
BRDA:493,116,1,1
BRDA:493,117,0,1
BRDA:493,117,1,1
BRDA:498,118,0,0
BRDA:498,118,1,0
BRDA:498,118,2,0
BRDA:498,119,0,0
BRDA:498,119,1,0
BRDA:498,120,0,0
BRDA:498,120,1,0
BRDA:498,121,0,0
BRDA:498,121,1,0
BRDA:498,122,0,0
BRDA:498,122,1,0
BRDA:498,123,0,0
BRDA:498,123,1,0
BRDA:498,124,0,0
BRDA:498,124,1,0
BRDA:498,125,0,0
BRDA:498,125,1,0
BRDA:498,126,0,0
BRDA:498,126,1,0
BRDA:512,127,0,1
BRDA:512,127,1,0
BRDA:525,128,0,0
BRDA:525,128,1,0
BRDA:525,128,2,0
BRDA:525,129,0,0
BRDA:525,129,1,0
BRDA:525,130,0,0
BRDA:525,130,1,0
BRDA:525,131,0,0
BRDA:525,131,1,0
BRDA:525,132,0,0
BRDA:525,132,1,0
BRDA:525,133,0,0
BRDA:525,133,1,0
BRDA:525,134,0,0
BRDA:525,134,1,0
BRDA:526,135,0,0
BRDA:526,135,1,0
BRDA:526,136,0,0
BRDA:526,136,1,0
BRF:280
BRH:102
end_of_record
TN:
SF:src\components\stores\configStore.ts
FN:41,(anonymous_8)
FN:49,(anonymous_9)
FN:49,(anonymous_10)
FN:79,(anonymous_11)
FN:79,(anonymous_12)
FN:93,(anonymous_13)
FN:93,(anonymous_14)
FN:103,(anonymous_15)
FN:120,(anonymous_16)
FN:120,(anonymous_17)
FN:130,(anonymous_18)
FN:131,(anonymous_19)
FN:142,(anonymous_20)
FN:142,(anonymous_21)
FN:146,(anonymous_22)
FN:147,(anonymous_23)
FN:158,(anonymous_24)
FN:158,(anonymous_25)
FN:163,(anonymous_26)
FN:164,(anonymous_27)
FN:183,(anonymous_28)
FN:183,(anonymous_29)
FN:187,(anonymous_30)
FN:188,(anonymous_31)
FN:199,(anonymous_32)
FN:199,(anonymous_33)
FN:203,(anonymous_34)
FN:204,(anonymous_35)
FN:215,(anonymous_36)
FN:215,(anonymous_37)
FNF:30
FNH:30
FNDA:4,(anonymous_8)
FNDA:2,(anonymous_9)
FNDA:2,(anonymous_10)
FNDA:1,(anonymous_11)
FNDA:1,(anonymous_12)
FNDA:1,(anonymous_13)
FNDA:1,(anonymous_14)
FNDA:1,(anonymous_15)
FNDA:2,(anonymous_16)
FNDA:2,(anonymous_17)
FNDA:1,(anonymous_18)
FNDA:1,(anonymous_19)
FNDA:2,(anonymous_20)
FNDA:2,(anonymous_21)
FNDA:1,(anonymous_22)
FNDA:1,(anonymous_23)
FNDA:2,(anonymous_24)
FNDA:2,(anonymous_25)
FNDA:1,(anonymous_26)
FNDA:1,(anonymous_27)
FNDA:2,(anonymous_28)
FNDA:2,(anonymous_29)
FNDA:1,(anonymous_30)
FNDA:1,(anonymous_31)
FNDA:2,(anonymous_32)
FNDA:2,(anonymous_33)
FNDA:1,(anonymous_34)
FNDA:1,(anonymous_35)
FNDA:2,(anonymous_36)
FNDA:2,(anonymous_37)
DA:1,4
DA:2,4
DA:3,0
DA:6,4
DA:7,4
DA:9,4
DA:11,4
DA:41,4
DA:49,2
DA:50,2
DA:51,2
DA:53,2
DA:55,2
DA:56,1
DA:60,1
DA:73,1
DA:74,1
DA:75,1
DA:79,1
DA:80,1
DA:81,1
DA:82,1
DA:83,1
DA:84,1
DA:85,1
DA:87,0
DA:88,0
DA:89,0
DA:93,1
DA:94,1
DA:95,1
DA:96,1
DA:101,1
DA:102,1
DA:103,1
DA:114,0
DA:115,0
DA:116,0
DA:120,2
DA:121,2
DA:122,2
DA:123,2
DA:128,2
DA:129,1
DA:130,1
DA:131,1
DA:136,1
DA:137,1
DA:138,1
DA:142,2
DA:143,2
DA:144,2
DA:145,2
DA:146,1
DA:147,1
DA:152,1
DA:153,1
DA:154,1
DA:158,2
DA:159,2
DA:160,2
DA:161,2
DA:162,1
DA:163,1
DA:165,1
DA:166,1
DA:171,0
DA:177,1
DA:178,1
DA:179,1
DA:183,2
DA:184,2
DA:185,2
DA:186,2
DA:187,1
DA:188,1
DA:193,1
DA:194,1
DA:195,1
DA:199,2
DA:200,2
DA:201,2
DA:202,2
DA:203,1
DA:204,1
DA:209,1
DA:210,1
DA:211,1
DA:215,2
DA:216,2
DA:217,2
DA:219,2
DA:221,2
DA:222,1
DA:226,1
DA:239,1
DA:240,1
DA:241,1
LF:98
LH:90
BRDA:2,0,0,0
BRDA:2,0,1,4
BRDA:49,1,0,2
BRDA:49,2,0,2
BRDA:49,3,0,2
BRDA:53,4,0,0
BRDA:53,4,1,2
BRDA:54,5,0,0
BRDA:54,5,1,2
BRDA:55,6,0,0
BRDA:55,6,1,2
BRDA:61,7,0,1
BRDA:61,7,1,0
BRDA:63,8,0,1
BRDA:63,8,1,0
BRDA:63,9,0,1
BRDA:63,9,1,1
BRDA:63,10,0,0
BRDA:63,10,1,1
BRDA:63,11,0,1
BRDA:63,11,1,1
BRDA:64,12,0,1
BRDA:64,12,1,0
BRDA:64,13,0,1
BRDA:64,13,1,1
BRDA:64,14,0,0
BRDA:64,14,1,1
BRDA:64,15,0,1
BRDA:64,15,1,1
BRDA:65,16,0,1
BRDA:65,16,1,0
BRDA:65,17,0,1
BRDA:65,17,1,1
BRDA:65,18,0,0
BRDA:65,18,1,1
BRDA:65,19,0,1
BRDA:65,19,1,1
BRDA:68,20,0,1
BRDA:68,20,1,0
BRDA:68,21,0,1
BRDA:68,21,1,1
BRDA:68,22,0,0
BRDA:68,22,1,1
BRDA:68,23,0,1
BRDA:68,23,1,1
BRDA:73,24,0,1
BRDA:73,24,1,1
BRDA:73,24,2,0
BRDA:73,25,0,1
BRDA:73,25,1,0
BRDA:73,26,0,1
BRDA:73,26,1,1
BRDA:73,27,0,1
BRDA:73,27,1,0
BRDA:73,28,0,1
BRDA:73,28,1,1
BRDA:73,29,0,0
BRDA:73,29,1,1
BRDA:73,30,0,1
BRDA:73,30,1,1
BRDA:73,31,0,0
BRDA:73,31,1,1
BRDA:73,32,0,1
BRDA:73,32,1,1
BRDA:87,33,0,0
BRDA:87,33,1,0
BRDA:87,33,2,0
BRDA:87,34,0,0
BRDA:87,34,1,0
BRDA:87,35,0,0
BRDA:87,35,1,0
BRDA:87,36,0,0
BRDA:87,36,1,0
BRDA:87,37,0,0
BRDA:87,37,1,0
BRDA:87,38,0,0
BRDA:87,38,1,0
BRDA:87,39,0,0
BRDA:87,39,1,0
BRDA:87,40,0,0
BRDA:87,40,1,0
BRDA:87,41,0,0
BRDA:87,41,1,0
BRDA:98,42,0,1
BRDA:98,42,1,0
BRDA:98,43,0,0
BRDA:98,43,1,0
BRDA:98,44,0,0
BRDA:98,44,1,0
BRDA:99,45,0,1
BRDA:99,45,1,0
BRDA:108,46,0,1
BRDA:108,46,1,0
BRDA:114,47,0,0
BRDA:114,47,1,0
BRDA:114,47,2,0
BRDA:114,48,0,0
BRDA:114,48,1,0
BRDA:114,49,0,0
BRDA:114,49,1,0
BRDA:114,50,0,0
BRDA:114,50,1,0
BRDA:114,51,0,0
BRDA:114,51,1,0
BRDA:114,52,0,0
BRDA:114,52,1,0
BRDA:114,53,0,0
BRDA:114,53,1,0
BRDA:114,54,0,0
BRDA:114,54,1,0
BRDA:114,55,0,0
BRDA:114,55,1,0
BRDA:125,56,0,1
BRDA:125,56,1,1
BRDA:125,57,0,0
BRDA:125,57,1,1
BRDA:126,58,0,2
BRDA:126,58,1,1
BRDA:131,59,0,1
BRDA:131,59,1,0
BRDA:136,60,0,1
BRDA:136,60,1,1
BRDA:136,60,2,0
BRDA:136,61,0,1
BRDA:136,61,1,0
BRDA:136,62,0,1
BRDA:136,62,1,1
BRDA:136,63,0,1
BRDA:136,63,1,0
BRDA:136,64,0,1
BRDA:136,64,1,1
BRDA:136,65,0,0
BRDA:136,65,1,1
BRDA:136,66,0,1
BRDA:136,66,1,1
BRDA:136,67,0,0
BRDA:136,67,1,1
BRDA:136,68,0,1
BRDA:136,68,1,1
BRDA:152,69,0,1
BRDA:152,69,1,1
BRDA:152,69,2,0
BRDA:152,70,0,1
BRDA:152,70,1,0
BRDA:152,71,0,1
BRDA:152,71,1,1
BRDA:152,72,0,1
BRDA:152,72,1,0
BRDA:152,73,0,1
BRDA:152,73,1,1
BRDA:152,74,0,0
BRDA:152,74,1,1
BRDA:152,75,0,1
BRDA:152,75,1,1
BRDA:152,76,0,0
BRDA:152,76,1,1
BRDA:152,77,0,1
BRDA:152,77,1,1
BRDA:165,78,0,1
BRDA:165,78,1,0
BRDA:177,79,0,1
BRDA:177,79,1,1
BRDA:177,79,2,0
BRDA:177,80,0,1
BRDA:177,80,1,0
BRDA:177,81,0,1
BRDA:177,81,1,1
BRDA:177,82,0,1
BRDA:177,82,1,0
BRDA:177,83,0,1
BRDA:177,83,1,1
BRDA:177,84,0,0
BRDA:177,84,1,1
BRDA:177,85,0,1
BRDA:177,85,1,1
BRDA:177,86,0,0
BRDA:177,86,1,1
BRDA:177,87,0,1
BRDA:177,87,1,1
BRDA:193,88,0,1
BRDA:193,88,1,1
BRDA:193,88,2,0
BRDA:193,89,0,1
BRDA:193,89,1,0
BRDA:193,90,0,1
BRDA:193,90,1,1
BRDA:193,91,0,1
BRDA:193,91,1,0
BRDA:193,92,0,1
BRDA:193,92,1,1
BRDA:193,93,0,0
BRDA:193,93,1,1
BRDA:193,94,0,1
BRDA:193,94,1,1
BRDA:193,95,0,0
BRDA:193,95,1,1
BRDA:193,96,0,1
BRDA:193,96,1,1
BRDA:209,97,0,1
BRDA:209,97,1,1
BRDA:209,97,2,0
BRDA:209,98,0,1
BRDA:209,98,1,0
BRDA:209,99,0,1
BRDA:209,99,1,1
BRDA:209,100,0,1
BRDA:209,100,1,0
BRDA:209,101,0,1
BRDA:209,101,1,1
BRDA:209,102,0,0
BRDA:209,102,1,1
BRDA:209,103,0,1
BRDA:209,103,1,1
BRDA:209,104,0,0
BRDA:209,104,1,1
BRDA:209,105,0,1
BRDA:209,105,1,1
BRDA:215,106,0,2
BRDA:215,107,0,2
BRDA:215,108,0,2
BRDA:219,109,0,0
BRDA:219,109,1,2
BRDA:220,110,0,0
BRDA:220,110,1,2
BRDA:221,111,0,0
BRDA:221,111,1,2
BRDA:227,112,0,1
BRDA:227,112,1,0
BRDA:229,113,0,1
BRDA:229,113,1,0
BRDA:229,114,0,1
BRDA:229,114,1,1
BRDA:229,115,0,0
BRDA:229,115,1,1
BRDA:229,116,0,1
BRDA:229,116,1,1
BRDA:230,117,0,1
BRDA:230,117,1,0
BRDA:230,118,0,1
BRDA:230,118,1,1
BRDA:230,119,0,0
BRDA:230,119,1,1
BRDA:230,120,0,1
BRDA:230,120,1,1
BRDA:231,121,0,1
BRDA:231,121,1,0
BRDA:231,122,0,1
BRDA:231,122,1,1
BRDA:231,123,0,0
BRDA:231,123,1,1
BRDA:231,124,0,1
BRDA:231,124,1,1
BRDA:234,125,0,1
BRDA:234,125,1,0
BRDA:234,126,0,1
BRDA:234,126,1,1
BRDA:234,127,0,0
BRDA:234,127,1,1
BRDA:234,128,0,1
BRDA:234,128,1,1
BRDA:239,129,0,1
BRDA:239,129,1,1
BRDA:239,129,2,0
BRDA:239,130,0,1
BRDA:239,130,1,0
BRDA:239,131,0,1
BRDA:239,131,1,1
BRDA:239,132,0,1
BRDA:239,132,1,0
BRDA:239,133,0,1
BRDA:239,133,1,1
BRDA:239,134,0,0
BRDA:239,134,1,1
BRDA:239,135,0,1
BRDA:239,135,1,1
BRDA:239,136,0,0
BRDA:239,136,1,1
BRDA:239,137,0,1
BRDA:239,137,1,1
BRF:279
BRH:171
end_of_record
TN:
SF:src\components\stores\settingsStore.ts
FN:18,(anonymous_8)
FN:23,(anonymous_9)
FN:23,(anonymous_10)
FN:36,(anonymous_11)
FN:36,(anonymous_12)
FNF:5
FNH:5
FNDA:1,(anonymous_8)
FNDA:2,(anonymous_9)
FNDA:2,(anonymous_10)
FNDA:3,(anonymous_11)
FNDA:3,(anonymous_12)
DA:2,1
DA:3,1
DA:4,1
DA:7,1
DA:18,1
DA:23,2
DA:24,2
DA:25,2
DA:26,2
DA:27,1
DA:28,1
DA:30,1
DA:31,1
DA:32,1
DA:36,3
DA:37,3
DA:38,3
DA:39,3
DA:40,3
DA:41,3
DA:42,1
DA:44,3
DA:45,2
DA:46,2
DA:48,1
DA:49,1
DA:50,1
LF:27
LH:27
BRDA:30,0,0,1
BRDA:30,0,1,0
BRDA:30,0,2,0
BRDA:30,1,0,0
BRDA:30,1,1,1
BRDA:30,2,0,1
BRDA:30,2,1,1
BRDA:30,3,0,0
BRDA:30,3,1,1
BRDA:30,4,0,1
BRDA:30,4,1,1
BRDA:30,5,0,0
BRDA:30,5,1,1
BRDA:30,6,0,1
BRDA:30,6,1,1
BRDA:30,7,0,0
BRDA:30,7,1,0
BRDA:30,8,0,0
BRDA:30,8,1,0
BRDA:41,9,0,1
BRDA:41,9,1,2
BRDA:48,10,0,1
BRDA:48,10,1,0
BRDA:48,10,2,0
BRDA:48,11,0,0
BRDA:48,11,1,1
BRDA:48,12,0,1
BRDA:48,12,1,1
BRDA:48,13,0,0
BRDA:48,13,1,1
BRDA:48,14,0,1
BRDA:48,14,1,1
BRDA:48,15,0,0
BRDA:48,15,1,1
BRDA:48,16,0,1
BRDA:48,16,1,1
BRDA:48,17,0,0
BRDA:48,17,1,0
BRDA:48,18,0,0
BRDA:48,18,1,0
BRF:40
BRH:22
end_of_record
TN:
SF:src\components\templates\auth\loginTemplate.tsx
FN:20,(anonymous_17)
FN:34,(anonymous_18)
FN:42,(anonymous_19)
FN:42,(anonymous_20)
FN:53,(anonymous_21)
FN:93,(anonymous_22)
FN:98,(anonymous_23)
FN:116,(anonymous_24)
FN:135,(anonymous_25)
FN:135,(anonymous_26)
FN:177,CustomCarousel
FN:183,(anonymous_28)
FN:184,(anonymous_29)
FN:187,(anonymous_30)
FN:188,(anonymous_31)
FN:192,(anonymous_32)
FN:195,(anonymous_33)
FN:199,(anonymous_34)
FN:238,(anonymous_35)
FN:242,(anonymous_36)
FNF:20
FNH:9
FNDA:10,(anonymous_17)
FNDA:3,(anonymous_18)
FNDA:2,(anonymous_19)
FNDA:2,(anonymous_20)
FNDA:0,(anonymous_21)
FNDA:20,(anonymous_22)
FNDA:0,(anonymous_23)
FNDA:0,(anonymous_24)
FNDA:0,(anonymous_25)
FNDA:0,(anonymous_26)
FNDA:10,CustomCarousel
FNDA:3,(anonymous_28)
FNDA:0,(anonymous_29)
FNDA:0,(anonymous_30)
FNDA:0,(anonymous_31)
FNDA:3,(anonymous_32)
FNDA:0,(anonymous_33)
FNDA:0,(anonymous_34)
FNDA:30,(anonymous_35)
FNDA:0,(anonymous_36)
DA:1,1
DA:2,1
DA:4,1
DA:5,1
DA:6,1
DA:7,1
DA:9,1
DA:10,1
DA:11,1
DA:12,1
DA:20,1
DA:21,10
DA:22,10
DA:23,10
DA:24,10
DA:26,10
DA:34,10
DA:35,3
DA:36,0
DA:40,10
DA:42,10
DA:43,2
DA:44,2
DA:51,2
DA:52,0
DA:53,0
DA:55,0
DA:56,0
DA:58,0
DA:59,0
DA:63,0
DA:65,0
DA:68,2
DA:69,2
DA:70,1
DA:71,1
DA:73,1
DA:74,1
DA:78,10
DA:93,20
DA:99,0
DA:100,0
DA:102,0
DA:106,0
DA:107,0
DA:108,0
DA:113,0
DA:117,0
DA:118,0
DA:120,0
DA:124,0
DA:125,0
DA:126,0
DA:131,0
DA:135,0
DA:157,1
DA:159,1
DA:178,10
DA:179,10
DA:180,10
DA:181,10
DA:183,10
DA:184,3
DA:185,0
DA:186,0
DA:187,0
DA:188,0
DA:189,0
DA:192,3
DA:195,10
DA:196,0
DA:197,0
DA:198,0
DA:199,0
DA:200,0
DA:201,0
DA:205,10
DA:207,10
DA:239,30
DA:242,0
LF:80
LH:44
BRDA:35,0,0,0
BRDA:35,0,1,3
BRDA:35,1,0,3
BRDA:35,1,1,0
BRDA:35,1,2,0
BRDA:51,2,0,0
BRDA:51,2,1,2
BRDA:56,3,0,0
BRDA:56,3,1,0
BRDA:73,4,0,1
BRDA:73,4,1,0
BRDA:73,5,0,0
BRDA:73,5,1,1
BRDA:73,6,0,1
BRDA:73,6,1,1
BRDA:73,7,0,0
BRDA:73,7,1,1
BRDA:73,8,0,1
BRDA:73,8,1,1
BRDA:73,9,0,0
BRDA:73,9,1,1
BRDA:73,10,0,1
BRDA:73,10,1,1
BRDA:93,11,0,10
BRDA:93,11,1,10
BRDA:93,12,0,0
BRDA:93,12,1,10
BRDA:106,13,0,0
BRDA:106,13,1,0
BRDA:124,14,0,0
BRDA:124,14,1,0
BRDA:196,15,0,0
BRDA:196,15,1,0
BRDA:197,16,0,0
BRDA:197,16,1,0
BRDA:210,17,0,0
BRDA:210,17,1,10
BRDA:210,18,0,0
BRDA:210,18,1,0
BRDA:224,19,0,0
BRDA:224,19,1,10
BRDA:224,20,0,10
BRDA:224,20,1,0
BRDA:241,21,0,10
BRDA:241,21,1,20
BRF:45
BRH:21
end_of_record
TN:
SF:src\components\templates\category\CategoryFormTemplate.tsx
FN:21,(anonymous_8)
FN:22,(anonymous_9)
FN:27,(anonymous_10)
FN:46,(anonymous_11)
FN:46,(anonymous_12)
FN:83,(anonymous_13)
FN:85,(anonymous_14)
FN:85,(anonymous_15)
FN:106,(anonymous_16)
FN:106,(anonymous_17)
FN:144,(anonymous_18)
FN:167,(anonymous_19)
FN:201,(anonymous_20)
FN:215,(anonymous_21)
FN:216,(anonymous_22)
FNF:15
FNH:13
FNDA:382,(anonymous_8)
FNDA:382,(anonymous_9)
FNDA:82,(anonymous_10)
FNDA:164,(anonymous_11)
FNDA:10,(anonymous_12)
FNDA:23,(anonymous_13)
FNDA:4,(anonymous_14)
FNDA:4,(anonymous_15)
FNDA:9,(anonymous_16)
FNDA:9,(anonymous_17)
FNDA:17,(anonymous_18)
FNDA:0,(anonymous_19)
FNDA:0,(anonymous_20)
FNDA:82,(anonymous_21)
FNDA:382,(anonymous_22)
DA:1,1
DA:2,1
DA:3,1
DA:4,1
DA:5,1
DA:6,1
DA:7,1
DA:8,1
DA:9,1
DA:10,1
DA:21,1
DA:22,382
DA:23,382
DA:27,1
DA:28,82
DA:29,82
DA:30,82
DA:31,82
DA:33,82
DA:44,82
DA:46,164
DA:48,10
DA:50,10
DA:51,0
DA:52,10
DA:53,10
DA:57,10
DA:60,10
DA:61,10
DA:63,10
DA:64,0
DA:67,10
DA:68,10
DA:69,1
DA:74,9
DA:76,10
DA:77,10
DA:79,10
DA:83,82
DA:84,23
DA:85,4
DA:86,4
DA:87,4
DA:88,4
DA:97,4
DA:99,0
DA:102,4
DA:106,82
DA:107,9
DA:110,9
DA:121,9
DA:141,9
DA:143,9
DA:144,7
DA:145,17
DA:146,17
DA:153,7
DA:157,2
DA:159,2
DA:160,2
DA:161,2
DA:162,2
DA:163,2
DA:164,2
DA:165,2
DA:166,2
DA:167,0
DA:168,0
DA:171,2
DA:175,2
DA:176,0
DA:177,0
DA:184,2
DA:185,1
DA:192,1
DA:195,1
DA:196,1
DA:197,0
DA:198,0
DA:200,1
DA:201,0
DA:202,0
DA:204,1
DA:205,0
DA:206,1
DA:207,0
DA:209,1
DA:210,1
DA:215,82
DA:216,82
DA:217,382
DA:218,382
DA:222,82
DA:253,1
LF:94
LH:81
BRDA:23,0,0,10
BRDA:23,0,1,372
BRDA:23,1,0,382
BRDA:23,1,1,382
BRDA:50,2,0,0
BRDA:50,2,1,10
BRDA:50,3,0,10
BRDA:50,3,1,0
BRDA:52,4,0,10
BRDA:52,4,1,0
BRDA:60,5,0,10
BRDA:60,5,1,0
BRDA:60,6,0,10
BRDA:60,6,1,10
BRDA:63,7,0,0
BRDA:63,7,1,10
BRDA:63,8,0,10
BRDA:63,8,1,0
BRDA:68,9,0,1
BRDA:68,9,1,9
BRDA:76,10,0,10
BRDA:76,10,1,0
BRDA:84,11,0,4
BRDA:84,11,1,19
BRDA:84,12,0,23
BRDA:84,12,1,8
BRDA:87,13,0,4
BRDA:87,13,1,0
BRDA:89,14,0,4
BRDA:89,14,1,0
BRDA:90,15,0,4
BRDA:90,15,1,0
BRDA:91,16,0,4
BRDA:91,16,1,0
BRDA:95,17,0,4
BRDA:95,17,1,0
BRDA:113,18,0,9
BRDA:113,18,1,0
BRDA:113,19,0,9
BRDA:113,19,1,9
BRDA:113,20,0,0
BRDA:113,20,1,9
BRDA:113,21,0,9
BRDA:113,21,1,9
BRDA:115,22,0,9
BRDA:115,22,1,0
BRDA:115,23,0,9
BRDA:115,23,1,9
BRDA:133,24,0,9
BRDA:133,24,1,0
BRDA:133,25,0,9
BRDA:133,25,1,0
BRDA:143,26,0,7
BRDA:143,26,1,2
BRDA:145,27,0,0
BRDA:145,27,1,17
BRDA:145,28,0,17
BRDA:145,28,1,17
BRDA:165,29,0,2
BRDA:165,29,1,0
BRDA:166,30,0,0
BRDA:166,30,1,2
BRDA:175,31,0,0
BRDA:175,31,1,2
BRDA:195,32,0,1
BRDA:195,32,1,0
BRDA:195,33,0,0
BRDA:195,33,1,1
BRDA:195,34,0,1
BRDA:195,34,1,1
BRDA:195,35,0,0
BRDA:195,35,1,1
BRDA:195,36,0,1
BRDA:195,36,1,1
BRDA:196,37,0,0
BRDA:196,37,1,1
BRDA:196,38,0,1
BRDA:196,38,1,0
BRDA:196,39,0,0
BRDA:196,39,1,1
BRDA:196,40,0,1
BRDA:196,40,1,1
BRDA:196,41,0,0
BRDA:196,41,1,1
BRDA:196,42,0,1
BRDA:196,42,1,1
BRDA:196,43,0,0
BRDA:196,43,1,0
BRDA:196,44,0,0
BRDA:196,44,1,0
BRDA:200,45,0,0
BRDA:200,45,1,1
BRDA:200,46,0,1
BRDA:200,46,1,0
BRDA:204,47,0,0
BRDA:204,47,1,1
BRDA:206,48,0,0
BRDA:206,48,1,1
BRDA:206,49,0,0
BRDA:206,49,1,1
BRDA:206,50,0,1
BRDA:206,50,1,1
BRDA:209,51,0,1
BRDA:209,51,1,1
BRDA:218,52,0,372
BRDA:218,52,1,10
BRDA:218,53,0,382
BRDA:218,53,1,382
BRDA:227,54,0,13
BRDA:227,54,1,69
BRDA:232,55,0,13
BRDA:232,55,1,69
BRDA:243,56,0,82
BRDA:243,56,1,10
BRF:114
BRH:77
end_of_record
TN:
SF:src\components\templates\category\CategoryListTemplate.tsx
FN:237,(anonymous_17)
FN:248,(anonymous_18)
FN:253,(anonymous_19)
FN:259,(anonymous_20)
FN:267,(anonymous_21)
FN:272,(anonymous_22)
FN:277,(anonymous_23)
FN:282,(anonymous_24)
FN:289,(anonymous_25)
FN:298,(anonymous_26)
FN:307,(anonymous_27)
FN:307,(anonymous_28)
FN:316,(anonymous_29)
FN:316,(anonymous_30)
FN:347,(anonymous_31)
FN:348,(anonymous_32)
FN:349,(anonymous_33)
FN:351,(anonymous_34)
FN:355,(anonymous_35)
FN:370,(anonymous_36)
FN:374,(anonymous_37)
FN:397,(anonymous_38)
FN:414,(anonymous_39)
FN:418,(anonymous_40)
FNF:24
FNH:20
FNDA:16,(anonymous_17)
FNDA:14,(anonymous_18)
FNDA:14,(anonymous_19)
FNDA:14,(anonymous_20)
FNDA:0,(anonymous_21)
FNDA:15,(anonymous_22)
FNDA:22,(anonymous_23)
FNDA:25,(anonymous_24)
FNDA:17,(anonymous_25)
FNDA:14,(anonymous_26)
FNDA:1,(anonymous_27)
FNDA:1,(anonymous_28)
FNDA:1,(anonymous_29)
FNDA:1,(anonymous_30)
FNDA:14,(anonymous_31)
FNDA:23,(anonymous_32)
FNDA:23,(anonymous_33)
FNDA:23,(anonymous_34)
FNDA:23,(anonymous_35)
FNDA:1,(anonymous_36)
FNDA:0,(anonymous_37)
FNDA:0,(anonymous_38)
FNDA:1,(anonymous_39)
FNDA:0,(anonymous_40)
DA:214,1
DA:215,1
DA:216,1
DA:217,1
DA:218,1
DA:219,1
DA:220,1
DA:221,1
DA:223,1
DA:225,1
DA:226,1
DA:237,1
DA:238,16
DA:239,16
DA:240,16
DA:242,16
DA:243,16
DA:244,16
DA:245,16
DA:248,16
DA:249,14
DA:253,16
DA:254,14
DA:255,14
DA:259,16
DA:260,14
DA:261,1
DA:262,1
DA:267,16
DA:268,0
DA:272,16
DA:273,15
DA:274,0
DA:275,0
DA:277,15
DA:278,22
DA:282,25
DA:284,15
DA:285,15
DA:289,16
DA:290,17
DA:291,17
DA:292,17
DA:294,16
DA:297,16
DA:298,14
DA:307,16
DA:308,1
DA:316,1
DA:317,1
DA:318,1
DA:319,1
DA:320,1
DA:321,1
DA:322,1
DA:323,1
DA:325,1
DA:326,0
DA:328,1
DA:331,1
DA:338,0
DA:339,0
DA:346,16
DA:347,14
DA:348,23
DA:349,23
DA:351,23
DA:356,23
DA:357,22
DA:359,22
DA:360,1
DA:362,21
DA:364,22
DA:365,22
DA:371,1
DA:372,1
DA:374,0
DA:378,1
DA:379,1
DA:386,16
DA:398,0
DA:399,0
DA:400,0
DA:415,1
DA:416,1
DA:418,0
DA:439,1
LF:87
LH:76
BRDA:260,0,0,1
BRDA:260,0,1,13
BRDA:273,1,0,0
BRDA:273,1,1,15
BRDA:279,2,0,0
BRDA:279,2,1,22
BRDA:279,3,0,22
BRDA:279,3,1,22
BRDA:280,4,0,0
BRDA:280,4,1,22
BRDA:280,5,0,22
BRDA:280,5,1,22
BRDA:281,6,0,22
BRDA:281,6,1,0
BRDA:282,7,0,0
BRDA:282,7,1,25
BRDA:282,8,0,25
BRDA:282,8,1,25
BRDA:290,9,0,0
BRDA:290,9,1,17
BRDA:290,10,0,0
BRDA:290,10,1,0
BRDA:291,11,0,0
BRDA:291,11,1,17
BRDA:291,12,0,0
BRDA:291,12,1,0
BRDA:292,13,0,17
BRDA:292,13,1,0
BRDA:299,14,0,14
BRDA:299,14,1,0
BRDA:300,15,0,14
BRDA:300,15,1,0
BRDA:301,16,0,14
BRDA:301,16,1,0
BRDA:317,17,0,1
BRDA:317,17,1,0
BRDA:325,18,0,0
BRDA:325,18,1,1
BRDA:325,19,0,1
BRDA:325,19,1,0
BRDA:326,20,0,0
BRDA:326,20,1,0
BRDA:356,21,0,22
BRDA:356,21,1,1
BRDA:356,22,0,23
BRDA:356,22,1,23
BRDA:359,23,0,1
BRDA:359,23,1,21
BRDA:364,24,0,1
BRDA:364,24,1,21
BRDA:405,25,0,1
BRDA:405,25,1,15
BRDA:407,26,0,2
BRDA:407,26,1,13
BRDA:424,27,0,13
BRDA:424,27,1,0
BRF:56
BRH:35
end_of_record
TN:
SF:src\components\templates\config\ConfigFormTemplate.tsx
FN:21,(anonymous_8)
FN:22,(anonymous_9)
FN:27,(anonymous_10)
FN:52,(anonymous_11)
FN:67,(anonymous_12)
FN:68,(anonymous_13)
FN:68,(anonymous_14)
FN:94,(anonymous_15)
FN:94,(anonymous_16)
FN:119,(anonymous_17)
FN:119,(anonymous_18)
FN:124,(anonymous_19)
FN:127,(anonymous_20)
FN:161,(anonymous_21)
FN:175,(anonymous_22)
FN:176,(anonymous_23)
FNF:16
FNH:15
FNDA:22,(anonymous_8)
FNDA:22,(anonymous_9)
FNDA:16,(anonymous_10)
FNDA:32,(anonymous_11)
FNDA:3,(anonymous_12)
FNDA:3,(anonymous_13)
FNDA:3,(anonymous_14)
FNDA:33,(anonymous_15)
FNDA:4,(anonymous_16)
FNDA:2,(anonymous_17)
FNDA:2,(anonymous_18)
FNDA:2,(anonymous_19)
FNDA:2,(anonymous_20)
FNDA:0,(anonymous_21)
FNDA:11,(anonymous_22)
FNDA:22,(anonymous_23)
DA:1,1
DA:2,1
DA:3,1
DA:4,1
DA:5,1
DA:6,1
DA:7,1
DA:8,1
DA:9,1
DA:10,1
DA:11,1
DA:21,1
DA:22,22
DA:23,22
DA:27,1
DA:28,16
DA:29,16
DA:30,16
DA:31,16
DA:33,16
DA:43,16
DA:45,16
DA:52,16
DA:53,32
DA:54,20
DA:56,12
DA:57,6
DA:58,6
DA:64,6
DA:67,16
DA:68,3
DA:69,3
DA:70,2
DA:71,2
DA:72,1
DA:73,1
DA:82,1
DA:84,1
DA:85,1
DA:88,1
DA:91,3
DA:94,33
DA:95,4
DA:96,4
DA:97,0
DA:100,4
DA:101,1
DA:102,1
DA:104,4
DA:110,4
DA:111,4
DA:112,0
DA:114,4
DA:116,4
DA:119,16
DA:120,2
DA:124,2
DA:127,2
DA:130,2
DA:131,0
DA:132,0
DA:135,2
DA:136,2
DA:137,1
DA:138,1
DA:145,1
DA:146,1
DA:153,2
DA:155,0
DA:156,0
DA:157,0
DA:158,0
DA:160,0
DA:161,0
DA:162,0
DA:164,0
DA:165,0
DA:166,0
DA:167,0
DA:169,0
DA:170,0
DA:175,16
DA:176,11
DA:177,22
DA:178,22
DA:182,16
DA:184,11
DA:218,1
LF:88
LH:71
BRDA:23,0,0,0
BRDA:23,0,1,22
BRDA:23,1,0,22
BRDA:23,1,1,22
BRDA:53,2,0,20
BRDA:53,2,1,12
BRDA:53,3,0,32
BRDA:53,3,1,20
BRDA:53,3,2,10
BRDA:56,4,0,6
BRDA:56,4,1,6
BRDA:69,5,0,2
BRDA:69,5,1,1
BRDA:72,6,0,1
BRDA:72,6,1,0
BRDA:76,7,0,1
BRDA:76,7,1,0
BRDA:77,8,0,1
BRDA:77,8,1,0
BRDA:77,9,0,1
BRDA:77,9,1,1
BRDA:96,10,0,0
BRDA:96,10,1,4
BRDA:96,11,0,4
BRDA:96,11,1,0
BRDA:100,12,0,1
BRDA:100,12,1,3
BRDA:100,13,0,4
BRDA:100,13,1,2
BRDA:106,14,0,4
BRDA:106,14,1,0
BRDA:106,15,0,4
BRDA:106,15,1,4
BRDA:111,16,0,0
BRDA:111,16,1,4
BRDA:127,17,0,2
BRDA:127,17,1,1
BRDA:130,18,0,0
BRDA:130,18,1,2
BRDA:130,19,0,2
BRDA:130,19,1,1
BRDA:136,20,0,1
BRDA:136,20,1,1
BRDA:155,21,0,0
BRDA:155,21,1,0
BRDA:155,22,0,0
BRDA:155,22,1,0
BRDA:155,23,0,0
BRDA:155,23,1,0
BRDA:155,24,0,0
BRDA:155,24,1,0
BRDA:155,25,0,0
BRDA:155,25,1,0
BRDA:156,26,0,0
BRDA:156,26,1,0
BRDA:156,27,0,0
BRDA:156,27,1,0
BRDA:156,28,0,0
BRDA:156,28,1,0
BRDA:156,29,0,0
BRDA:156,29,1,0
BRDA:156,30,0,0
BRDA:156,30,1,0
BRDA:156,31,0,0
BRDA:156,31,1,0
BRDA:156,32,0,0
BRDA:156,32,1,0
BRDA:156,33,0,0
BRDA:156,33,1,0
BRDA:160,34,0,0
BRDA:160,34,1,0
BRDA:160,35,0,0
BRDA:160,35,1,0
BRDA:164,36,0,0
BRDA:164,36,1,0
BRDA:166,37,0,0
BRDA:166,37,1,0
BRDA:166,38,0,0
BRDA:166,38,1,0
BRDA:166,39,0,0
BRDA:166,39,1,0
BRDA:169,40,0,0
BRDA:169,40,1,0
BRDA:178,41,0,22
BRDA:178,41,1,0
BRDA:178,42,0,22
BRDA:178,42,1,22
BRDA:182,43,0,5
BRDA:182,43,1,11
BRDA:189,44,0,6
BRDA:189,44,1,5
BRDA:194,45,0,6
BRDA:194,45,1,5
BRDA:208,46,0,11
BRDA:208,46,1,0
BRF:95
BRH:44
end_of_record
TN:
SF:src\components\templates\config\ConfigListTemplate.tsx
FN:24,(anonymous_8)
FN:42,(anonymous_9)
FN:49,(anonymous_10)
FN:53,(anonymous_11)
FN:57,(anonymous_12)
FN:61,(anonymous_13)
FN:93,(anonymous_14)
FN:93,(anonymous_15)
FN:102,(anonymous_16)
FN:102,(anonymous_17)
FN:125,(anonymous_18)
FN:130,(anonymous_19)
FN:135,(anonymous_20)
FN:151,(anonymous_21)
FN:161,(anonymous_22)
FN:162,(anonymous_23)
FNF:16
FNH:11
FNDA:5,(anonymous_8)
FNDA:5,(anonymous_9)
FNDA:5,(anonymous_10)
FNDA:5,(anonymous_11)
FNDA:0,(anonymous_12)
FNDA:8,(anonymous_13)
FNDA:1,(anonymous_14)
FNDA:1,(anonymous_15)
FNDA:1,(anonymous_16)
FNDA:1,(anonymous_17)
FNDA:0,(anonymous_18)
FNDA:0,(anonymous_19)
FNDA:0,(anonymous_20)
FNDA:0,(anonymous_21)
FNDA:1,(anonymous_22)
FNDA:1,(anonymous_23)
DA:1,1
DA:2,1
DA:3,1
DA:4,1
DA:6,1
DA:7,1
DA:8,1
DA:9,1
DA:11,1
DA:13,1
DA:24,1
DA:25,5
DA:35,5
DA:37,5
DA:38,5
DA:39,5
DA:40,5
DA:42,5
DA:43,5
DA:44,5
DA:45,5
DA:47,5
DA:49,5
DA:50,5
DA:53,5
DA:54,5
DA:57,5
DA:58,0
DA:61,5
DA:62,8
DA:66,5
DA:93,5
DA:94,1
DA:102,1
DA:103,1
DA:104,1
DA:106,1
DA:107,1
DA:108,1
DA:110,1
DA:111,0
DA:113,1
DA:116,1
DA:121,5
DA:125,0
DA:130,0
DA:135,0
DA:139,5
DA:141,4
DA:152,0
DA:153,0
DA:161,1
DA:162,1
DA:182,1
LF:54
LH:47
BRDA:43,0,0,0
BRDA:43,0,1,5
BRDA:44,1,0,0
BRDA:44,1,1,5
BRDA:54,2,0,0
BRDA:54,2,1,5
BRDA:62,3,0,8
BRDA:62,3,1,0
BRDA:103,4,0,1
BRDA:103,4,1,0
BRDA:110,5,0,0
BRDA:110,5,1,1
BRDA:110,6,0,1
BRDA:110,6,1,0
BRDA:111,7,0,0
BRDA:111,7,1,0
BRDA:135,8,0,0
BRDA:135,8,1,0
BRDA:139,9,0,1
BRDA:139,9,1,4
BRDA:169,10,0,4
BRDA:169,10,1,0
BRF:22
BRH:10
end_of_record
TN:
SF:src\components\templates\faq\FaqFormTemplate.tsx
FN:20,(anonymous_8)
FN:21,(anonymous_9)
FN:26,(anonymous_10)
FN:44,(anonymous_11)
FN:44,(anonymous_12)
FN:75,(anonymous_13)
FN:77,(anonymous_14)
FN:77,(anonymous_15)
FN:95,(anonymous_16)
FN:95,(anonymous_17)
FN:127,(anonymous_18)
FN:167,(anonymous_19)
FN:181,(anonymous_20)
FN:182,(anonymous_21)
FNF:14
FNH:13
FNDA:96,(anonymous_8)
FNDA:96,(anonymous_9)
FNDA:50,(anonymous_10)
FNDA:150,(anonymous_11)
FNDA:17,(anonymous_12)
FNDA:10,(anonymous_13)
FNDA:2,(anonymous_14)
FNDA:2,(anonymous_15)
FNDA:6,(anonymous_16)
FNDA:6,(anonymous_17)
FNDA:0,(anonymous_18)
FNDA:1,(anonymous_19)
FNDA:50,(anonymous_20)
FNDA:96,(anonymous_21)
DA:2,1
DA:3,1
DA:4,1
DA:5,1
DA:6,1
DA:7,1
DA:8,1
DA:9,1
DA:10,1
DA:11,1
DA:20,1
DA:21,96
DA:22,96
DA:26,1
DA:27,50
DA:28,50
DA:29,50
DA:30,50
DA:32,50
DA:42,50
DA:44,150
DA:45,17
DA:46,17
DA:47,0
DA:48,17
DA:49,3
DA:53,17
DA:56,17
DA:57,14
DA:59,17
DA:60,3
DA:63,17
DA:64,17
DA:65,1
DA:70,16
DA:72,17
DA:75,50
DA:76,10
DA:77,2
DA:78,2
DA:79,2
DA:80,1
DA:86,1
DA:88,1
DA:91,2
DA:95,50
DA:99,6
DA:101,6
DA:109,6
DA:126,6
DA:127,0
DA:128,0
DA:129,0
DA:136,0
DA:140,6
DA:141,6
DA:142,1
DA:143,1
DA:150,5
DA:151,1
DA:158,2
DA:161,4
DA:162,4
DA:163,1
DA:164,1
DA:166,3
DA:167,1
DA:168,1
DA:170,2
DA:171,1
DA:172,1
DA:173,1
DA:175,0
DA:176,0
DA:181,50
DA:182,50
DA:183,96
DA:184,96
DA:188,50
DA:219,1
LF:80
LH:73
BRDA:22,0,0,4
BRDA:22,0,1,92
BRDA:22,1,0,96
BRDA:22,1,1,96
BRDA:46,2,0,0
BRDA:46,2,1,17
BRDA:46,3,0,17
BRDA:46,3,1,0
BRDA:48,4,0,3
BRDA:48,4,1,14
BRDA:56,5,0,14
BRDA:56,5,1,3
BRDA:56,6,0,17
BRDA:56,6,1,14
BRDA:59,7,0,3
BRDA:59,7,1,14
BRDA:59,8,0,17
BRDA:59,8,1,3
BRDA:64,9,0,1
BRDA:64,9,1,16
BRDA:76,10,0,2
BRDA:76,10,1,8
BRDA:76,11,0,10
BRDA:76,11,1,3
BRDA:79,12,0,1
BRDA:79,12,1,1
BRDA:81,13,0,1
BRDA:81,13,1,0
BRDA:82,14,0,1
BRDA:82,14,1,0
BRDA:83,15,0,1
BRDA:83,15,1,0
BRDA:84,16,0,1
BRDA:84,16,1,0
BRDA:118,17,0,6
BRDA:118,17,1,0
BRDA:118,18,0,6
BRDA:118,18,1,0
BRDA:126,19,0,0
BRDA:126,19,1,6
BRDA:141,20,0,1
BRDA:141,20,1,5
BRDA:161,21,0,4
BRDA:161,21,1,2
BRDA:161,22,0,2
BRDA:161,22,1,2
BRDA:161,23,0,4
BRDA:161,23,1,4
BRDA:161,24,0,0
BRDA:161,24,1,4
BRDA:161,25,0,4
BRDA:161,25,1,4
BRDA:162,26,0,1
BRDA:162,26,1,3
BRDA:162,27,0,4
BRDA:162,27,1,1
BRDA:162,28,0,2
BRDA:162,28,1,2
BRDA:162,29,0,4
BRDA:162,29,1,4
BRDA:162,30,0,0
BRDA:162,30,1,4
BRDA:162,31,0,4
BRDA:162,31,1,4
BRDA:162,32,0,0
BRDA:162,32,1,1
BRDA:162,33,0,1
BRDA:162,33,1,1
BRDA:166,34,0,1
BRDA:166,34,1,2
BRDA:166,35,0,3
BRDA:166,35,1,1
BRDA:170,36,0,1
BRDA:170,36,1,1
BRDA:172,37,0,1
BRDA:172,37,1,0
BRDA:172,38,0,0
BRDA:172,38,1,1
BRDA:172,39,0,1
BRDA:172,39,1,1
BRDA:175,40,0,0
BRDA:175,40,1,0
BRDA:184,41,0,92
BRDA:184,41,1,4
BRDA:184,42,0,96
BRDA:184,42,1,96
BRDA:193,43,0,10
BRDA:193,43,1,40
BRDA:198,44,0,10
BRDA:198,44,1,40
BRDA:209,45,0,50
BRDA:209,45,1,4
BRF:92
BRH:76
end_of_record
TN:
SF:src\components\templates\faq\FaqListTemplate.tsx
FN:24,(anonymous_8)
FN:43,(anonymous_9)
FN:51,(anonymous_10)
FN:56,(anonymous_11)
FN:61,(anonymous_12)
FN:66,(anonymous_13)
FN:100,(anonymous_14)
FN:109,(anonymous_15)
FN:109,(anonymous_16)
FN:133,(anonymous_17)
FN:138,(anonymous_18)
FN:154,(anonymous_19)
FN:164,(anonymous_20)
FN:165,(anonymous_21)
FNF:14
FNH:10
FNDA:5,(anonymous_8)
FNDA:5,(anonymous_9)
FNDA:5,(anonymous_10)
FNDA:5,(anonymous_11)
FNDA:0,(anonymous_12)
FNDA:8,(anonymous_13)
FNDA:1,(anonymous_14)
FNDA:1,(anonymous_15)
FNDA:1,(anonymous_16)
FNDA:0,(anonymous_17)
FNDA:0,(anonymous_18)
FNDA:0,(anonymous_19)
FNDA:1,(anonymous_20)
FNDA:1,(anonymous_21)
DA:1,1
DA:2,1
DA:3,1
DA:4,1
DA:6,1
DA:7,1
DA:8,1
DA:9,1
DA:11,1
DA:13,1
DA:24,1
DA:25,5
DA:35,5
DA:37,5
DA:38,5
DA:39,5
DA:40,5
DA:43,5
DA:44,5
DA:45,5
DA:46,5
DA:48,5
DA:51,5
DA:52,5
DA:56,5
DA:57,5
DA:61,5
DA:62,0
DA:66,5
DA:67,8
DA:72,5
DA:100,5
DA:101,1
DA:109,1
DA:110,1
DA:111,1
DA:113,1
DA:114,1
DA:115,1
DA:118,1
DA:119,0
DA:121,1
DA:124,1
DA:129,5
DA:133,0
DA:138,0
DA:142,5
DA:144,4
DA:155,0
DA:156,0
DA:164,1
DA:165,1
DA:186,1
LF:53
LH:47
BRDA:44,0,0,0
BRDA:44,0,1,5
BRDA:45,1,0,0
BRDA:45,1,1,5
BRDA:57,2,0,0
BRDA:57,2,1,5
BRDA:67,3,0,8
BRDA:67,3,1,0
BRDA:110,4,0,1
BRDA:110,4,1,0
BRDA:118,5,0,0
BRDA:118,5,1,1
BRDA:118,6,0,1
BRDA:118,6,1,0
BRDA:119,7,0,0
BRDA:119,7,1,0
BRDA:142,8,0,1
BRDA:142,8,1,4
BRDA:173,9,0,4
BRDA:173,9,1,0
BRF:20
BRH:10
end_of_record
TN:
SF:src\components\templates\footerinfo\FooterInfoFormTemplate.tsx
FN:23,(anonymous_17)
FN:24,(anonymous_18)
FN:29,(anonymous_19)
FN:33,(anonymous_20)
FN:60,(anonymous_21)
FN:60,(anonymous_22)
FN:124,(anonymous_23)
FN:126,(anonymous_24)
FN:126,(anonymous_25)
FN:158,(anonymous_26)
FN:158,(anonymous_27)
FN:222,(anonymous_28)
FN:264,(anonymous_29)
FN:281,(anonymous_30)
FN:282,(anonymous_31)
FNF:15
FNH:13
FNDA:162,(anonymous_17)
FNDA:162,(anonymous_18)
FNDA:32,(anonymous_19)
FNDA:9,(anonymous_20)
FNDA:256,(anonymous_21)
FNDA:2,(anonymous_22)
FNDA:9,(anonymous_23)
FNDA:2,(anonymous_24)
FNDA:2,(anonymous_25)
FNDA:6,(anonymous_26)
FNDA:6,(anonymous_27)
FNDA:0,(anonymous_28)
FNDA:0,(anonymous_29)
FNDA:32,(anonymous_30)
FNDA:162,(anonymous_31)
DA:1,1
DA:2,1
DA:3,1
DA:4,1
DA:5,1
DA:6,1
DA:7,1
DA:8,1
DA:9,1
DA:10,1
DA:23,1
DA:24,162
DA:25,162
DA:29,1
DA:30,32
DA:31,32
DA:32,32
DA:33,9
DA:41,32
DA:42,32
DA:44,32
DA:58,32
DA:60,256
DA:63,2
DA:64,2
DA:65,0
DA:70,2
DA:71,0
DA:72,0
DA:73,2
DA:74,2
DA:75,2
DA:78,2
DA:81,2
DA:83,0
DA:84,0
DA:87,0
DA:88,0
DA:93,0
DA:101,2
DA:104,2
DA:105,0
DA:107,2
DA:108,2
DA:111,2
DA:112,2
DA:113,0
DA:114,0
DA:119,2
DA:121,2
DA:124,32
DA:125,9
DA:126,2
DA:127,2
DA:128,2
DA:129,2
DA:130,0
DA:131,0
DA:133,0
DA:134,0
DA:144,0
DA:146,0
DA:147,0
DA:150,2
DA:151,2
DA:154,2
DA:158,32
DA:159,6
DA:160,6
DA:163,6
DA:164,6
DA:165,6
DA:166,6
DA:167,6
DA:170,0
DA:173,0
DA:174,0
DA:179,0
DA:180,0
DA:181,0
DA:186,0
DA:187,0
DA:188,0
DA:189,0
DA:190,0
DA:191,0
DA:192,0
DA:197,0
DA:220,0
DA:221,0
DA:222,0
DA:223,0
DA:224,0
DA:229,0
DA:230,0
DA:233,0
DA:234,0
DA:235,0
DA:236,0
DA:237,0
DA:244,0
DA:245,0
DA:252,0
DA:253,0
DA:255,0
DA:256,0
DA:257,0
DA:258,0
DA:259,0
DA:260,0
DA:262,0
DA:263,0
DA:264,0
DA:265,0
DA:267,0
DA:268,0
DA:269,0
DA:270,0
DA:271,0
DA:272,0
DA:274,0
DA:275,0
DA:276,0
DA:281,32
DA:282,32
DA:283,162
DA:284,162
DA:286,32
DA:287,6
DA:289,32
DA:292,32
DA:330,1
LF:132
LH:65
BRDA:25,0,0,6
BRDA:25,0,1,156
BRDA:25,1,0,162
BRDA:25,1,1,162
BRDA:63,2,0,0
BRDA:63,2,1,2
BRDA:63,3,0,2
BRDA:63,3,1,0
BRDA:63,3,2,0
BRDA:64,4,0,0
BRDA:64,4,1,2
BRDA:66,5,0,0
BRDA:66,5,1,0
BRDA:70,6,0,0
BRDA:70,6,1,2
BRDA:70,7,0,2
BRDA:70,7,1,0
BRDA:73,8,0,2
BRDA:73,8,1,0
BRDA:74,9,0,2
BRDA:74,9,1,0
BRDA:81,10,0,0
BRDA:81,10,1,2
BRDA:83,11,0,0
BRDA:83,11,1,0
BRDA:83,12,0,0
BRDA:83,12,1,0
BRDA:87,13,0,0
BRDA:87,13,1,0
BRDA:89,14,0,0
BRDA:89,14,1,0
BRDA:94,15,0,0
BRDA:94,15,1,0
BRDA:104,16,0,0
BRDA:104,16,1,2
BRDA:104,17,0,2
BRDA:104,17,1,0
BRDA:107,18,0,2
BRDA:107,18,1,0
BRDA:107,19,0,2
BRDA:107,19,1,2
BRDA:112,20,0,0
BRDA:112,20,1,2
BRDA:125,21,0,2
BRDA:125,21,1,7
BRDA:125,22,0,9
BRDA:125,22,1,2
BRDA:130,23,0,0
BRDA:130,23,1,0
BRDA:133,24,0,0
BRDA:133,24,1,0
BRDA:136,25,0,0
BRDA:136,25,1,0
BRDA:137,26,0,0
BRDA:137,26,1,0
BRDA:138,27,0,0
BRDA:138,27,1,0
BRDA:139,28,0,0
BRDA:139,28,1,0
BRDA:140,29,0,0
BRDA:140,29,1,0
BRDA:141,30,0,0
BRDA:141,30,1,0
BRDA:142,31,0,0
BRDA:142,31,1,0
BRDA:163,32,0,6
BRDA:163,32,1,0
BRDA:163,33,0,6
BRDA:163,33,1,6
BRDA:173,34,0,0
BRDA:173,34,1,0
BRDA:180,35,0,0
BRDA:180,35,1,0
BRDA:180,36,0,0
BRDA:180,36,1,0
BRDA:187,37,0,0
BRDA:187,37,1,0
BRDA:188,38,0,0
BRDA:188,38,1,0
BRDA:189,39,0,0
BRDA:189,39,1,0
BRDA:190,40,0,0
BRDA:190,40,1,0
BRDA:191,41,0,0
BRDA:191,41,1,0
BRDA:199,42,0,0
BRDA:199,42,1,0
BRDA:199,43,0,0
BRDA:199,43,1,0
BRDA:201,44,0,0
BRDA:201,44,1,0
BRDA:202,45,0,0
BRDA:202,45,1,0
BRDA:203,46,0,0
BRDA:203,46,1,0
BRDA:204,47,0,0
BRDA:204,47,1,0
BRDA:205,48,0,0
BRDA:205,48,1,0
BRDA:206,49,0,0
BRDA:206,49,1,0
BRDA:207,50,0,0
BRDA:207,50,1,0
BRDA:208,51,0,0
BRDA:208,51,1,0
BRDA:209,52,0,0
BRDA:209,52,1,0
BRDA:210,53,0,0
BRDA:210,53,1,0
BRDA:214,54,0,0
BRDA:214,54,1,0
BRDA:220,55,0,0
BRDA:220,55,1,0
BRDA:234,56,0,0
BRDA:234,56,1,0
BRDA:235,57,0,0
BRDA:235,57,1,0
BRDA:252,58,0,0
BRDA:252,58,1,0
BRDA:256,59,0,0
BRDA:256,59,1,0
BRDA:256,60,0,0
BRDA:256,60,1,0
BRDA:256,61,0,0
BRDA:256,61,1,0
BRDA:256,62,0,0
BRDA:256,62,1,0
BRDA:256,63,0,0
BRDA:256,63,1,0
BRDA:257,64,0,0
BRDA:257,64,1,0
BRDA:257,65,0,0
BRDA:257,65,1,0
BRDA:257,66,0,0
BRDA:257,66,1,0
BRDA:257,67,0,0
BRDA:257,67,1,0
BRDA:257,68,0,0
BRDA:257,68,1,0
BRDA:257,69,0,0
BRDA:257,69,1,0
BRDA:257,70,0,0
BRDA:257,70,1,0
BRDA:257,71,0,0
BRDA:257,71,1,0
BRDA:262,72,0,0
BRDA:262,72,1,0
BRDA:262,73,0,0
BRDA:262,73,1,0
BRDA:267,74,0,0
BRDA:267,74,1,0
BRDA:270,75,0,0
BRDA:270,75,1,0
BRDA:270,76,0,0
BRDA:270,76,1,0
BRDA:270,77,0,0
BRDA:270,77,1,0
BRDA:274,78,0,0
BRDA:274,78,1,0
BRDA:284,79,0,156
BRDA:284,79,1,6
BRDA:284,80,0,162
BRDA:284,80,1,162
BRDA:286,81,0,6
BRDA:286,81,1,26
BRDA:297,82,0,4
BRDA:297,82,1,28
BRDA:304,83,0,4
BRDA:304,83,1,28
BRDA:320,84,0,32
BRDA:320,84,1,6
BRF:171
BRH:37
end_of_record
TN:
SF:src\components\templates\footerinfo\FooterInfoListTemplate.tsx
FN:23,(anonymous_17)
FN:33,(anonymous_18)
FN:38,(anonymous_19)
FN:44,(anonymous_20)
FN:52,(anonymous_21)
FN:57,(anonymous_22)
FN:62,(anonymous_23)
FN:67,(anonymous_24)
FN:74,(anonymous_25)
FN:83,(anonymous_26)
FN:92,(anonymous_27)
FN:92,(anonymous_28)
FN:101,(anonymous_29)
FN:101,(anonymous_30)
FN:132,(anonymous_31)
FN:133,(anonymous_32)
FN:137,(anonymous_33)
FN:152,(anonymous_34)
FN:156,(anonymous_35)
FN:179,(anonymous_36)
FN:196,(anonymous_37)
FNF:21
FNH:7
FNDA:13,(anonymous_17)
FNDA:0,(anonymous_18)
FNDA:0,(anonymous_19)
FNDA:0,(anonymous_20)
FNDA:0,(anonymous_21)
FNDA:12,(anonymous_22)
FNDA:18,(anonymous_23)
FNDA:18,(anonymous_24)
FNDA:12,(anonymous_25)
FNDA:12,(anonymous_26)
FNDA:0,(anonymous_27)
FNDA:0,(anonymous_28)
FNDA:0,(anonymous_29)
FNDA:0,(anonymous_30)
FNDA:12,(anonymous_31)
FNDA:0,(anonymous_32)
FNDA:0,(anonymous_33)
FNDA:0,(anonymous_34)
FNDA:0,(anonymous_35)
FNDA:0,(anonymous_36)
FNDA:0,(anonymous_37)
DA:1,1
DA:2,1
DA:3,1
DA:4,1
DA:5,1
DA:6,1
DA:7,1
DA:8,1
DA:9,1
DA:11,1
DA:12,1
DA:23,1
DA:24,13
DA:25,13
DA:27,13
DA:28,12
DA:29,12
DA:30,12
DA:33,12
DA:34,0
DA:38,12
DA:39,0
DA:40,0
DA:44,12
DA:45,0
DA:46,0
DA:47,0
DA:52,12
DA:53,0
DA:57,12
DA:58,12
DA:59,0
DA:60,0
DA:62,12
DA:63,18
DA:67,18
DA:69,12
DA:70,12
DA:74,12
DA:75,12
DA:76,12
DA:77,12
DA:79,12
DA:82,12
DA:83,12
DA:92,12
DA:93,0
DA:101,0
DA:102,0
DA:103,0
DA:104,0
DA:105,0
DA:106,0
DA:107,0
DA:108,0
DA:110,0
DA:111,0
DA:113,0
DA:116,0
DA:123,0
DA:124,0
DA:131,12
DA:132,12
DA:133,0
DA:138,0
DA:139,0
DA:141,0
DA:142,0
DA:144,0
DA:146,0
DA:147,0
DA:153,0
DA:154,0
DA:156,0
DA:160,0
DA:161,0
DA:168,12
DA:180,0
DA:181,0
DA:182,0
DA:197,0
DA:198,0
DA:220,1
LF:83
LH:41
BRDA:45,0,0,0
BRDA:45,0,1,0
BRDA:58,1,0,0
BRDA:58,1,1,12
BRDA:64,2,0,0
BRDA:64,2,1,18
BRDA:64,3,0,18
BRDA:64,3,1,18
BRDA:65,4,0,0
BRDA:65,4,1,18
BRDA:65,5,0,18
BRDA:65,5,1,18
BRDA:66,6,0,18
BRDA:66,6,1,0
BRDA:67,7,0,0
BRDA:67,7,1,18
BRDA:67,8,0,18
BRDA:67,8,1,18
BRDA:75,9,0,0
BRDA:75,9,1,12
BRDA:75,10,0,0
BRDA:75,10,1,0
BRDA:76,11,0,0
BRDA:76,11,1,12
BRDA:76,12,0,0
BRDA:76,12,1,0
BRDA:77,13,0,12
BRDA:77,13,1,3
BRDA:84,14,0,12
BRDA:84,14,1,3
BRDA:85,15,0,12
BRDA:85,15,1,3
BRDA:86,16,0,12
BRDA:86,16,1,3
BRDA:102,17,0,0
BRDA:102,17,1,0
BRDA:110,18,0,0
BRDA:110,18,1,0
BRDA:110,19,0,0
BRDA:110,19,1,0
BRDA:111,20,0,0
BRDA:111,20,1,0
BRDA:138,21,0,0
BRDA:138,21,1,0
BRDA:138,22,0,0
BRDA:138,22,1,0
BRDA:141,23,0,0
BRDA:141,23,1,0
BRDA:146,24,0,0
BRDA:146,24,1,0
BRDA:187,25,0,1
BRDA:187,25,1,11
BRDA:189,26,0,2
BRDA:189,26,1,9
BRDA:205,27,0,9
BRDA:205,27,1,0
BRF:56
BRH:26
end_of_record
TN:
SF:src\components\templates\settings\ContactInfoTemplate.tsx
FN:9,(anonymous_8)
FN:13,(anonymous_9)
FN:14,(anonymous_10)
FN:15,(anonymous_11)
FN:16,(anonymous_12)
FN:18,(anonymous_13)
FN:22,(anonymous_14)
FN:28,(anonymous_15)
FN:28,(anonymous_16)
FNF:9
FNH:9
FNDA:10,(anonymous_8)
FNDA:10,(anonymous_9)
FNDA:10,(anonymous_10)
FNDA:10,(anonymous_11)
FNDA:10,(anonymous_12)
FNDA:3,(anonymous_13)
FNDA:3,(anonymous_14)
FNDA:2,(anonymous_15)
FNDA:2,(anonymous_16)
DA:1,1
DA:2,1
DA:3,1
DA:4,1
DA:5,1
DA:6,1
DA:7,1
DA:9,1
DA:10,10
DA:11,10
DA:13,10
DA:14,10
DA:15,10
DA:16,10
DA:18,10
DA:19,3
DA:22,10
DA:23,3
DA:24,3
DA:28,10
DA:29,2
DA:30,2
DA:31,2
DA:32,1
DA:34,1
DA:38,10
DA:57,1
LF:27
LH:27
BRDA:23,0,0,3
BRDA:23,0,1,0
BRDA:23,1,0,0
BRDA:23,1,1,3
BRDA:23,2,0,3
BRDA:23,2,1,3
BRDA:34,3,0,1
BRDA:34,3,1,0
BRDA:34,4,0,0
BRDA:34,4,1,1
BRDA:34,5,0,1
BRDA:34,5,1,1
BRDA:48,6,0,10
BRDA:48,6,1,8
BRF:14
BRH:10
end_of_record
TN:
SF:src\components\templates\settings\EmailConfigTemplate.tsx
FN:9,(anonymous_8)
FN:13,(anonymous_9)
FN:14,(anonymous_10)
FN:15,(anonymous_11)
FN:16,(anonymous_12)
FN:20,(anonymous_13)
FN:20,(anonymous_14)
FN:22,(anonymous_15)
FN:26,(anonymous_16)
FN:32,(anonymous_17)
FN:32,(anonymous_18)
FNF:11
FNH:9
FNDA:10,(anonymous_8)
FNDA:10,(anonymous_9)
FNDA:10,(anonymous_10)
FNDA:10,(anonymous_11)
FNDA:10,(anonymous_12)
FNDA:0,(anonymous_13)
FNDA:0,(anonymous_14)
FNDA:3,(anonymous_15)
FNDA:3,(anonymous_16)
FNDA:2,(anonymous_17)
FNDA:2,(anonymous_18)
DA:1,1
DA:2,1
DA:3,1
DA:4,1
DA:5,1
DA:6,1
DA:7,1
DA:9,1
DA:10,10
DA:11,10
DA:13,10
DA:14,10
DA:15,10
DA:16,10
DA:19,10
DA:20,10
DA:22,10
DA:23,3
DA:26,10
DA:27,3
DA:28,3
DA:32,10
DA:33,2
DA:34,2
DA:35,2
DA:36,1
DA:38,1
DA:42,10
DA:65,1
LF:29
LH:29
BRDA:27,0,0,3
BRDA:27,0,1,0
BRDA:27,1,0,0
BRDA:27,1,1,3
BRDA:27,2,0,3
BRDA:27,2,1,3
BRDA:38,3,0,1
BRDA:38,3,1,0
BRDA:38,4,0,0
BRDA:38,4,1,1
BRDA:38,5,0,1
BRDA:38,5,1,1
BRDA:52,6,0,10
BRDA:52,6,1,8
BRF:14
BRH:10
end_of_record
TN:
SF:src\components\templates\settings\GeneralSettingsTemplate.tsx
FN:9,(anonymous_8)
FN:13,(anonymous_9)
FN:14,(anonymous_10)
FN:15,(anonymous_11)
FN:16,(anonymous_12)
FN:18,(anonymous_13)
FN:22,(anonymous_14)
FN:28,(anonymous_15)
FN:28,(anonymous_16)
FN:32,(anonymous_17)
FNF:10
FNH:10
FNDA:10,(anonymous_8)
FNDA:10,(anonymous_9)
FNDA:10,(anonymous_10)
FNDA:10,(anonymous_11)
FNDA:10,(anonymous_12)
FNDA:3,(anonymous_13)
FNDA:3,(anonymous_14)
FNDA:2,(anonymous_15)
FNDA:2,(anonymous_16)
FNDA:12,(anonymous_17)
DA:1,1
DA:2,1
DA:3,1
DA:4,1
DA:5,1
DA:6,1
DA:7,1
DA:9,1
DA:10,10
DA:11,10
DA:13,10
DA:14,10
DA:15,10
DA:16,10
DA:18,10
DA:19,3
DA:22,10
DA:23,3
DA:24,3
DA:28,10
DA:29,2
DA:30,2
DA:31,2
DA:32,2
DA:33,12
DA:34,12
DA:35,4
DA:36,0
DA:37,4
DA:38,0
DA:41,8
DA:44,2
DA:45,1
DA:47,1
DA:51,10
DA:70,1
LF:36
LH:34
BRDA:23,0,0,3
BRDA:23,0,1,0
BRDA:23,1,0,0
BRDA:23,1,1,3
BRDA:23,2,0,3
BRDA:23,2,1,3
BRDA:34,3,0,4
BRDA:34,3,1,8
BRDA:35,4,0,0
BRDA:35,4,1,4
BRDA:37,5,0,0
BRDA:37,5,1,4
BRDA:41,6,0,2
BRDA:41,6,1,6
BRDA:41,7,0,8
BRDA:41,7,1,8
BRDA:47,8,0,1
BRDA:47,8,1,0
BRDA:47,9,0,0
BRDA:47,9,1,1
BRDA:47,10,0,1
BRDA:47,10,1,1
BRDA:61,11,0,10
BRDA:61,11,1,8
BRF:24
BRH:18
end_of_record
TN:
SF:src\components\templates\settings\OgConfigTemplate.tsx
FN:9,(anonymous_8)
FN:13,(anonymous_9)
FN:14,(anonymous_10)
FN:15,(anonymous_11)
FN:16,(anonymous_12)
FN:18,(anonymous_13)
FN:22,(anonymous_14)
FN:28,(anonymous_15)
FN:28,(anonymous_16)
FNF:9
FNH:9
FNDA:10,(anonymous_8)
FNDA:10,(anonymous_9)
FNDA:10,(anonymous_10)
FNDA:10,(anonymous_11)
FNDA:10,(anonymous_12)
FNDA:3,(anonymous_13)
FNDA:3,(anonymous_14)
FNDA:2,(anonymous_15)
FNDA:2,(anonymous_16)
DA:1,1
DA:2,1
DA:3,1
DA:4,1
DA:5,1
DA:6,1
DA:7,1
DA:9,1
DA:10,10
DA:11,10
DA:13,10
DA:14,10
DA:15,10
DA:16,10
DA:18,10
DA:19,3
DA:22,10
DA:23,3
DA:24,3
DA:28,10
DA:29,2
DA:30,2
DA:31,2
DA:32,1
DA:34,1
DA:38,10
DA:57,1
LF:27
LH:27
BRDA:23,0,0,3
BRDA:23,0,1,0
BRDA:23,1,0,0
BRDA:23,1,1,3
BRDA:23,2,0,3
BRDA:23,2,1,3
BRDA:34,3,0,1
BRDA:34,3,1,0
BRDA:34,4,0,0
BRDA:34,4,1,1
BRDA:34,5,0,1
BRDA:34,5,1,1
BRDA:48,6,0,10
BRDA:48,6,1,8
BRF:14
BRH:10
end_of_record
TN:
SF:src\components\templates\settings\SeoConfigTemplate.tsx
FN:9,(anonymous_8)
FN:13,(anonymous_9)
FN:14,(anonymous_10)
FN:15,(anonymous_11)
FN:16,(anonymous_12)
FN:17,(anonymous_13)
FN:19,(anonymous_14)
FN:23,(anonymous_15)
FN:29,(anonymous_16)
FN:29,(anonymous_17)
FNF:10
FNH:10
FNDA:10,(anonymous_8)
FNDA:10,(anonymous_9)
FNDA:10,(anonymous_10)
FNDA:10,(anonymous_11)
FNDA:10,(anonymous_12)
FNDA:10,(anonymous_13)
FNDA:3,(anonymous_14)
FNDA:3,(anonymous_15)
FNDA:2,(anonymous_16)
FNDA:2,(anonymous_17)
DA:1,1
DA:2,1
DA:3,1
DA:4,1
DA:5,1
DA:6,1
DA:7,1
DA:9,1
DA:10,10
DA:11,10
DA:13,10
DA:14,10
DA:15,10
DA:16,10
DA:17,10
DA:19,10
DA:20,3
DA:23,10
DA:24,3
DA:25,3
DA:29,10
DA:30,2
DA:31,2
DA:32,2
DA:33,1
DA:35,1
DA:39,10
DA:58,1
LF:28
LH:28
BRDA:24,0,0,3
BRDA:24,0,1,0
BRDA:24,1,0,0
BRDA:24,1,1,3
BRDA:24,2,0,3
BRDA:24,2,1,3
BRDA:35,3,0,1
BRDA:35,3,1,0
BRDA:35,4,0,0
BRDA:35,4,1,1
BRDA:35,5,0,1
BRDA:35,5,1,1
BRDA:49,6,0,10
BRDA:49,6,1,8
BRF:14
BRH:10
end_of_record
TN:
SF:src\components\templates\trash\category\CategoryTrashListTemplate.tsx
FN:29,(anonymous_8)
FN:48,(anonymous_9)
FN:56,(anonymous_10)
FN:61,(anonymous_11)
FN:66,(anonymous_12)
FN:73,(anonymous_13)
FN:107,(anonymous_14)
FN:116,(anonymous_15)
FN:116,(anonymous_16)
FN:137,(anonymous_17)
FN:146,(anonymous_18)
FN:146,(anonymous_19)
FN:170,(anonymous_20)
FN:175,(anonymous_21)
FN:180,(anonymous_22)
FN:185,(anonymous_23)
FN:200,(anonymous_24)
FN:204,(anonymous_25)
FN:224,(anonymous_26)
FNF:19
FNH:15
FNDA:7,(anonymous_8)
FNDA:7,(anonymous_9)
FNDA:6,(anonymous_10)
FNDA:6,(anonymous_11)
FNDA:0,(anonymous_12)
FNDA:7,(anonymous_13)
FNDA:1,(anonymous_14)
FNDA:1,(anonymous_15)
FNDA:1,(anonymous_16)
FNDA:1,(anonymous_17)
FNDA:1,(anonymous_18)
FNDA:1,(anonymous_19)
FNDA:6,(anonymous_20)
FNDA:6,(anonymous_21)
FNDA:6,(anonymous_22)
FNDA:6,(anonymous_23)
FNDA:0,(anonymous_24)
FNDA:0,(anonymous_25)
FNDA:0,(anonymous_26)
DA:3,1
DA:4,1
DA:5,1
DA:6,1
DA:8,1
DA:10,1
DA:11,1
DA:12,1
DA:15,1
DA:17,1
DA:18,1
DA:29,1
DA:30,7
DA:40,7
DA:42,7
DA:43,7
DA:44,7
DA:45,7
DA:48,7
DA:49,7
DA:50,7
DA:51,7
DA:53,7
DA:56,7
DA:57,6
DA:61,7
DA:62,6
DA:66,7
DA:67,0
DA:68,0
DA:69,0
DA:73,7
DA:74,7
DA:79,7
DA:107,7
DA:108,1
DA:116,1
DA:117,1
DA:118,1
DA:120,1
DA:121,1
DA:122,1
DA:125,1
DA:126,0
DA:128,1
DA:131,1
DA:137,7
DA:138,1
DA:146,1
DA:147,1
DA:148,1
DA:150,1
DA:151,1
DA:152,1
DA:155,1
DA:156,0
DA:158,1
DA:161,1
DA:166,7
DA:170,6
DA:175,6
DA:180,6
DA:186,6
DA:187,6
DA:189,6
DA:190,0
DA:192,6
DA:194,6
DA:195,6
DA:201,0
DA:202,0
DA:204,0
DA:208,0
DA:209,0
DA:214,7
DA:216,6
DA:225,0
DA:226,0
DA:256,1
LF:79
LH:66
BRDA:49,0,0,0
BRDA:49,0,1,7
BRDA:50,1,0,0
BRDA:50,1,1,7
BRDA:62,2,0,1
BRDA:62,2,1,5
BRDA:74,3,0,7
BRDA:74,3,1,0
BRDA:117,4,0,1
BRDA:117,4,1,0
BRDA:125,5,0,0
BRDA:125,5,1,1
BRDA:125,6,0,1
BRDA:125,6,1,1
BRDA:126,7,0,0
BRDA:126,7,1,0
BRDA:147,8,0,1
BRDA:147,8,1,0
BRDA:155,9,0,0
BRDA:155,9,1,1
BRDA:155,10,0,1
BRDA:155,10,1,1
BRDA:156,11,0,0
BRDA:156,11,1,0
BRDA:186,12,0,6
BRDA:186,12,1,0
BRDA:186,13,0,6
BRDA:186,13,1,6
BRDA:189,14,0,0
BRDA:189,14,1,6
BRDA:194,15,0,0
BRDA:194,15,1,6
BRDA:214,16,0,1
BRDA:214,16,1,6
BRDA:243,17,0,6
BRDA:243,17,1,0
BRF:36
BRH:21
end_of_record
TN:
SF:src\components\templates\trash\config\ConfigTrashListTemplate.tsx
FN:24,(anonymous_8)
FN:42,(anonymous_9)
FN:49,(anonymous_10)
FN:53,(anonymous_11)
FN:57,(anonymous_12)
FN:63,(anonymous_13)
FN:95,(anonymous_14)
FN:95,(anonymous_15)
FN:104,(anonymous_16)
FN:104,(anonymous_17)
FN:113,(anonymous_18)
FN:113,(anonymous_19)
FN:122,(anonymous_20)
FN:122,(anonymous_21)
FN:145,(anonymous_22)
FN:150,(anonymous_23)
FN:155,(anonymous_24)
FN:169,(anonymous_25)
FNF:18
FNH:13
FNDA:4,(anonymous_8)
FNDA:4,(anonymous_9)
FNDA:4,(anonymous_10)
FNDA:4,(anonymous_11)
FNDA:0,(anonymous_12)
FNDA:6,(anonymous_13)
FNDA:1,(anonymous_14)
FNDA:1,(anonymous_15)
FNDA:1,(anonymous_16)
FNDA:1,(anonymous_17)
FNDA:1,(anonymous_18)
FNDA:1,(anonymous_19)
FNDA:1,(anonymous_20)
FNDA:1,(anonymous_21)
FNDA:0,(anonymous_22)
FNDA:0,(anonymous_23)
FNDA:0,(anonymous_24)
FNDA:0,(anonymous_25)
DA:1,1
DA:2,1
DA:3,1
DA:4,1
DA:6,1
DA:7,1
DA:8,1
DA:9,1
DA:11,1
DA:13,1
DA:24,1
DA:25,4
DA:35,4
DA:37,4
DA:38,4
DA:39,4
DA:40,4
DA:42,4
DA:43,4
DA:44,4
DA:45,4
DA:47,4
DA:49,4
DA:50,4
DA:53,4
DA:54,4
DA:57,4
DA:58,0
DA:59,0
DA:60,0
DA:63,4
DA:64,6
DA:68,4
DA:95,4
DA:96,1
DA:104,1
DA:105,1
DA:106,1
DA:107,1
DA:108,1
DA:113,4
DA:114,1
DA:122,1
DA:123,1
DA:124,1
DA:126,1
DA:127,1
DA:128,1
DA:130,1
DA:131,0
DA:133,1
DA:136,1
DA:141,4
DA:145,0
DA:150,0
DA:155,0
DA:159,4
DA:161,3
DA:170,0
DA:171,0
DA:200,1
LF:61
LH:52
BRDA:43,0,0,0
BRDA:43,0,1,4
BRDA:44,1,0,0
BRDA:44,1,1,4
BRDA:54,2,0,0
BRDA:54,2,1,4
BRDA:64,3,0,6
BRDA:64,3,1,0
BRDA:105,4,0,1
BRDA:105,4,1,0
BRDA:123,5,0,1
BRDA:123,5,1,0
BRDA:130,6,0,0
BRDA:130,6,1,1
BRDA:130,7,0,1
BRDA:130,7,1,0
BRDA:131,8,0,0
BRDA:131,8,1,0
BRDA:155,9,0,0
BRDA:155,9,1,0
BRDA:159,10,0,1
BRDA:159,10,1,3
BRDA:187,11,0,3
BRDA:187,11,1,0
BRF:24
BRH:11
end_of_record
TN:
SF:src\components\templates\trash\faq\FaqTrashListTemplate.tsx
FN:27,(anonymous_8)
FN:46,(anonymous_9)
FN:54,(anonymous_10)
FN:59,(anonymous_11)
FN:64,(anonymous_12)
FN:71,(anonymous_13)
FN:105,(anonymous_14)
FN:114,(anonymous_15)
FN:114,(anonymous_16)
FN:135,(anonymous_17)
FN:144,(anonymous_18)
FN:144,(anonymous_19)
FN:168,(anonymous_20)
FN:173,(anonymous_21)
FN:178,(anonymous_22)
FN:192,(anonymous_23)
FNF:16
FNH:11
FNDA:4,(anonymous_8)
FNDA:4,(anonymous_9)
FNDA:4,(anonymous_10)
FNDA:4,(anonymous_11)
FNDA:0,(anonymous_12)
FNDA:6,(anonymous_13)
FNDA:1,(anonymous_14)
FNDA:1,(anonymous_15)
FNDA:1,(anonymous_16)
FNDA:1,(anonymous_17)
FNDA:1,(anonymous_18)
FNDA:1,(anonymous_19)
FNDA:0,(anonymous_20)
FNDA:0,(anonymous_21)
FNDA:0,(anonymous_22)
FNDA:0,(anonymous_23)
DA:3,1
DA:4,1
DA:5,1
DA:6,1
DA:8,1
DA:10,1
DA:11,1
DA:12,1
DA:14,1
DA:16,1
DA:27,1
DA:28,4
DA:38,4
DA:40,4
DA:41,4
DA:42,4
DA:43,4
DA:46,4
DA:47,4
DA:48,4
DA:49,4
DA:51,4
DA:54,4
DA:55,4
DA:59,4
DA:60,4
DA:64,4
DA:65,0
DA:66,0
DA:67,0
DA:71,4
DA:72,6
DA:77,4
DA:105,4
DA:106,1
DA:114,1
DA:115,1
DA:116,1
DA:118,1
DA:119,1
DA:120,1
DA:123,1
DA:124,0
DA:126,1
DA:129,1
DA:135,4
DA:136,1
DA:144,1
DA:145,1
DA:146,1
DA:148,1
DA:149,1
DA:150,1
DA:153,1
DA:154,0
DA:156,1
DA:159,1
DA:164,4
DA:168,0
DA:173,0
DA:178,0
DA:182,4
DA:184,3
DA:193,0
DA:194,0
DA:224,1
LF:66
LH:56
BRDA:47,0,0,0
BRDA:47,0,1,4
BRDA:48,1,0,0
BRDA:48,1,1,4
BRDA:60,2,0,0
BRDA:60,2,1,4
BRDA:72,3,0,6
BRDA:72,3,1,0
BRDA:115,4,0,1
BRDA:115,4,1,0
BRDA:123,5,0,0
BRDA:123,5,1,1
BRDA:123,6,0,1
BRDA:123,6,1,0
BRDA:124,7,0,0
BRDA:124,7,1,0
BRDA:145,8,0,1
BRDA:145,8,1,0
BRDA:153,9,0,0
BRDA:153,9,1,1
BRDA:153,10,0,1
BRDA:153,10,1,0
BRDA:154,11,0,0
BRDA:154,11,1,0
BRDA:182,12,0,1
BRDA:182,12,1,3
BRDA:211,13,0,3
BRDA:211,13,1,0
BRF:28
BRH:13
end_of_record
TN:
SF:src\components\utils\helper.tsx
FN:4,(anonymous_0)
FN:72,(anonymous_1)
FN:75,(anonymous_2)
FN:84,(anonymous_3)
FN:95,(anonymous_4)
FN:114,(anonymous_5)
FN:129,(anonymous_6)
FN:130,(anonymous_7)
FN:139,(anonymous_8)
FN:140,(anonymous_9)
FN:145,(anonymous_10)
FN:146,(anonymous_11)
FN:151,(anonymous_12)
FN:163,(anonymous_13)
FN:165,(anonymous_14)
FN:166,(anonymous_15)
FN:187,(anonymous_16)
FN:211,(anonymous_17)
FN:215,(anonymous_18)
FN:249,(anonymous_19)
FNF:20
FNH:20
FNDA:5,(anonymous_0)
FNDA:91,(anonymous_1)
FNDA:3,(anonymous_2)
FNDA:3,(anonymous_3)
FNDA:4,(anonymous_4)
FNDA:3,(anonymous_5)
FNDA:1,(anonymous_6)
FNDA:1,(anonymous_7)
FNDA:1,(anonymous_8)
FNDA:1,(anonymous_9)
FNDA:1,(anonymous_10)
FNDA:1,(anonymous_11)
FNDA:4,(anonymous_12)
FNDA:1,(anonymous_13)
FNDA:2,(anonymous_14)
FNDA:3,(anonymous_15)
FNDA:4,(anonymous_16)
FNDA:5,(anonymous_17)
FNDA:2,(anonymous_18)
FNDA:3,(anonymous_19)
DA:4,9
DA:5,5
DA:6,4
DA:14,9
DA:17,9
DA:72,9
DA:73,91
DA:75,9
DA:76,3
DA:77,2
DA:78,2
DA:79,1
DA:84,9
DA:85,3
DA:86,2
DA:87,2
DA:88,1
DA:95,9
DA:96,4
DA:97,3
DA:98,3
DA:100,2
DA:101,2
DA:102,2
DA:103,2
DA:104,2
DA:105,1
DA:106,1
DA:108,2
DA:114,9
DA:115,3
DA:116,2
DA:117,2
DA:119,1
DA:120,1
DA:121,1
DA:122,1
DA:129,9
DA:130,1
DA:139,9
DA:140,1
DA:145,9
DA:146,1
DA:151,9
DA:152,4
DA:153,3
DA:154,3
DA:155,3
DA:156,2
DA:157,1
DA:163,9
DA:164,1
DA:165,1
DA:166,2
DA:167,3
DA:168,0
DA:169,3
DA:170,3
DA:171,1
DA:173,2
DA:178,1
DA:179,1
DA:181,1
DA:187,9
DA:188,4
DA:189,1
DA:191,3
DA:192,1
DA:194,2
DA:195,1
DA:197,1
DA:203,9
DA:208,9
DA:209,9
DA:211,9
DA:212,5
DA:213,3
DA:215,2
DA:216,2
DA:217,2
DA:218,1
DA:219,1
DA:221,2
DA:222,2
DA:223,2
DA:225,2
DA:226,0
DA:227,2
DA:228,1
DA:230,2
DA:233,2
DA:234,2
DA:235,2
DA:236,2
DA:237,2
DA:238,2
DA:240,2
DA:241,2
DA:243,2
DA:249,9
DA:250,3
DA:252,2
DA:253,2
DA:254,2
DA:255,1
DA:256,1
DA:257,1
DA:258,1
LF:108
LH:106
BRDA:5,0,0,1
BRDA:5,0,1,4
BRDA:72,1,0,0
BRDA:73,2,0,1
BRDA:73,2,1,90
BRDA:73,3,0,91
BRDA:73,3,1,91
BRDA:76,4,0,1
BRDA:76,4,1,2
BRDA:78,5,0,1
BRDA:78,5,1,1
BRDA:85,6,0,1
BRDA:85,6,1,2
BRDA:87,7,0,1
BRDA:87,7,1,1
BRDA:96,8,0,1
BRDA:96,8,1,3
BRDA:98,9,0,1
BRDA:98,9,1,2
BRDA:104,10,0,1
BRDA:104,10,1,1
BRDA:104,11,0,2
BRDA:104,11,1,1
BRDA:104,11,2,1
BRDA:105,12,0,0
BRDA:105,12,1,1
BRDA:105,13,0,1
BRDA:105,13,1,1
BRDA:106,14,0,1
BRDA:106,14,1,0
BRDA:106,15,0,1
BRDA:106,15,1,0
BRDA:115,16,0,1
BRDA:115,16,1,2
BRDA:117,17,0,1
BRDA:117,17,1,1
BRDA:133,18,0,1
BRDA:133,18,1,0
BRDA:152,19,0,1
BRDA:152,19,1,3
BRDA:152,20,0,4
BRDA:152,20,1,3
BRDA:153,21,0,0
BRDA:153,21,1,3
BRDA:153,22,0,3
BRDA:153,22,1,3
BRDA:154,23,0,0
BRDA:154,23,1,3
BRDA:155,24,0,1
BRDA:155,24,1,2
BRDA:156,25,0,1
BRDA:156,25,1,1
BRDA:165,26,0,1
BRDA:167,27,0,0
BRDA:167,27,1,3
BRDA:168,28,0,0
BRDA:168,28,1,0
BRDA:169,29,0,3
BRDA:169,29,1,0
BRDA:169,30,0,3
BRDA:169,30,1,3
BRDA:169,30,2,3
BRDA:170,31,0,1
BRDA:170,31,1,2
BRDA:170,32,0,3
BRDA:170,32,1,1
BRDA:171,33,0,0
BRDA:171,33,1,1
BRDA:173,34,0,1
BRDA:173,34,1,1
BRDA:178,35,0,1
BRDA:178,35,1,0
BRDA:178,36,0,1
BRDA:178,36,1,1
BRDA:188,37,0,1
BRDA:188,37,1,3
BRDA:188,38,0,3
BRDA:188,38,1,1
BRDA:188,39,0,4
BRDA:188,39,1,4
BRDA:188,40,0,3
BRDA:188,40,1,1
BRDA:188,41,0,4
BRDA:188,41,1,4
BRDA:188,42,0,0
BRDA:188,42,1,4
BRDA:188,43,0,4
BRDA:188,43,1,4
BRDA:191,44,0,1
BRDA:191,44,1,2
BRDA:191,45,0,0
BRDA:191,45,1,3
BRDA:191,46,0,3
BRDA:191,46,1,3
BRDA:194,47,0,1
BRDA:194,47,1,1
BRDA:212,48,0,2
BRDA:212,48,1,3
BRDA:212,49,0,5
BRDA:212,49,1,5
BRDA:212,49,2,4
BRDA:213,50,0,1
BRDA:213,50,1,2
BRDA:217,51,0,1
BRDA:217,51,1,1
BRDA:221,52,0,2
BRDA:221,52,1,0
BRDA:225,53,0,0
BRDA:225,53,1,2
BRDA:225,54,0,2
BRDA:225,54,1,0
BRDA:227,55,0,1
BRDA:227,55,1,1
BRDA:227,56,0,2
BRDA:227,56,1,1
BRDA:237,57,0,2
BRDA:237,57,1,0
BRDA:250,58,0,1
BRDA:250,58,1,2
BRDA:250,59,0,3
BRDA:250,59,1,2
BRDA:254,60,0,1
BRDA:254,60,1,1
BRF:123
BRH:104
end_of_record
TN:
SF:src\components\utils\validationHelper.ts
FN:7,(anonymous_0)
FN:16,(anonymous_1)
FN:23,(anonymous_2)
FN:30,(anonymous_3)
FN:38,(anonymous_4)
FN:49,(anonymous_5)
FN:56,(anonymous_6)
FN:63,(anonymous_7)
FN:64,(anonymous_8)
FN:68,(anonymous_9)
FNF:10
FNH:8
FNDA:91,(anonymous_0)
FNDA:60,(anonymous_1)
FNDA:30,(anonymous_2)
FNDA:2,(anonymous_3)
FNDA:0,(anonymous_4)
FNDA:15,(anonymous_5)
FNDA:11,(anonymous_6)
FNDA:50,(anonymous_7)
FNDA:133,(anonymous_8)
FNDA:0,(anonymous_9)
DA:6,5
DA:8,91
DA:10,91
DA:11,11
DA:13,80
DA:17,60
DA:18,6
DA:20,54
DA:24,30
DA:25,2
DA:27,28
DA:31,2
DA:32,2
DA:33,0
DA:35,2
DA:39,0
DA:40,0
DA:41,0
DA:46,0
DA:50,15
DA:51,0
DA:53,15
DA:57,11
DA:58,0
DA:60,11
DA:64,133
DA:68,5
DA:69,0
DA:70,0
DA:71,0
DA:72,0
DA:73,0
DA:74,0
DA:79,5
LF:34
LH:21
BRDA:10,0,0,11
BRDA:10,0,1,80
BRDA:10,1,0,91
BRDA:10,1,1,91
BRDA:10,1,2,91
BRDA:10,1,3,69
BRDA:17,2,0,6
BRDA:17,2,1,54
BRDA:17,3,0,60
BRDA:17,3,1,60
BRDA:24,4,0,2
BRDA:24,4,1,28
BRDA:24,5,0,30
BRDA:24,5,1,30
BRDA:32,6,0,0
BRDA:32,6,1,2
BRDA:32,7,0,2
BRDA:32,7,1,2
BRDA:40,8,0,0
BRDA:40,8,1,0
BRDA:40,9,0,0
BRDA:40,9,1,0
BRDA:50,10,0,0
BRDA:50,10,1,15
BRDA:50,11,0,15
BRDA:50,11,1,15
BRDA:57,12,0,0
BRDA:57,12,1,11
BRDA:57,13,0,11
BRDA:57,13,1,11
BRDA:57,13,2,11
BRDA:69,14,0,0
BRDA:69,14,1,0
BRDA:70,15,0,0
BRDA:70,15,1,0
BRDA:70,16,0,0
BRDA:70,16,1,0
BRDA:71,17,0,0
BRDA:71,17,1,0
BRDA:72,18,0,0
BRDA:72,18,1,0
BRDA:73,19,0,0
BRDA:73,19,1,0
BRF:43
BRH:24
end_of_record
TN:
SF:src\components\utils\auth\expirationCheck.ts
FN:6,(anonymous_0)
FN:11,(anonymous_1)
FN:16,(anonymous_2)
FNF:3
FNH:2
FNDA:2,(anonymous_0)
FNDA:0,(anonymous_1)
FNDA:1,(anonymous_2)
DA:1,4
DA:3,4
DA:6,4
DA:8,2
DA:9,2
DA:10,2
DA:11,2
DA:12,0
DA:16,4
DA:17,1
DA:18,1
LF:11
LH:10
BRDA:9,0,0,0
BRDA:9,0,1,2
BRDA:10,1,0,1
BRDA:10,1,1,1
BRDA:17,2,0,1
BRDA:17,2,1,0
BRF:6
BRH:4
end_of_record
TN:
SF:src\components\utils\auth\tokenValidation.ts
FN:9,(anonymous_1)
FN:38,(anonymous_2)
FN:50,(anonymous_3)
FN:63,(anonymous_4)
FNF:4
FNH:3
FNDA:7,(anonymous_1)
FNDA:2,(anonymous_2)
FNDA:1,(anonymous_3)
FNDA:0,(anonymous_4)
DA:1,5
DA:2,5
DA:3,5
DA:5,5
DA:7,5
DA:9,5
DA:10,7
DA:11,7
DA:12,7
DA:14,6
DA:15,5
DA:16,5
DA:18,5
DA:20,2
DA:21,2
DA:22,2
DA:23,2
DA:24,2
DA:28,3
DA:29,2
DA:39,2
DA:40,1
DA:51,1
DA:52,1
DA:53,1
DA:54,1
DA:55,1
DA:56,1
DA:64,0
DA:65,0
DA:66,0
DA:67,0
DA:73,0
DA:76,1
DA:77,1
DA:78,1
DA:79,1
DA:84,3
DA:88,1
DA:91,1
DA:92,1
DA:93,1
DA:94,1
DA:95,1
LF:44
LH:39
BRDA:14,0,0,5
BRDA:14,0,1,1
BRDA:14,1,0,6
BRDA:14,1,1,5
BRDA:18,2,0,2
BRDA:18,2,1,3
BRDA:28,3,0,2
BRDA:28,3,1,1
BRDA:39,4,0,1
BRDA:39,4,1,1
BRF:10
BRH:10
end_of_record
TN:
SF:src\components\utils\auth\utils.ts
FN:1,parseExpiresIn
FNF:1
FNH:1
FNDA:3,parseExpiresIn
DA:1,6
DA:2,3
DA:3,3
DA:4,0
DA:6,3
DA:7,3
DA:13,3
DA:14,3
LF:8
LH:7
BRDA:3,0,0,0
BRDA:3,0,1,3
BRDA:13,1,0,3
BRDA:13,1,1,1
BRF:4
BRH:3
end_of_record
TN:
SF:src\components\utils\fields\FooterinfoFields.tsx
FNF:0
FNH:0
DA:3,1
LF:1
LH:1
BRF:0
BRH:0
end_of_record
TN:
SF:src\components\utils\fields\categoryfield.tsx
FNF:0
FNH:0
DA:3,1
LF:1
LH:1
BRF:0
BRH:0
end_of_record
TN:
SF:src\components\utils\fields\configFields.ts
FNF:0
FNH:0
DA:3,1
LF:1
LH:1
BRF:0
BRH:0
end_of_record
TN:
SF:src\components\utils\fields\contactInfoFields.ts
FNF:0
FNH:0
DA:3,1
LF:1
LH:1
BRF:0
BRH:0
end_of_record
TN:
SF:src\components\utils\fields\emailConfigFields.ts
FNF:0
FNH:0
DA:3,1
LF:1
LH:1
BRF:0
BRH:0
end_of_record
TN:
SF:src\components\utils\fields\faqFields.tsx
FNF:0
FNH:0
DA:4,1
LF:1
LH:1
BRF:0
BRH:0
end_of_record
TN:
SF:src\components\utils\fields\generalSettingsFields.ts
FNF:0
FNH:0
DA:3,1
LF:1
LH:1
BRF:0
BRH:0
end_of_record
TN:
SF:src\components\utils\fields\loginFields.tsx
FNF:0
FNH:0
DA:3,1
LF:1
LH:1
BRF:0
BRH:0
end_of_record
TN:
SF:src\components\utils\fields\ogConfigFields.ts
FNF:0
FNH:0
DA:3,1
LF:1
LH:1
BRF:0
BRH:0
end_of_record
TN:
SF:src\components\utils\fields\seoConfigFields.ts
FNF:0
FNH:0
DA:3,1
LF:1
LH:1
BRF:0
BRH:0
end_of_record
