TN:
SF:src\components\atoms\BAZ-Button.tsx
FN:12,(anonymous_1)
FNF:1
FNH:1
FNDA:208,(anonymous_1)
DA:12,208
DA:22,12
LF:2
LH:2
BRDA:12,0,0,13
BRDA:12,1,0,4
BRF:2
BRH:2
end_of_record
TN:
SF:src\components\atoms\BAZ-Checkbox.tsx
FN:16,(anonymous_0)
FNF:1
FNH:1
FNDA:13,(anonymous_0)
DA:2,9
DA:3,9
DA:16,9
DA:17,13
DA:47,9
LF:5
LH:5
BRDA:33,0,0,13
BRDA:33,0,1,1
BRDA:39,1,0,13
BRDA:39,1,1,1
BRF:4
BRH:4
end_of_record
TN:
SF:src\components\atoms\BAZ-DefaultAvatar.tsx
FN:8,(anonymous_0)
FNF:1
FNH:1
FNDA:6,(anonymous_0)
DA:8,3
DA:9,6
DA:16,3
LF:3
LH:3
BRDA:8,0,0,6
BRF:1
BRH:1
end_of_record
TN:
SF:src\components\atoms\BAZ-FileInput.tsx
FN:18,(anonymous_1)
FN:39,(anonymous_2)
FN:51,(anonymous_3)
FN:89,(anonymous_4)
FN:106,(anonymous_5)
FN:107,(anonymous_6)
FN:114,(anonymous_7)
FN:121,(anonymous_8)
FN:122,(anonymous_9)
FN:124,(anonymous_10)
FN:127,(anonymous_11)
FN:170,(anonymous_12)
FN:193,(anonymous_13)
FN:200,(anonymous_14)
FN:201,(anonymous_15)
FN:251,(anonymous_16)
FN:275,(anonymous_17)
FNF:17
FNH:14
FNDA:156,(anonymous_1)
FNDA:51,(anonymous_2)
FNDA:27,(anonymous_3)
FNDA:16,(anonymous_4)
FNDA:36,(anonymous_5)
FNDA:36,(anonymous_6)
FNDA:8,(anonymous_7)
FNDA:7,(anonymous_8)
FNDA:7,(anonymous_9)
FNDA:7,(anonymous_10)
FNDA:1,(anonymous_11)
FNDA:1,(anonymous_12)
FNDA:0,(anonymous_13)
FNDA:0,(anonymous_14)
FNDA:0,(anonymous_15)
FNDA:69,(anonymous_16)
FNDA:1,(anonymous_17)
DA:1,9
DA:2,9
DA:3,9
DA:4,9
DA:18,9
DA:29,156
DA:30,156
DA:31,156
DA:34,156
DA:35,0
DA:39,156
DA:41,51
DA:42,51
DA:44,51
DA:46,51
DA:49,51
DA:50,26
DA:51,26
DA:52,27
DA:53,17
DA:54,17
DA:55,17
DA:56,17
DA:63,10
DA:71,9
DA:72,9
DA:73,9
DA:74,9
DA:75,9
DA:87,51
DA:88,16
DA:89,16
DA:90,16
DA:91,6
DA:92,6
DA:93,6
DA:103,51
DA:106,156
DA:107,36
DA:108,36
DA:109,36
DA:114,156
DA:115,8
DA:117,8
DA:118,8
DA:119,7
DA:121,7
DA:122,7
DA:124,7
DA:125,6
DA:127,1
DA:128,0
DA:130,1
DA:132,7
DA:134,1
DA:136,1
DA:144,1
DA:145,1
DA:148,6
DA:156,6
DA:158,1
DA:166,1
DA:170,156
DA:171,1
DA:173,1
DA:175,1
DA:176,1
DA:179,1
DA:180,1
DA:187,1
DA:191,0
DA:192,0
DA:193,0
DA:197,0
DA:199,0
DA:200,0
DA:201,0
DA:203,0
DA:206,0
DA:207,0
DA:214,0
DA:220,156
DA:252,69
DA:275,1
DA:302,9
LF:85
LH:72
BRDA:23,0,0,18
BRDA:26,1,0,156
BRDA:34,2,0,0
BRDA:34,2,1,156
BRDA:41,3,0,51
BRDA:41,3,1,0
BRDA:49,4,0,26
BRDA:49,4,1,25
BRDA:50,5,0,10
BRDA:50,5,1,16
BRDA:52,6,0,17
BRDA:52,6,1,10
BRDA:52,7,0,27
BRDA:52,7,1,18
BRDA:52,7,2,18
BRDA:53,8,0,0
BRDA:53,8,1,17
BRDA:55,9,0,17
BRDA:55,9,1,0
BRDA:63,10,0,9
BRDA:63,10,1,1
BRDA:64,11,0,10
BRDA:64,11,1,10
BRDA:64,11,2,9
BRDA:64,11,3,9
BRDA:64,11,4,9
BRDA:72,12,0,0
BRDA:72,12,1,9
BRDA:74,13,0,9
BRDA:74,13,1,0
BRDA:87,14,0,16
BRDA:87,14,1,35
BRDA:88,15,0,5
BRDA:88,15,1,11
BRDA:90,16,0,6
BRDA:90,16,1,10
BRDA:108,17,0,36
BRDA:108,17,1,0
BRDA:115,18,0,0
BRDA:115,18,1,8
BRDA:118,19,0,7
BRDA:118,19,1,1
BRDA:118,20,0,8
BRDA:118,20,1,8
BRDA:121,21,0,7
BRDA:121,21,1,1
BRDA:124,22,0,6
BRDA:124,22,1,1
BRDA:124,23,0,7
BRDA:124,23,1,7
BRDA:124,23,2,6
BRDA:127,24,0,0
BRDA:127,24,1,1
BRDA:127,25,0,1
BRDA:127,25,1,0
BRDA:132,26,0,1
BRDA:132,26,1,6
BRDA:152,27,0,0
BRDA:152,27,1,6
BRDA:162,28,0,0
BRDA:162,28,1,1
BRDA:173,29,0,1
BRDA:173,29,1,0
BRDA:173,30,0,1
BRDA:173,30,1,1
BRDA:179,31,0,1
BRDA:179,31,1,0
BRDA:191,32,0,0
BRDA:191,32,1,0
BRDA:191,33,0,0
BRDA:191,33,1,0
BRDA:197,34,0,0
BRDA:197,34,1,0
BRDA:199,35,0,0
BRDA:199,35,1,0
BRDA:206,36,0,0
BRDA:206,36,1,0
BRDA:229,37,0,2
BRDA:229,37,1,154
BRDA:249,38,0,156
BRDA:249,38,1,68
BRDA:253,39,0,67
BRDA:253,39,1,2
BRDA:271,40,0,69
BRDA:271,40,1,47
BRDA:271,40,2,24
BRDA:283,41,0,69
BRDA:283,41,1,49
BRDA:293,42,0,156
BRDA:293,42,1,2
BRF:90
BRH:66
end_of_record
TN:
SF:src\components\atoms\BAZ-Input.tsx
FN:12,(anonymous_1)
FNF:1
FNH:1
FNDA:550,(anonymous_1)
DA:1,9
DA:2,9
DA:3,9
DA:12,550
DA:14,550
DA:18,550
DA:40,9
LF:7
LH:7
BRDA:12,0,0,2
BRDA:12,1,0,2
BRDA:12,2,0,550
BRDA:14,3,0,9
BRDA:14,3,1,541
BRDA:27,4,0,0
BRDA:27,4,1,550
BRDA:28,5,0,1
BRDA:28,5,1,549
BRDA:31,6,0,550
BRDA:31,6,1,1
BRF:11
BRH:10
end_of_record
TN:
SF:src\components\atoms\BAZ-Logo.tsx
FN:9,(anonymous_1)
FNF:1
FNH:1
FNDA:1,(anonymous_1)
DA:2,1
DA:9,1
DA:10,1
DA:17,1
LF:4
LH:4
BRDA:9,0,0,1
BRF:1
BRH:1
end_of_record
TN:
SF:src\components\atoms\BAZ-NotificationItem.tsx
FN:16,(anonymous_1)
FNF:1
FNH:1
FNDA:5,(anonymous_1)
DA:2,2
DA:3,2
DA:16,2
DA:17,5
DA:35,2
LF:5
LH:5
BRDA:30,0,0,3
BRDA:30,0,1,2
BRF:2
BRH:2
end_of_record
TN:
SF:src\components\atoms\BAZ-Pagination.tsx
FN:18,(anonymous_1)
FNF:1
FNH:1
FNDA:1,(anonymous_1)
DA:4,1
DA:5,1
DA:18,1
DA:23,1
DA:43,1
LF:5
LH:5
BRDA:5,0,0,0
BRDA:5,0,1,1
BRDA:5,1,0,1
BRDA:5,1,1,1
BRDA:5,2,0,0
BRDA:5,2,1,1
BRDA:5,3,0,1
BRDA:5,3,1,1
BRF:8
BRH:6
end_of_record
TN:
SF:src\components\atoms\BAZ-Radio.tsx
FN:17,(anonymous_0)
FN:39,(anonymous_1)
FNF:2
FNH:2
FNDA:13,(anonymous_0)
FNDA:26,(anonymous_1)
DA:2,9
DA:3,9
DA:17,9
DA:27,13
DA:40,26
DA:65,9
LF:6
LH:6
BRDA:21,0,0,0
BRDA:24,1,0,13
BRDA:33,2,0,13
BRDA:33,2,1,1
BRDA:57,3,0,13
BRDA:57,3,1,1
BRF:6
BRH:5
end_of_record
TN:
SF:src\components\atoms\BAZ-SearchBox.tsx
FN:5,(anonymous_1)
FNF:1
FNH:1
FNDA:1,(anonymous_1)
DA:2,1
DA:3,1
DA:5,1
DA:6,1
DA:19,1
LF:5
LH:5
BRF:0
BRH:0
end_of_record
TN:
SF:src\components\atoms\BAZ-Select.tsx
FN:21,(anonymous_1)
FN:33,(anonymous_2)
FN:71,(anonymous_3)
FN:79,(anonymous_4)
FN:80,(anonymous_5)
FN:81,(anonymous_6)
FN:86,(anonymous_7)
FN:87,(anonymous_8)
FN:91,(anonymous_9)
FN:92,(anonymous_10)
FNF:10
FNH:10
FNDA:24,(anonymous_1)
FNDA:4,(anonymous_2)
FNDA:39,(anonymous_3)
FNDA:3,(anonymous_4)
FNDA:14,(anonymous_5)
FNDA:18,(anonymous_6)
FNDA:35,(anonymous_7)
FNDA:1,(anonymous_8)
FNDA:1,(anonymous_9)
FNDA:1,(anonymous_10)
DA:2,9
DA:3,9
DA:4,9
DA:21,9
DA:33,24
DA:37,4
DA:38,3
DA:40,1
DA:44,24
DA:71,39
DA:79,3
DA:80,14
DA:81,18
DA:86,35
DA:87,1
DA:91,1
DA:92,1
DA:111,9
LF:18
LH:18
BRDA:26,0,0,23
BRDA:27,1,0,22
BRDA:28,2,0,9
BRDA:37,3,0,3
BRDA:37,3,1,1
BRDA:38,4,0,0
BRDA:38,4,1,3
BRDA:38,5,0,3
BRDA:38,5,1,3
BRDA:40,6,0,0
BRDA:40,6,1,1
BRDA:40,7,0,1
BRDA:40,7,1,1
BRDA:51,8,0,24
BRDA:51,8,1,1
BRDA:69,9,0,2
BRDA:69,9,1,22
BRDA:74,10,0,1
BRDA:74,10,1,38
BRDA:76,11,0,1
BRDA:76,11,1,38
BRDA:83,12,0,9
BRDA:83,12,1,9
BRDA:102,13,0,24
BRDA:102,13,1,1
BRF:25
BRH:23
end_of_record
TN:
SF:src\components\atoms\BAZ-TextArea.tsx
FN:13,(anonymous_1)
FNF:1
FNH:1
FNDA:34,(anonymous_1)
DA:1,9
DA:2,9
DA:3,9
DA:13,34
DA:14,34
DA:15,34
DA:18,34
DA:22,34
DA:50,9
LF:9
LH:9
BRDA:13,0,0,2
BRDA:13,1,0,34
BRDA:13,2,0,34
BRDA:15,3,0,34
BRDA:15,3,1,2
BRDA:18,4,0,0
BRDA:18,4,1,34
BRDA:29,5,0,34
BRDA:29,5,1,1
BRDA:37,6,0,0
BRDA:37,6,1,34
BRDA:38,7,0,1
BRDA:38,7,1,33
BRDA:41,8,0,34
BRDA:41,8,1,1
BRF:15
BRH:13
end_of_record
TN:
SF:src\components\common\urls.ts
FNF:0
FNH:0
DA:1,22
DA:3,22
DA:4,22
DA:5,22
DA:6,22
DA:7,22
DA:12,22
DA:57,22
DA:58,22
LF:9
LH:9
BRDA:4,0,0,0
BRDA:4,0,1,22
BRF:2
BRH:1
end_of_record
TN:
SF:src\components\molecules\FormField.tsx
FN:18,(anonymous_1)
FN:31,(anonymous_2)
FN:36,(anonymous_3)
FNF:3
FNH:3
FNDA:714,(anonymous_1)
FNDA:40,(anonymous_2)
FNDA:35,(anonymous_3)
DA:2,8
DA:4,8
DA:18,8
DA:28,714
DA:30,714
DA:32,40
DA:36,714
DA:37,35
DA:38,35
DA:39,34
DA:43,714
DA:68,8
LF:12
LH:12
BRDA:30,0,0,20
BRDA:30,0,1,694
BRDA:32,1,0,0
BRDA:32,1,1,40
BRDA:38,2,0,34
BRDA:38,2,1,1
BRDA:44,3,0,714
BRDA:44,3,1,714
BRF:8
BRH:7
end_of_record
TN:
SF:src\components\molecules\FormHeader.tsx
FN:11,(anonymous_0)
FNF:1
FNH:1
FNDA:111,(anonymous_0)
DA:2,7
DA:3,7
DA:11,7
DA:12,111
DA:21,111
DA:23,111
DA:66,7
LF:7
LH:7
BRDA:26,0,0,111
BRDA:26,0,1,92
BRDA:26,0,2,2
BRDA:48,1,0,109
BRDA:48,1,1,2
BRDA:52,2,0,111
BRDA:52,2,1,2
BRF:7
BRH:7
end_of_record
TN:
SF:src\components\molecules\LabeledInput.tsx
FN:35,(anonymous_1)
FN:55,(anonymous_2)
FN:89,(anonymous_3)
FN:92,(anonymous_4)
FN:97,(anonymous_5)
FN:164,(anonymous_6)
FNF:6
FNH:6
FNDA:729,(anonymous_1)
FNDA:36,(anonymous_2)
FNDA:2,(anonymous_3)
FNDA:2,(anonymous_4)
FNDA:729,(anonymous_5)
FNDA:24,(anonymous_6)
DA:1,8
DA:2,8
DA:3,8
DA:4,8
DA:5,8
DA:6,8
DA:7,8
DA:8,8
DA:9,8
DA:10,8
DA:34,8
DA:55,729
DA:56,36
DA:61,36
DA:63,6
DA:64,6
DA:65,6
DA:67,0
DA:68,0
DA:70,30
DA:71,1
DA:72,29
DA:73,0
DA:74,29
DA:75,1
DA:77,28
DA:80,36
DA:89,729
DA:90,2
DA:91,2
DA:92,2
DA:94,2
DA:97,729
DA:98,729
DA:100,32
DA:120,11
DA:138,11
DA:159,14
DA:164,24
DA:179,113
DA:199,548
DA:235,729
DA:254,8
LF:43
LH:40
BRDA:44,0,0,704
BRDA:45,1,0,729
BRDA:47,2,0,708
BRDA:48,3,0,729
BRDA:49,4,0,712
BRDA:56,5,0,0
BRDA:56,5,1,36
BRDA:61,6,0,6
BRDA:61,6,1,30
BRDA:63,7,0,6
BRDA:63,7,1,0
BRDA:68,8,0,0
BRDA:68,8,1,0
BRDA:68,9,0,0
BRDA:68,9,1,0
BRDA:68,10,0,0
BRDA:68,10,1,0
BRDA:68,11,0,0
BRDA:68,11,1,0
BRDA:68,12,0,0
BRDA:68,12,1,0
BRDA:70,13,0,1
BRDA:70,13,1,29
BRDA:72,14,0,0
BRDA:72,14,1,29
BRDA:72,15,0,29
BRDA:72,15,1,0
BRDA:73,16,0,0
BRDA:73,16,1,0
BRDA:74,17,0,1
BRDA:74,17,1,28
BRDA:84,18,0,36
BRDA:84,18,1,6
BRDA:90,19,0,0
BRDA:90,19,1,2
BRDA:91,20,0,2
BRDA:91,20,1,0
BRDA:92,21,0,2
BRDA:92,21,1,0
BRDA:92,22,0,0
BRDA:92,22,1,2
BRDA:92,23,0,2
BRDA:92,23,1,2
BRDA:93,24,0,0
BRDA:93,24,1,0
BRDA:93,25,0,0
BRDA:93,25,1,0
BRDA:93,26,0,0
BRDA:93,26,1,0
BRDA:98,27,0,32
BRDA:98,27,1,11
BRDA:98,27,2,11
BRDA:98,27,3,14
BRDA:98,27,4,14
BRDA:98,27,5,14
BRDA:98,27,6,14
BRDA:98,27,7,113
BRDA:98,27,8,548
BRDA:105,28,0,32
BRDA:105,28,1,16
BRDA:112,29,0,32
BRDA:112,29,1,1
BRDA:130,30,0,11
BRDA:130,30,1,0
BRDA:142,31,0,11
BRDA:142,31,1,10
BRDA:148,32,0,11
BRDA:148,32,1,0
BRDA:164,33,0,1
BRDA:164,33,1,13
BRDA:164,34,0,13
BRDA:164,34,1,11
BRDA:171,35,0,14
BRDA:171,35,1,1
BRDA:191,36,0,113
BRDA:191,36,1,2
BRDA:205,37,0,3
BRDA:205,37,1,545
BRDA:205,38,0,548
BRDA:205,38,1,23
BRDA:206,39,0,0
BRDA:206,39,1,548
BRDA:206,40,0,548
BRDA:206,40,1,10
BRDA:206,41,0,548
BRDA:206,41,1,350
BRDA:214,42,0,548
BRDA:214,42,1,23
BRDA:214,42,2,23
BRDA:219,43,0,3
BRDA:219,43,1,20
BRDA:221,44,0,3
BRDA:221,44,1,20
BRDA:225,45,0,548
BRDA:225,45,1,19
BRDA:242,46,0,729
BRDA:242,46,1,729
BRDA:245,47,0,729
BRDA:245,47,1,396
BRF:99
BRH:70
end_of_record
TN:
SF:src\components\molecules\Loader.tsx
FN:11,(anonymous_0)
FN:22,(anonymous_1)
FN:26,(anonymous_2)
FN:31,(anonymous_3)
FN:36,(anonymous_4)
FN:42,(anonymous_5)
FN:52,(anonymous_6)
FN:54,(anonymous_7)
FN:75,(anonymous_8)
FNF:9
FNH:7
FNDA:2,(anonymous_0)
FNDA:2,(anonymous_1)
FNDA:0,(anonymous_2)
FNDA:0,(anonymous_3)
FNDA:2,(anonymous_4)
FNDA:22,(anonymous_5)
FNDA:4,(anonymous_6)
FNDA:22,(anonymous_7)
FNDA:6,(anonymous_8)
DA:1,1
DA:2,1
DA:11,1
DA:12,2
DA:14,2
DA:22,2
DA:25,2
DA:26,2
DA:27,0
DA:31,0
DA:32,0
DA:36,2
DA:37,2
DA:38,2
DA:42,2
DA:43,22
DA:52,2
DA:53,4
DA:55,22
DA:60,2
DA:76,6
DA:93,1
LF:22
LH:19
BRDA:11,0,0,2
BRDA:11,1,0,2
BRDA:14,2,0,2
BRDA:14,2,1,0
BRDA:25,3,0,2
BRDA:25,3,1,0
BRDA:32,4,0,0
BRDA:32,4,1,0
BRDA:37,5,0,2
BRDA:37,5,1,0
BRDA:38,6,0,0
BRDA:38,6,1,2
BRDA:52,7,0,2
BRDA:52,8,0,2
BRDA:80,9,0,6
BRDA:80,9,1,0
BRF:16
BRH:9
end_of_record
TN:
SF:src\components\molecules\NotificationDropdown.tsx
FN:58,(anonymous_1)
FN:62,(anonymous_2)
FN:63,(anonymous_3)
FN:69,(anonymous_4)
FN:74,(anonymous_5)
FN:74,(anonymous_6)
FN:77,(anonymous_7)
FN:95,(anonymous_8)
FNF:8
FNH:7
FNDA:3,(anonymous_1)
FNDA:2,(anonymous_2)
FNDA:0,(anonymous_3)
FNDA:2,(anonymous_4)
FNDA:1,(anonymous_5)
FNDA:1,(anonymous_6)
FNDA:12,(anonymous_7)
FNDA:4,(anonymous_8)
DA:1,1
DA:2,1
DA:3,1
DA:4,1
DA:5,1
DA:6,1
DA:7,1
DA:19,1
DA:58,1
DA:59,3
DA:60,3
DA:62,3
DA:63,2
DA:64,0
DA:65,0
DA:68,2
DA:69,2
DA:72,3
DA:74,1
DA:77,12
DA:96,4
DA:110,1
LF:22
LH:20
BRDA:64,0,0,0
BRDA:64,0,1,0
BRDA:64,1,0,0
BRDA:64,1,1,0
BRDA:80,2,0,3
BRDA:80,2,1,1
BRF:6
BRH:2
end_of_record
TN:
SF:src\components\molecules\PageHeader.tsx
FN:9,(anonymous_0)
FNF:1
FNH:1
FNDA:1,(anonymous_0)
DA:2,1
DA:9,1
DA:10,1
DA:35,1
LF:4
LH:4
BRF:0
BRH:0
end_of_record
TN:
SF:src\components\molecules\ProfileDropdown.tsx
FN:7,(anonymous_1)
FN:11,(anonymous_2)
FN:12,(anonymous_3)
FN:18,(anonymous_4)
FN:23,(anonymous_5)
FN:23,(anonymous_6)
FN:44,(anonymous_7)
FNF:7
FNH:5
FNDA:3,(anonymous_1)
FNDA:2,(anonymous_2)
FNDA:0,(anonymous_3)
FNDA:2,(anonymous_4)
FNDA:1,(anonymous_5)
FNDA:1,(anonymous_6)
FNDA:0,(anonymous_7)
DA:1,1
DA:2,1
DA:3,1
DA:4,1
DA:5,1
DA:7,1
DA:8,3
DA:9,3
DA:11,3
DA:12,2
DA:13,0
DA:14,0
DA:17,2
DA:18,2
DA:21,3
DA:23,1
DA:54,1
LF:17
LH:15
BRDA:13,0,0,0
BRDA:13,0,1,0
BRDA:13,1,0,0
BRDA:13,1,1,0
BRDA:32,2,0,3
BRDA:32,2,1,1
BRF:6
BRH:2
end_of_record
TN:
SF:src\components\molecules\SidebarNavItem.tsx
FN:23,(anonymous_1)
FN:79,(anonymous_2)
FN:95,(anonymous_3)
FN:117,(anonymous_4)
FN:137,(anonymous_5)
FNF:5
FNH:4
FNDA:6,(anonymous_1)
FNDA:0,(anonymous_2)
FNDA:1,(anonymous_3)
FNDA:1,(anonymous_4)
FNDA:2,(anonymous_5)
DA:2,1
DA:3,1
DA:4,1
DA:5,1
DA:23,1
DA:33,6
DA:36,6
DA:37,2
DA:38,1
DA:54,1
DA:71,4
DA:79,0
DA:96,1
DA:117,1
DA:138,2
DA:157,1
LF:16
LH:15
BRDA:36,0,0,2
BRDA:36,0,1,4
BRDA:37,1,0,1
BRDA:37,1,1,1
BRDA:44,2,0,0
BRDA:44,2,1,1
BRDA:46,3,0,0
BRDA:46,3,1,1
BRDA:59,4,0,1
BRDA:59,4,1,0
BRDA:61,5,0,1
BRDA:61,5,1,0
BRDA:73,6,0,1
BRDA:73,6,1,3
BRDA:78,7,0,0
BRDA:78,7,1,1
BRDA:79,8,0,1
BRDA:79,8,1,0
BRDA:80,9,0,1
BRDA:80,9,1,0
BRDA:83,10,0,0
BRDA:83,10,1,1
BRDA:88,11,0,1
BRDA:88,11,1,1
BRDA:88,11,2,1
BRDA:95,12,0,1
BRDA:95,12,1,1
BRDA:101,13,0,1
BRDA:101,13,1,0
BRDA:115,14,0,0
BRDA:115,14,1,3
BRDA:116,15,0,3
BRDA:116,15,1,3
BRDA:117,16,0,3
BRDA:117,16,1,0
BRDA:120,17,0,0
BRDA:120,17,1,3
BRDA:125,18,0,3
BRDA:125,18,1,3
BRDA:126,19,0,1
BRDA:126,19,1,2
BRDA:130,20,0,3
BRDA:130,20,1,3
BRDA:130,20,2,1
BRDA:137,21,0,1
BRDA:137,21,1,1
BRDA:142,22,0,1
BRDA:142,22,1,1
BRF:48
BRH:36
end_of_record
TN:
SF:src\components\molecules\TableHeader.tsx
FN:29,(anonymous_0)
FN:89,(anonymous_1)
FN:97,(anonymous_2)
FN:99,(anonymous_3)
FNF:4
FNH:2
FNDA:2,(anonymous_0)
FNDA:1,(anonymous_1)
FNDA:0,(anonymous_2)
FNDA:0,(anonymous_3)
DA:2,1
DA:3,1
DA:4,1
DA:5,1
DA:29,1
DA:41,2
DA:43,2
DA:89,1
DA:97,0
DA:100,0
DA:126,1
LF:11
LH:9
BRDA:35,0,0,2
BRDA:39,1,0,2
BRDA:57,2,0,0
BRDA:57,2,1,2
BRDA:60,3,0,0
BRDA:60,3,1,0
BRDA:61,4,0,0
BRDA:61,4,1,0
BRDA:92,5,0,2
BRDA:92,5,1,0
BRDA:97,6,0,0
BRDA:97,6,1,0
BRDA:97,7,0,0
BRDA:97,7,1,0
BRDA:110,8,0,2
BRDA:110,8,1,0
BRF:16
BRH:5
end_of_record
TN:
SF:src\components\organisms\ManagementForm.tsx
FN:41,(anonymous_10)
FN:69,(anonymous_11)
FN:83,(anonymous_12)
FN:90,(anonymous_13)
FN:97,(anonymous_14)
FN:103,(anonymous_15)
FN:111,(anonymous_16)
FN:121,(anonymous_17)
FN:130,(anonymous_18)
FN:137,(anonymous_19)
FN:146,(anonymous_20)
FN:156,(anonymous_21)
FN:162,(anonymous_22)
FN:166,(anonymous_23)
FN:183,(anonymous_24)
FN:190,(anonymous_25)
FN:190,(anonymous_26)
FN:206,(anonymous_27)
FN:211,(anonymous_28)
FN:240,(anonymous_29)
FN:245,(anonymous_30)
FN:262,(anonymous_31)
FN:268,(anonymous_32)
FN:290,(anonymous_33)
FN:296,(anonymous_34)
FN:311,(anonymous_35)
FNF:26
FNH:23
FNDA:144,(anonymous_10)
FNDA:27,(anonymous_11)
FNDA:33,(anonymous_12)
FNDA:135,(anonymous_13)
FNDA:0,(anonymous_14)
FNDA:2,(anonymous_15)
FNDA:715,(anonymous_16)
FNDA:17,(anonymous_17)
FNDA:21,(anonymous_18)
FNDA:22,(anonymous_19)
FNDA:3,(anonymous_20)
FNDA:4,(anonymous_21)
FNDA:1,(anonymous_22)
FNDA:0,(anonymous_23)
FNDA:1,(anonymous_24)
FNDA:30,(anonymous_25)
FNDA:1,(anonymous_26)
FNDA:16,(anonymous_27)
FNDA:0,(anonymous_28)
FNDA:84,(anonymous_29)
FNDA:1,(anonymous_30)
FNDA:669,(anonymous_31)
FNDA:2,(anonymous_32)
FNDA:22,(anonymous_33)
FNDA:30,(anonymous_34)
FNDA:1,(anonymous_35)
DA:1,7
DA:2,7
DA:3,7
DA:4,7
DA:5,7
DA:7,7
DA:8,7
DA:41,7
DA:62,144
DA:63,144
DA:66,144
DA:69,144
DA:70,144
DA:71,144
DA:72,144
DA:74,144
DA:80,144
DA:83,144
DA:84,33
DA:85,5
DA:90,144
DA:91,135
DA:92,10
DA:95,10
DA:97,0
DA:98,0
DA:100,10
DA:102,2
DA:103,2
DA:104,2
DA:106,2
DA:111,144
DA:112,715
DA:113,715
DA:114,715
DA:115,745
DA:116,715
DA:118,685
DA:121,144
DA:122,17
DA:123,1
DA:124,1
DA:125,16
DA:126,16
DA:130,144
DA:131,21
DA:133,19
DA:134,19
DA:137,19
DA:138,22
DA:139,22
DA:140,7
DA:142,15
DA:146,144
DA:147,3
DA:148,0
DA:152,0
DA:155,3
DA:156,3
DA:157,4
DA:159,3
DA:162,144
DA:164,1
DA:165,0
DA:166,0
DA:167,0
DA:168,0
DA:171,0
DA:172,0
DA:176,0
DA:180,1
DA:183,144
DA:184,1
DA:185,1
DA:186,1
DA:190,144
DA:191,1
DA:192,1
DA:195,144
DA:196,2
DA:207,16
DA:212,0
DA:236,142
DA:241,84
DA:245,1
DA:263,669
DA:269,2
DA:291,22
DA:297,30
DA:298,30
DA:311,1
DA:346,7
LF:92
LH:80
BRDA:48,0,0,77
BRDA:49,1,0,142
BRDA:50,2,0,126
BRDA:51,3,0,126
BRDA:52,4,0,126
BRDA:54,5,0,123
BRDA:56,6,0,34
BRDA:57,7,0,144
BRDA:58,8,0,123
BRDA:62,9,0,144
BRDA:62,9,1,123
BRDA:66,10,0,21
BRDA:66,10,1,123
BRDA:69,11,0,21
BRDA:69,11,1,123
BRDA:70,12,0,144
BRDA:70,12,1,144
BRDA:70,13,0,123
BRDA:70,13,1,21
BRDA:70,14,0,144
BRDA:70,14,1,144
BRDA:71,15,0,144
BRDA:71,15,1,144
BRDA:71,16,0,123
BRDA:71,16,1,21
BRDA:71,17,0,144
BRDA:71,17,1,144
BRDA:72,18,0,0
BRDA:72,18,1,144
BRDA:72,19,0,144
BRDA:72,19,1,144
BRDA:72,20,0,123
BRDA:72,20,1,21
BRDA:72,21,0,144
BRDA:72,21,1,144
BRDA:84,22,0,5
BRDA:84,22,1,28
BRDA:91,23,0,10
BRDA:91,23,1,125
BRDA:95,24,0,0
BRDA:95,24,1,10
BRDA:95,25,0,10
BRDA:95,25,1,2
BRDA:95,25,2,2
BRDA:95,25,3,2
BRDA:100,26,0,2
BRDA:100,26,1,8
BRDA:100,27,0,10
BRDA:100,27,1,2
BRDA:100,27,2,2
BRDA:115,28,0,30
BRDA:115,28,1,715
BRDA:118,29,0,666
BRDA:118,29,1,19
BRDA:118,30,0,685
BRDA:118,30,1,685
BRDA:122,31,0,1
BRDA:122,31,1,16
BRDA:125,32,0,16
BRDA:125,32,1,0
BRDA:131,33,0,2
BRDA:131,33,1,19
BRDA:131,34,0,21
BRDA:131,34,1,21
BRDA:134,35,0,19
BRDA:134,35,1,0
BRDA:139,36,0,7
BRDA:139,36,1,15
BRDA:140,37,0,7
BRDA:140,37,1,3
BRDA:147,38,0,0
BRDA:147,38,1,3
BRDA:164,39,0,0
BRDA:164,39,1,1
BRDA:165,40,0,0
BRDA:165,40,1,0
BRDA:168,41,0,0
BRDA:168,41,1,0
BRDA:171,42,0,0
BRDA:171,42,1,0
BRDA:185,43,0,1
BRDA:185,43,1,0
BRDA:195,44,0,2
BRDA:195,44,1,142
BRDA:203,45,0,2
BRDA:203,45,1,2
BRDA:206,46,0,2
BRDA:206,46,1,0
BRDA:206,47,0,2
BRDA:206,47,1,2
BRDA:211,48,0,16
BRDA:211,48,1,16
BRDA:215,49,0,0
BRDA:215,49,1,16
BRDA:216,50,0,0
BRDA:216,50,1,16
BRDA:229,51,0,0
BRDA:229,51,1,2
BRDA:238,52,0,142
BRDA:238,52,1,21
BRDA:238,52,2,21
BRDA:244,53,0,21
BRDA:244,53,1,63
BRDA:246,54,0,21
BRDA:246,54,1,63
BRDA:262,55,0,0
BRDA:262,55,1,142
BRDA:262,56,0,142
BRDA:262,56,1,142
BRDA:262,57,0,21
BRDA:262,57,1,121
BRDA:262,58,0,0
BRDA:262,58,1,21
BRDA:262,59,0,21
BRDA:262,59,1,21
BRDA:263,60,0,0
BRDA:263,60,1,669
BRDA:263,61,0,669
BRDA:263,61,1,669
BRDA:264,62,0,669
BRDA:264,62,1,669
BRDA:268,63,0,669
BRDA:268,63,1,133
BRDA:272,64,0,21
BRDA:272,64,1,648
BRDA:273,65,0,21
BRDA:273,65,1,648
BRDA:276,66,0,669
BRDA:276,66,1,112
BRDA:276,66,2,2
BRDA:284,67,0,142
BRDA:284,67,1,18
BRDA:284,67,2,18
BRDA:287,68,0,0
BRDA:287,68,1,18
BRDA:326,69,0,0
BRDA:326,69,1,18
BRDA:338,70,0,21
BRDA:338,70,1,121
BRF:139
BRH:117
end_of_record
TN:
SF:src\components\organisms\ManagementTable.tsx
FN:36,(anonymous_8)
FN:51,(anonymous_9)
FN:65,(anonymous_10)
FN:65,(anonymous_11)
FN:92,(anonymous_12)
FN:116,(anonymous_13)
FN:125,(anonymous_14)
FN:134,(anonymous_15)
FN:148,(anonymous_16)
FN:158,(anonymous_17)
FN:169,(anonymous_18)
FN:180,(anonymous_19)
FN:190,(anonymous_20)
FN:200,(anonymous_21)
FNF:14
FNH:14
FNDA:8,(anonymous_8)
FNDA:3,(anonymous_9)
FNDA:1,(anonymous_10)
FNDA:1,(anonymous_11)
FNDA:16,(anonymous_12)
FNDA:11,(anonymous_13)
FNDA:22,(anonymous_14)
FNDA:1,(anonymous_15)
FNDA:1,(anonymous_16)
FNDA:1,(anonymous_17)
FNDA:1,(anonymous_18)
FNDA:1,(anonymous_19)
FNDA:1,(anonymous_20)
FNDA:1,(anonymous_21)
DA:3,1
DA:4,1
DA:5,1
DA:6,1
DA:7,1
DA:26,1
DA:31,1
DA:36,1
DA:51,8
DA:53,3
DA:54,3
DA:55,3
DA:56,3
DA:57,3
DA:65,8
DA:66,1
DA:75,1
DA:76,1
DA:80,8
DA:93,16
DA:117,11
DA:126,22
DA:134,1
DA:148,1
DA:158,1
DA:169,1
DA:180,1
DA:190,1
DA:200,1
DA:219,1
LF:30
LH:30
BRDA:46,0,0,8
BRDA:47,1,0,8
BRDA:53,2,0,3
BRDA:53,2,1,1
BRDA:54,3,0,2
BRDA:54,3,1,1
BRDA:55,4,0,2
BRDA:55,4,1,1
BRDA:56,5,0,2
BRDA:56,5,1,1
BRDA:59,6,0,2
BRDA:59,6,1,1
BRDA:75,7,0,1
BRDA:75,7,1,0
BRDA:75,8,0,1
BRDA:75,8,1,1
BRDA:97,9,0,8
BRDA:97,9,1,3
BRDA:100,10,0,8
BRDA:100,10,1,7
BRDA:100,10,2,7
BRDA:100,10,3,6
BRDA:100,10,4,6
BRDA:100,10,5,2
BRDA:106,11,0,1
BRDA:106,11,1,7
BRDA:109,12,0,0
BRDA:109,12,1,1
BRDA:109,13,0,0
BRDA:109,13,1,1
BRDA:109,14,0,1
BRDA:109,14,1,1
BRDA:109,14,2,1
BRDA:109,14,3,1
BRDA:109,14,4,1
BRDA:127,15,0,0
BRDA:127,15,1,22
BRDA:130,16,0,11
BRDA:130,16,1,3
BRDA:141,17,0,11
BRDA:141,17,1,9
BRDA:141,17,2,9
BRDA:141,17,3,8
BRDA:141,17,4,8
BRDA:141,17,5,3
BRDA:144,18,0,3
BRDA:144,18,1,1
BRDA:154,19,0,3
BRDA:154,19,1,2
BRDA:165,20,0,3
BRDA:165,20,1,2
BRDA:176,21,0,3
BRDA:176,21,1,1
BRDA:186,22,0,3
BRDA:186,22,1,1
BRDA:196,23,0,3
BRDA:196,23,1,1
BRF:57
BRH:53
end_of_record
TN:
SF:src\components\stores\AuthStore.ts
FN:21,(anonymous_8)
FN:27,(anonymous_9)
FN:34,(anonymous_10)
FN:38,(anonymous_11)
FN:39,(anonymous_12)
FN:61,(anonymous_13)
FN:61,(anonymous_14)
FN:75,(anonymous_15)
FNF:8
FNH:4
FNDA:3,(anonymous_8)
FNDA:0,(anonymous_9)
FNDA:0,(anonymous_10)
FNDA:0,(anonymous_11)
FNDA:0,(anonymous_12)
FNDA:4,(anonymous_13)
FNDA:4,(anonymous_14)
FNDA:1,(anonymous_15)
DA:1,3
DA:2,3
DA:4,3
DA:5,3
DA:6,3
DA:7,3
DA:9,3
DA:21,3
DA:22,3
DA:23,3
DA:26,3
DA:28,0
DA:29,0
DA:30,0
DA:32,0
DA:34,0
DA:37,3
DA:38,0
DA:40,0
DA:41,0
DA:42,0
DA:43,0
DA:44,0
DA:45,0
DA:47,0
DA:52,3
DA:53,1
DA:54,1
DA:58,3
DA:61,4
DA:62,4
DA:63,4
DA:64,2
DA:65,2
DA:66,2
DA:67,2
DA:68,2
DA:69,2
DA:70,2
DA:72,2
DA:76,1
DA:77,1
DA:78,1
DA:79,1
DA:80,1
LF:45
LH:32
BRDA:29,0,0,0
BRDA:29,0,1,0
BRDA:40,1,0,0
BRDA:40,1,1,0
BRDA:40,2,0,0
BRDA:40,2,1,0
BRDA:52,3,0,1
BRDA:52,3,1,2
BRDA:52,4,0,3
BRDA:52,4,1,1
BRDA:53,5,0,1
BRDA:53,5,1,0
BRF:12
BRH:5
end_of_record
TN:
SF:src\components\stores\FaqStore.ts
FN:42,(anonymous_8)
FN:50,(anonymous_9)
FN:50,(anonymous_10)
FN:83,(anonymous_11)
FN:83,(anonymous_12)
FN:115,(anonymous_13)
FN:115,(anonymous_14)
FN:119,(anonymous_15)
FN:120,(anonymous_16)
FN:131,(anonymous_17)
FN:131,(anonymous_18)
FN:135,(anonymous_19)
FN:136,(anonymous_20)
FN:147,(anonymous_21)
FN:147,(anonymous_22)
FN:161,(anonymous_23)
FN:161,(anonymous_24)
FN:171,(anonymous_25)
FN:183,(anonymous_26)
FN:183,(anonymous_27)
FN:193,(anonymous_28)
FN:194,(anonymous_29)
FN:205,(anonymous_30)
FN:205,(anonymous_31)
FN:209,(anonymous_32)
FN:210,(anonymous_33)
FN:221,(anonymous_34)
FN:221,(anonymous_35)
FN:226,(anonymous_36)
FN:227,(anonymous_37)
FNF:30
FNH:30
FNDA:1,(anonymous_8)
FNDA:2,(anonymous_9)
FNDA:2,(anonymous_10)
FNDA:2,(anonymous_11)
FNDA:2,(anonymous_12)
FNDA:2,(anonymous_13)
FNDA:2,(anonymous_14)
FNDA:1,(anonymous_15)
FNDA:1,(anonymous_16)
FNDA:2,(anonymous_17)
FNDA:2,(anonymous_18)
FNDA:1,(anonymous_19)
FNDA:1,(anonymous_20)
FNDA:2,(anonymous_21)
FNDA:2,(anonymous_22)
FNDA:1,(anonymous_23)
FNDA:1,(anonymous_24)
FNDA:1,(anonymous_25)
FNDA:1,(anonymous_26)
FNDA:1,(anonymous_27)
FNDA:1,(anonymous_28)
FNDA:1,(anonymous_29)
FNDA:1,(anonymous_30)
FNDA:1,(anonymous_31)
FNDA:1,(anonymous_32)
FNDA:1,(anonymous_33)
FNDA:2,(anonymous_34)
FNDA:2,(anonymous_35)
FNDA:1,(anonymous_36)
FNDA:1,(anonymous_37)
DA:1,1
DA:2,1
DA:4,1
DA:6,1
DA:8,1
DA:9,1
DA:10,0
DA:42,1
DA:50,2
DA:51,2
DA:52,2
DA:54,2
DA:56,2
DA:57,1
DA:61,1
DA:74,1
DA:75,1
DA:76,1
DA:83,2
DA:84,2
DA:85,2
DA:87,2
DA:89,2
DA:90,1
DA:94,1
DA:107,1
DA:108,1
DA:109,1
DA:115,2
DA:116,2
DA:117,2
DA:118,2
DA:119,1
DA:120,1
DA:125,1
DA:126,1
DA:127,1
DA:131,2
DA:132,2
DA:133,2
DA:134,2
DA:135,1
DA:136,1
DA:141,1
DA:142,1
DA:143,1
DA:147,2
DA:148,2
DA:149,2
DA:150,2
DA:151,1
DA:152,1
DA:153,1
DA:155,1
DA:156,1
DA:157,1
DA:161,1
DA:162,1
DA:163,1
DA:165,1
DA:169,1
DA:170,1
DA:171,1
DA:177,0
DA:178,0
DA:179,0
DA:183,1
DA:184,1
DA:185,1
DA:187,1
DA:191,1
DA:192,1
DA:193,1
DA:194,1
DA:199,0
DA:200,0
DA:201,0
DA:205,1
DA:206,1
DA:207,1
DA:208,1
DA:209,1
DA:210,1
DA:215,0
DA:216,0
DA:217,0
DA:221,2
DA:222,2
DA:223,2
DA:224,2
DA:225,1
DA:226,1
DA:228,1
DA:229,1
DA:234,0
DA:240,1
DA:241,1
DA:242,1
LF:98
LH:87
BRDA:9,0,0,0
BRDA:9,0,1,1
BRDA:50,1,0,0
BRDA:50,2,0,0
BRDA:50,3,0,0
BRDA:54,4,0,0
BRDA:54,4,1,2
BRDA:55,5,0,0
BRDA:55,5,1,2
BRDA:56,6,0,0
BRDA:56,6,1,2
BRDA:62,7,0,1
BRDA:62,7,1,0
BRDA:64,8,0,1
BRDA:64,8,1,0
BRDA:64,9,0,1
BRDA:64,9,1,1
BRDA:64,10,0,0
BRDA:64,10,1,1
BRDA:64,11,0,1
BRDA:64,11,1,1
BRDA:65,12,0,1
BRDA:65,12,1,0
BRDA:65,13,0,1
BRDA:65,13,1,1
BRDA:65,14,0,0
BRDA:65,14,1,1
BRDA:65,15,0,1
BRDA:65,15,1,1
BRDA:66,16,0,1
BRDA:66,16,1,0
BRDA:66,17,0,1
BRDA:66,17,1,1
BRDA:66,18,0,0
BRDA:66,18,1,1
BRDA:66,19,0,1
BRDA:66,19,1,1
BRDA:69,20,0,1
BRDA:69,20,1,0
BRDA:69,21,0,1
BRDA:69,21,1,1
BRDA:69,22,0,0
BRDA:69,22,1,1
BRDA:69,23,0,1
BRDA:69,23,1,1
BRDA:74,24,0,1
BRDA:74,24,1,1
BRDA:74,24,2,0
BRDA:74,25,0,1
BRDA:74,25,1,0
BRDA:74,26,0,1
BRDA:74,26,1,1
BRDA:74,27,0,1
BRDA:74,27,1,0
BRDA:74,28,0,1
BRDA:74,28,1,1
BRDA:74,29,0,0
BRDA:74,29,1,1
BRDA:74,30,0,1
BRDA:74,30,1,1
BRDA:74,31,0,0
BRDA:74,31,1,1
BRDA:74,32,0,1
BRDA:74,32,1,1
BRDA:83,33,0,0
BRDA:83,34,0,0
BRDA:83,35,0,0
BRDA:87,36,0,0
BRDA:87,36,1,2
BRDA:88,37,0,2
BRDA:88,37,1,0
BRDA:89,38,0,2
BRDA:89,38,1,0
BRDA:95,39,0,1
BRDA:95,39,1,0
BRDA:97,40,0,1
BRDA:97,40,1,0
BRDA:97,41,0,1
BRDA:97,41,1,1
BRDA:97,42,0,0
BRDA:97,42,1,1
BRDA:97,43,0,1
BRDA:97,43,1,1
BRDA:98,44,0,1
BRDA:98,44,1,0
BRDA:98,45,0,1
BRDA:98,45,1,1
BRDA:98,46,0,0
BRDA:98,46,1,1
BRDA:98,47,0,1
BRDA:98,47,1,1
BRDA:99,48,0,1
BRDA:99,48,1,0
BRDA:99,49,0,1
BRDA:99,49,1,1
BRDA:99,50,0,0
BRDA:99,50,1,1
BRDA:99,51,0,1
BRDA:99,51,1,1
BRDA:102,52,0,1
BRDA:102,52,1,0
BRDA:102,53,0,1
BRDA:102,53,1,1
BRDA:102,54,0,0
BRDA:102,54,1,1
BRDA:102,55,0,1
BRDA:102,55,1,1
BRDA:107,56,0,1
BRDA:107,56,1,1
BRDA:107,56,2,0
BRDA:107,57,0,1
BRDA:107,57,1,0
BRDA:107,58,0,1
BRDA:107,58,1,1
BRDA:107,59,0,1
BRDA:107,59,1,0
BRDA:107,60,0,1
BRDA:107,60,1,1
BRDA:107,61,0,0
BRDA:107,61,1,1
BRDA:107,62,0,1
BRDA:107,62,1,1
BRDA:107,63,0,0
BRDA:107,63,1,1
BRDA:107,64,0,1
BRDA:107,64,1,1
BRDA:125,65,0,1
BRDA:125,65,1,1
BRDA:125,65,2,0
BRDA:125,66,0,1
BRDA:125,66,1,0
BRDA:125,67,0,1
BRDA:125,67,1,1
BRDA:125,68,0,1
BRDA:125,68,1,0
BRDA:125,69,0,1
BRDA:125,69,1,1
BRDA:125,70,0,0
BRDA:125,70,1,1
BRDA:125,71,0,1
BRDA:125,71,1,1
BRDA:125,72,0,0
BRDA:125,72,1,1
BRDA:125,73,0,1
BRDA:125,73,1,1
BRDA:141,74,0,1
BRDA:141,74,1,1
BRDA:141,74,2,0
BRDA:141,75,0,1
BRDA:141,75,1,0
BRDA:141,76,0,1
BRDA:141,76,1,1
BRDA:141,77,0,1
BRDA:141,77,1,0
BRDA:141,78,0,1
BRDA:141,78,1,1
BRDA:141,79,0,0
BRDA:141,79,1,1
BRDA:141,80,0,1
BRDA:141,80,1,1
BRDA:141,81,0,0
BRDA:141,81,1,1
BRDA:141,82,0,1
BRDA:141,82,1,1
BRDA:155,83,0,1
BRDA:155,83,1,1
BRDA:155,83,2,0
BRDA:155,84,0,1
BRDA:155,84,1,0
BRDA:155,85,0,1
BRDA:155,85,1,1
BRDA:155,86,0,1
BRDA:155,86,1,0
BRDA:155,87,0,1
BRDA:155,87,1,1
BRDA:155,88,0,0
BRDA:155,88,1,1
BRDA:155,89,0,1
BRDA:155,89,1,1
BRDA:155,90,0,0
BRDA:155,90,1,1
BRDA:155,91,0,1
BRDA:155,91,1,1
BRDA:167,92,0,1
BRDA:167,92,1,0
BRDA:167,93,0,0
BRDA:167,93,1,0
BRDA:177,94,0,0
BRDA:177,94,1,0
BRDA:177,94,2,0
BRDA:177,95,0,0
BRDA:177,95,1,0
BRDA:177,96,0,0
BRDA:177,96,1,0
BRDA:177,97,0,0
BRDA:177,97,1,0
BRDA:177,98,0,0
BRDA:177,98,1,0
BRDA:177,99,0,0
BRDA:177,99,1,0
BRDA:177,100,0,0
BRDA:177,100,1,0
BRDA:177,101,0,0
BRDA:177,101,1,0
BRDA:177,102,0,0
BRDA:177,102,1,0
BRDA:189,103,0,0
BRDA:189,103,1,1
BRDA:189,104,0,1
BRDA:189,104,1,0
BRDA:194,105,0,1
BRDA:194,105,1,0
BRDA:199,106,0,0
BRDA:199,106,1,0
BRDA:199,106,2,0
BRDA:199,107,0,0
BRDA:199,107,1,0
BRDA:199,108,0,0
BRDA:199,108,1,0
BRDA:199,109,0,0
BRDA:199,109,1,0
BRDA:199,110,0,0
BRDA:199,110,1,0
BRDA:199,111,0,0
BRDA:199,111,1,0
BRDA:199,112,0,0
BRDA:199,112,1,0
BRDA:199,113,0,0
BRDA:199,113,1,0
BRDA:199,114,0,0
BRDA:199,114,1,0
BRDA:215,115,0,0
BRDA:215,115,1,0
BRDA:215,115,2,0
BRDA:215,116,0,0
BRDA:215,116,1,0
BRDA:215,117,0,0
BRDA:215,117,1,0
BRDA:215,118,0,0
BRDA:215,118,1,0
BRDA:215,119,0,0
BRDA:215,119,1,0
BRDA:215,120,0,0
BRDA:215,120,1,0
BRDA:215,121,0,0
BRDA:215,121,1,0
BRDA:215,122,0,0
BRDA:215,122,1,0
BRDA:215,123,0,0
BRDA:215,123,1,0
BRDA:228,124,0,1
BRDA:228,124,1,0
BRDA:240,125,0,1
BRDA:240,125,1,1
BRDA:240,125,2,0
BRDA:240,126,0,1
BRDA:240,126,1,0
BRDA:240,127,0,1
BRDA:240,127,1,1
BRDA:240,128,0,1
BRDA:240,128,1,0
BRDA:240,129,0,1
BRDA:240,129,1,1
BRDA:240,130,0,0
BRDA:240,130,1,1
BRDA:240,131,0,1
BRDA:240,131,1,1
BRDA:240,132,0,0
BRDA:240,132,1,1
BRDA:240,133,0,1
BRDA:240,133,1,1
BRF:271
BRH:146
end_of_record
TN:
SF:src\components\stores\bannerStore.ts
FN:14,(anonymous_8)
FN:19,(anonymous_9)
FN:19,(anonymous_10)
FN:32,(anonymous_11)
FN:32,(anonymous_12)
FNF:5
FNH:5
FNDA:2,(anonymous_8)
FNDA:2,(anonymous_9)
FNDA:2,(anonymous_10)
FNDA:3,(anonymous_11)
FNDA:3,(anonymous_12)
DA:1,2
DA:2,2
DA:3,2
DA:14,2
DA:19,2
DA:20,2
DA:21,2
DA:22,2
DA:23,1
DA:24,1
DA:26,1
DA:27,1
DA:28,1
DA:32,3
DA:33,3
DA:34,3
DA:35,3
DA:36,3
DA:38,3
DA:39,1
DA:42,3
DA:43,2
DA:44,2
DA:46,1
DA:47,1
DA:48,1
LF:26
LH:26
BRDA:26,0,0,1
BRDA:26,0,1,0
BRDA:26,0,2,0
BRDA:26,1,0,0
BRDA:26,1,1,1
BRDA:26,2,0,1
BRDA:26,2,1,1
BRDA:26,3,0,0
BRDA:26,3,1,1
BRDA:26,4,0,1
BRDA:26,4,1,1
BRDA:26,5,0,0
BRDA:26,5,1,1
BRDA:26,6,0,1
BRDA:26,6,1,1
BRDA:26,7,0,0
BRDA:26,7,1,0
BRDA:26,8,0,0
BRDA:26,8,1,0
BRDA:38,9,0,1
BRDA:38,9,1,2
BRDA:46,10,0,1
BRDA:46,10,1,0
BRDA:46,10,2,0
BRDA:46,11,0,0
BRDA:46,11,1,1
BRDA:46,12,0,1
BRDA:46,12,1,1
BRDA:46,13,0,0
BRDA:46,13,1,1
BRDA:46,14,0,1
BRDA:46,14,1,1
BRDA:46,15,0,0
BRDA:46,15,1,1
BRDA:46,16,0,1
BRDA:46,16,1,1
BRDA:46,17,0,0
BRDA:46,17,1,0
BRDA:46,18,0,0
BRDA:46,18,1,0
BRF:40
BRH:22
end_of_record
TN:
SF:src\components\stores\configStore.ts
FN:41,(anonymous_8)
FN:49,(anonymous_9)
FN:49,(anonymous_10)
FN:79,(anonymous_11)
FN:79,(anonymous_12)
FN:93,(anonymous_13)
FN:93,(anonymous_14)
FN:103,(anonymous_15)
FN:120,(anonymous_16)
FN:120,(anonymous_17)
FN:130,(anonymous_18)
FN:131,(anonymous_19)
FN:142,(anonymous_20)
FN:142,(anonymous_21)
FN:146,(anonymous_22)
FN:147,(anonymous_23)
FN:158,(anonymous_24)
FN:158,(anonymous_25)
FN:163,(anonymous_26)
FN:164,(anonymous_27)
FN:183,(anonymous_28)
FN:183,(anonymous_29)
FN:187,(anonymous_30)
FN:188,(anonymous_31)
FN:199,(anonymous_32)
FN:199,(anonymous_33)
FN:203,(anonymous_34)
FN:204,(anonymous_35)
FN:215,(anonymous_36)
FN:215,(anonymous_37)
FNF:30
FNH:30
FNDA:4,(anonymous_8)
FNDA:2,(anonymous_9)
FNDA:2,(anonymous_10)
FNDA:1,(anonymous_11)
FNDA:1,(anonymous_12)
FNDA:1,(anonymous_13)
FNDA:1,(anonymous_14)
FNDA:1,(anonymous_15)
FNDA:2,(anonymous_16)
FNDA:2,(anonymous_17)
FNDA:1,(anonymous_18)
FNDA:1,(anonymous_19)
FNDA:2,(anonymous_20)
FNDA:2,(anonymous_21)
FNDA:1,(anonymous_22)
FNDA:1,(anonymous_23)
FNDA:2,(anonymous_24)
FNDA:2,(anonymous_25)
FNDA:1,(anonymous_26)
FNDA:1,(anonymous_27)
FNDA:2,(anonymous_28)
FNDA:2,(anonymous_29)
FNDA:1,(anonymous_30)
FNDA:1,(anonymous_31)
FNDA:2,(anonymous_32)
FNDA:2,(anonymous_33)
FNDA:1,(anonymous_34)
FNDA:1,(anonymous_35)
FNDA:2,(anonymous_36)
FNDA:2,(anonymous_37)
DA:1,4
DA:2,4
DA:3,0
DA:6,4
DA:7,4
DA:9,4
DA:11,4
DA:41,4
DA:49,2
DA:50,2
DA:51,2
DA:53,2
DA:55,2
DA:56,1
DA:60,1
DA:73,1
DA:74,1
DA:75,1
DA:79,1
DA:80,1
DA:81,1
DA:82,1
DA:83,1
DA:84,1
DA:85,1
DA:87,0
DA:88,0
DA:89,0
DA:93,1
DA:94,1
DA:95,1
DA:96,1
DA:101,1
DA:102,1
DA:103,1
DA:114,0
DA:115,0
DA:116,0
DA:120,2
DA:121,2
DA:122,2
DA:123,2
DA:128,2
DA:129,1
DA:130,1
DA:131,1
DA:136,1
DA:137,1
DA:138,1
DA:142,2
DA:143,2
DA:144,2
DA:145,2
DA:146,1
DA:147,1
DA:152,1
DA:153,1
DA:154,1
DA:158,2
DA:159,2
DA:160,2
DA:161,2
DA:162,1
DA:163,1
DA:165,1
DA:166,1
DA:171,0
DA:177,1
DA:178,1
DA:179,1
DA:183,2
DA:184,2
DA:185,2
DA:186,2
DA:187,1
DA:188,1
DA:193,1
DA:194,1
DA:195,1
DA:199,2
DA:200,2
DA:201,2
DA:202,2
DA:203,1
DA:204,1
DA:209,1
DA:210,1
DA:211,1
DA:215,2
DA:216,2
DA:217,2
DA:219,2
DA:221,2
DA:222,1
DA:226,1
DA:239,1
DA:240,1
DA:241,1
LF:98
LH:90
BRDA:2,0,0,0
BRDA:2,0,1,4
BRDA:49,1,0,2
BRDA:49,2,0,2
BRDA:49,3,0,2
BRDA:53,4,0,0
BRDA:53,4,1,2
BRDA:54,5,0,0
BRDA:54,5,1,2
BRDA:55,6,0,0
BRDA:55,6,1,2
BRDA:61,7,0,1
BRDA:61,7,1,0
BRDA:63,8,0,1
BRDA:63,8,1,0
BRDA:63,9,0,1
BRDA:63,9,1,1
BRDA:63,10,0,0
BRDA:63,10,1,1
BRDA:63,11,0,1
BRDA:63,11,1,1
BRDA:64,12,0,1
BRDA:64,12,1,0
BRDA:64,13,0,1
BRDA:64,13,1,1
BRDA:64,14,0,0
BRDA:64,14,1,1
BRDA:64,15,0,1
BRDA:64,15,1,1
BRDA:65,16,0,1
BRDA:65,16,1,0
BRDA:65,17,0,1
BRDA:65,17,1,1
BRDA:65,18,0,0
BRDA:65,18,1,1
BRDA:65,19,0,1
BRDA:65,19,1,1
BRDA:68,20,0,1
BRDA:68,20,1,0
BRDA:68,21,0,1
BRDA:68,21,1,1
BRDA:68,22,0,0
BRDA:68,22,1,1
BRDA:68,23,0,1
BRDA:68,23,1,1
BRDA:73,24,0,1
BRDA:73,24,1,1
BRDA:73,24,2,0
BRDA:73,25,0,1
BRDA:73,25,1,0
BRDA:73,26,0,1
BRDA:73,26,1,1
BRDA:73,27,0,1
BRDA:73,27,1,0
BRDA:73,28,0,1
BRDA:73,28,1,1
BRDA:73,29,0,0
BRDA:73,29,1,1
BRDA:73,30,0,1
BRDA:73,30,1,1
BRDA:73,31,0,0
BRDA:73,31,1,1
BRDA:73,32,0,1
BRDA:73,32,1,1
BRDA:87,33,0,0
BRDA:87,33,1,0
BRDA:87,33,2,0
BRDA:87,34,0,0
BRDA:87,34,1,0
BRDA:87,35,0,0
BRDA:87,35,1,0
BRDA:87,36,0,0
BRDA:87,36,1,0
BRDA:87,37,0,0
BRDA:87,37,1,0
BRDA:87,38,0,0
BRDA:87,38,1,0
BRDA:87,39,0,0
BRDA:87,39,1,0
BRDA:87,40,0,0
BRDA:87,40,1,0
BRDA:87,41,0,0
BRDA:87,41,1,0
BRDA:98,42,0,1
BRDA:98,42,1,0
BRDA:98,43,0,0
BRDA:98,43,1,0
BRDA:98,44,0,0
BRDA:98,44,1,0
BRDA:99,45,0,1
BRDA:99,45,1,0
BRDA:108,46,0,1
BRDA:108,46,1,0
BRDA:114,47,0,0
BRDA:114,47,1,0
BRDA:114,47,2,0
BRDA:114,48,0,0
BRDA:114,48,1,0
BRDA:114,49,0,0
BRDA:114,49,1,0
BRDA:114,50,0,0
BRDA:114,50,1,0
BRDA:114,51,0,0
BRDA:114,51,1,0
BRDA:114,52,0,0
BRDA:114,52,1,0
BRDA:114,53,0,0
BRDA:114,53,1,0
BRDA:114,54,0,0
BRDA:114,54,1,0
BRDA:114,55,0,0
BRDA:114,55,1,0
BRDA:125,56,0,1
BRDA:125,56,1,1
BRDA:125,57,0,0
BRDA:125,57,1,1
BRDA:126,58,0,2
BRDA:126,58,1,1
BRDA:131,59,0,1
BRDA:131,59,1,0
BRDA:136,60,0,1
BRDA:136,60,1,1
BRDA:136,60,2,0
BRDA:136,61,0,1
BRDA:136,61,1,0
BRDA:136,62,0,1
BRDA:136,62,1,1
BRDA:136,63,0,1
BRDA:136,63,1,0
BRDA:136,64,0,1
BRDA:136,64,1,1
BRDA:136,65,0,0
BRDA:136,65,1,1
BRDA:136,66,0,1
BRDA:136,66,1,1
BRDA:136,67,0,0
BRDA:136,67,1,1
BRDA:136,68,0,1
BRDA:136,68,1,1
BRDA:152,69,0,1
BRDA:152,69,1,1
BRDA:152,69,2,0
BRDA:152,70,0,1
BRDA:152,70,1,0
BRDA:152,71,0,1
BRDA:152,71,1,1
BRDA:152,72,0,1
BRDA:152,72,1,0
BRDA:152,73,0,1
BRDA:152,73,1,1
BRDA:152,74,0,0
BRDA:152,74,1,1
BRDA:152,75,0,1
BRDA:152,75,1,1
BRDA:152,76,0,0
BRDA:152,76,1,1
BRDA:152,77,0,1
BRDA:152,77,1,1
BRDA:165,78,0,1
BRDA:165,78,1,0
BRDA:177,79,0,1
BRDA:177,79,1,1
BRDA:177,79,2,0
BRDA:177,80,0,1
BRDA:177,80,1,0
BRDA:177,81,0,1
BRDA:177,81,1,1
BRDA:177,82,0,1
BRDA:177,82,1,0
BRDA:177,83,0,1
BRDA:177,83,1,1
BRDA:177,84,0,0
BRDA:177,84,1,1
BRDA:177,85,0,1
BRDA:177,85,1,1
BRDA:177,86,0,0
BRDA:177,86,1,1
BRDA:177,87,0,1
BRDA:177,87,1,1
BRDA:193,88,0,1
BRDA:193,88,1,1
BRDA:193,88,2,0
BRDA:193,89,0,1
BRDA:193,89,1,0
BRDA:193,90,0,1
BRDA:193,90,1,1
BRDA:193,91,0,1
BRDA:193,91,1,0
BRDA:193,92,0,1
BRDA:193,92,1,1
BRDA:193,93,0,0
BRDA:193,93,1,1
BRDA:193,94,0,1
BRDA:193,94,1,1
BRDA:193,95,0,0
BRDA:193,95,1,1
BRDA:193,96,0,1
BRDA:193,96,1,1
BRDA:209,97,0,1
BRDA:209,97,1,1
BRDA:209,97,2,0
BRDA:209,98,0,1
BRDA:209,98,1,0
BRDA:209,99,0,1
BRDA:209,99,1,1
BRDA:209,100,0,1
BRDA:209,100,1,0
BRDA:209,101,0,1
BRDA:209,101,1,1
BRDA:209,102,0,0
BRDA:209,102,1,1
BRDA:209,103,0,1
BRDA:209,103,1,1
BRDA:209,104,0,0
BRDA:209,104,1,1
BRDA:209,105,0,1
BRDA:209,105,1,1
BRDA:215,106,0,2
BRDA:215,107,0,2
BRDA:215,108,0,2
BRDA:219,109,0,0
BRDA:219,109,1,2
BRDA:220,110,0,0
BRDA:220,110,1,2
BRDA:221,111,0,0
BRDA:221,111,1,2
BRDA:227,112,0,1
BRDA:227,112,1,0
BRDA:229,113,0,1
BRDA:229,113,1,0
BRDA:229,114,0,1
BRDA:229,114,1,1
BRDA:229,115,0,0
BRDA:229,115,1,1
BRDA:229,116,0,1
BRDA:229,116,1,1
BRDA:230,117,0,1
BRDA:230,117,1,0
BRDA:230,118,0,1
BRDA:230,118,1,1
BRDA:230,119,0,0
BRDA:230,119,1,1
BRDA:230,120,0,1
BRDA:230,120,1,1
BRDA:231,121,0,1
BRDA:231,121,1,0
BRDA:231,122,0,1
BRDA:231,122,1,1
BRDA:231,123,0,0
BRDA:231,123,1,1
BRDA:231,124,0,1
BRDA:231,124,1,1
BRDA:234,125,0,1
BRDA:234,125,1,0
BRDA:234,126,0,1
BRDA:234,126,1,1
BRDA:234,127,0,0
BRDA:234,127,1,1
BRDA:234,128,0,1
BRDA:234,128,1,1
BRDA:239,129,0,1
BRDA:239,129,1,1
BRDA:239,129,2,0
BRDA:239,130,0,1
BRDA:239,130,1,0
BRDA:239,131,0,1
BRDA:239,131,1,1
BRDA:239,132,0,1
BRDA:239,132,1,0
BRDA:239,133,0,1
BRDA:239,133,1,1
BRDA:239,134,0,0
BRDA:239,134,1,1
BRDA:239,135,0,1
BRDA:239,135,1,1
BRDA:239,136,0,0
BRDA:239,136,1,1
BRDA:239,137,0,1
BRDA:239,137,1,1
BRF:279
BRH:171
end_of_record
TN:
SF:src\components\stores\settingsStore.ts
FN:18,(anonymous_8)
FN:23,(anonymous_9)
FN:23,(anonymous_10)
FN:36,(anonymous_11)
FN:36,(anonymous_12)
FNF:5
FNH:5
FNDA:2,(anonymous_8)
FNDA:2,(anonymous_9)
FNDA:2,(anonymous_10)
FNDA:3,(anonymous_11)
FNDA:3,(anonymous_12)
DA:2,2
DA:3,2
DA:4,2
DA:7,2
DA:18,2
DA:23,2
DA:24,2
DA:25,2
DA:26,2
DA:27,1
DA:28,1
DA:30,1
DA:31,1
DA:32,1
DA:36,3
DA:37,3
DA:38,3
DA:39,3
DA:40,3
DA:41,3
DA:42,1
DA:44,3
DA:45,2
DA:46,2
DA:48,1
DA:49,1
DA:50,1
LF:27
LH:27
BRDA:30,0,0,1
BRDA:30,0,1,0
BRDA:30,0,2,0
BRDA:30,1,0,0
BRDA:30,1,1,1
BRDA:30,2,0,1
BRDA:30,2,1,1
BRDA:30,3,0,0
BRDA:30,3,1,1
BRDA:30,4,0,1
BRDA:30,4,1,1
BRDA:30,5,0,0
BRDA:30,5,1,1
BRDA:30,6,0,1
BRDA:30,6,1,1
BRDA:30,7,0,0
BRDA:30,7,1,0
BRDA:30,8,0,0
BRDA:30,8,1,0
BRDA:41,9,0,1
BRDA:41,9,1,2
BRDA:48,10,0,1
BRDA:48,10,1,0
BRDA:48,10,2,0
BRDA:48,11,0,0
BRDA:48,11,1,1
BRDA:48,12,0,1
BRDA:48,12,1,1
BRDA:48,13,0,0
BRDA:48,13,1,1
BRDA:48,14,0,1
BRDA:48,14,1,1
BRDA:48,15,0,0
BRDA:48,15,1,1
BRDA:48,16,0,1
BRDA:48,16,1,1
BRDA:48,17,0,0
BRDA:48,17,1,0
BRDA:48,18,0,0
BRDA:48,18,1,0
BRF:40
BRH:22
end_of_record
TN:
SF:src\components\templates\auth\loginTemplate.tsx
FN:20,(anonymous_17)
FN:34,(anonymous_18)
FN:42,(anonymous_19)
FN:42,(anonymous_20)
FN:53,(anonymous_21)
FN:93,(anonymous_22)
FN:98,(anonymous_23)
FN:116,(anonymous_24)
FN:135,(anonymous_25)
FN:135,(anonymous_26)
FN:177,CustomCarousel
FN:183,(anonymous_28)
FN:184,(anonymous_29)
FN:187,(anonymous_30)
FN:188,(anonymous_31)
FN:192,(anonymous_32)
FN:195,(anonymous_33)
FN:199,(anonymous_34)
FN:238,(anonymous_35)
FN:242,(anonymous_36)
FNF:20
FNH:9
FNDA:10,(anonymous_17)
FNDA:3,(anonymous_18)
FNDA:2,(anonymous_19)
FNDA:2,(anonymous_20)
FNDA:0,(anonymous_21)
FNDA:20,(anonymous_22)
FNDA:0,(anonymous_23)
FNDA:0,(anonymous_24)
FNDA:0,(anonymous_25)
FNDA:0,(anonymous_26)
FNDA:10,CustomCarousel
FNDA:3,(anonymous_28)
FNDA:0,(anonymous_29)
FNDA:0,(anonymous_30)
FNDA:0,(anonymous_31)
FNDA:3,(anonymous_32)
FNDA:0,(anonymous_33)
FNDA:0,(anonymous_34)
FNDA:30,(anonymous_35)
FNDA:0,(anonymous_36)
DA:1,1
DA:2,1
DA:4,1
DA:5,1
DA:6,1
DA:7,1
DA:9,1
DA:10,1
DA:11,1
DA:12,1
DA:20,1
DA:21,10
DA:22,10
DA:23,10
DA:24,10
DA:26,10
DA:34,10
DA:35,3
DA:36,0
DA:40,10
DA:42,10
DA:43,2
DA:44,2
DA:51,2
DA:52,0
DA:53,0
DA:55,0
DA:56,0
DA:58,0
DA:59,0
DA:63,0
DA:65,0
DA:68,2
DA:69,2
DA:70,1
DA:71,1
DA:73,1
DA:74,1
DA:78,10
DA:93,20
DA:99,0
DA:100,0
DA:102,0
DA:106,0
DA:107,0
DA:108,0
DA:113,0
DA:117,0
DA:118,0
DA:120,0
DA:124,0
DA:125,0
DA:126,0
DA:131,0
DA:135,0
DA:157,1
DA:159,1
DA:178,10
DA:179,10
DA:180,10
DA:181,10
DA:183,10
DA:184,3
DA:185,0
DA:186,0
DA:187,0
DA:188,0
DA:189,0
DA:192,3
DA:195,10
DA:196,0
DA:197,0
DA:198,0
DA:199,0
DA:200,0
DA:201,0
DA:205,10
DA:207,10
DA:239,30
DA:242,0
LF:80
LH:44
BRDA:35,0,0,0
BRDA:35,0,1,3
BRDA:35,1,0,3
BRDA:35,1,1,0
BRDA:35,1,2,0
BRDA:51,2,0,0
BRDA:51,2,1,2
BRDA:56,3,0,0
BRDA:56,3,1,0
BRDA:73,4,0,1
BRDA:73,4,1,0
BRDA:73,5,0,0
BRDA:73,5,1,1
BRDA:73,6,0,1
BRDA:73,6,1,1
BRDA:73,7,0,0
BRDA:73,7,1,1
BRDA:73,8,0,1
BRDA:73,8,1,1
BRDA:73,9,0,0
BRDA:73,9,1,1
BRDA:73,10,0,1
BRDA:73,10,1,1
BRDA:93,11,0,10
BRDA:93,11,1,10
BRDA:93,12,0,0
BRDA:93,12,1,10
BRDA:106,13,0,0
BRDA:106,13,1,0
BRDA:124,14,0,0
BRDA:124,14,1,0
BRDA:196,15,0,0
BRDA:196,15,1,0
BRDA:197,16,0,0
BRDA:197,16,1,0
BRDA:210,17,0,0
BRDA:210,17,1,10
BRDA:210,18,0,0
BRDA:210,18,1,0
BRDA:224,19,0,0
BRDA:224,19,1,10
BRDA:224,20,0,10
BRDA:224,20,1,0
BRDA:241,21,0,10
BRDA:241,21,1,20
BRF:45
BRH:21
end_of_record
TN:
SF:src\components\templates\banner\AboutBannerTemplate.tsx
FN:77,(anonymous_8)
FN:83,(anonymous_9)
FN:83,(anonymous_10)
FN:87,(anonymous_11)
FN:93,(anonymous_12)
FN:104,(anonymous_13)
FN:105,(anonymous_14)
FN:106,(anonymous_15)
FN:107,(anonymous_16)
FN:109,(anonymous_17)
FN:113,(anonymous_18)
FN:121,(anonymous_19)
FN:128,(anonymous_20)
FN:146,(anonymous_21)
FN:154,(anonymous_22)
FN:165,(anonymous_23)
FN:165,(anonymous_24)
FN:183,(anonymous_25)
FN:192,(anonymous_26)
FN:215,(anonymous_27)
FN:224,(anonymous_28)
FN:248,(anonymous_29)
FN:264,(anonymous_30)
FNF:23
FNH:15
FNDA:22,(anonymous_8)
FNDA:40,(anonymous_9)
FNDA:0,(anonymous_10)
FNDA:0,(anonymous_11)
FNDA:0,(anonymous_12)
FNDA:22,(anonymous_13)
FNDA:22,(anonymous_14)
FNDA:22,(anonymous_15)
FNDA:22,(anonymous_16)
FNDA:5,(anonymous_17)
FNDA:5,(anonymous_18)
FNDA:4,(anonymous_19)
FNDA:4,(anonymous_20)
FNDA:0,(anonymous_21)
FNDA:0,(anonymous_22)
FNDA:3,(anonymous_23)
FNDA:3,(anonymous_24)
FNDA:2,(anonymous_25)
FNDA:0,(anonymous_26)
FNDA:1,(anonymous_27)
FNDA:0,(anonymous_28)
FNDA:0,(anonymous_29)
FNDA:1,(anonymous_30)
DA:1,1
DA:2,1
DA:3,1
DA:4,1
DA:5,1
DA:6,1
DA:7,1
DA:46,1
DA:77,1
DA:78,22
DA:79,22
DA:80,22
DA:83,40
DA:84,0
DA:86,0
DA:87,0
DA:88,0
DA:91,0
DA:92,0
DA:93,0
DA:94,0
DA:95,0
DA:96,0
DA:97,0
DA:98,0
DA:101,0
DA:104,22
DA:105,22
DA:106,22
DA:107,22
DA:109,22
DA:110,5
DA:113,22
DA:114,5
DA:115,4
DA:116,4
DA:117,4
DA:118,4
DA:120,4
DA:122,4
DA:127,4
DA:129,4
DA:134,4
DA:146,0
DA:154,0
DA:161,4
DA:165,22
DA:166,3
DA:167,3
DA:168,3
DA:169,3
DA:170,3
DA:172,3
DA:173,2
DA:174,2
DA:175,2
DA:176,0
DA:177,2
DA:178,2
DA:180,2
DA:181,2
DA:182,2
DA:183,2
DA:184,2
DA:185,2
DA:186,2
DA:188,0
DA:189,0
DA:192,2
DA:193,0
DA:195,2
DA:196,2
DA:199,2
DA:200,0
DA:202,2
DA:203,1
DA:204,1
DA:205,1
DA:206,1
DA:207,1
DA:208,0
DA:209,1
DA:210,1
DA:212,1
DA:213,1
DA:214,1
DA:215,1
DA:216,1
DA:217,1
DA:218,1
DA:220,0
DA:221,0
DA:224,1
DA:225,0
DA:227,1
DA:228,1
DA:231,1
DA:232,0
DA:234,1
DA:235,1
DA:236,0
DA:237,0
DA:238,0
DA:239,0
DA:240,0
DA:242,0
DA:243,0
DA:244,0
DA:245,0
DA:248,0
DA:255,0
DA:256,0
DA:257,0
DA:260,1
DA:264,22
DA:265,1
DA:267,1
DA:270,22
DA:271,2
DA:281,20
DA:314,1
LF:121
LH:83
BRDA:84,0,0,0
BRDA:84,0,1,0
BRDA:86,1,0,0
BRDA:86,1,1,0
BRDA:86,2,0,0
BRDA:86,2,1,0
BRDA:86,3,0,0
BRDA:86,3,1,0
BRDA:87,4,0,0
BRDA:87,4,1,0
BRDA:94,5,0,0
BRDA:94,5,1,0
BRDA:95,6,0,0
BRDA:95,6,1,0
BRDA:96,7,0,0
BRDA:96,7,1,0
BRDA:98,8,0,0
BRDA:98,8,1,0
BRDA:114,9,0,4
BRDA:114,9,1,1
BRDA:114,10,0,5
BRDA:114,10,1,4
BRDA:115,11,0,4
BRDA:115,11,1,0
BRDA:116,12,0,4
BRDA:116,12,1,0
BRDA:117,13,0,4
BRDA:117,13,1,4
BRDA:118,14,0,4
BRDA:118,14,1,4
BRDA:120,15,0,4
BRDA:120,15,1,0
BRDA:122,16,0,0
BRDA:122,16,1,4
BRDA:127,17,0,4
BRDA:127,17,1,0
BRDA:129,18,0,0
BRDA:129,18,1,4
BRDA:135,19,0,4
BRDA:135,19,1,0
BRDA:136,20,0,4
BRDA:136,20,1,0
BRDA:137,21,0,4
BRDA:137,21,1,0
BRDA:139,22,0,4
BRDA:139,22,1,0
BRDA:140,23,0,4
BRDA:140,23,1,0
BRDA:141,24,0,4
BRDA:141,24,1,0
BRDA:143,25,0,4
BRDA:143,25,1,4
BRDA:144,26,0,4
BRDA:144,26,1,4
BRDA:145,27,0,0
BRDA:145,27,1,4
BRDA:147,28,0,0
BRDA:147,28,1,0
BRDA:148,29,0,0
BRDA:148,29,1,0
BRDA:149,30,0,0
BRDA:149,30,1,0
BRDA:152,31,0,4
BRDA:152,31,1,4
BRDA:153,32,0,0
BRDA:153,32,1,4
BRDA:155,33,0,0
BRDA:155,33,1,0
BRDA:156,34,0,0
BRDA:156,34,1,0
BRDA:157,35,0,0
BRDA:157,35,1,0
BRDA:169,36,0,3
BRDA:169,36,1,3
BRDA:170,37,0,3
BRDA:170,37,1,3
BRDA:172,38,0,2
BRDA:172,38,1,1
BRDA:173,39,0,2
BRDA:173,39,1,0
BRDA:174,40,0,2
BRDA:174,40,1,0
BRDA:175,41,0,0
BRDA:175,41,1,2
BRDA:177,42,0,2
BRDA:177,42,1,0
BRDA:177,43,0,2
BRDA:177,43,1,2
BRDA:180,44,0,2
BRDA:180,44,1,0
BRDA:184,45,0,2
BRDA:184,45,1,0
BRDA:184,46,0,2
BRDA:184,46,1,2
BRDA:184,46,2,2
BRDA:184,46,3,2
BRDA:185,47,0,2
BRDA:185,47,1,0
BRDA:188,48,0,0
BRDA:188,48,1,0
BRDA:195,49,0,2
BRDA:195,49,1,0
BRDA:199,50,0,0
BRDA:199,50,1,2
BRDA:204,51,0,1
BRDA:204,51,1,0
BRDA:205,52,0,1
BRDA:205,52,1,0
BRDA:206,53,0,1
BRDA:206,53,1,0
BRDA:207,54,0,0
BRDA:207,54,1,1
BRDA:209,55,0,1
BRDA:209,55,1,0
BRDA:209,56,0,1
BRDA:209,56,1,1
BRDA:212,57,0,1
BRDA:212,57,1,0
BRDA:216,58,0,1
BRDA:216,58,1,0
BRDA:216,59,0,1
BRDA:216,59,1,1
BRDA:216,59,2,1
BRDA:216,59,3,1
BRDA:217,60,0,1
BRDA:217,60,1,0
BRDA:220,61,0,0
BRDA:220,61,1,0
BRDA:227,62,0,1
BRDA:227,62,1,0
BRDA:231,63,0,0
BRDA:231,63,1,1
BRDA:236,64,0,0
BRDA:236,64,1,0
BRDA:237,65,0,0
BRDA:237,65,1,0
BRDA:238,66,0,0
BRDA:238,66,1,0
BRDA:239,67,0,0
BRDA:239,67,1,0
BRDA:244,68,0,0
BRDA:244,68,1,0
BRDA:246,69,0,0
BRDA:246,69,1,0
BRDA:247,70,0,0
BRDA:247,70,1,0
BRDA:249,71,0,0
BRDA:249,71,1,0
BRDA:250,72,0,0
BRDA:250,72,1,0
BRDA:251,73,0,0
BRDA:251,73,1,0
BRDA:260,74,0,1
BRDA:260,74,1,0
BRDA:260,75,0,0
BRDA:260,75,1,1
BRDA:260,76,0,1
BRDA:260,76,1,1
BRDA:270,77,0,2
BRDA:270,77,1,20
BRDA:270,78,0,22
BRDA:270,78,1,2
BRDA:293,79,0,20
BRDA:293,79,1,14
BRDA:299,80,0,20
BRDA:299,80,1,0
BRDA:299,81,0,20
BRDA:299,81,1,20
BRDA:299,82,0,0
BRDA:299,82,1,20
BRDA:299,83,0,20
BRDA:299,83,1,20
BRDA:299,84,0,0
BRDA:299,84,1,20
BRDA:299,85,0,20
BRDA:299,85,1,20
BRDA:299,86,0,0
BRDA:299,86,1,20
BRDA:299,87,0,20
BRDA:299,87,1,20
BRDA:300,88,0,20
BRDA:300,88,1,0
BRDA:300,89,0,20
BRDA:300,89,1,20
BRDA:300,90,0,0
BRDA:300,90,1,20
BRDA:300,91,0,20
BRDA:300,91,1,20
BRDA:300,92,0,0
BRDA:300,92,1,20
BRDA:300,93,0,20
BRDA:300,93,1,20
BRDA:300,94,0,0
BRDA:300,94,1,20
BRDA:300,95,0,20
BRDA:300,95,1,20
BRDA:301,96,0,20
BRDA:301,96,1,0
BRDA:301,97,0,20
BRDA:301,97,1,20
BRDA:301,98,0,0
BRDA:301,98,1,20
BRDA:301,99,0,20
BRDA:301,99,1,20
BRDA:301,100,0,0
BRDA:301,100,1,20
BRDA:301,101,0,20
BRDA:301,101,1,20
BRDA:301,102,0,0
BRDA:301,102,1,20
BRDA:301,103,0,20
BRDA:301,103,1,20
BRDA:302,104,0,20
BRDA:302,104,1,0
BRDA:302,105,0,20
BRDA:302,105,1,20
BRDA:302,106,0,0
BRDA:302,106,1,20
BRDA:302,107,0,20
BRDA:302,107,1,20
BRDA:302,108,0,0
BRDA:302,108,1,20
BRDA:302,109,0,20
BRDA:302,109,1,20
BRDA:302,110,0,0
BRDA:302,110,1,20
BRDA:302,111,0,20
BRDA:302,111,1,20
BRF:228
BRH:123
end_of_record
TN:
SF:src\components\templates\banner\HomeBannerTemplate.tsx
FN:11,(anonymous_8)
FN:14,(anonymous_9)
FN:15,(anonymous_10)
FN:16,(anonymous_11)
FN:17,(anonymous_12)
FN:65,(anonymous_13)
FN:69,(anonymous_14)
FN:78,(anonymous_15)
FN:81,(anonymous_16)
FN:121,(anonymous_17)
FN:158,(anonymous_18)
FN:165,(anonymous_19)
FN:180,(anonymous_20)
FN:180,(anonymous_21)
FN:183,(anonymous_22)
FN:184,(anonymous_23)
FN:187,(anonymous_24)
FN:191,(anonymous_25)
FN:238,(anonymous_26)
FN:285,(anonymous_27)
FN:285,(anonymous_28)
FN:287,(anonymous_29)
FNF:22
FNH:18
FNDA:17,(anonymous_8)
FNDA:17,(anonymous_9)
FNDA:17,(anonymous_10)
FNDA:17,(anonymous_11)
FNDA:17,(anonymous_12)
FNDA:13,(anonymous_13)
FNDA:13,(anonymous_14)
FNDA:10,(anonymous_15)
FNDA:10,(anonymous_16)
FNDA:128,(anonymous_17)
FNDA:0,(anonymous_18)
FNDA:0,(anonymous_19)
FNDA:8,(anonymous_20)
FNDA:8,(anonymous_21)
FNDA:16,(anonymous_22)
FNDA:128,(anonymous_23)
FNDA:128,(anonymous_24)
FNDA:77,(anonymous_25)
FNDA:0,(anonymous_26)
FNDA:32,(anonymous_27)
FNDA:256,(anonymous_28)
FNDA:0,(anonymous_29)
DA:1,1
DA:2,1
DA:3,1
DA:4,1
DA:5,1
DA:6,1
DA:7,1
DA:9,1
DA:11,1
DA:12,17
DA:14,17
DA:15,17
DA:16,17
DA:17,17
DA:41,17
DA:63,17
DA:65,17
DA:66,13
DA:69,17
DA:71,13
DA:73,10
DA:74,10
DA:77,10
DA:78,10
DA:81,10
DA:84,10
DA:104,10
DA:118,17
DA:121,17
DA:122,128
DA:123,128
DA:124,128
DA:126,32
DA:127,0
DA:130,32
DA:131,32
DA:132,24
DA:133,8
DA:134,8
DA:137,32
DA:138,0
DA:141,32
DA:142,0
DA:145,96
DA:148,128
DA:149,0
DA:151,128
DA:152,0
DA:154,128
DA:155,0
DA:157,128
DA:158,0
DA:159,0
DA:161,128
DA:165,17
DA:166,0
DA:168,0
DA:169,0
DA:170,0
DA:172,0
DA:173,0
DA:174,0
DA:176,0
DA:180,17
DA:181,8
DA:183,16
DA:184,8
DA:185,128
DA:186,128
DA:187,128
DA:189,8
DA:191,8
DA:192,77
DA:193,77
DA:196,8
DA:197,8
DA:200,0
DA:201,0
DA:202,0
DA:204,0
DA:205,0
DA:206,0
DA:207,0
DA:208,0
DA:209,0
DA:210,0
DA:211,0
DA:213,0
DA:214,0
DA:215,0
DA:216,0
DA:218,0
DA:219,0
DA:220,0
DA:221,0
DA:223,0
DA:224,0
DA:225,0
DA:226,0
DA:228,0
DA:229,0
DA:230,0
DA:232,0
DA:233,0
DA:234,0
DA:235,0
DA:237,0
DA:238,0
DA:239,0
DA:241,0
DA:244,0
DA:245,0
DA:246,0
DA:247,0
DA:249,0
DA:250,0
DA:253,0
DA:258,17
DA:260,17
DA:262,16
DA:285,256
DA:287,0
DA:296,1
LF:123
LH:65
BRDA:71,0,0,10
BRDA:71,0,1,3
BRDA:71,1,0,13
BRDA:71,1,1,11
BRDA:77,2,0,10
BRDA:77,2,1,0
BRDA:77,3,0,0
BRDA:77,3,1,10
BRDA:77,4,0,10
BRDA:77,4,1,10
BRDA:79,5,0,10
BRDA:79,5,1,0
BRDA:79,6,0,0
BRDA:79,6,1,10
BRDA:79,7,0,10
BRDA:79,7,1,10
BRDA:80,8,0,10
BRDA:80,8,1,0
BRDA:80,9,0,0
BRDA:80,9,1,10
BRDA:80,10,0,10
BRDA:80,10,1,10
BRDA:81,11,0,10
BRDA:81,11,1,0
BRDA:85,12,0,10
BRDA:85,12,1,0
BRDA:85,13,0,0
BRDA:85,13,1,10
BRDA:85,14,0,10
BRDA:85,14,1,10
BRDA:86,15,0,10
BRDA:86,15,1,0
BRDA:86,16,0,0
BRDA:86,16,1,10
BRDA:86,17,0,10
BRDA:86,17,1,10
BRDA:87,18,0,10
BRDA:87,18,1,0
BRDA:87,19,0,0
BRDA:87,19,1,10
BRDA:87,20,0,10
BRDA:87,20,1,10
BRDA:88,21,0,10
BRDA:88,21,1,0
BRDA:88,22,0,0
BRDA:88,22,1,10
BRDA:88,23,0,10
BRDA:88,23,1,10
BRDA:89,24,0,10
BRDA:89,24,1,0
BRDA:89,25,0,0
BRDA:89,25,1,10
BRDA:89,26,0,10
BRDA:89,26,1,10
BRDA:90,27,0,10
BRDA:90,27,1,0
BRDA:90,28,0,0
BRDA:90,28,1,10
BRDA:90,29,0,10
BRDA:90,29,1,10
BRDA:91,30,0,10
BRDA:91,30,1,0
BRDA:91,31,0,0
BRDA:91,31,1,10
BRDA:91,32,0,10
BRDA:91,32,1,10
BRDA:92,33,0,10
BRDA:92,33,1,0
BRDA:92,34,0,0
BRDA:92,34,1,10
BRDA:92,35,0,10
BRDA:92,35,1,10
BRDA:93,36,0,10
BRDA:93,36,1,0
BRDA:93,37,0,0
BRDA:93,37,1,10
BRDA:93,38,0,10
BRDA:93,38,1,10
BRDA:94,39,0,10
BRDA:94,39,1,0
BRDA:94,40,0,0
BRDA:94,40,1,10
BRDA:94,41,0,10
BRDA:94,41,1,10
BRDA:95,42,0,10
BRDA:95,42,1,0
BRDA:95,43,0,0
BRDA:95,43,1,10
BRDA:95,44,0,10
BRDA:95,44,1,10
BRDA:96,45,0,10
BRDA:96,45,1,0
BRDA:96,46,0,0
BRDA:96,46,1,10
BRDA:96,47,0,10
BRDA:96,47,1,10
BRDA:97,48,0,10
BRDA:97,48,1,0
BRDA:97,49,0,0
BRDA:97,49,1,10
BRDA:97,50,0,10
BRDA:97,50,1,10
BRDA:98,51,0,10
BRDA:98,51,1,0
BRDA:98,52,0,0
BRDA:98,52,1,10
BRDA:98,53,0,10
BRDA:98,53,1,10
BRDA:99,54,0,10
BRDA:99,54,1,0
BRDA:99,55,0,0
BRDA:99,55,1,10
BRDA:99,56,0,10
BRDA:99,56,1,10
BRDA:100,57,0,10
BRDA:100,57,1,0
BRDA:100,58,0,0
BRDA:100,58,1,10
BRDA:100,59,0,10
BRDA:100,59,1,10
BRDA:123,60,0,128
BRDA:123,60,1,0
BRDA:124,61,0,32
BRDA:124,61,1,96
BRDA:126,62,0,0
BRDA:126,62,1,32
BRDA:131,63,0,24
BRDA:131,63,1,8
BRDA:132,64,0,24
BRDA:132,64,1,0
BRDA:132,65,0,0
BRDA:132,65,1,24
BRDA:132,66,0,24
BRDA:132,66,1,24
BRDA:132,67,0,0
BRDA:132,67,1,24
BRDA:132,68,0,24
BRDA:132,68,1,24
BRDA:133,69,0,8
BRDA:133,69,1,0
BRDA:134,70,0,8
BRDA:134,70,1,0
BRDA:134,71,0,0
BRDA:134,71,1,8
BRDA:134,72,0,8
BRDA:134,72,1,8
BRDA:134,73,0,0
BRDA:134,73,1,8
BRDA:134,74,0,8
BRDA:134,74,1,8
BRDA:137,75,0,0
BRDA:137,75,1,32
BRDA:137,76,0,32
BRDA:137,76,1,26
BRDA:141,77,0,0
BRDA:141,77,1,32
BRDA:141,78,0,32
BRDA:141,78,1,32
BRDA:141,78,2,32
BRDA:148,79,0,0
BRDA:148,79,1,128
BRDA:148,80,0,128
BRDA:148,80,1,51
BRDA:151,81,0,0
BRDA:151,81,1,128
BRDA:151,82,0,128
BRDA:151,82,1,51
BRDA:154,83,0,0
BRDA:154,83,1,128
BRDA:154,84,0,128
BRDA:154,84,1,51
BRDA:157,85,0,0
BRDA:157,85,1,128
BRDA:157,86,0,128
BRDA:157,86,1,51
BRDA:168,87,0,0
BRDA:168,87,1,0
BRDA:168,88,0,0
BRDA:168,88,1,0
BRDA:173,89,0,0
BRDA:173,89,1,0
BRDA:189,90,0,8
BRDA:189,90,1,0
BRDA:192,91,0,77
BRDA:192,91,1,0
BRDA:202,92,0,0
BRDA:202,92,1,0
BRDA:204,93,0,0
BRDA:204,93,1,0
BRDA:205,94,0,0
BRDA:205,94,1,0
BRDA:206,95,0,0
BRDA:206,95,1,0
BRDA:207,96,0,0
BRDA:207,96,1,0
BRDA:208,97,0,0
BRDA:208,97,1,0
BRDA:209,98,0,0
BRDA:209,98,1,0
BRDA:210,99,0,0
BRDA:210,99,1,0
BRDA:211,100,0,0
BRDA:211,100,1,0
BRDA:213,101,0,0
BRDA:213,101,1,0
BRDA:215,102,0,0
BRDA:215,102,1,0
BRDA:215,103,0,0
BRDA:215,103,1,0
BRDA:218,104,0,0
BRDA:218,104,1,0
BRDA:220,105,0,0
BRDA:220,105,1,0
BRDA:220,106,0,0
BRDA:220,106,1,0
BRDA:223,107,0,0
BRDA:223,107,1,0
BRDA:225,108,0,0
BRDA:225,108,1,0
BRDA:225,109,0,0
BRDA:225,109,1,0
BRDA:230,110,0,0
BRDA:230,110,1,0
BRDA:232,111,0,0
BRDA:232,111,1,0
BRDA:233,112,0,0
BRDA:233,112,1,0
BRDA:234,113,0,0
BRDA:234,113,1,0
BRDA:235,114,0,0
BRDA:235,114,1,0
BRDA:237,115,0,0
BRDA:237,115,1,0
BRDA:239,116,0,0
BRDA:239,116,1,0
BRDA:239,116,2,0
BRDA:239,117,0,0
BRDA:239,117,1,0
BRDA:239,118,0,0
BRDA:239,118,1,0
BRDA:239,119,0,0
BRDA:239,119,1,0
BRDA:239,120,0,0
BRDA:239,120,1,0
BRDA:244,121,0,0
BRDA:244,121,1,0
BRDA:246,122,0,0
BRDA:246,122,1,0
BRDA:246,123,0,0
BRDA:246,123,1,0
BRDA:253,124,0,0
BRDA:253,124,1,0
BRDA:253,125,0,0
BRDA:253,125,1,0
BRDA:253,126,0,0
BRDA:253,126,1,0
BRDA:260,127,0,1
BRDA:260,127,1,16
BRDA:260,128,0,17
BRDA:260,128,1,1
BRDA:273,129,0,16
BRDA:273,129,1,16
BRDA:279,130,0,14
BRDA:279,130,1,2
BRDA:279,131,0,16
BRDA:279,131,1,16
BRDA:279,132,0,2
BRDA:279,132,1,14
BRDA:279,133,0,16
BRDA:279,133,1,16
BRDA:279,134,0,2
BRDA:279,134,1,14
BRDA:279,135,0,16
BRDA:279,135,1,16
BRDA:279,136,0,1
BRDA:279,136,1,15
BRDA:279,137,0,16
BRDA:279,137,1,15
BRDA:280,138,0,14
BRDA:280,138,1,2
BRDA:280,139,0,16
BRDA:280,139,1,16
BRDA:280,140,0,2
BRDA:280,140,1,14
BRDA:280,141,0,16
BRDA:280,141,1,16
BRDA:280,142,0,2
BRDA:280,142,1,14
BRDA:280,143,0,16
BRDA:280,143,1,16
BRDA:280,144,0,1
BRDA:280,144,1,15
BRDA:280,145,0,16
BRDA:280,145,1,15
BRDA:281,146,0,14
BRDA:281,146,1,2
BRDA:281,147,0,16
BRDA:281,147,1,16
BRDA:281,148,0,2
BRDA:281,148,1,14
BRDA:281,149,0,16
BRDA:281,149,1,16
BRDA:281,150,0,2
BRDA:281,150,1,14
BRDA:281,151,0,16
BRDA:281,151,1,16
BRDA:281,152,0,1
BRDA:281,152,1,15
BRDA:281,153,0,16
BRDA:281,153,1,15
BRDA:282,154,0,14
BRDA:282,154,1,2
BRDA:282,155,0,16
BRDA:282,155,1,16
BRDA:282,156,0,2
BRDA:282,156,1,14
BRDA:282,157,0,16
BRDA:282,157,1,16
BRDA:282,158,0,2
BRDA:282,158,1,14
BRDA:282,159,0,16
BRDA:282,159,1,16
BRDA:282,160,0,1
BRDA:282,160,1,15
BRDA:282,161,0,16
BRDA:282,161,1,15
BRF:326
BRH:193
end_of_record
TN:
SF:src\components\templates\config\ConfigFormTemplate.tsx
FN:21,(anonymous_8)
FN:22,(anonymous_9)
FN:27,(anonymous_10)
FN:50,(anonymous_11)
FN:65,(anonymous_12)
FN:66,(anonymous_13)
FN:66,(anonymous_14)
FN:92,(anonymous_15)
FN:92,(anonymous_16)
FN:117,(anonymous_17)
FN:117,(anonymous_18)
FN:122,(anonymous_19)
FN:125,(anonymous_20)
FN:159,(anonymous_21)
FN:173,(anonymous_22)
FN:174,(anonymous_23)
FNF:16
FNH:15
FNDA:22,(anonymous_8)
FNDA:22,(anonymous_9)
FNDA:16,(anonymous_10)
FNDA:32,(anonymous_11)
FNDA:3,(anonymous_12)
FNDA:3,(anonymous_13)
FNDA:3,(anonymous_14)
FNDA:33,(anonymous_15)
FNDA:4,(anonymous_16)
FNDA:2,(anonymous_17)
FNDA:2,(anonymous_18)
FNDA:2,(anonymous_19)
FNDA:2,(anonymous_20)
FNDA:0,(anonymous_21)
FNDA:11,(anonymous_22)
FNDA:22,(anonymous_23)
DA:1,1
DA:2,1
DA:3,1
DA:4,1
DA:5,1
DA:6,1
DA:7,1
DA:8,1
DA:9,1
DA:10,1
DA:11,1
DA:21,1
DA:22,22
DA:23,22
DA:27,1
DA:28,16
DA:29,16
DA:30,16
DA:31,16
DA:33,16
DA:43,16
DA:46,16
DA:50,16
DA:51,32
DA:52,20
DA:54,12
DA:55,6
DA:56,6
DA:62,6
DA:65,16
DA:66,3
DA:67,3
DA:68,2
DA:69,2
DA:70,1
DA:71,1
DA:80,1
DA:82,1
DA:83,1
DA:86,1
DA:89,3
DA:92,33
DA:93,4
DA:94,4
DA:95,0
DA:98,4
DA:99,1
DA:100,1
DA:102,4
DA:108,4
DA:109,4
DA:110,0
DA:112,4
DA:114,4
DA:117,16
DA:118,2
DA:122,2
DA:125,2
DA:128,2
DA:129,0
DA:130,0
DA:133,2
DA:134,2
DA:135,1
DA:136,1
DA:143,1
DA:144,1
DA:151,2
DA:153,0
DA:154,0
DA:155,0
DA:156,0
DA:158,0
DA:159,0
DA:160,0
DA:162,0
DA:163,0
DA:164,0
DA:165,0
DA:167,0
DA:168,0
DA:173,16
DA:174,11
DA:175,22
DA:176,22
DA:180,16
DA:182,11
DA:216,1
LF:88
LH:71
BRDA:23,0,0,0
BRDA:23,0,1,22
BRDA:23,1,0,22
BRDA:23,1,1,22
BRDA:51,2,0,20
BRDA:51,2,1,12
BRDA:51,3,0,32
BRDA:51,3,1,20
BRDA:51,3,2,10
BRDA:54,4,0,6
BRDA:54,4,1,6
BRDA:67,5,0,2
BRDA:67,5,1,1
BRDA:70,6,0,1
BRDA:70,6,1,0
BRDA:74,7,0,1
BRDA:74,7,1,0
BRDA:75,8,0,1
BRDA:75,8,1,0
BRDA:75,9,0,1
BRDA:75,9,1,1
BRDA:94,10,0,0
BRDA:94,10,1,4
BRDA:94,11,0,4
BRDA:94,11,1,0
BRDA:98,12,0,1
BRDA:98,12,1,3
BRDA:98,13,0,4
BRDA:98,13,1,2
BRDA:104,14,0,4
BRDA:104,14,1,0
BRDA:104,15,0,4
BRDA:104,15,1,4
BRDA:109,16,0,0
BRDA:109,16,1,4
BRDA:125,17,0,2
BRDA:125,17,1,1
BRDA:128,18,0,0
BRDA:128,18,1,2
BRDA:128,19,0,2
BRDA:128,19,1,1
BRDA:134,20,0,1
BRDA:134,20,1,1
BRDA:153,21,0,0
BRDA:153,21,1,0
BRDA:153,22,0,0
BRDA:153,22,1,0
BRDA:153,23,0,0
BRDA:153,23,1,0
BRDA:153,24,0,0
BRDA:153,24,1,0
BRDA:153,25,0,0
BRDA:153,25,1,0
BRDA:154,26,0,0
BRDA:154,26,1,0
BRDA:154,27,0,0
BRDA:154,27,1,0
BRDA:154,28,0,0
BRDA:154,28,1,0
BRDA:154,29,0,0
BRDA:154,29,1,0
BRDA:154,30,0,0
BRDA:154,30,1,0
BRDA:154,31,0,0
BRDA:154,31,1,0
BRDA:154,32,0,0
BRDA:154,32,1,0
BRDA:154,33,0,0
BRDA:154,33,1,0
BRDA:158,34,0,0
BRDA:158,34,1,0
BRDA:158,35,0,0
BRDA:158,35,1,0
BRDA:162,36,0,0
BRDA:162,36,1,0
BRDA:164,37,0,0
BRDA:164,37,1,0
BRDA:164,38,0,0
BRDA:164,38,1,0
BRDA:164,39,0,0
BRDA:164,39,1,0
BRDA:167,40,0,0
BRDA:167,40,1,0
BRDA:176,41,0,22
BRDA:176,41,1,0
BRDA:176,42,0,22
BRDA:176,42,1,22
BRDA:180,43,0,5
BRDA:180,43,1,11
BRDA:187,44,0,6
BRDA:187,44,1,5
BRDA:192,45,0,6
BRDA:192,45,1,5
BRDA:206,46,0,11
BRDA:206,46,1,0
BRF:95
BRH:44
end_of_record
TN:
SF:src\components\templates\config\ConfigListTemplate.tsx
FN:24,(anonymous_8)
FN:42,(anonymous_9)
FN:49,(anonymous_10)
FN:53,(anonymous_11)
FN:57,(anonymous_12)
FN:61,(anonymous_13)
FN:93,(anonymous_14)
FN:93,(anonymous_15)
FN:102,(anonymous_16)
FN:102,(anonymous_17)
FN:125,(anonymous_18)
FN:130,(anonymous_19)
FN:135,(anonymous_20)
FN:151,(anonymous_21)
FN:161,(anonymous_22)
FN:162,(anonymous_23)
FNF:16
FNH:11
FNDA:5,(anonymous_8)
FNDA:5,(anonymous_9)
FNDA:5,(anonymous_10)
FNDA:5,(anonymous_11)
FNDA:0,(anonymous_12)
FNDA:8,(anonymous_13)
FNDA:1,(anonymous_14)
FNDA:1,(anonymous_15)
FNDA:1,(anonymous_16)
FNDA:1,(anonymous_17)
FNDA:0,(anonymous_18)
FNDA:0,(anonymous_19)
FNDA:0,(anonymous_20)
FNDA:0,(anonymous_21)
FNDA:1,(anonymous_22)
FNDA:1,(anonymous_23)
DA:1,1
DA:2,1
DA:3,1
DA:4,1
DA:6,1
DA:7,1
DA:8,1
DA:9,1
DA:11,1
DA:13,1
DA:24,1
DA:25,5
DA:35,5
DA:37,5
DA:38,5
DA:39,5
DA:40,5
DA:42,5
DA:43,5
DA:44,5
DA:45,5
DA:47,5
DA:49,5
DA:50,5
DA:53,5
DA:54,5
DA:57,5
DA:58,0
DA:61,5
DA:62,8
DA:66,5
DA:93,5
DA:94,1
DA:102,1
DA:103,1
DA:104,1
DA:106,1
DA:107,1
DA:108,1
DA:110,1
DA:111,0
DA:113,1
DA:116,1
DA:121,5
DA:125,0
DA:130,0
DA:135,0
DA:139,5
DA:141,4
DA:152,0
DA:153,0
DA:161,1
DA:162,1
DA:182,1
LF:54
LH:47
BRDA:43,0,0,0
BRDA:43,0,1,5
BRDA:44,1,0,0
BRDA:44,1,1,5
BRDA:54,2,0,0
BRDA:54,2,1,5
BRDA:62,3,0,8
BRDA:62,3,1,0
BRDA:103,4,0,1
BRDA:103,4,1,0
BRDA:110,5,0,0
BRDA:110,5,1,1
BRDA:110,6,0,1
BRDA:110,6,1,0
BRDA:111,7,0,0
BRDA:111,7,1,0
BRDA:135,8,0,0
BRDA:135,8,1,0
BRDA:139,9,0,1
BRDA:139,9,1,4
BRDA:169,10,0,4
BRDA:169,10,1,0
BRF:22
BRH:10
end_of_record
TN:
SF:src\components\templates\faq\FaqFormTemplate.tsx
FN:20,(anonymous_8)
FN:21,(anonymous_9)
FN:26,(anonymous_10)
FN:44,(anonymous_11)
FN:44,(anonymous_12)
FN:75,(anonymous_13)
FN:77,(anonymous_14)
FN:77,(anonymous_15)
FN:95,(anonymous_16)
FN:95,(anonymous_17)
FN:123,(anonymous_18)
FN:163,(anonymous_19)
FN:177,(anonymous_20)
FN:178,(anonymous_21)
FNF:14
FNH:13
FNDA:94,(anonymous_8)
FNDA:94,(anonymous_9)
FNDA:49,(anonymous_10)
FNDA:147,(anonymous_11)
FNDA:17,(anonymous_12)
FNDA:10,(anonymous_13)
FNDA:2,(anonymous_14)
FNDA:2,(anonymous_15)
FNDA:6,(anonymous_16)
FNDA:6,(anonymous_17)
FNDA:0,(anonymous_18)
FNDA:1,(anonymous_19)
FNDA:49,(anonymous_20)
FNDA:94,(anonymous_21)
DA:2,1
DA:3,1
DA:4,1
DA:5,1
DA:6,1
DA:7,1
DA:8,1
DA:9,1
DA:10,1
DA:11,1
DA:20,1
DA:21,94
DA:22,94
DA:26,1
DA:27,49
DA:28,49
DA:29,49
DA:30,49
DA:32,49
DA:42,49
DA:44,147
DA:45,17
DA:46,17
DA:47,0
DA:48,17
DA:49,3
DA:53,17
DA:56,17
DA:57,14
DA:59,17
DA:60,3
DA:63,17
DA:64,17
DA:65,1
DA:70,16
DA:72,17
DA:75,49
DA:76,10
DA:77,2
DA:78,2
DA:79,2
DA:80,1
DA:86,1
DA:88,1
DA:91,2
DA:95,49
DA:96,6
DA:98,6
DA:106,6
DA:122,6
DA:123,0
DA:124,0
DA:125,0
DA:132,0
DA:136,6
DA:137,6
DA:138,1
DA:139,1
DA:146,5
DA:147,1
DA:154,2
DA:157,4
DA:158,4
DA:159,1
DA:160,1
DA:162,3
DA:163,1
DA:164,1
DA:166,2
DA:167,1
DA:168,1
DA:169,1
DA:171,0
DA:172,0
DA:177,49
DA:178,49
DA:179,94
DA:180,94
DA:184,49
DA:215,1
LF:80
LH:73
BRDA:22,0,0,4
BRDA:22,0,1,90
BRDA:22,1,0,94
BRDA:22,1,1,94
BRDA:46,2,0,0
BRDA:46,2,1,17
BRDA:46,3,0,17
BRDA:46,3,1,0
BRDA:48,4,0,3
BRDA:48,4,1,14
BRDA:56,5,0,14
BRDA:56,5,1,3
BRDA:56,6,0,17
BRDA:56,6,1,14
BRDA:59,7,0,3
BRDA:59,7,1,14
BRDA:59,8,0,17
BRDA:59,8,1,3
BRDA:64,9,0,1
BRDA:64,9,1,16
BRDA:76,10,0,2
BRDA:76,10,1,8
BRDA:76,11,0,10
BRDA:76,11,1,3
BRDA:79,12,0,1
BRDA:79,12,1,1
BRDA:81,13,0,1
BRDA:81,13,1,0
BRDA:82,14,0,1
BRDA:82,14,1,0
BRDA:83,15,0,1
BRDA:83,15,1,0
BRDA:84,16,0,1
BRDA:84,16,1,0
BRDA:114,17,0,6
BRDA:114,17,1,0
BRDA:114,18,0,6
BRDA:114,18,1,0
BRDA:122,19,0,0
BRDA:122,19,1,6
BRDA:137,20,0,1
BRDA:137,20,1,5
BRDA:157,21,0,4
BRDA:157,21,1,2
BRDA:157,22,0,2
BRDA:157,22,1,2
BRDA:157,23,0,4
BRDA:157,23,1,4
BRDA:157,24,0,0
BRDA:157,24,1,4
BRDA:157,25,0,4
BRDA:157,25,1,4
BRDA:158,26,0,1
BRDA:158,26,1,3
BRDA:158,27,0,4
BRDA:158,27,1,1
BRDA:158,28,0,2
BRDA:158,28,1,2
BRDA:158,29,0,4
BRDA:158,29,1,4
BRDA:158,30,0,0
BRDA:158,30,1,4
BRDA:158,31,0,4
BRDA:158,31,1,4
BRDA:158,32,0,0
BRDA:158,32,1,1
BRDA:158,33,0,1
BRDA:158,33,1,1
BRDA:162,34,0,1
BRDA:162,34,1,2
BRDA:162,35,0,3
BRDA:162,35,1,1
BRDA:166,36,0,1
BRDA:166,36,1,1
BRDA:168,37,0,1
BRDA:168,37,1,0
BRDA:168,38,0,0
BRDA:168,38,1,1
BRDA:168,39,0,1
BRDA:168,39,1,1
BRDA:171,40,0,0
BRDA:171,40,1,0
BRDA:180,41,0,90
BRDA:180,41,1,4
BRDA:180,42,0,94
BRDA:180,42,1,94
BRDA:189,43,0,9
BRDA:189,43,1,40
BRDA:194,44,0,9
BRDA:194,44,1,40
BRDA:205,45,0,49
BRDA:205,45,1,4
BRF:92
BRH:76
end_of_record
TN:
SF:src\components\templates\faq\FaqListTemplate.tsx
FN:24,(anonymous_8)
FN:43,(anonymous_9)
FN:51,(anonymous_10)
FN:56,(anonymous_11)
FN:61,(anonymous_12)
FN:66,(anonymous_13)
FN:100,(anonymous_14)
FN:109,(anonymous_15)
FN:109,(anonymous_16)
FN:133,(anonymous_17)
FN:138,(anonymous_18)
FN:154,(anonymous_19)
FN:164,(anonymous_20)
FN:165,(anonymous_21)
FNF:14
FNH:10
FNDA:5,(anonymous_8)
FNDA:5,(anonymous_9)
FNDA:5,(anonymous_10)
FNDA:5,(anonymous_11)
FNDA:0,(anonymous_12)
FNDA:8,(anonymous_13)
FNDA:1,(anonymous_14)
FNDA:1,(anonymous_15)
FNDA:1,(anonymous_16)
FNDA:0,(anonymous_17)
FNDA:0,(anonymous_18)
FNDA:0,(anonymous_19)
FNDA:1,(anonymous_20)
FNDA:1,(anonymous_21)
DA:1,1
DA:2,1
DA:3,1
DA:4,1
DA:6,1
DA:7,1
DA:8,1
DA:9,1
DA:11,1
DA:13,1
DA:24,1
DA:25,5
DA:35,5
DA:37,5
DA:38,5
DA:39,5
DA:40,5
DA:43,5
DA:44,5
DA:45,5
DA:46,5
DA:48,5
DA:51,5
DA:52,5
DA:56,5
DA:57,5
DA:61,5
DA:62,0
DA:66,5
DA:67,8
DA:72,5
DA:100,5
DA:101,1
DA:109,1
DA:110,1
DA:111,1
DA:113,1
DA:114,1
DA:115,1
DA:118,1
DA:119,0
DA:121,1
DA:124,1
DA:129,5
DA:133,0
DA:138,0
DA:142,5
DA:144,4
DA:155,0
DA:156,0
DA:164,1
DA:165,1
DA:186,1
LF:53
LH:47
BRDA:44,0,0,0
BRDA:44,0,1,5
BRDA:45,1,0,0
BRDA:45,1,1,5
BRDA:57,2,0,0
BRDA:57,2,1,5
BRDA:67,3,0,8
BRDA:67,3,1,0
BRDA:110,4,0,1
BRDA:110,4,1,0
BRDA:118,5,0,0
BRDA:118,5,1,1
BRDA:118,6,0,1
BRDA:118,6,1,0
BRDA:119,7,0,0
BRDA:119,7,1,0
BRDA:142,8,0,1
BRDA:142,8,1,4
BRDA:173,9,0,4
BRDA:173,9,1,0
BRF:20
BRH:10
end_of_record
TN:
SF:src\components\templates\settings\ContactInfoTemplate.tsx
FN:14,(anonymous_8)
FN:18,(anonymous_9)
FN:19,(anonymous_10)
FN:20,(anonymous_11)
FN:21,(anonymous_12)
FN:23,(anonymous_13)
FN:27,(anonymous_14)
FN:34,(anonymous_15)
FN:62,(anonymous_16)
FN:70,(anonymous_17)
FN:80,(anonymous_18)
FN:80,(anonymous_19)
FN:83,(anonymous_20)
FN:86,(anonymous_21)
FN:90,(anonymous_22)
FN:121,(anonymous_23)
FN:123,(anonymous_24)
FNF:17
FNH:15
FNDA:12,(anonymous_8)
FNDA:12,(anonymous_9)
FNDA:12,(anonymous_10)
FNDA:12,(anonymous_11)
FNDA:12,(anonymous_12)
FNDA:3,(anonymous_13)
FNDA:3,(anonymous_14)
FNDA:10,(anonymous_15)
FNDA:0,(anonymous_16)
FNDA:2,(anonymous_17)
FNDA:2,(anonymous_18)
FNDA:2,(anonymous_19)
FNDA:8,(anonymous_20)
FNDA:8,(anonymous_21)
FNDA:0,(anonymous_22)
FNDA:48,(anonymous_23)
FNDA:2,(anonymous_24)
DA:1,1
DA:2,1
DA:3,1
DA:4,1
DA:5,1
DA:6,1
DA:7,1
DA:8,1
DA:14,1
DA:15,12
DA:16,12
DA:18,12
DA:19,12
DA:20,12
DA:21,12
DA:23,12
DA:24,3
DA:27,12
DA:28,3
DA:29,3
DA:34,12
DA:35,10
DA:36,10
DA:37,6
DA:38,0
DA:39,0
DA:41,0
DA:42,0
DA:44,0
DA:45,0
DA:46,0
DA:49,6
DA:52,10
DA:53,0
DA:55,10
DA:56,0
DA:58,10
DA:59,4
DA:61,10
DA:62,0
DA:63,0
DA:65,10
DA:69,12
DA:70,12
DA:71,2
DA:72,2
DA:73,2
DA:74,0
DA:76,2
DA:80,12
DA:81,2
DA:83,2
DA:84,8
DA:85,8
DA:86,8
DA:88,2
DA:90,0
DA:91,0
DA:92,0
DA:95,0
DA:96,0
DA:99,2
DA:100,2
DA:101,1
DA:103,1
DA:107,12
DA:121,48
DA:123,2
DA:132,1
LF:69
LH:52
BRDA:28,0,0,3
BRDA:28,0,1,0
BRDA:28,1,0,0
BRDA:28,1,1,3
BRDA:28,2,0,3
BRDA:28,2,1,3
BRDA:36,3,0,6
BRDA:36,3,1,4
BRDA:37,4,0,0
BRDA:37,4,1,6
BRDA:38,5,0,0
BRDA:38,5,1,0
BRDA:41,6,0,0
BRDA:41,6,1,0
BRDA:41,7,0,0
BRDA:41,7,1,0
BRDA:41,8,0,0
BRDA:41,8,1,0
BRDA:41,9,0,0
BRDA:41,9,1,0
BRDA:42,10,0,0
BRDA:42,10,1,0
BRDA:45,11,0,0
BRDA:45,11,1,0
BRDA:45,12,0,0
BRDA:45,12,1,0
BRDA:52,13,0,0
BRDA:52,13,1,10
BRDA:52,14,0,10
BRDA:52,14,1,10
BRDA:55,15,0,0
BRDA:55,15,1,10
BRDA:55,16,0,10
BRDA:55,16,1,10
BRDA:58,17,0,4
BRDA:58,17,1,6
BRDA:58,18,0,10
BRDA:58,18,1,10
BRDA:61,19,0,0
BRDA:61,19,1,10
BRDA:61,20,0,10
BRDA:61,20,1,10
BRDA:73,21,0,0
BRDA:73,21,1,2
BRDA:88,22,0,0
BRDA:88,22,1,2
BRDA:91,23,0,0
BRDA:91,23,1,0
BRDA:103,24,0,1
BRDA:103,24,1,0
BRDA:103,25,0,0
BRDA:103,25,1,1
BRDA:103,26,0,1
BRDA:103,26,1,1
BRDA:117,27,0,12
BRDA:117,27,1,10
BRF:56
BRH:28
end_of_record
TN:
SF:src\components\templates\settings\EmailConfigTemplate.tsx
FN:14,(anonymous_8)
FN:18,(anonymous_9)
FN:19,(anonymous_10)
FN:20,(anonymous_11)
FN:21,(anonymous_12)
FN:25,(anonymous_13)
FN:25,(anonymous_14)
FN:27,(anonymous_15)
FN:31,(anonymous_16)
FN:38,(anonymous_17)
FN:69,(anonymous_18)
FN:76,(anonymous_19)
FN:86,(anonymous_20)
FN:86,(anonymous_21)
FN:89,(anonymous_22)
FN:92,(anonymous_23)
FN:96,(anonymous_24)
FN:131,(anonymous_25)
FN:133,(anonymous_26)
FNF:19
FNH:15
FNDA:19,(anonymous_8)
FNDA:19,(anonymous_9)
FNDA:19,(anonymous_10)
FNDA:19,(anonymous_11)
FNDA:19,(anonymous_12)
FNDA:0,(anonymous_13)
FNDA:0,(anonymous_14)
FNDA:4,(anonymous_15)
FNDA:4,(anonymous_16)
FNDA:7,(anonymous_17)
FNDA:0,(anonymous_18)
FNDA:4,(anonymous_19)
FNDA:1,(anonymous_20)
FNDA:1,(anonymous_21)
FNDA:3,(anonymous_22)
FNDA:3,(anonymous_23)
FNDA:0,(anonymous_24)
FNDA:57,(anonymous_25)
FNDA:4,(anonymous_26)
DA:1,1
DA:2,1
DA:3,1
DA:4,1
DA:5,1
DA:6,1
DA:7,1
DA:8,1
DA:14,1
DA:15,19
DA:16,19
DA:18,19
DA:19,19
DA:20,19
DA:21,19
DA:24,19
DA:25,19
DA:27,19
DA:28,4
DA:31,19
DA:32,4
DA:33,4
DA:38,19
DA:39,7
DA:40,7
DA:41,7
DA:42,0
DA:43,0
DA:45,0
DA:46,0
DA:48,0
DA:49,0
DA:50,0
DA:53,7
DA:56,7
DA:57,0
DA:59,7
DA:60,0
DA:62,7
DA:63,1
DA:65,7
DA:66,2
DA:68,7
DA:69,0
DA:70,0
DA:72,7
DA:76,19
DA:77,4
DA:78,4
DA:79,4
DA:80,4
DA:82,0
DA:86,19
DA:87,1
DA:89,1
DA:90,3
DA:91,3
DA:92,3
DA:94,1
DA:96,0
DA:97,0
DA:98,0
DA:101,0
DA:102,0
DA:105,1
DA:106,1
DA:107,1
DA:109,0
DA:113,19
DA:131,57
DA:133,4
DA:142,1
LF:72
LH:54
BRDA:32,0,0,4
BRDA:32,0,1,0
BRDA:32,1,0,0
BRDA:32,1,1,4
BRDA:32,2,0,4
BRDA:32,2,1,4
BRDA:40,3,0,7
BRDA:40,3,1,0
BRDA:41,4,0,0
BRDA:41,4,1,7
BRDA:42,5,0,0
BRDA:42,5,1,0
BRDA:45,6,0,0
BRDA:45,6,1,0
BRDA:45,7,0,0
BRDA:45,7,1,0
BRDA:45,8,0,0
BRDA:45,8,1,0
BRDA:45,9,0,0
BRDA:45,9,1,0
BRDA:46,10,0,0
BRDA:46,10,1,0
BRDA:49,11,0,0
BRDA:49,11,1,0
BRDA:49,12,0,0
BRDA:49,12,1,0
BRDA:56,13,0,0
BRDA:56,13,1,7
BRDA:56,14,0,7
BRDA:56,14,1,4
BRDA:59,15,0,0
BRDA:59,15,1,7
BRDA:59,16,0,7
BRDA:59,16,1,4
BRDA:62,17,0,1
BRDA:62,17,1,6
BRDA:62,18,0,7
BRDA:62,18,1,4
BRDA:65,19,0,2
BRDA:65,19,1,5
BRDA:65,20,0,7
BRDA:65,20,1,4
BRDA:68,21,0,0
BRDA:68,21,1,7
BRDA:68,22,0,7
BRDA:68,22,1,3
BRDA:79,23,0,4
BRDA:79,23,1,0
BRDA:94,24,0,0
BRDA:94,24,1,1
BRDA:97,25,0,0
BRDA:97,25,1,0
BRDA:109,26,0,0
BRDA:109,26,1,0
BRDA:109,27,0,0
BRDA:109,27,1,0
BRDA:109,28,0,0
BRDA:109,28,1,0
BRDA:123,29,0,19
BRDA:123,29,1,15
BRF:60
BRH:27
end_of_record
TN:
SF:src\components\templates\settings\GeneralSettingsTemplate.tsx
FN:15,(anonymous_8)
FN:19,(anonymous_9)
FN:20,(anonymous_10)
FN:21,(anonymous_11)
FN:22,(anonymous_12)
FN:24,(anonymous_13)
FN:28,(anonymous_14)
FN:35,(anonymous_15)
FN:64,(anonymous_16)
FN:72,(anonymous_17)
FN:82,(anonymous_18)
FN:82,(anonymous_19)
FN:85,(anonymous_20)
FN:88,(anonymous_21)
FN:92,(anonymous_22)
FN:103,(anonymous_23)
FN:140,(anonymous_24)
FN:142,(anonymous_25)
FNF:18
FNH:16
FNDA:22,(anonymous_8)
FNDA:22,(anonymous_9)
FNDA:22,(anonymous_10)
FNDA:22,(anonymous_11)
FNDA:22,(anonymous_12)
FNDA:3,(anonymous_13)
FNDA:3,(anonymous_14)
FNDA:24,(anonymous_15)
FNDA:0,(anonymous_16)
FNDA:12,(anonymous_17)
FNDA:2,(anonymous_18)
FNDA:2,(anonymous_19)
FNDA:12,(anonymous_20)
FNDA:12,(anonymous_21)
FNDA:0,(anonymous_22)
FNDA:12,(anonymous_23)
FNDA:132,(anonymous_24)
FNDA:12,(anonymous_25)
DA:1,1
DA:2,1
DA:4,1
DA:5,1
DA:6,1
DA:7,1
DA:8,1
DA:9,1
DA:15,1
DA:16,22
DA:17,22
DA:19,22
DA:20,22
DA:21,22
DA:22,22
DA:24,22
DA:25,3
DA:28,22
DA:29,3
DA:30,3
DA:35,22
DA:36,24
DA:38,24
DA:39,24
DA:45,8
DA:46,0
DA:48,8
DA:50,8
DA:51,8
DA:54,16
DA:57,24
DA:58,0
DA:60,24
DA:61,0
DA:63,24
DA:64,0
DA:65,0
DA:67,24
DA:71,22
DA:72,22
DA:73,12
DA:74,12
DA:75,12
DA:76,0
DA:78,12
DA:82,22
DA:83,2
DA:85,2
DA:86,12
DA:87,12
DA:88,12
DA:90,2
DA:92,0
DA:93,0
DA:94,0
DA:97,0
DA:98,0
DA:101,2
DA:102,2
DA:103,2
DA:104,12
DA:105,12
DA:106,4
DA:107,4
DA:108,0
DA:109,0
DA:112,8
DA:115,2
DA:116,1
DA:118,1
DA:122,22
DA:140,132
DA:142,12
DA:151,1
LF:74
LH:61
BRDA:29,0,0,3
BRDA:29,0,1,0
BRDA:29,1,0,0
BRDA:29,1,1,3
BRDA:29,2,0,3
BRDA:29,2,1,3
BRDA:38,3,0,24
BRDA:38,3,1,0
BRDA:39,4,0,8
BRDA:39,4,1,16
BRDA:45,5,0,0
BRDA:45,5,1,8
BRDA:45,6,0,8
BRDA:45,6,1,8
BRDA:45,7,0,0
BRDA:45,7,1,8
BRDA:45,8,0,8
BRDA:45,8,1,8
BRDA:46,9,0,0
BRDA:46,9,1,0
BRDA:50,10,0,8
BRDA:50,10,1,0
BRDA:50,11,0,8
BRDA:50,11,1,8
BRDA:57,12,0,0
BRDA:57,12,1,24
BRDA:57,13,0,24
BRDA:57,13,1,24
BRDA:60,14,0,0
BRDA:60,14,1,24
BRDA:60,15,0,24
BRDA:60,15,1,24
BRDA:63,16,0,0
BRDA:63,16,1,24
BRDA:63,17,0,24
BRDA:63,17,1,24
BRDA:75,18,0,0
BRDA:75,18,1,12
BRDA:90,19,0,0
BRDA:90,19,1,2
BRDA:93,20,0,0
BRDA:93,20,1,0
BRDA:105,21,0,4
BRDA:105,21,1,8
BRDA:106,22,0,4
BRDA:106,22,1,0
BRDA:108,23,0,0
BRDA:108,23,1,0
BRDA:112,24,0,8
BRDA:112,24,1,0
BRDA:112,25,0,8
BRDA:112,25,1,8
BRDA:118,26,0,1
BRDA:118,26,1,0
BRDA:118,27,0,0
BRDA:118,27,1,1
BRDA:118,28,0,1
BRDA:118,28,1,1
BRDA:132,29,0,22
BRDA:132,29,1,20
BRDA:136,30,0,0
BRDA:136,30,1,22
BRDA:136,31,0,22
BRDA:136,31,1,22
BRDA:136,32,0,0
BRDA:136,32,1,22
BRDA:136,33,0,22
BRDA:136,33,1,22
BRDA:136,34,0,0
BRDA:136,34,1,22
BRDA:136,35,0,22
BRDA:136,35,1,22
BRDA:137,36,0,0
BRDA:137,36,1,22
BRDA:137,37,0,22
BRDA:137,37,1,22
BRDA:137,38,0,0
BRDA:137,38,1,22
BRDA:137,39,0,22
BRDA:137,39,1,22
BRDA:137,40,0,0
BRDA:137,40,1,22
BRDA:137,41,0,22
BRDA:137,41,1,22
BRF:84
BRH:57
end_of_record
TN:
SF:src\components\templates\settings\OgConfigTemplate.tsx
FN:14,(anonymous_8)
FN:18,(anonymous_9)
FN:19,(anonymous_10)
FN:20,(anonymous_11)
FN:21,(anonymous_12)
FN:23,(anonymous_13)
FN:27,(anonymous_14)
FN:34,(anonymous_15)
FN:62,(anonymous_16)
FN:69,(anonymous_17)
FN:84,(anonymous_18)
FN:84,(anonymous_19)
FN:87,(anonymous_20)
FN:90,(anonymous_21)
FN:94,(anonymous_22)
FN:105,(anonymous_23)
FN:116,(anonymous_24)
FN:161,(anonymous_25)
FN:163,(anonymous_26)
FNF:19
FNH:18
FNDA:22,(anonymous_8)
FNDA:22,(anonymous_9)
FNDA:22,(anonymous_10)
FNDA:22,(anonymous_11)
FNDA:22,(anonymous_12)
FNDA:4,(anonymous_13)
FNDA:4,(anonymous_14)
FNDA:23,(anonymous_15)
FNDA:0,(anonymous_16)
FNDA:8,(anonymous_17)
FNDA:3,(anonymous_18)
FNDA:3,(anonymous_19)
FNDA:15,(anonymous_20)
FNDA:15,(anonymous_21)
FNDA:4,(anonymous_22)
FNDA:6,(anonymous_23)
FNDA:10,(anonymous_24)
FNDA:110,(anonymous_25)
FNDA:8,(anonymous_26)
DA:1,1
DA:2,1
DA:3,1
DA:4,1
DA:5,1
DA:6,1
DA:7,1
DA:8,1
DA:14,1
DA:15,22
DA:16,22
DA:18,22
DA:19,22
DA:20,22
DA:21,22
DA:23,22
DA:24,4
DA:27,22
DA:28,4
DA:29,4
DA:34,22
DA:35,23
DA:36,23
DA:37,23
DA:38,5
DA:39,0
DA:41,5
DA:42,0
DA:44,5
DA:45,5
DA:46,4
DA:49,18
DA:52,23
DA:53,0
DA:55,23
DA:56,0
DA:58,23
DA:59,0
DA:61,23
DA:62,0
DA:63,0
DA:65,23
DA:69,22
DA:70,8
DA:72,8
DA:73,0
DA:74,0
DA:76,8
DA:77,8
DA:78,0
DA:80,8
DA:84,22
DA:85,3
DA:87,3
DA:88,15
DA:89,15
DA:90,15
DA:92,3
DA:94,1
DA:95,4
DA:96,4
DA:99,1
DA:100,1
DA:103,2
DA:105,2
DA:106,6
DA:109,2
DA:111,2
DA:114,2
DA:116,2
DA:117,10
DA:118,10
DA:119,2
DA:120,2
DA:121,0
DA:122,0
DA:125,8
DA:130,2
DA:132,2
DA:135,0
DA:138,1
DA:140,1
DA:144,22
DA:161,110
DA:163,8
DA:172,1
LF:86
LH:73
BRDA:28,0,0,4
BRDA:28,0,1,0
BRDA:28,1,0,0
BRDA:28,1,1,4
BRDA:28,2,0,4
BRDA:28,2,1,4
BRDA:36,3,0,23
BRDA:36,3,1,0
BRDA:37,4,0,5
BRDA:37,4,1,18
BRDA:38,5,0,0
BRDA:38,5,1,5
BRDA:41,6,0,0
BRDA:41,6,1,5
BRDA:41,7,0,5
BRDA:41,7,1,5
BRDA:41,8,0,0
BRDA:41,8,1,5
BRDA:41,9,0,5
BRDA:41,9,1,5
BRDA:42,10,0,0
BRDA:42,10,1,0
BRDA:45,11,0,4
BRDA:45,11,1,1
BRDA:45,12,0,5
BRDA:45,12,1,4
BRDA:52,13,0,0
BRDA:52,13,1,23
BRDA:52,14,0,23
BRDA:52,14,1,19
BRDA:55,15,0,0
BRDA:55,15,1,23
BRDA:55,16,0,23
BRDA:55,16,1,19
BRDA:58,17,0,0
BRDA:58,17,1,23
BRDA:58,18,0,23
BRDA:58,18,1,19
BRDA:61,19,0,0
BRDA:61,19,1,23
BRDA:61,20,0,23
BRDA:61,20,1,19
BRDA:72,21,0,0
BRDA:72,21,1,8
BRDA:72,22,0,8
BRDA:72,22,1,2
BRDA:77,23,0,0
BRDA:77,23,1,8
BRDA:92,24,0,1
BRDA:92,24,1,2
BRDA:95,25,0,4
BRDA:95,25,1,0
BRDA:106,26,0,6
BRDA:106,26,1,2
BRDA:109,27,0,2
BRDA:109,27,1,0
BRDA:118,28,0,2
BRDA:118,28,1,8
BRDA:119,29,0,2
BRDA:119,29,1,0
BRDA:121,30,0,0
BRDA:121,30,1,0
BRDA:125,31,0,8
BRDA:125,31,1,0
BRDA:125,32,0,8
BRDA:125,32,1,8
BRDA:140,33,0,1
BRDA:140,33,1,0
BRDA:140,34,0,0
BRDA:140,34,1,1
BRDA:140,35,0,1
BRDA:140,35,1,1
BRDA:154,36,0,22
BRDA:154,36,1,19
BRDA:158,37,0,0
BRDA:158,37,1,22
BRDA:158,38,0,22
BRDA:158,38,1,22
BRDA:158,39,0,0
BRDA:158,39,1,22
BRDA:158,40,0,22
BRDA:158,40,1,22
BRDA:158,41,0,0
BRDA:158,41,1,22
BRDA:158,42,0,22
BRDA:158,42,1,22
BRF:86
BRH:61
end_of_record
TN:
SF:src\components\templates\settings\SeoConfigTemplate.tsx
FN:15,(anonymous_8)
FN:19,(anonymous_9)
FN:20,(anonymous_10)
FN:21,(anonymous_11)
FN:23,(anonymous_12)
FN:25,(anonymous_13)
FN:29,(anonymous_14)
FN:36,(anonymous_15)
FN:64,(anonymous_16)
FN:71,(anonymous_17)
FN:81,(anonymous_18)
FN:81,(anonymous_19)
FN:84,(anonymous_20)
FN:87,(anonymous_21)
FN:91,(anonymous_22)
FN:122,(anonymous_23)
FN:124,(anonymous_24)
FNF:17
FNH:15
FNDA:14,(anonymous_8)
FNDA:14,(anonymous_9)
FNDA:14,(anonymous_10)
FNDA:14,(anonymous_11)
FNDA:14,(anonymous_12)
FNDA:3,(anonymous_13)
FNDA:3,(anonymous_14)
FNDA:28,(anonymous_15)
FNDA:0,(anonymous_16)
FNDA:4,(anonymous_17)
FNDA:2,(anonymous_18)
FNDA:2,(anonymous_19)
FNDA:24,(anonymous_20)
FNDA:24,(anonymous_21)
FNDA:0,(anonymous_22)
FNDA:168,(anonymous_23)
FNDA:4,(anonymous_24)
DA:2,1
DA:3,1
DA:4,1
DA:5,1
DA:6,1
DA:7,1
DA:8,1
DA:9,1
DA:15,1
DA:16,14
DA:17,14
DA:19,14
DA:20,14
DA:21,14
DA:23,14
DA:25,14
DA:26,3
DA:29,14
DA:30,3
DA:31,3
DA:36,14
DA:37,28
DA:38,28
DA:39,10
DA:40,0
DA:41,0
DA:43,0
DA:44,0
DA:46,0
DA:47,0
DA:48,0
DA:51,10
DA:54,28
DA:55,0
DA:57,28
DA:58,0
DA:60,28
DA:61,0
DA:63,28
DA:64,0
DA:65,0
DA:67,28
DA:71,14
DA:72,4
DA:73,4
DA:74,4
DA:75,0
DA:77,4
DA:81,14
DA:82,2
DA:84,2
DA:85,24
DA:86,24
DA:87,24
DA:89,2
DA:91,0
DA:92,0
DA:93,0
DA:96,0
DA:97,0
DA:100,2
DA:101,2
DA:102,1
DA:104,1
DA:108,14
DA:122,168
DA:124,4
DA:133,1
LF:68
LH:50
BRDA:30,0,0,3
BRDA:30,0,1,0
BRDA:30,1,0,0
BRDA:30,1,1,3
BRDA:30,2,0,3
BRDA:30,2,1,3
BRDA:38,3,0,10
BRDA:38,3,1,18
BRDA:39,4,0,0
BRDA:39,4,1,10
BRDA:40,5,0,0
BRDA:40,5,1,0
BRDA:43,6,0,0
BRDA:43,6,1,0
BRDA:43,7,0,0
BRDA:43,7,1,0
BRDA:43,8,0,0
BRDA:43,8,1,0
BRDA:43,9,0,0
BRDA:43,9,1,0
BRDA:43,10,0,0
BRDA:43,10,1,0
BRDA:44,11,0,0
BRDA:44,11,1,0
BRDA:47,12,0,0
BRDA:47,12,1,0
BRDA:47,13,0,0
BRDA:47,13,1,0
BRDA:54,14,0,0
BRDA:54,14,1,28
BRDA:54,15,0,28
BRDA:54,15,1,28
BRDA:57,16,0,0
BRDA:57,16,1,28
BRDA:57,17,0,28
BRDA:57,17,1,28
BRDA:60,18,0,0
BRDA:60,18,1,28
BRDA:60,19,0,28
BRDA:60,19,1,28
BRDA:63,20,0,0
BRDA:63,20,1,28
BRDA:63,21,0,28
BRDA:63,21,1,28
BRDA:74,22,0,0
BRDA:74,22,1,4
BRDA:89,23,0,0
BRDA:89,23,1,2
BRDA:92,24,0,0
BRDA:92,24,1,0
BRDA:104,25,0,1
BRDA:104,25,1,0
BRDA:104,26,0,0
BRDA:104,26,1,1
BRDA:104,27,0,1
BRDA:104,27,1,1
BRDA:118,28,0,14
BRDA:118,28,1,12
BRF:58
BRH:27
end_of_record
TN:
SF:src\components\templates\trash\config\ConfigTrashListTemplate.tsx
FN:24,(anonymous_8)
FN:42,(anonymous_9)
FN:49,(anonymous_10)
FN:53,(anonymous_11)
FN:57,(anonymous_12)
FN:63,(anonymous_13)
FN:95,(anonymous_14)
FN:95,(anonymous_15)
FN:104,(anonymous_16)
FN:104,(anonymous_17)
FN:113,(anonymous_18)
FN:113,(anonymous_19)
FN:122,(anonymous_20)
FN:122,(anonymous_21)
FN:145,(anonymous_22)
FN:150,(anonymous_23)
FN:155,(anonymous_24)
FN:169,(anonymous_25)
FNF:18
FNH:13
FNDA:4,(anonymous_8)
FNDA:4,(anonymous_9)
FNDA:4,(anonymous_10)
FNDA:4,(anonymous_11)
FNDA:0,(anonymous_12)
FNDA:6,(anonymous_13)
FNDA:1,(anonymous_14)
FNDA:1,(anonymous_15)
FNDA:1,(anonymous_16)
FNDA:1,(anonymous_17)
FNDA:1,(anonymous_18)
FNDA:1,(anonymous_19)
FNDA:1,(anonymous_20)
FNDA:1,(anonymous_21)
FNDA:0,(anonymous_22)
FNDA:0,(anonymous_23)
FNDA:0,(anonymous_24)
FNDA:0,(anonymous_25)
DA:1,1
DA:2,1
DA:3,1
DA:4,1
DA:6,1
DA:7,1
DA:8,1
DA:9,1
DA:11,1
DA:13,1
DA:24,1
DA:25,4
DA:35,4
DA:37,4
DA:38,4
DA:39,4
DA:40,4
DA:42,4
DA:43,4
DA:44,4
DA:45,4
DA:47,4
DA:49,4
DA:50,4
DA:53,4
DA:54,4
DA:57,4
DA:58,0
DA:59,0
DA:60,0
DA:63,4
DA:64,6
DA:68,4
DA:95,4
DA:96,1
DA:104,1
DA:105,1
DA:106,1
DA:107,1
DA:108,1
DA:113,4
DA:114,1
DA:122,1
DA:123,1
DA:124,1
DA:126,1
DA:127,1
DA:128,1
DA:130,1
DA:131,0
DA:133,1
DA:136,1
DA:141,4
DA:145,0
DA:150,0
DA:155,0
DA:159,4
DA:161,3
DA:170,0
DA:171,0
DA:200,1
LF:61
LH:52
BRDA:43,0,0,0
BRDA:43,0,1,4
BRDA:44,1,0,0
BRDA:44,1,1,4
BRDA:54,2,0,0
BRDA:54,2,1,4
BRDA:64,3,0,6
BRDA:64,3,1,0
BRDA:105,4,0,1
BRDA:105,4,1,0
BRDA:123,5,0,1
BRDA:123,5,1,0
BRDA:130,6,0,0
BRDA:130,6,1,1
BRDA:130,7,0,1
BRDA:130,7,1,0
BRDA:131,8,0,0
BRDA:131,8,1,0
BRDA:155,9,0,0
BRDA:155,9,1,0
BRDA:159,10,0,1
BRDA:159,10,1,3
BRDA:187,11,0,3
BRDA:187,11,1,0
BRF:24
BRH:11
end_of_record
TN:
SF:src\components\templates\trash\faq\FaqTrashListTemplate.tsx
FN:27,(anonymous_8)
FN:46,(anonymous_9)
FN:54,(anonymous_10)
FN:59,(anonymous_11)
FN:64,(anonymous_12)
FN:71,(anonymous_13)
FN:105,(anonymous_14)
FN:114,(anonymous_15)
FN:114,(anonymous_16)
FN:135,(anonymous_17)
FN:144,(anonymous_18)
FN:144,(anonymous_19)
FN:168,(anonymous_20)
FN:173,(anonymous_21)
FN:178,(anonymous_22)
FN:192,(anonymous_23)
FNF:16
FNH:11
FNDA:4,(anonymous_8)
FNDA:4,(anonymous_9)
FNDA:4,(anonymous_10)
FNDA:4,(anonymous_11)
FNDA:0,(anonymous_12)
FNDA:6,(anonymous_13)
FNDA:1,(anonymous_14)
FNDA:1,(anonymous_15)
FNDA:1,(anonymous_16)
FNDA:1,(anonymous_17)
FNDA:1,(anonymous_18)
FNDA:1,(anonymous_19)
FNDA:0,(anonymous_20)
FNDA:0,(anonymous_21)
FNDA:0,(anonymous_22)
FNDA:0,(anonymous_23)
DA:3,1
DA:4,1
DA:5,1
DA:6,1
DA:8,1
DA:10,1
DA:11,1
DA:12,1
DA:14,1
DA:16,1
DA:27,1
DA:28,4
DA:38,4
DA:40,4
DA:41,4
DA:42,4
DA:43,4
DA:46,4
DA:47,4
DA:48,4
DA:49,4
DA:51,4
DA:54,4
DA:55,4
DA:59,4
DA:60,4
DA:64,4
DA:65,0
DA:66,0
DA:67,0
DA:71,4
DA:72,6
DA:77,4
DA:105,4
DA:106,1
DA:114,1
DA:115,1
DA:116,1
DA:118,1
DA:119,1
DA:120,1
DA:123,1
DA:124,0
DA:126,1
DA:129,1
DA:135,4
DA:136,1
DA:144,1
DA:145,1
DA:146,1
DA:148,1
DA:149,1
DA:150,1
DA:153,1
DA:154,0
DA:156,1
DA:159,1
DA:164,4
DA:168,0
DA:173,0
DA:178,0
DA:182,4
DA:184,3
DA:193,0
DA:194,0
DA:224,1
LF:66
LH:56
BRDA:47,0,0,0
BRDA:47,0,1,4
BRDA:48,1,0,0
BRDA:48,1,1,4
BRDA:60,2,0,0
BRDA:60,2,1,4
BRDA:72,3,0,6
BRDA:72,3,1,0
BRDA:115,4,0,1
BRDA:115,4,1,0
BRDA:123,5,0,0
BRDA:123,5,1,1
BRDA:123,6,0,1
BRDA:123,6,1,0
BRDA:124,7,0,0
BRDA:124,7,1,0
BRDA:145,8,0,1
BRDA:145,8,1,0
BRDA:153,9,0,0
BRDA:153,9,1,1
BRDA:153,10,0,1
BRDA:153,10,1,0
BRDA:154,11,0,0
BRDA:154,11,1,0
BRDA:182,12,0,1
BRDA:182,12,1,3
BRDA:211,13,0,3
BRDA:211,13,1,0
BRF:28
BRH:13
end_of_record
TN:
SF:src\components\utils\helper.tsx
FN:4,(anonymous_0)
FN:72,(anonymous_1)
FN:75,(anonymous_2)
FN:84,(anonymous_3)
FN:95,(anonymous_4)
FN:114,(anonymous_5)
FN:129,(anonymous_6)
FN:130,(anonymous_7)
FN:139,(anonymous_8)
FN:140,(anonymous_9)
FN:145,(anonymous_10)
FN:146,(anonymous_11)
FN:151,(anonymous_12)
FN:163,(anonymous_13)
FN:165,(anonymous_14)
FN:166,(anonymous_15)
FN:187,(anonymous_16)
FN:211,(anonymous_17)
FN:215,(anonymous_18)
FN:249,(anonymous_19)
FNF:20
FNH:20
FNDA:5,(anonymous_0)
FNDA:3,(anonymous_1)
FNDA:3,(anonymous_2)
FNDA:3,(anonymous_3)
FNDA:4,(anonymous_4)
FNDA:3,(anonymous_5)
FNDA:1,(anonymous_6)
FNDA:1,(anonymous_7)
FNDA:1,(anonymous_8)
FNDA:1,(anonymous_9)
FNDA:1,(anonymous_10)
FNDA:1,(anonymous_11)
FNDA:4,(anonymous_12)
FNDA:1,(anonymous_13)
FNDA:2,(anonymous_14)
FNDA:3,(anonymous_15)
FNDA:4,(anonymous_16)
FNDA:5,(anonymous_17)
FNDA:2,(anonymous_18)
FNDA:3,(anonymous_19)
DA:4,6
DA:5,5
DA:6,4
DA:14,6
DA:17,6
DA:72,6
DA:73,3
DA:75,6
DA:76,3
DA:77,2
DA:78,2
DA:79,1
DA:84,6
DA:85,3
DA:86,2
DA:87,2
DA:88,1
DA:95,6
DA:96,4
DA:97,3
DA:98,3
DA:100,2
DA:101,2
DA:102,2
DA:103,2
DA:104,2
DA:105,1
DA:106,1
DA:108,2
DA:114,6
DA:115,3
DA:116,2
DA:117,2
DA:119,1
DA:120,1
DA:121,1
DA:122,1
DA:129,6
DA:130,1
DA:139,6
DA:140,1
DA:145,6
DA:146,1
DA:151,6
DA:152,4
DA:153,3
DA:154,3
DA:155,3
DA:156,2
DA:157,1
DA:163,6
DA:164,1
DA:165,1
DA:166,2
DA:167,3
DA:168,0
DA:169,3
DA:170,3
DA:171,1
DA:173,2
DA:178,1
DA:179,1
DA:181,1
DA:187,6
DA:188,4
DA:189,1
DA:191,3
DA:192,1
DA:194,2
DA:195,1
DA:197,1
DA:203,6
DA:208,6
DA:209,6
DA:211,6
DA:212,5
DA:213,3
DA:215,2
DA:216,2
DA:217,2
DA:218,1
DA:219,1
DA:221,2
DA:222,2
DA:223,2
DA:225,2
DA:226,0
DA:227,2
DA:228,1
DA:230,2
DA:233,2
DA:234,2
DA:235,2
DA:236,2
DA:237,2
DA:238,2
DA:240,2
DA:241,2
DA:243,2
DA:249,6
DA:250,3
DA:252,2
DA:253,2
DA:254,2
DA:255,1
DA:256,1
DA:257,1
DA:258,1
LF:108
LH:106
BRDA:5,0,0,1
BRDA:5,0,1,4
BRDA:72,1,0,0
BRDA:73,2,0,1
BRDA:73,2,1,2
BRDA:73,3,0,3
BRDA:73,3,1,3
BRDA:76,4,0,1
BRDA:76,4,1,2
BRDA:78,5,0,1
BRDA:78,5,1,1
BRDA:85,6,0,1
BRDA:85,6,1,2
BRDA:87,7,0,1
BRDA:87,7,1,1
BRDA:96,8,0,1
BRDA:96,8,1,3
BRDA:98,9,0,1
BRDA:98,9,1,2
BRDA:104,10,0,1
BRDA:104,10,1,1
BRDA:104,11,0,2
BRDA:104,11,1,1
BRDA:104,11,2,1
BRDA:105,12,0,0
BRDA:105,12,1,1
BRDA:105,13,0,1
BRDA:105,13,1,1
BRDA:106,14,0,1
BRDA:106,14,1,0
BRDA:106,15,0,1
BRDA:106,15,1,0
BRDA:115,16,0,1
BRDA:115,16,1,2
BRDA:117,17,0,1
BRDA:117,17,1,1
BRDA:133,18,0,1
BRDA:133,18,1,0
BRDA:152,19,0,1
BRDA:152,19,1,3
BRDA:152,20,0,4
BRDA:152,20,1,3
BRDA:153,21,0,0
BRDA:153,21,1,3
BRDA:153,22,0,3
BRDA:153,22,1,3
BRDA:154,23,0,0
BRDA:154,23,1,3
BRDA:155,24,0,1
BRDA:155,24,1,2
BRDA:156,25,0,1
BRDA:156,25,1,1
BRDA:165,26,0,1
BRDA:167,27,0,0
BRDA:167,27,1,3
BRDA:168,28,0,0
BRDA:168,28,1,0
BRDA:169,29,0,3
BRDA:169,29,1,0
BRDA:169,30,0,3
BRDA:169,30,1,3
BRDA:169,30,2,3
BRDA:170,31,0,1
BRDA:170,31,1,2
BRDA:170,32,0,3
BRDA:170,32,1,1
BRDA:171,33,0,0
BRDA:171,33,1,1
BRDA:173,34,0,1
BRDA:173,34,1,1
BRDA:178,35,0,1
BRDA:178,35,1,0
BRDA:178,36,0,1
BRDA:178,36,1,1
BRDA:188,37,0,1
BRDA:188,37,1,3
BRDA:188,38,0,3
BRDA:188,38,1,1
BRDA:188,39,0,4
BRDA:188,39,1,4
BRDA:188,40,0,3
BRDA:188,40,1,1
BRDA:188,41,0,4
BRDA:188,41,1,4
BRDA:188,42,0,0
BRDA:188,42,1,4
BRDA:188,43,0,4
BRDA:188,43,1,4
BRDA:191,44,0,1
BRDA:191,44,1,2
BRDA:191,45,0,0
BRDA:191,45,1,3
BRDA:191,46,0,3
BRDA:191,46,1,3
BRDA:194,47,0,1
BRDA:194,47,1,1
BRDA:212,48,0,2
BRDA:212,48,1,3
BRDA:212,49,0,5
BRDA:212,49,1,5
BRDA:212,49,2,4
BRDA:213,50,0,1
BRDA:213,50,1,2
BRDA:217,51,0,1
BRDA:217,51,1,1
BRDA:221,52,0,2
BRDA:221,52,1,0
BRDA:225,53,0,0
BRDA:225,53,1,2
BRDA:225,54,0,2
BRDA:225,54,1,0
BRDA:227,55,0,1
BRDA:227,55,1,1
BRDA:227,56,0,2
BRDA:227,56,1,1
BRDA:237,57,0,2
BRDA:237,57,1,0
BRDA:250,58,0,1
BRDA:250,58,1,2
BRDA:250,59,0,3
BRDA:250,59,1,2
BRDA:254,60,0,1
BRDA:254,60,1,1
BRF:123
BRH:104
end_of_record
TN:
SF:src\components\utils\validationHelper.ts
FN:8,(anonymous_0)
FN:13,(anonymous_1)
FN:15,(anonymous_2)
FN:19,(anonymous_3)
FN:22,(anonymous_4)
FN:30,(anonymous_5)
FN:38,(anonymous_6)
FN:46,(anonymous_7)
FN:54,(anonymous_8)
FN:63,(anonymous_9)
FN:75,(anonymous_10)
FN:83,(anonymous_11)
FN:91,(anonymous_12)
FN:92,(anonymous_13)
FNF:14
FNH:13
FNDA:86,(anonymous_0)
FNDA:12,(anonymous_1)
FNDA:12,(anonymous_2)
FNDA:12,(anonymous_3)
FNDA:0,(anonymous_4)
FNDA:209,(anonymous_5)
FNDA:32,(anonymous_6)
FNDA:12,(anonymous_7)
FNDA:7,(anonymous_8)
FNDA:2,(anonymous_9)
FNDA:6,(anonymous_10)
FNDA:9,(anonymous_11)
FNDA:29,(anonymous_12)
FNDA:96,(anonymous_13)
DA:7,9
DA:9,86
DA:10,86
DA:14,12
DA:15,12
DA:16,12
DA:17,12
DA:18,12
DA:19,12
DA:20,12
DA:22,0
DA:23,0
DA:25,0
DA:26,0
DA:28,0
DA:31,209
DA:32,84
DA:33,84
DA:35,125
DA:39,32
DA:40,1
DA:41,1
DA:43,31
DA:47,12
DA:48,0
DA:49,0
DA:51,12
DA:55,7
DA:56,7
DA:57,0
DA:58,0
DA:60,7
DA:64,2
DA:65,2
DA:66,1
DA:67,1
DA:72,1
DA:76,6
DA:77,0
DA:78,0
DA:80,6
DA:84,9
DA:85,0
DA:86,0
DA:88,9
DA:92,96
DA:96,9
LF:47
LH:34
BRDA:9,0,0,0
BRDA:9,0,1,86
BRDA:14,1,0,0
BRDA:14,1,1,12
BRDA:16,2,0,12
BRDA:16,2,1,0
BRDA:19,3,0,12
BRDA:19,3,1,0
BRDA:19,4,0,12
BRDA:19,4,1,12
BRDA:19,4,2,12
BRDA:22,5,0,0
BRDA:22,5,1,0
BRDA:22,6,0,0
BRDA:22,6,1,0
BRDA:31,7,0,84
BRDA:31,7,1,125
BRDA:31,8,0,209
BRDA:31,8,1,209
BRDA:31,8,2,128
BRDA:31,8,3,107
BRDA:39,9,0,1
BRDA:39,9,1,31
BRDA:39,10,0,32
BRDA:39,10,1,32
BRDA:47,11,0,0
BRDA:47,11,1,12
BRDA:47,12,0,12
BRDA:47,12,1,12
BRDA:56,13,0,0
BRDA:56,13,1,7
BRDA:56,14,0,7
BRDA:56,14,1,7
BRDA:65,15,0,1
BRDA:65,15,1,1
BRDA:65,16,0,2
BRDA:65,16,1,2
BRDA:76,17,0,0
BRDA:76,17,1,6
BRDA:76,18,0,6
BRDA:76,18,1,6
BRDA:84,19,0,0
BRDA:84,19,1,9
BRDA:84,20,0,9
BRDA:84,20,1,9
BRDA:84,20,2,9
BRF:46
BRH:34
end_of_record
TN:
SF:src\components\utils\auth\expirationCheck.ts
FN:6,(anonymous_0)
FN:11,(anonymous_1)
FN:16,(anonymous_2)
FNF:3
FNH:2
FNDA:2,(anonymous_0)
FNDA:0,(anonymous_1)
FNDA:1,(anonymous_2)
DA:1,2
DA:3,2
DA:6,2
DA:8,2
DA:9,2
DA:10,2
DA:11,2
DA:12,0
DA:16,2
DA:17,1
DA:18,1
LF:11
LH:10
BRDA:9,0,0,0
BRDA:9,0,1,2
BRDA:10,1,0,1
BRDA:10,1,1,1
BRDA:17,2,0,1
BRDA:17,2,1,0
BRF:6
BRH:4
end_of_record
TN:
SF:src\components\utils\auth\tokenValidation.ts
FN:9,(anonymous_1)
FN:38,(anonymous_2)
FN:50,(anonymous_3)
FN:63,(anonymous_4)
FNF:4
FNH:3
FNDA:7,(anonymous_1)
FNDA:2,(anonymous_2)
FNDA:1,(anonymous_3)
FNDA:0,(anonymous_4)
DA:1,3
DA:2,3
DA:3,3
DA:5,3
DA:7,3
DA:9,3
DA:10,7
DA:11,7
DA:12,7
DA:14,6
DA:15,5
DA:16,5
DA:18,5
DA:20,2
DA:21,2
DA:22,2
DA:23,2
DA:24,2
DA:28,3
DA:29,2
DA:39,2
DA:40,1
DA:51,1
DA:52,1
DA:53,1
DA:54,1
DA:55,1
DA:56,1
DA:64,0
DA:65,0
DA:66,0
DA:67,0
DA:73,0
DA:76,1
DA:77,1
DA:78,1
DA:79,1
DA:84,3
DA:88,1
DA:91,1
DA:92,1
DA:93,1
DA:94,1
DA:95,1
LF:44
LH:39
BRDA:14,0,0,5
BRDA:14,0,1,1
BRDA:14,1,0,6
BRDA:14,1,1,5
BRDA:18,2,0,2
BRDA:18,2,1,3
BRDA:28,3,0,2
BRDA:28,3,1,1
BRDA:39,4,0,1
BRDA:39,4,1,1
BRF:10
BRH:10
end_of_record
TN:
SF:src\components\utils\auth\utils.ts
FN:1,parseExpiresIn
FNF:1
FNH:1
FNDA:3,parseExpiresIn
DA:1,4
DA:2,3
DA:3,3
DA:4,0
DA:6,3
DA:7,3
DA:13,3
DA:14,3
LF:8
LH:7
BRDA:3,0,0,0
BRDA:3,0,1,3
BRDA:13,1,0,3
BRDA:13,1,1,1
BRF:4
BRH:3
end_of_record
TN:
SF:src\components\utils\fields\aboutBannerTabsConfig.ts
FNF:0
FNH:0
DA:1,1
DA:12,1
DA:17,1
DA:23,1
DA:29,1
DA:34,1
DA:39,1
LF:7
LH:7
BRF:0
BRH:0
end_of_record
TN:
SF:src\components\utils\fields\configFields.ts
FNF:0
FNH:0
DA:3,1
DA:21,1
LF:2
LH:2
BRF:0
BRH:0
end_of_record
TN:
SF:src\components\utils\fields\contactInfoFields.ts
FNF:0
FNH:0
DA:3,1
LF:1
LH:1
BRF:0
BRH:0
end_of_record
TN:
SF:src\components\utils\fields\faqFields.tsx
FNF:0
FNH:0
DA:4,1
LF:1
LH:1
BRF:0
BRH:0
end_of_record
TN:
SF:src\components\utils\fields\generalSettingsFields.ts
FNF:0
FNH:0
DA:3,1
LF:1
LH:1
BRF:0
BRH:0
end_of_record
TN:
SF:src\components\utils\fields\homeBannerTabsConfig.ts
FNF:0
FNH:0
DA:2,1
DA:20,1
DA:28,1
DA:33,1
LF:4
LH:4
BRF:0
BRH:0
end_of_record
TN:
SF:src\components\utils\fields\loginFields.tsx
FNF:0
FNH:0
DA:3,1
LF:1
LH:1
BRF:0
BRH:0
end_of_record
TN:
SF:src\components\utils\fields\ogConfigFields.ts
FNF:0
FNH:0
DA:3,1
LF:1
LH:1
BRF:0
BRH:0
end_of_record
TN:
SF:src\components\utils\fields\seoConfigFields.ts
FNF:0
FNH:0
DA:3,1
LF:1
LH:1
BRF:0
BRH:0
end_of_record
